2025-07-07T02:08:30.9524679Z,Updating submodules.,45d8dee9-785c-47c6-9345-624ee3dd42ae,0
2025-07-07T02:08:32.1130490Z,Preparing deployment for commit id '1ea685c6-2'.,c7d5daa8-f829-472a-bc09-3d5346774c9e,0
2025-07-07T02:08:32.4704451Z,PreDeployment: context.CleanOutputPath False,c95e79e1-c5ef-4f26-93a9-8ae0d776ac1f,0
2025-07-07T02:08:32.6020613Z,PreDeployment: context.OutputPath /home/site/wwwroot,3d0597ee-e26f-4245-b162-027d5f73f2d4,0
2025-07-07T02:08:32.7733992Z,Running build. Project type: OneDeploy,bdf91e96-25b6-4f80-b83a-593cd2995f7a,0
2025-07-07T02:08:32.8792200Z,Copying the manifest,53f18699-9909-4daf-bc50-0a4fcdef840e,0
2025-07-07T02:08:33.0402569Z,NodeProjectOptimizer Initialized with repository path: /tmp/zipdeploy/extracted and output path: /home/site/wwwroot ,8fcd597f-d884-429a-bb78-72a036c3b9f3,0
2025-07-07T02:08:33.1582228Z,Optimizing build...,bbe90be3-20c7-47d7-9c75-e7610fa013a4,0
2025-07-07T02:08:33.2655048Z,Zipping node_modules...,a5551cfc-06ef-4518-8f8c-008d72d84400,0
	2025-07-07T02:08:33.2990191Z,Command: /opt/Kudu/Scripts/absoluteTar.sh /tmp/zipdeploy/extracted/node_modules /tmp/zipdeploy/extracted/node_modules.tar.gz,,0
	2025-07-07T02:10:49.5056098Z,Zipped /tmp/zipdeploy/extracted/node_modules to /tmp/zipdeploy/extracted/node_modules.tar.gz done successfully,,0
2025-07-07T02:10:49.7327525Z,Zipped Node Modules to /tmp/zipdeploy/extracted/node_modules.tar.gz,82cd13a1-5389-486d-8203-17190523ce78,0
2025-07-07T02:10:49.8468898Z,Express Node Deploy: Running rsync...,3bbe9da4-a0de-4e2c-bd4c-fadbf2f4bac6,0
	2025-07-07T02:10:49.8600862Z,Command: /opt/Kudu/Scripts/parallel_rsync.sh /tmp/zipdeploy/extracted /home/site/wwwroot 8 /tmp/ False False node_modules ,,0
	2025-07-07T02:10:50.0836477Z,Run rsync from: /tmp/zipdeploy/extracted/ to: /home/site/wwwroot/ in 8 parallel threads,,0
	2025-07-07T02:10:50.1228809Z,Delete options: clean=False&comma; use manifest=False&comma; directory to ignore=node_modules,,0
	2025-07-07T02:10:50.1627420Z,Prev manifest = /home/site/deployments/1f7435e7-229b-4e55-be0d-df065db9b6fb/manifest and next /home/site/deployments/1ea685c6-2777-4344-bcef-8bf09feefb01/manifest,,0
	2025-07-07T02:10:50.2335208Z,Cleaning up /tmp//filelist.txt and /tmp//splits,,0
	2025-07-07T02:10:50.3139502Z,Creating a list of all files at /tmp//filelist.txt,,0
	2025-07-07T02:10:50.3841308Z,Excluding: node_modules,,0
	2025-07-07T02:10:50.4945204Z,Created /tmp//filelist.txt. Total number of files to be synced = 30.,,0
	2025-07-07T02:10:50.5872447Z,Created batches from the list of files. Processing 4 files in each thread,,0
	2025-07-07T02:10:50.6864797Z,Running rsync for filelist /tmp//splits/split.aa from /tmp/zipdeploy/extracted/ to /home/site/wwwroot/,,0
	2025-07-07T02:10:50.7563943Z,Running rsync for filelist /tmp//splits/split.ab from /tmp/zipdeploy/extracted/ to /home/site/wwwroot/,,0
	2025-07-07T02:10:50.8168671Z,Running rsync for filelist /tmp//splits/split.ac from /tmp/zipdeploy/extracted/ to /home/site/wwwroot/,,0
	2025-07-07T02:10:50.9388989Z,Running rsync for filelist /tmp//splits/split.ae from /tmp/zipdeploy/extracted/ to /home/site/wwwroot/,,0
	2025-07-07T02:10:50.9974742Z,Running rsync for filelist /tmp//splits/split.ad from /tmp/zipdeploy/extracted/ to /home/site/wwwroot/,,0
	2025-07-07T02:10:51.1699061Z,Running rsync for filelist /tmp//splits/split.af from /tmp/zipdeploy/extracted/ to /home/site/wwwroot/,,0
	2025-07-07T02:10:51.2402329Z,Running rsync for filelist /tmp//splits/split.ah from /tmp/zipdeploy/extracted/ to /home/site/wwwroot/,,0
	2025-07-07T02:10:51.2820937Z,Running rsync for filelist /tmp//splits/split.ag from /tmp/zipdeploy/extracted/ to /home/site/wwwroot/,,0
	2025-07-07T02:10:52.3306289Z,,,0
	2025-07-07T02:10:52.6948697Z,Number of files: 5 (reg: 4&comma; dir: 1),,0
	2025-07-07T02:10:52.7745524Z,Number of created files: 0,,0
	2025-07-07T02:10:52.8745469Z,Number of deleted files: 0,,0
	2025-07-07T02:10:52.9343458Z,Number of regular files transferred: 4,,0
	2025-07-07T02:10:52.9951805Z,Total file size: 2.37K bytes,,0
	2025-07-07T02:10:53.0758841Z,Total transferred file size: 2.37K bytes,,0
	2025-07-07T02:10:53.1356997Z,Literal data: 2.37K bytes,,0
	2025-07-07T02:10:53.2061293Z,Matched data: 0 bytes,,0
	2025-07-07T02:10:53.2964638Z,File list size: 0,,0
	2025-07-07T02:10:53.3572122Z,File list generation time: 0.001 seconds,,0
	2025-07-07T02:10:53.4376219Z,File list transfer time: 0.000 seconds,,0
	2025-07-07T02:10:53.5377912Z,Total bytes sent: 1.55K,,0
	2025-07-07T02:10:53.6588581Z,Total bytes received: 95,,0
	2025-07-07T02:10:53.7606376Z,,,0
	2025-07-07T02:10:53.8188582Z,sent 1.55K bytes  received 95 bytes  1.09K bytes/sec,,0
	2025-07-07T02:10:53.9002103Z,total size is 2.37K  speedup is 1.44,,0
	2025-07-07T02:10:53.9696529Z,Attempt 1: Rsync for filelist /tmp//splits/split.ae completed with exit code 0,,0
	2025-07-07T02:10:54.0408121Z,,,0
	2025-07-07T02:10:54.1318635Z,Number of files: 8 (reg: 4&comma; dir: 4),,0
	2025-07-07T02:10:54.2025403Z,Number of created files: 0,,0
	2025-07-07T02:10:54.2615645Z,Number of deleted files: 0,,0
	2025-07-07T02:10:54.3637258Z,Number of regular files transferred: 4,,0
	2025-07-07T02:10:54.4521671Z,Total file size: 7.16K bytes,,0
	2025-07-07T02:10:54.5128930Z,Total transferred file size: 7.16K bytes,,0
	2025-07-07T02:10:54.5835422Z,Literal data: 7.16K bytes,,0
	2025-07-07T02:10:54.6949788Z,Matched data: 0 bytes,,0
	2025-07-07T02:10:54.7545741Z,File list size: 0,,0
	2025-07-07T02:10:54.7949405Z,File list generation time: 0.001 seconds,,0
	2025-07-07T02:10:54.8451723Z,File list transfer time: 0.000 seconds,,0
	2025-07-07T02:10:54.9048000Z,Total bytes sent: 3.71K,,0
	2025-07-07T02:10:55.0155820Z,Total bytes received: 104,,0
	2025-07-07T02:10:56.7249297Z,,,0
	2025-07-07T02:10:57.6622523Z,sent 3.71K bytes  received 104 bytes  1.52K bytes/sec,,0
	2025-07-07T02:10:57.7009587Z,total size is 7.16K  speedup is 1.88,,0
	2025-07-07T02:10:57.7814699Z,Attempt 1: Rsync for filelist /tmp//splits/split.ad completed with exit code 0,,0
	2025-07-07T02:10:57.8310214Z,,,0
	2025-07-07T02:10:57.9134176Z,Number of files: 8 (reg: 4&comma; dir: 4),,0
	2025-07-07T02:10:58.0835552Z,Number of created files: 0,,0
	2025-07-07T02:10:58.1332794Z,Number of deleted files: 0,,0
	2025-07-07T02:10:58.1837628Z,Number of regular files transferred: 4,,0
	2025-07-07T02:10:58.2337529Z,Total file size: 40.49K bytes,,0
	2025-07-07T02:10:58.2944815Z,Total transferred file size: 40.49K bytes,,0
	2025-07-07T02:10:58.3445587Z,Literal data: 40.49K bytes,,0
	2025-07-07T02:10:58.4160302Z,Matched data: 0 bytes,,0
	2025-07-07T02:10:58.4861498Z,File list size: 0,,0
	2025-07-07T02:10:58.5456657Z,File list generation time: 0.209 seconds,,0
	2025-07-07T02:10:58.6173853Z,File list transfer time: 0.000 seconds,,0
	2025-07-07T02:10:58.6570807Z,Total bytes sent: 11.16K,,0
	2025-07-07T02:10:58.7268440Z,Total bytes received: 101,,0
	2025-07-07T02:10:58.7775162Z,,,0
	2025-07-07T02:10:58.8264372Z,sent 11.16K bytes  received 101 bytes  4.50K bytes/sec,,0
	2025-07-07T02:10:58.8466392Z,total size is 40.49K  speedup is 3.60,,0
	2025-07-07T02:10:58.9173964Z,,,0
	2025-07-07T02:10:58.9599787Z,Number of files: 9 (reg: 4&comma; dir: 5),,0
	2025-07-07T02:10:59.0085388Z,Number of created files: 0,,0
	2025-07-07T02:10:59.0699906Z,Number of deleted files: 0,,0
	2025-07-07T02:10:59.1089726Z,Number of regular files transferred: 4,,0
	2025-07-07T02:10:59.1600907Z,Total file size: 9.37K bytes,,0
	2025-07-07T02:10:59.2608479Z,Total transferred file size: 9.37K bytes,,0
	2025-07-07T02:10:59.3211563Z,Literal data: 9.37K bytes,,0
	2025-07-07T02:10:59.3705449Z,Matched data: 0 bytes,,0
	2025-07-07T02:10:59.4308042Z,File list size: 0,,0
	2025-07-07T02:10:59.5013316Z,File list generation time: 0.001 seconds,,0
	2025-07-07T02:10:59.5817310Z,File list transfer time: 0.000 seconds,,0
	2025-07-07T02:10:59.6317005Z,Total bytes sent: 3.93K,,0
	2025-07-07T02:10:59.6924815Z,Total bytes received: 107,,0
	2025-07-07T02:10:59.7537717Z,,,0
	2025-07-07T02:11:00.1341876Z,sent 3.93K bytes  received 107 bytes  1.62K bytes/sec,,0
	2025-07-07T02:11:00.1953694Z,total size is 9.37K  speedup is 2.32,,0
	2025-07-07T02:11:00.2565572Z,Attempt 1: Rsync for filelist /tmp//splits/split.ab completed with exit code 0,,0
	2025-07-07T02:11:00.3161311Z,Attempt 1: Rsync for filelist /tmp//splits/split.aa completed with exit code 0,,0
	2025-07-07T02:11:00.3663640Z,,,0
	2025-07-07T02:11:00.4178402Z,Number of files: 12 (reg: 4&comma; dir: 8),,0
	2025-07-07T02:11:00.5365544Z,Number of created files: 0,,0
	2025-07-07T02:11:00.6077321Z,Number of deleted files: 0,,0
	2025-07-07T02:11:00.6884316Z,Number of regular files transferred: 4,,0
	2025-07-07T02:11:00.7791483Z,Total file size: 6.88K bytes,,0
	2025-07-07T02:11:01.2000654Z,Total transferred file size: 6.88K bytes,,0
	2025-07-07T02:11:01.2725392Z,Literal data: 6.88K bytes,,0
	2025-07-07T02:11:01.3914948Z,Matched data: 0 bytes,,0
	2025-07-07T02:11:01.4827204Z,File list size: 0,,0
	2025-07-07T02:11:01.6520297Z,File list generation time: 0.001 seconds,,0
	2025-07-07T02:11:01.7254890Z,File list transfer time: 0.000 seconds,,0
	2025-07-07T02:11:01.8844934Z,Total bytes sent: 3.17K,,0
	2025-07-07T02:11:01.9848419Z,Total bytes received: 116,,0
	2025-07-07T02:11:02.0673811Z,,,0
	2025-07-07T02:11:02.1674993Z,sent 3.17K bytes  received 116 bytes  2.19K bytes/sec,,0
	2025-07-07T02:11:02.2263192Z,total size is 6.88K  speedup is 2.09,,0
	2025-07-07T02:11:02.3468011Z,Attempt 1: Rsync for filelist /tmp//splits/split.ac completed with exit code 0,,0
	2025-07-07T02:11:02.6882672Z,,,0
	2025-07-07T02:11:02.7395429Z,Number of files: 3 (reg: 2&comma; dir: 1),,0
	2025-07-07T02:11:02.7889827Z,Number of created files: 1 (reg: 1),,0
	2025-07-07T02:11:02.8698035Z,Number of deleted files: 0,,0
	2025-07-07T02:11:02.9703503Z,Number of regular files transferred: 2,,0
	2025-07-07T02:11:03.0305044Z,Total file size: 4.68M bytes,,0
	2025-07-07T02:11:03.1009486Z,Total transferred file size: 4.68M bytes,,0
	2025-07-07T02:11:03.1829049Z,Literal data: 4.68M bytes,,0
	2025-07-07T02:11:03.2520238Z,Matched data: 0 bytes,,0
	2025-07-07T02:11:03.3441808Z,File list size: 0,,0
	2025-07-07T02:11:04.6595371Z,File list generation time: 0.001 seconds,,0
	2025-07-07T02:11:05.3518792Z,File list transfer time: 0.000 seconds,,0
	2025-07-07T02:11:05.3726981Z,Total bytes sent: 3.50M,,0
	2025-07-07T02:11:05.3922250Z,Total bytes received: 57,,0
	2025-07-07T02:11:05.4025727Z,,,0
	2025-07-07T02:11:05.4457356Z,sent 3.50M bytes  received 57 bytes  2.33M bytes/sec,,0
	2025-07-07T02:11:05.4741367Z,total size is 4.68M  speedup is 1.34,,0
	2025-07-07T02:11:05.5243326Z,Attempt 1: Rsync for filelist /tmp//splits/split.ah completed with exit code 0,,0
	2025-07-07T02:11:05.8145523Z,,,0
	2025-07-07T02:11:05.8401225Z,Number of files: 4 (reg: 4),,0
	2025-07-07T02:11:05.8604575Z,Number of created files: 0,,0
	2025-07-07T02:11:05.8743533Z,Number of deleted files: 0,,0
	2025-07-07T02:11:05.8864297Z,Number of regular files transferred: 4,,0
	2025-07-07T02:11:05.9109021Z,Total file size: 174.15M bytes,,0
	2025-07-07T02:11:05.9279038Z,Total transferred file size: 174.15M bytes,,0
	2025-07-07T02:11:05.9490334Z,Literal data: 174.15M bytes,,0
	2025-07-07T02:11:05.9912001Z,Matched data: 0 bytes,,0
	2025-07-07T02:11:06.0315451Z,File list size: 0,,0
	2025-07-07T02:11:06.0819856Z,File list generation time: 0.001 seconds,,0
	2025-07-07T02:11:06.1118429Z,File list transfer time: 0.000 seconds,,0
	2025-07-07T02:11:06.1498549Z,Total bytes sent: 173.48M,,0
	2025-07-07T02:11:06.1636897Z,Total bytes received: 92,,0
	2025-07-07T02:11:06.1780533Z,,,0
	2025-07-07T02:11:06.2058731Z,sent 173.48M bytes  received 92 bytes  11.96M bytes/sec,,0
	2025-07-07T02:11:06.2172327Z,total size is 174.15M  speedup is 1.00,,0
	2025-07-07T02:11:06.2439177Z,Attempt 1: Rsync for filelist /tmp//splits/split.af completed with exit code 0,,0
	2025-07-07T02:11:07.1160651Z,,,0
	2025-07-07T02:11:07.1433782Z,Number of files: 9 (reg: 4&comma; dir: 5),,0
	2025-07-07T02:11:07.1671516Z,Number of created files: 4 (reg: 2&comma; dir: 2),,0
	2025-07-07T02:11:07.1964933Z,Number of deleted files: 0,,0
	2025-07-07T02:11:07.2100181Z,Number of regular files transferred: 4,,0
	2025-07-07T02:11:07.2365011Z,Total file size: 191.12M bytes,,0
	2025-07-07T02:11:07.2601086Z,Total transferred file size: 191.12M bytes,,0
	2025-07-07T02:11:07.2880137Z,Literal data: 191.12M bytes,,0
	2025-07-07T02:11:07.3056261Z,Matched data: 0 bytes,,0
	2025-07-07T02:11:07.3255291Z,File list size: 0,,0
	2025-07-07T02:11:07.3578841Z,File list generation time: 0.001 seconds,,0
	2025-07-07T02:11:07.3881605Z,File list transfer time: 0.000 seconds,,0
	2025-07-07T02:11:07.4180974Z,Total bytes sent: 182.46M,,0
	2025-07-07T02:11:07.4482835Z,Total bytes received: 101,,0
	2025-07-07T02:11:07.4690225Z,,,0
	2025-07-07T02:11:07.4812929Z,sent 182.46M bytes  received 101 bytes  11.06M bytes/sec,,0
	2025-07-07T02:11:07.5088451Z,total size is 191.12M  speedup is 1.05,,0
	2025-07-07T02:11:07.5506795Z,Attempt 1: Rsync for filelist /tmp//splits/split.ag completed with exit code 0,,0
	2025-07-07T02:11:07.5890369Z,Completed successfully in 17 seconds,,0
2025-07-07T02:11:07.7560875Z,Rsync completed to /home/site/wwwroot,3a62a8fc-aba7-4c60-9b80-912bc2d1729a,0
2025-07-07T02:11:07.9631521Z,Manifest created at /home/site/wwwroot,9b85a6f2-8c24-44be-96bb-26b8d7370ab3,0
2025-07-07T02:11:08.1306351Z,Optimized build done with success: True,bfce9ef4-04ab-4f00-8fc8-022d07beef50,0
2025-07-07T02:11:08.3120100Z,Build completed succesfully.,d8089164-2bcf-4087-9d4f-3629be3073fb,0
2025-07-07T02:11:08.4181936Z,Running post deployment command(s)...,dc429357-b2c4-4673-86e4-11b27d6af05a,0
2025-07-07T02:11:08.5712426Z,Triggering container recycle for OneDeploy by adding/updating restartTrigger.txt to the site root path,ba478bbc-bd02-4a4a-a45d-6a953aa05dd0,0
2025-07-07T02:11:08.7896749Z,Deployment successful. deployer = OneDeploy deploymentPath = OneDeploy,412be2b8-f073-40e3-8d15-9cdc10217ed8,0
