2025-07-05T12:03:14.2280958Z,Updating submodules.,5bfe0c1e-727c-4202-adae-379f1fc81d2e,0
2025-07-05T12:03:15.3745478Z,Preparing deployment for commit id '1f7435e7-2'.,35c7d8e6-da5c-45f9-8975-4fdd63cf7b1b,0
2025-07-05T12:03:15.7155331Z,PreDeployment: context.CleanOutputPath False,c8bd6fc1-22a1-490c-9d48-596e96b40106,0
2025-07-05T12:03:15.8393170Z,PreDeployment: context.OutputPath /home/site/wwwroot,bfd52935-382e-4ab3-bca0-7fc66017f77f,0
2025-07-05T12:03:15.9743302Z,Running build. Project type: OneDeploy,ed2b49d3-fb91-4987-95fc-c87379f5b57e,0
2025-07-05T12:03:16.0940590Z,Copying the manifest,164d9e3b-cc63-49d5-9e23-01d33ce0475f,0
2025-07-05T12:03:16.2899834Z,NodeProjectOptimizer Initialized with repository path: /tmp/zipdeploy/extracted and output path: /home/site/wwwroot ,462f48a3-c205-47fa-9a47-a693a673270d,0
2025-07-05T12:03:16.4569428Z,Optimizing build...,5e1d8e98-a938-4301-a3f7-eff23b3169f7,0
2025-07-05T12:03:16.5758717Z,Zipping node_modules...,558f43d0-357c-40a7-a0fc-cd1b17ec9191,0
	2025-07-05T12:03:16.5880319Z,Command: /opt/Kudu/Scripts/absoluteTar.sh /tmp/zipdeploy/extracted/node_modules /tmp/zipdeploy/extracted/node_modules.tar.gz,,0
	2025-07-05T12:05:42.1624347Z,Zipped /tmp/zipdeploy/extracted/node_modules to /tmp/zipdeploy/extracted/node_modules.tar.gz done successfully,,0
2025-07-05T12:05:42.4244202Z,Zipped Node Modules to /tmp/zipdeploy/extracted/node_modules.tar.gz,623db083-bf52-4019-a410-3d97bfb6ddfc,0
2025-07-05T12:05:42.5449223Z,Express Node Deploy: Running rsync...,0e42f8b8-4a70-48b8-a59f-c02cbb114307,0
	2025-07-05T12:05:42.5600349Z,Command: /opt/Kudu/Scripts/parallel_rsync.sh /tmp/zipdeploy/extracted /home/site/wwwroot 8 /tmp/ False False node_modules ,,0
	2025-07-05T12:05:42.8125413Z,Run rsync from: /tmp/zipdeploy/extracted/ to: /home/site/wwwroot/ in 8 parallel threads,,0
	2025-07-05T12:05:42.8528138Z,Delete options: clean=False&comma; use manifest=False&comma; directory to ignore=node_modules,,0
	2025-07-05T12:05:42.8904665Z,Prev manifest = /home/site/deployments/9c2635a5-58d0-4960-8bc1-6a4d3773529d/manifest and next /home/site/deployments/1f7435e7-229b-4e55-be0d-df065db9b6fb/manifest,,0
	2025-07-05T12:05:42.9437638Z,Cleaning up /tmp//filelist.txt and /tmp//splits,,0
	2025-07-05T12:05:43.0123658Z,Creating a list of all files at /tmp//filelist.txt,,0
	2025-07-05T12:05:43.0833458Z,Excluding: node_modules,,0
	2025-07-05T12:05:43.1837765Z,Created /tmp//filelist.txt. Total number of files to be synced = 27.,,0
	2025-07-05T12:05:43.3042955Z,Created batches from the list of files. Processing 4 files in each thread,,0
	2025-07-05T12:05:43.3853035Z,Running rsync for filelist /tmp//splits/split.aa from /tmp/zipdeploy/extracted/ to /home/site/wwwroot/,,0
	2025-07-05T12:05:43.5558353Z,Running rsync for filelist /tmp//splits/split.ab from /tmp/zipdeploy/extracted/ to /home/site/wwwroot/,,0
	2025-07-05T12:05:43.6654639Z,Running rsync for filelist /tmp//splits/split.ac from /tmp/zipdeploy/extracted/ to /home/site/wwwroot/,,0
	2025-07-05T12:05:43.7177298Z,Running rsync for filelist /tmp//splits/split.af from /tmp/zipdeploy/extracted/ to /home/site/wwwroot/,,0
	2025-07-05T12:05:43.7970849Z,Running rsync for filelist /tmp//splits/split.ad from /tmp/zipdeploy/extracted/ to /home/site/wwwroot/,,0
	2025-07-05T12:05:43.8969925Z,Running rsync for filelist /tmp//splits/split.ae from /tmp/zipdeploy/extracted/ to /home/site/wwwroot/,,0
	2025-07-05T12:05:43.9883860Z,Running rsync for filelist /tmp//splits/split.ag from /tmp/zipdeploy/extracted/ to /home/site/wwwroot/,,0
	2025-07-05T12:05:44.7419727Z,,,0
	2025-07-05T12:05:44.8439098Z,Number of files: 8 (reg: 4&comma; dir: 4),,0
	2025-07-05T12:05:44.8924865Z,Number of created files: 0,,0
	2025-07-05T12:05:44.9527029Z,Number of deleted files: 0,,0
	2025-07-05T12:05:45.0228737Z,Number of regular files transferred: 4,,0
	2025-07-05T12:05:45.1546677Z,Total file size: 7.54K bytes,,0
	2025-07-05T12:05:45.2366655Z,Total transferred file size: 7.54K bytes,,0
	2025-07-05T12:05:45.3463441Z,Literal data: 7.54K bytes,,0
	2025-07-05T12:05:45.4144798Z,Matched data: 0 bytes,,0
	2025-07-05T12:05:45.4764583Z,File list size: 0,,0
	2025-07-05T12:05:45.5369558Z,File list generation time: 0.028 seconds,,0
	2025-07-05T12:05:45.6178253Z,File list transfer time: 0.000 seconds,,0
	2025-07-05T12:05:45.6861906Z,Total bytes sent: 3.85K,,0
	2025-07-05T12:05:45.7678051Z,Total bytes received: 104,,0
	2025-07-05T12:05:45.9891858Z,,,0
	2025-07-05T12:05:46.0182132Z,sent 3.85K bytes  received 104 bytes  2.64K bytes/sec,,0
	2025-07-05T12:05:46.0314759Z,total size is 7.54K  speedup is 1.91,,0
	2025-07-05T12:05:46.0495065Z,Attempt 1: Rsync for filelist /tmp//splits/split.ad completed with exit code 0,,0
	2025-07-05T12:05:46.0598865Z,,,0
	2025-07-05T12:05:46.1927798Z,Number of files: 9 (reg: 4&comma; dir: 5),,0
	2025-07-05T12:05:46.2715567Z,Number of created files: 0,,0
	2025-07-05T12:05:46.3121244Z,Number of deleted files: 0,,0
	2025-07-05T12:05:46.3737519Z,Number of regular files transferred: 4,,0
	2025-07-05T12:05:46.4321407Z,Total file size: 9.98K bytes,,0
	2025-07-05T12:05:46.4925231Z,Total transferred file size: 9.98K bytes,,0
	2025-07-05T12:05:46.5631611Z,Literal data: 9.98K bytes,,0
	2025-07-05T12:05:46.6533457Z,Matched data: 0 bytes,,0
	2025-07-05T12:05:46.7143365Z,File list size: 0,,0
	2025-07-05T12:05:46.7935934Z,File list generation time: 0.001 seconds,,0
	2025-07-05T12:05:46.9359164Z,File list transfer time: 0.000 seconds,,0
	2025-07-05T12:05:47.0577193Z,Total bytes sent: 3.93K,,0
	2025-07-05T12:05:47.1267419Z,Total bytes received: 107,,0
	2025-07-05T12:05:47.1964276Z,,,0
	2025-07-05T12:05:47.2568414Z,sent 3.93K bytes  received 107 bytes  2.69K bytes/sec,,0
	2025-07-05T12:05:47.3489159Z,total size is 9.98K  speedup is 2.47,,0
	2025-07-05T12:05:47.4878400Z,Attempt 1: Rsync for filelist /tmp//splits/split.ab completed with exit code 0,,0
	2025-07-05T12:05:47.6090816Z,,,0
	2025-07-05T12:05:47.7587477Z,Number of files: 5 (reg: 4&comma; dir: 1),,0
	2025-07-05T12:05:47.8699081Z,Number of created files: 0,,0
	2025-07-05T12:05:47.9720866Z,Number of deleted files: 0,,0
	2025-07-05T12:05:48.1112446Z,Number of regular files transferred: 4,,0
	2025-07-05T12:05:48.2027337Z,Total file size: 2.34K bytes,,0
	2025-07-05T12:05:48.3031208Z,Total transferred file size: 2.34K bytes,,0
	2025-07-05T12:05:48.3943932Z,Literal data: 2.34K bytes,,0
	2025-07-05T12:05:48.6243438Z,Matched data: 0 bytes,,0
	2025-07-05T12:05:49.0571945Z,File list size: 0,,0
	2025-07-05T12:05:49.1880841Z,File list generation time: 0.001 seconds,,0
	2025-07-05T12:05:49.2785578Z,File list transfer time: 0.000 seconds,,0
	2025-07-05T12:05:49.3688226Z,Total bytes sent: 1.51K,,0
	2025-07-05T12:05:49.4794703Z,Total bytes received: 95,,0
	2025-07-05T12:05:49.6110860Z,,,0
	2025-07-05T12:05:49.7199131Z,sent 1.51K bytes  received 95 bytes  1.07K bytes/sec,,0
	2025-07-05T12:05:49.8013605Z,total size is 2.34K  speedup is 1.45,,0
	2025-07-05T12:05:49.9221083Z,Attempt 1: Rsync for filelist /tmp//splits/split.ae completed with exit code 0,,0
	2025-07-05T12:05:50.0122094Z,,,0
	2025-07-05T12:05:50.1045476Z,Number of files: 8 (reg: 4&comma; dir: 4),,0
	2025-07-05T12:05:50.2548916Z,Number of created files: 0,,0
	2025-07-05T12:05:50.6076593Z,Number of deleted files: 0,,0
	2025-07-05T12:05:50.7474213Z,Number of regular files transferred: 4,,0
	2025-07-05T12:05:50.8584226Z,Total file size: 40.51K bytes,,0
	2025-07-05T12:05:51.0575847Z,Total transferred file size: 40.51K bytes,,0
	2025-07-05T12:05:51.1298978Z,Literal data: 40.51K bytes,,0
	2025-07-05T12:05:51.3306853Z,Matched data: 0 bytes,,0
	2025-07-05T12:05:51.4105151Z,File list size: 0,,0
	2025-07-05T12:05:51.5314038Z,File list generation time: 0.020 seconds,,0
	2025-07-05T12:05:51.6415782Z,File list transfer time: 0.000 seconds,,0
	2025-07-05T12:05:51.7233520Z,Total bytes sent: 11.17K,,0
	2025-07-05T12:05:51.8342276Z,Total bytes received: 101,,0
	2025-07-05T12:05:52.0239107Z,,,0
	2025-07-05T12:05:52.0842532Z,sent 11.17K bytes  received 101 bytes  7.51K bytes/sec,,0
	2025-07-05T12:05:52.1948582Z,total size is 40.51K  speedup is 3.60,,0
	2025-07-05T12:05:52.3169663Z,Attempt 1: Rsync for filelist /tmp//splits/split.aa completed with exit code 0,,0
	2025-07-05T12:05:52.4275361Z,,,0
	2025-07-05T12:05:53.3910640Z,Number of files: 12 (reg: 4&comma; dir: 8),,0
	2025-07-05T12:05:53.4823737Z,Number of created files: 0,,0
	2025-07-05T12:05:53.5323947Z,Number of deleted files: 0,,0
	2025-07-05T12:05:53.5723798Z,Number of regular files transferred: 4,,0
	2025-07-05T12:05:53.9357076Z,Total file size: 6.88K bytes,,0
	2025-07-05T12:05:54.0051734Z,Total transferred file size: 6.88K bytes,,0
	2025-07-05T12:05:54.0655169Z,Literal data: 6.88K bytes,,0
	2025-07-05T12:05:54.1355986Z,Matched data: 0 bytes,,0
	2025-07-05T12:05:54.1765396Z,File list size: 0,,0
	2025-07-05T12:05:54.2263923Z,File list generation time: 0.011 seconds,,0
	2025-07-05T12:05:54.2867209Z,File list transfer time: 0.000 seconds,,0
	2025-07-05T12:05:54.3361873Z,Total bytes sent: 3.17K,,0
	2025-07-05T12:05:54.4271333Z,Total bytes received: 116,,0
	2025-07-05T12:05:54.5177362Z,,,0
	2025-07-05T12:05:54.5597713Z,sent 3.17K bytes  received 116 bytes  2.19K bytes/sec,,0
	2025-07-05T12:05:55.4735916Z,total size is 6.88K  speedup is 2.09,,0
	2025-07-05T12:05:55.7847694Z,Attempt 1: Rsync for filelist /tmp//splits/split.ac completed with exit code 0,,0
	2025-07-05T12:06:00.8439073Z,,,0
	2025-07-05T12:06:00.9205613Z,Number of files: 4 (reg: 4),,0
	2025-07-05T12:06:00.9558884Z,Number of created files: 0,,0
	2025-07-05T12:06:00.9991875Z,Number of deleted files: 0,,0
	2025-07-05T12:06:01.0400198Z,Number of regular files transferred: 4,,0
	2025-07-05T12:06:01.0910161Z,Total file size: 186.31M bytes,,0
	2025-07-05T12:06:01.1603665Z,Total transferred file size: 186.31M bytes,,0
	2025-07-05T12:06:01.2392384Z,Literal data: 186.31M bytes,,0
	2025-07-05T12:06:01.3217920Z,Matched data: 0 bytes,,0
	2025-07-05T12:06:01.3619666Z,File list size: 0,,0
	2025-07-05T12:06:01.4502914Z,File list generation time: 0.010 seconds,,0
	2025-07-05T12:06:01.5411322Z,File list transfer time: 0.000 seconds,,0
	2025-07-05T12:06:01.6116013Z,Total bytes sent: 185.76M,,0
	2025-07-05T12:06:01.7426013Z,Total bytes received: 92,,0
	2025-07-05T12:06:01.8338872Z,,,0
	2025-07-05T12:06:01.8929783Z,sent 185.76M bytes  received 92 bytes  10.61M bytes/sec,,0
	2025-07-05T12:06:01.9532393Z,total size is 186.31M  speedup is 1.00,,0
	2025-07-05T12:06:02.0037750Z,Attempt 1: Rsync for filelist /tmp//splits/split.af completed with exit code 0,,0
	2025-07-05T12:06:03.0302793Z,,,0
	2025-07-05T12:06:03.1014003Z,Number of files: 4 (reg: 3&comma; dir: 1),,0
	2025-07-05T12:06:03.1314362Z,Number of created files: 0,,0
	2025-07-05T12:06:03.1799956Z,Number of deleted files: 0,,0
	2025-07-05T12:06:03.2200621Z,Number of regular files transferred: 3,,0
	2025-07-05T12:06:03.2604679Z,Total file size: 200.06M bytes,,0
	2025-07-05T12:06:03.3817535Z,Total transferred file size: 200.06M bytes,,0
	2025-07-05T12:06:03.4213810Z,Literal data: 200.06M bytes,,0
	2025-07-05T12:06:03.4533792Z,Matched data: 0 bytes,,0
	2025-07-05T12:06:03.5018472Z,File list size: 0,,0
	2025-07-05T12:06:03.5621263Z,File list generation time: 0.098 seconds,,0
	2025-07-05T12:06:03.6024788Z,File list transfer time: 0.000 seconds,,0
	2025-07-05T12:06:03.6426706Z,Total bytes sent: 191.02M,,0
	2025-07-05T12:06:03.6829631Z,Total bytes received: 76,,0
	2025-07-05T12:06:03.7232058Z,,,0
	2025-07-05T12:06:03.7647395Z,sent 191.02M bytes  received 76 bytes  9.80M bytes/sec,,0
	2025-07-05T12:06:03.8036003Z,total size is 200.06M  speedup is 1.05,,0
	2025-07-05T12:06:03.8539388Z,Attempt 1: Rsync for filelist /tmp//splits/split.ag completed with exit code 0,,0
	2025-07-05T12:06:03.9144052Z,Completed successfully in 21 seconds,,0
2025-07-05T12:06:04.1839970Z,Rsync completed to /home/site/wwwroot,8495b63d-b130-435c-891c-47304478a94b,0
2025-07-05T12:06:04.3967716Z,Manifest created at /home/site/wwwroot,7df15a5b-9294-4bc3-a2b1-b55c01b31eb2,0
2025-07-05T12:06:04.5039164Z,Optimized build done with success: True,313f20d9-8c7d-44cc-9c72-4658e893813e,0
2025-07-05T12:06:04.6262319Z,Build completed succesfully.,d113aa2d-f68e-4ded-99a0-dd8beae0d0c1,0
2025-07-05T12:06:04.7258526Z,Running post deployment command(s)...,848c331d-4a9e-48d3-8761-17a1da112b2c,0
2025-07-05T12:06:04.8680399Z,Triggering container recycle for OneDeploy by adding/updating restartTrigger.txt to the site root path,427a6930-0e82-4f22-93f9-9ee880cb17dd,0
2025-07-05T12:06:05.0704841Z,Deployment successful. deployer = OneDeploy deploymentPath = OneDeploy,15b627cf-8c45-419e-ac38-7773bfef3a98,0
