2025-07-08T03:21:49.7455533Z Container start method called.
2025-07-08T03:21:49.8447906Z Establishing network.
2025-07-08T03:21:49.8638809Z Pulling image: docker.io/ayumu277/chatbot-app:latest.
2025-07-08T03:23:15.2248095Z Image docker.io/ayumu277/chatbot-app:latest is pulled from registry docker.io
2025-07-08T03:23:15.2359909Z Container is starting.
2025-07-08T03:23:15.2361204Z Establishing user namespace if not established already.
2025-07-08T03:23:15.2364560Z Establishing network if not established already.
2025-07-08T03:23:15.2365866Z Mounting volumes.
2025-07-08T03:23:15.2451077Z Nested mountpoint volatile/logs
2025-07-08T03:23:15.2749057Z Nested mountpoint 
2025-07-08T03:23:15.4474164Z Creating container.
2025-07-08T03:23:15.4478009Z Creating pipes for streaming container io.
2025-07-08T03:23:15.4481763Z Creating stdout named pipe at /podr/container/pipe/29c03824c954_chatbot-app-container/stdout_43ff06dfeb3f47e6a08da3152ef1b38c.
2025-07-08T03:23:15.6312021Z Successfully created stdout named pipe at: /podr/container/pipe/29c03824c954_chatbot-app-container/stdout_43ff06dfeb3f47e6a08da3152ef1b38c.
2025-07-08T03:23:15.6314024Z Opening named pipe /podr/container/pipe/29c03824c954_chatbot-app-container/stdout_43ff06dfeb3f47e6a08da3152ef1b38c for reading in non-blocking mode.
2025-07-08T03:23:15.6315613Z Successfully opened named pipe: /podr/container/pipe/29c03824c954_chatbot-app-container/stdout_43ff06dfeb3f47e6a08da3152ef1b38c.
2025-07-08T03:23:15.6316952Z Successfully removed non-blocking flag from /podr/container/pipe/29c03824c954_chatbot-app-container/stdout_43ff06dfeb3f47e6a08da3152ef1b38c.
2025-07-08T03:23:15.6411857Z Creating stderr named pipe at /podr/container/pipe/29c03824c954_chatbot-app-container/stderr_4cbb6c85753547cbbb8b39f7e3500453.
2025-07-08T03:23:15.6601079Z Successfully created stderr named pipe at: /podr/container/pipe/29c03824c954_chatbot-app-container/stderr_4cbb6c85753547cbbb8b39f7e3500453.
2025-07-08T03:23:15.6607006Z Opening named pipe /podr/container/pipe/29c03824c954_chatbot-app-container/stderr_4cbb6c85753547cbbb8b39f7e3500453 for reading in non-blocking mode.
2025-07-08T03:23:15.6612572Z Successfully opened named pipe: /podr/container/pipe/29c03824c954_chatbot-app-container/stderr_4cbb6c85753547cbbb8b39f7e3500453.
2025-07-08T03:23:15.6617769Z Successfully removed non-blocking flag from /podr/container/pipe/29c03824c954_chatbot-app-container/stderr_4cbb6c85753547cbbb8b39f7e3500453.
2025-07-08T03:23:15.6835492Z Creating container with image: docker.io/ayumu277/chatbot-app:latest from registry: docker.io and fully qualified image name: docker.io/ayumu277/chatbot-app:latest
2025-07-08T03:23:16.8446609Z Starting container: 29c03824c954_chatbot-app-container.
2025-07-08T03:23:16.9262432Z Starting watchers and probes.
2025-07-08T03:23:16.9283561Z Starting metrics collection.
2025-07-08T03:23:16.9377750Z Container is running.
2025-07-08T03:23:17.0695156Z Container start method finished after 87323 ms.
2025-07-08T03:23:41.0411717Z Container has finished running with exit code: 1.
2025-07-08T03:23:41.0603821Z Container is terminating. Grace period: 5 seconds.
2025-07-08T03:23:41.0810426Z Stop and delete container. Retry count = 0
2025-07-08T03:23:41.0910220Z Stopping container: 29c03824c954_chatbot-app-container.
2025-07-08T03:23:41.1998895Z Deleting container: 29c03824c954_chatbot-app-container. Retry count = 0
2025-07-08T03:23:41.9606142Z Container spec TerminationMessagePolicy  path 
2025-07-08T03:23:41.9721565Z Container is terminated. Total time elapsed: 909 ms.
2025-07-08T03:23:41.9739927Z Site container: chatbot-app-container terminated during site startup.
2025-07-08T03:23:41.9904774Z Site startup probe failed after 24.8228655 seconds.
2025-07-08T03:23:42.0510028Z Failed to start site. Revert by stopping site.
2025-07-08T03:23:42.0938747Z Site: chatbot-app-container stopped.
2025-07-08T03:23:46.036Z INFO  - Pulling image: docker.io/ayumu277/chatbot-app:latest
2025-07-08T03:23:48.384Z INFO  - latest Pulling from ayumu277/chatbot-app
2025-07-08T03:23:49.183Z INFO  - f18232174bc9 Pulling fs layer
2025-07-08T03:23:49.183Z INFO  - dd71dde834b5 Pulling fs layer
2025-07-08T03:23:49.183Z INFO  - 1e5a4c89cee5 Pulling fs layer
2025-07-08T03:23:49.184Z INFO  - 25ff2da83641 Pulling fs layer
2025-07-08T03:23:49.184Z INFO  - ac2ca5948d43 Pulling fs layer
2025-07-08T03:23:49.184Z INFO  - 7765d40eb400 Pulling fs layer
2025-07-08T03:23:49.184Z INFO  - d1e636a18730 Pulling fs layer
2025-07-08T03:23:49.184Z INFO  - 9d24bbb78b51 Pulling fs layer
2025-07-08T03:23:49.184Z INFO  - 5e1cc80b2230 Pulling fs layer
2025-07-08T03:23:49.184Z INFO  - a97ad9ff2c22 Pulling fs layer
2025-07-08T03:23:49.184Z INFO  - 89155f6ad957 Pulling fs layer
2025-07-08T03:23:49.184Z INFO  - ba191d9ae196 Pulling fs layer
2025-07-08T03:23:49.184Z INFO  - b1e65257a889 Pulling fs layer
2025-07-08T03:23:49.184Z INFO  - fcca7ea0b85e Pulling fs layer
2025-07-08T03:23:49.184Z INFO  - 058154288584 Pulling fs layer
2025-07-08T03:23:49.184Z INFO  - 7b739878a00e Pulling fs layer
2025-07-08T03:23:49.184Z INFO  - 4f4fb700ef54 Pulling fs layer
2025-07-08T03:23:49.198Z INFO  - 58896922d4dd Pulling fs layer
2025-07-08T03:23:49.930Z INFO  - 7765d40eb400 Downloading 92B / 92B
2025-07-08T03:23:49.931Z INFO  - 7765d40eb400 Verifying Checksum
2025-07-08T03:23:49.950Z INFO  - 7765d40eb400 Download complete
2025-07-08T03:23:49.950Z INFO  - 058154288584 Downloading 448B / 448B
2025-07-08T03:23:49.950Z INFO  - 058154288584 Verifying Checksum
2025-07-08T03:23:49.950Z INFO  - 058154288584 Download complete
2025-07-08T03:23:49.970Z INFO  - 4f4fb700ef54 Downloading 32B / 32B
2025-07-08T03:23:49.971Z INFO  - fcca7ea0b85e Downloading 157B / 157B
2025-07-08T03:23:49.971Z INFO  - 4f4fb700ef54 Verifying Checksum
2025-07-08T03:23:49.971Z INFO  - 4f4fb700ef54 Download complete
2025-07-08T03:23:49.971Z INFO  - fcca7ea0b85e Verifying Checksum
2025-07-08T03:23:49.971Z INFO  - fcca7ea0b85e Download complete
2025-07-08T03:23:50.070Z INFO  - 89155f6ad957 Downloading 936B / 2KB
2025-07-08T03:23:50.080Z INFO  - 1e5a4c89cee5 Downloading 1MB / 1MB
2025-07-08T03:23:50.080Z INFO  - 1e5a4c89cee5 Downloading 1MB / 1MB
2025-07-08T03:23:50.081Z INFO  - d1e636a18730 Downloading 462B / 462B
2025-07-08T03:23:50.089Z INFO  - 25ff2da83641 Downloading 446B / 446B
2025-07-08T03:23:50.090Z INFO  - 89155f6ad957 Downloading 2KB / 2KB
2025-07-08T03:23:50.091Z INFO  - 5e1cc80b2230 Downloading 59KB / 59KB
2025-07-08T03:23:50.091Z INFO  - 1e5a4c89cee5 Verifying Checksum
2025-07-08T03:23:50.092Z INFO  - 1e5a4c89cee5 Download complete
2025-07-08T03:23:50.093Z INFO  - d1e636a18730 Verifying Checksum
2025-07-08T03:23:50.101Z INFO  - d1e636a18730 Download complete
2025-07-08T03:23:50.110Z INFO  - 25ff2da83641 Verifying Checksum
2025-07-08T03:23:50.110Z INFO  - 25ff2da83641 Download complete
2025-07-08T03:23:50.111Z INFO  - 89155f6ad957 Verifying Checksum
2025-07-08T03:23:50.111Z INFO  - 89155f6ad957 Download complete
2025-07-08T03:23:50.111Z INFO  - 5e1cc80b2230 Verifying Checksum
2025-07-08T03:23:50.111Z INFO  - 5e1cc80b2230 Download complete
2025-07-08T03:23:50.112Z INFO  - a97ad9ff2c22 Downloading 527KB / 124MB
2025-07-08T03:23:50.223Z INFO  - f18232174bc9 Downloading 148KB / 3MB
2025-07-08T03:23:50.231Z INFO  - ac2ca5948d43 Downloading 774KB / 18MB
2025-07-08T03:23:50.271Z INFO  - 7b739878a00e Downloading 570B / 570B
2025-07-08T03:23:50.292Z INFO  - b1e65257a889 Downloading 211KB / 211KB
2025-07-08T03:23:50.293Z INFO  - 9d24bbb78b51 Downloading 980B / 980B
2025-07-08T03:23:50.293Z INFO  - 7b739878a00e Verifying Checksum
2025-07-08T03:23:50.303Z INFO  - 7b739878a00e Download complete
2025-07-08T03:23:50.332Z INFO  - b1e65257a889 Verifying Checksum
2025-07-08T03:23:50.332Z INFO  - b1e65257a889 Download complete
2025-07-08T03:23:50.332Z INFO  - 9d24bbb78b51 Verifying Checksum
2025-07-08T03:23:50.332Z INFO  - 9d24bbb78b51 Download complete
2025-07-08T03:23:50.352Z INFO  - ac2ca5948d43 Downloading 1MB / 18MB
2025-07-08T03:23:50.373Z INFO  - 58896922d4dd Downloading 519KB / 120MB
2025-07-08T03:23:50.391Z INFO  - f18232174bc9 Downloading 934KB / 3MB
2025-07-08T03:23:50.412Z INFO  - a97ad9ff2c22 Downloading 3MB / 124MB
2025-07-08T03:23:50.432Z INFO  - ba191d9ae196 Downloading 494KB / 11MB
2025-07-08T03:23:50.674Z INFO  - 58896922d4dd Downloading 1MB / 120MB
2025-07-08T03:23:50.675Z INFO  - dd71dde834b5 Downloading 3MB / 38MB
2025-07-08T03:23:50.714Z INFO  - ac2ca5948d43 Downloading 2MB / 18MB
2025-07-08T03:23:50.714Z INFO  - f18232174bc9 Downloading 1MB / 3MB
2025-07-08T03:23:50.844Z INFO  - a97ad9ff2c22 Downloading 3MB / 124MB
2025-07-08T03:23:50.945Z INFO  - ac2ca5948d43 Downloading 3MB / 18MB
2025-07-08T03:23:50.946Z INFO  - ba191d9ae196 Downloading 2MB / 11MB
2025-07-08T03:23:50.966Z INFO  - 58896922d4dd Downloading 3MB / 120MB
2025-07-08T03:23:51.116Z INFO  - a97ad9ff2c22 Downloading 5MB / 124MB
2025-07-08T03:23:51.117Z INFO  - f18232174bc9 Downloading 2MB / 3MB
2025-07-08T03:23:51.146Z INFO  - a97ad9ff2c22 Downloading 6MB / 124MB
2025-07-08T03:23:51.207Z INFO  - dd71dde834b5 Downloading 6MB / 38MB
2025-07-08T03:23:51.247Z INFO  - ac2ca5948d43 Downloading 5MB / 18MB
2025-07-08T03:23:51.298Z INFO  - f18232174bc9 Verifying Checksum
2025-07-08T03:23:51.298Z INFO  - f18232174bc9 Download complete
2025-07-08T03:23:51.437Z INFO  - ba191d9ae196 Downloading 4MB / 11MB
2025-07-08T03:23:51.437Z INFO  - 58896922d4dd Downloading 5MB / 120MB
2025-07-08T03:23:51.438Z INFO  - dd71dde834b5 Downloading 7MB / 38MB
2025-07-08T03:23:51.438Z INFO  - ac2ca5948d43 Downloading 6MB / 18MB
2025-07-08T03:23:51.648Z INFO  - dd71dde834b5 Downloading 7MB / 38MB
2025-07-08T03:23:51.648Z INFO  - ac2ca5948d43 Downloading 7MB / 18MB
2025-07-08T03:23:51.809Z INFO  - a97ad9ff2c22 Downloading 8MB / 124MB
2025-07-08T03:23:51.889Z INFO  - ba191d9ae196 Downloading 5MB / 11MB
2025-07-08T03:23:52.111Z INFO  - ac2ca5948d43 Downloading 8MB / 18MB
2025-07-08T03:23:52.201Z INFO  - ba191d9ae196 Downloading 6MB / 11MB
2025-07-08T03:23:52.201Z INFO  - ac2ca5948d43 Downloading 9MB / 18MB
2025-07-08T03:23:52.301Z INFO  - ba191d9ae196 Downloading 7MB / 11MB
2025-07-08T03:23:52.321Z INFO  - a97ad9ff2c22 Downloading 10MB / 124MB
2025-07-08T03:23:52.321Z INFO  - 58896922d4dd Downloading 8MB / 120MB
2025-07-08T03:23:52.603Z INFO  - 58896922d4dd Downloading 9MB / 120MB
2025-07-08T03:23:52.715Z INFO  - dd71dde834b5 Downloading 11MB / 38MB
2025-07-08T03:23:52.715Z INFO  - 58896922d4dd Downloading 10MB / 120MB
2025-07-08T03:23:52.814Z INFO  - a97ad9ff2c22 Downloading 12MB / 124MB
2025-07-08T03:23:52.915Z INFO  - ac2ca5948d43 Downloading 12MB / 18MB
2025-07-08T03:23:53.028Z INFO  - 58896922d4dd Downloading 12MB / 120MB
2025-07-08T03:23:53.096Z INFO  - f18232174bc9 Extracting 576KB / 3MB
2025-07-08T03:23:53.157Z INFO  - a97ad9ff2c22 Downloading 15MB / 124MB
2025-07-08T03:23:53.179Z INFO  - ba191d9ae196 Verifying Checksum
2025-07-08T03:23:53.179Z INFO  - ba191d9ae196 Download complete
2025-07-08T03:23:53.287Z INFO  - f18232174bc9 Extracting 1MB / 3MB
2025-07-08T03:23:53.438Z INFO  - 58896922d4dd Downloading 15MB / 120MB
2025-07-08T03:23:53.438Z INFO  - dd71dde834b5 Downloading 14MB / 38MB
2025-07-08T03:23:53.439Z INFO  - f18232174bc9 Extracting 1MB / 3MB
2025-07-08T03:23:53.539Z INFO  - f18232174bc9 Extracting 2MB / 3MB
2025-07-08T03:23:53.619Z INFO  - ac2ca5948d43 Downloading 15MB / 18MB
2025-07-08T03:23:53.620Z INFO  - a97ad9ff2c22 Downloading 17MB / 124MB
2025-07-08T03:23:53.640Z INFO  - 58896922d4dd Downloading 16MB / 120MB
2025-07-08T03:23:53.658Z INFO  - f18232174bc9 Extracting 2MB / 3MB
2025-07-08T03:23:53.750Z INFO  - 58896922d4dd Downloading 17MB / 120MB
2025-07-08T03:23:53.982Z INFO  - a97ad9ff2c22 Downloading 18MB / 124MB
2025-07-08T03:23:53.983Z INFO  - ac2ca5948d43 Downloading 15MB / 18MB
2025-07-08T03:23:53.983Z INFO  - f18232174bc9 Extracting 3MB / 3MB
2025-07-08T03:23:53.990Z INFO  - a97ad9ff2c22 Downloading 19MB / 124MB
2025-07-08T03:23:54.033Z INFO  - f18232174bc9 Extracting 3MB / 3MB
2025-07-08T03:23:54.033Z INFO  - f18232174bc9 Pull complete
2025-07-08T03:23:54.034Z INFO  - dd71dde834b5 Downloading 18MB / 38MB
2025-07-08T03:23:54.051Z INFO  - ac2ca5948d43 Downloading 17MB / 18MB
2025-07-08T03:23:54.051Z INFO  - ac2ca5948d43 Verifying Checksum
2025-07-08T03:23:54.051Z INFO  - ac2ca5948d43 Download complete
2025-07-08T03:23:54.122Z INFO  - a97ad9ff2c22 Downloading 20MB / 124MB
2025-07-08T03:23:54.255Z INFO  - 58896922d4dd Downloading 21MB / 120MB
2025-07-08T03:23:54.335Z INFO  - a97ad9ff2c22 Downloading 23MB / 124MB
2025-07-08T03:23:54.494Z INFO  - 58896922d4dd Downloading 24MB / 120MB
2025-07-08T03:23:54.574Z INFO  - a97ad9ff2c22 Downloading 25MB / 124MB
2025-07-08T03:23:54.745Z INFO  - 58896922d4dd Downloading 26MB / 120MB
2025-07-08T03:23:54.867Z INFO  - 58896922d4dd Downloading 27MB / 120MB
2025-07-08T03:23:54.917Z INFO  - dd71dde834b5 Downloading 28MB / 38MB
2025-07-08T03:23:54.938Z INFO  - 58896922d4dd Downloading 29MB / 120MB
2025-07-08T03:23:55.087Z INFO  - dd71dde834b5 Downloading 30MB / 38MB
2025-07-08T03:23:55.159Z INFO  - a97ad9ff2c22 Downloading 30MB / 124MB
2025-07-08T03:23:55.228Z INFO  - dd71dde834b5 Downloading 31MB / 38MB
2025-07-08T03:23:55.228Z INFO  - 58896922d4dd Downloading 31MB / 120MB
2025-07-08T03:23:55.358Z INFO  - dd71dde834b5 Downloading 32MB / 38MB
2025-07-08T03:23:55.500Z INFO  - dd71dde834b5 Downloading 33MB / 38MB
2025-07-08T03:23:55.500Z INFO  - a97ad9ff2c22 Downloading 33MB / 124MB
2025-07-08T03:23:55.500Z INFO  - 58896922d4dd Downloading 34MB / 120MB
2025-07-08T03:23:55.702Z INFO  - a97ad9ff2c22 Downloading 35MB / 124MB
2025-07-08T03:23:55.861Z INFO  - 58896922d4dd Downloading 36MB / 120MB
2025-07-08T03:23:55.861Z INFO  - a97ad9ff2c22 Downloading 37MB / 124MB
2025-07-08T03:23:56.223Z INFO  - a97ad9ff2c22 Downloading 37MB / 124MB
2025-07-08T03:23:56.224Z INFO  - a97ad9ff2c22 Downloading 38MB / 124MB
2025-07-08T03:23:56.224Z INFO  - dd71dde834b5 Downloading 35MB / 38MB
2025-07-08T03:23:56.394Z INFO  - dd71dde834b5 Downloading 37MB / 38MB
2025-07-08T03:23:56.515Z INFO  - a97ad9ff2c22 Downloading 40MB / 124MB
2025-07-08T03:23:56.545Z INFO  - dd71dde834b5 Verifying Checksum
2025-07-08T03:23:56.545Z INFO  - dd71dde834b5 Download complete
2025-07-08T03:23:56.606Z INFO  - 58896922d4dd Downloading 40MB / 120MB
2025-07-08T03:23:56.666Z INFO  - a97ad9ff2c22 Downloading 42MB / 124MB
2025-07-08T03:23:56.938Z INFO  - 58896922d4dd Downloading 43MB / 120MB
2025-07-08T03:23:57.120Z INFO  - a97ad9ff2c22 Downloading 44MB / 124MB
2025-07-08T03:23:57.349Z INFO  - 58896922d4dd Downloading 43MB / 120MB
2025-07-08T03:23:57.755Z INFO  - dd71dde834b5 Extracting 2MB / 38MB
2025-07-08T03:23:57.964Z INFO  - dd71dde834b5 Extracting 3MB / 38MB
2025-07-08T03:23:58.166Z INFO  - 58896922d4dd Downloading 45MB / 120MB
2025-07-08T03:23:58.376Z INFO  - dd71dde834b5 Extracting 4MB / 38MB
2025-07-08T03:23:58.519Z INFO  - a97ad9ff2c22 Downloading 48MB / 124MB
2025-07-08T03:23:58.547Z INFO  - 58896922d4dd Downloading 46MB / 120MB
2025-07-08T03:23:58.749Z INFO  - a97ad9ff2c22 Downloading 50MB / 124MB
2025-07-08T03:23:58.899Z INFO  - a97ad9ff2c22 Downloading 50MB / 124MB
2025-07-08T03:23:58.969Z INFO  - 58896922d4dd Downloading 48MB / 120MB
2025-07-08T03:23:59.130Z INFO  - dd71dde834b5 Extracting 4MB / 38MB
2025-07-08T03:23:59.241Z INFO  - a97ad9ff2c22 Downloading 53MB / 124MB
2025-07-08T03:23:59.261Z INFO  - 58896922d4dd Downloading 50MB / 120MB
2025-07-08T03:23:59.414Z INFO  - a97ad9ff2c22 Downloading 54MB / 124MB
2025-07-08T03:23:59.544Z INFO  - a97ad9ff2c22 Downloading 55MB / 124MB
2025-07-08T03:23:59.545Z INFO  - 58896922d4dd Downloading 51MB / 120MB
2025-07-08T03:23:59.757Z INFO  - 58896922d4dd Downloading 53MB / 120MB
2025-07-08T03:23:59.999Z INFO  - 58896922d4dd Downloading 53MB / 120MB
2025-07-08T03:24:00.029Z INFO  - dd71dde834b5 Extracting 5MB / 38MB
2025-07-08T03:24:00.169Z INFO  - a97ad9ff2c22 Downloading 57MB / 124MB
2025-07-08T03:24:00.279Z INFO  - dd71dde834b5 Extracting 6MB / 38MB
2025-07-08T03:24:00.359Z INFO  - a97ad9ff2c22 Downloading 58MB / 124MB
2025-07-08T03:24:00.660Z INFO  - 58896922d4dd Downloading 55MB / 120MB
2025-07-08T03:24:00.853Z INFO  - a97ad9ff2c22 Downloading 60MB / 124MB
2025-07-08T03:24:00.923Z INFO  - dd71dde834b5 Extracting 10MB / 38MB
2025-07-08T03:24:01.055Z INFO  - 58896922d4dd Downloading 58MB / 120MB
2025-07-08T03:24:01.195Z INFO  - 58896922d4dd Downloading 58MB / 120MB
2025-07-08T03:24:01.386Z INFO  - a97ad9ff2c22 Downloading 62MB / 124MB
2025-07-08T03:24:01.567Z INFO  - dd71dde834b5 Extracting 13MB / 38MB
2025-07-08T03:24:02.001Z INFO  - a97ad9ff2c22 Downloading 64MB / 124MB
2025-07-08T03:24:02.002Z INFO  - dd71dde834b5 Extracting 14MB / 38MB
2025-07-08T03:24:02.200Z INFO  - a97ad9ff2c22 Downloading 65MB / 124MB
2025-07-08T03:24:02.335Z INFO  - dd71dde834b5 Extracting 15MB / 38MB
2025-07-08T03:24:02.874Z INFO  - 58896922d4dd Downloading 63MB / 120MB
2025-07-08T03:24:02.874Z INFO  - dd71dde834b5 Extracting 16MB / 38MB
2025-07-08T03:24:03.177Z INFO  - a97ad9ff2c22 Downloading 67MB / 124MB
2025-07-08T03:24:03.326Z INFO  - a97ad9ff2c22 Downloading 67MB / 124MB
2025-07-08T03:24:03.328Z INFO  - dd71dde834b5 Extracting 17MB / 38MB
2025-07-08T03:24:03.870Z INFO  - 58896922d4dd Downloading 64MB / 120MB
2025-07-08T03:24:04.202Z INFO  - a97ad9ff2c22 Downloading 69MB / 124MB
2025-07-08T03:24:04.515Z INFO  - dd71dde834b5 Extracting 17MB / 38MB
2025-07-08T03:24:04.947Z INFO  - a97ad9ff2c22 Downloading 70MB / 124MB
2025-07-08T03:24:04.967Z INFO  - dd71dde834b5 Extracting 18MB / 38MB
2025-07-08T03:24:05.279Z INFO  - dd71dde834b5 Extracting 19MB / 38MB
2025-07-08T03:24:05.297Z INFO  - 58896922d4dd Downloading 67MB / 120MB
2025-07-08T03:24:05.297Z INFO  - 58896922d4dd Downloading 67MB / 120MB
2025-07-08T03:24:05.408Z INFO  - a97ad9ff2c22 Downloading 71MB / 124MB
2025-07-08T03:24:05.458Z INFO  - a97ad9ff2c22 Downloading 72MB / 124MB
2025-07-08T03:24:05.679Z INFO  - 58896922d4dd Downloading 70MB / 120MB
2025-07-08T03:24:05.680Z INFO  - dd71dde834b5 Extracting 19MB / 38MB
2025-07-08T03:24:05.870Z INFO  - a97ad9ff2c22 Downloading 74MB / 124MB
2025-07-08T03:24:06.193Z INFO  - 58896922d4dd Downloading 72MB / 120MB
2025-07-08T03:24:06.666Z INFO  - dd71dde834b5 Extracting 22MB / 38MB
2025-07-08T03:24:06.775Z INFO  - dd71dde834b5 Extracting 23MB / 38MB
2025-07-08T03:24:06.926Z INFO  - a97ad9ff2c22 Downloading 77MB / 124MB
2025-07-08T03:24:07.150Z INFO  - 58896922d4dd Downloading 77MB / 120MB
2025-07-08T03:24:07.369Z INFO  - a97ad9ff2c22 Downloading 79MB / 124MB
2025-07-08T03:24:07.711Z INFO  - 58896922d4dd Downloading 79MB / 120MB
2025-07-08T03:24:07.711Z INFO  - dd71dde834b5 Extracting 27MB / 38MB
2025-07-08T03:24:07.803Z INFO  - dd71dde834b5 Extracting 28MB / 38MB
2025-07-08T03:24:07.904Z INFO  - dd71dde834b5 Extracting 29MB / 38MB
2025-07-08T03:24:08.074Z INFO  - dd71dde834b5 Extracting 30MB / 38MB
2025-07-08T03:24:08.204Z INFO  - 58896922d4dd Downloading 81MB / 120MB
2025-07-08T03:24:08.204Z INFO  - dd71dde834b5 Extracting 30MB / 38MB
2025-07-08T03:24:08.536Z INFO  - a97ad9ff2c22 Downloading 84MB / 124MB
2025-07-08T03:24:09.009Z INFO  - 58896922d4dd Downloading 84MB / 120MB
2025-07-08T03:24:09.200Z INFO  - a97ad9ff2c22 Downloading 90MB / 124MB
2025-07-08T03:24:09.371Z INFO  - a97ad9ff2c22 Downloading 92MB / 124MB
2025-07-08T03:24:09.420Z INFO  - 58896922d4dd Downloading 89MB / 120MB
2025-07-08T03:24:09.513Z INFO  - 58896922d4dd Downloading 91MB / 120MB
2025-07-08T03:24:09.530Z INFO  - dd71dde834b5 Extracting 35MB / 38MB
2025-07-08T03:24:09.553Z INFO  - a97ad9ff2c22 Downloading 94MB / 124MB
2025-07-08T03:24:09.752Z INFO  - a97ad9ff2c22 Downloading 95MB / 124MB
2025-07-08T03:24:09.822Z INFO  - 58896922d4dd Downloading 94MB / 120MB
2025-07-08T03:24:09.995Z INFO  - a97ad9ff2c22 Downloading 97MB / 124MB
2025-07-08T03:24:10.245Z INFO  - 58896922d4dd Downloading 96MB / 120MB
2025-07-08T03:24:10.297Z INFO  - dd71dde834b5 Extracting 36MB / 38MB
2025-07-08T03:24:10.428Z INFO  - 58896922d4dd Downloading 98MB / 120MB
2025-07-08T03:24:10.566Z INFO  - a97ad9ff2c22 Downloading 102MB / 124MB
2025-07-08T03:24:10.808Z INFO  - 58896922d4dd Downloading 101MB / 120MB
2025-07-08T03:24:10.849Z INFO  - a97ad9ff2c22 Downloading 104MB / 124MB
2025-07-08T03:24:11.192Z INFO  - 58896922d4dd Downloading 103MB / 120MB
2025-07-08T03:24:11.312Z INFO  - a97ad9ff2c22 Downloading 106MB / 124MB
2025-07-08T03:24:11.342Z INFO  - 58896922d4dd Downloading 103MB / 120MB
2025-07-08T03:24:11.484Z INFO  - a97ad9ff2c22 Downloading 107MB / 124MB
2025-07-08T03:24:11.565Z INFO  - 58896922d4dd Downloading 108MB / 120MB
2025-07-08T03:24:11.673Z INFO  - a97ad9ff2c22 Downloading 109MB / 124MB
2025-07-08T03:24:11.736Z INFO  - a97ad9ff2c22 Downloading 111MB / 124MB
2025-07-08T03:24:11.945Z INFO  - dd71dde834b5 Extracting 36MB / 38MB
2025-07-08T03:24:11.975Z INFO  - 58896922d4dd Downloading 111MB / 120MB
2025-07-08T03:24:12.035Z INFO  - a97ad9ff2c22 Downloading 114MB / 124MB
2025-07-08T03:24:12.047Z INFO  - 58896922d4dd Downloading 113MB / 120MB
2025-07-08T03:24:12.639Z INFO  - a97ad9ff2c22 Downloading 122MB / 124MB
2025-07-08T03:24:12.639Z INFO  - 58896922d4dd Verifying Checksum
2025-07-08T03:24:12.640Z INFO  - 58896922d4dd Download complete
2025-07-08T03:24:13.032Z INFO  - a97ad9ff2c22 Verifying Checksum
2025-07-08T03:24:13.033Z INFO  - a97ad9ff2c22 Download complete
2025-07-08T03:24:13.055Z INFO  - dd71dde834b5 Extracting 38MB / 38MB
2025-07-08T03:24:13.126Z INFO  - dd71dde834b5 Pull complete
2025-07-08T03:24:13.131Z INFO  - 1e5a4c89cee5 Extracting 32KB / 1MB
2025-07-08T03:24:13.233Z INFO  - 1e5a4c89cee5 Extracting 544KB / 1MB
2025-07-08T03:24:13.343Z INFO  - 1e5a4c89cee5 Extracting 1MB / 1MB
2025-07-08T03:24:13.353Z INFO  - 1e5a4c89cee5 Pull complete
2025-07-08T03:24:13.359Z INFO  - 25ff2da83641 Extracting 446B / 446B
2025-07-08T03:24:13.366Z INFO  - 25ff2da83641 Extracting 446B / 446B
2025-07-08T03:24:13.375Z INFO  - 25ff2da83641 Pull complete
2025-07-08T03:24:13.949Z INFO  - ac2ca5948d43 Extracting 3MB / 18MB
2025-07-08T03:24:14.190Z INFO  - ac2ca5948d43 Extracting 5MB / 18MB
2025-07-08T03:24:14.550Z INFO  - ac2ca5948d43 Extracting 7MB / 18MB
2025-07-08T03:24:14.961Z INFO  - ac2ca5948d43 Extracting 10MB / 18MB
2025-07-08T03:24:15.004Z INFO  - ac2ca5948d43 Extracting 12MB / 18MB
2025-07-08T03:24:15.385Z INFO  - ac2ca5948d43 Extracting 13MB / 18MB
2025-07-08T03:24:16.503Z INFO  - ac2ca5948d43 Extracting 17MB / 18MB
2025-07-08T03:24:16.553Z INFO  - ac2ca5948d43 Extracting 18MB / 18MB
2025-07-08T03:24:16.575Z INFO  - ac2ca5948d43 Pull complete
2025-07-08T03:24:16.576Z INFO  - 7765d40eb400 Extracting 92B / 92B
2025-07-08T03:24:16.583Z INFO  - 7765d40eb400 Extracting 92B / 92B
2025-07-08T03:24:16.593Z INFO  - 7765d40eb400 Pull complete
2025-07-08T03:24:16.597Z INFO  - d1e636a18730 Extracting 462B / 462B
2025-07-08T03:24:16.606Z INFO  - d1e636a18730 Extracting 462B / 462B
2025-07-08T03:24:16.644Z INFO  - d1e636a18730 Pull complete
2025-07-08T03:24:16.648Z INFO  - 9d24bbb78b51 Extracting 980B / 980B
2025-07-08T03:24:16.656Z INFO  - 9d24bbb78b51 Extracting 980B / 980B
2025-07-08T03:24:16.665Z INFO  - 9d24bbb78b51 Pull complete
2025-07-08T03:24:16.697Z INFO  - 5e1cc80b2230 Extracting 59KB / 59KB
2025-07-08T03:24:16.725Z INFO  - 5e1cc80b2230 Pull complete
2025-07-08T03:24:17.360Z INFO  - a97ad9ff2c22 Extracting 544KB / 124MB
2025-07-08T03:24:18.065Z INFO  - a97ad9ff2c22 Extracting 1MB / 124MB
2025-07-08T03:24:21.404Z INFO  - a97ad9ff2c22 Extracting 5MB / 124MB
2025-07-08T03:24:22.307Z INFO  - a97ad9ff2c22 Extracting 8MB / 124MB
2025-07-08T03:24:22.631Z INFO  - a97ad9ff2c22 Extracting 10MB / 124MB
2025-07-08T03:24:22.659Z INFO  - a97ad9ff2c22 Extracting 12MB / 124MB
2025-07-08T03:24:23.355Z INFO  - a97ad9ff2c22 Extracting 15MB / 124MB
2025-07-08T03:24:23.655Z INFO  - a97ad9ff2c22 Extracting 17MB / 124MB
2025-07-08T03:24:24.783Z INFO  - a97ad9ff2c22 Extracting 26MB / 124MB
2025-07-08T03:24:24.872Z INFO  - a97ad9ff2c22 Extracting 28MB / 124MB
2025-07-08T03:24:25.465Z INFO  - a97ad9ff2c22 Extracting 30MB / 124MB
2025-07-08T03:24:25.496Z INFO  - a97ad9ff2c22 Extracting 32MB / 124MB
2025-07-08T03:24:25.617Z INFO  - a97ad9ff2c22 Extracting 32MB / 124MB
2025-07-08T03:24:25.909Z INFO  - a97ad9ff2c22 Extracting 33MB / 124MB
2025-07-08T03:24:26.915Z INFO  - a97ad9ff2c22 Extracting 37MB / 124MB
2025-07-08T03:24:27.046Z INFO  - a97ad9ff2c22 Extracting 38MB / 124MB
2025-07-08T03:24:27.488Z INFO  - a97ad9ff2c22 Extracting 39MB / 124MB
2025-07-08T03:24:28.050Z INFO  - a97ad9ff2c22 Extracting 40MB / 124MB
2025-07-08T03:24:28.725Z INFO  - a97ad9ff2c22 Extracting 43MB / 124MB
2025-07-08T03:24:29.728Z INFO  - a97ad9ff2c22 Extracting 48MB / 124MB
2025-07-08T03:24:29.983Z INFO  - a97ad9ff2c22 Extracting 49MB / 124MB
2025-07-08T03:24:30.442Z INFO  - a97ad9ff2c22 Extracting 55MB / 124MB
2025-07-08T03:24:30.926Z INFO  - a97ad9ff2c22 Extracting 57MB / 124MB
2025-07-08T03:24:31.379Z INFO  - a97ad9ff2c22 Extracting 60MB / 124MB
2025-07-08T03:24:31.431Z INFO  - a97ad9ff2c22 Extracting 62MB / 124MB
2025-07-08T03:24:32.192Z INFO  - a97ad9ff2c22 Extracting 65MB / 124MB
2025-07-08T03:24:32.587Z INFO  - a97ad9ff2c22 Extracting 68MB / 124MB
2025-07-08T03:24:32.777Z INFO  - a97ad9ff2c22 Extracting 69MB / 124MB
2025-07-08T03:24:32.867Z INFO  - a97ad9ff2c22 Extracting 70MB / 124MB
2025-07-08T03:24:33.935Z INFO  - a97ad9ff2c22 Extracting 75MB / 124MB
2025-07-08T03:24:34.195Z INFO  - a97ad9ff2c22 Extracting 77MB / 124MB
2025-07-08T03:24:34.427Z INFO  - a97ad9ff2c22 Extracting 79MB / 124MB
2025-07-08T03:24:34.738Z INFO  - a97ad9ff2c22 Extracting 82MB / 124MB
2025-07-08T03:24:35.000Z INFO  - a97ad9ff2c22 Extracting 82MB / 124MB
2025-07-08T03:24:35.473Z INFO  - a97ad9ff2c22 Extracting 85MB / 124MB
2025-07-08T03:24:36.248Z INFO  - a97ad9ff2c22 Extracting 90MB / 124MB
2025-07-08T03:24:36.268Z INFO  - a97ad9ff2c22 Extracting 91MB / 124MB
2025-07-08T03:24:36.559Z INFO  - a97ad9ff2c22 Extracting 92MB / 124MB
2025-07-08T03:24:37.262Z INFO  - a97ad9ff2c22 Extracting 94MB / 124MB
2025-07-08T03:24:37.779Z INFO  - a97ad9ff2c22 Extracting 95MB / 124MB
2025-07-08T03:24:39.900Z INFO  - a97ad9ff2c22 Extracting 97MB / 124MB
2025-07-08T03:24:40.251Z INFO  - a97ad9ff2c22 Extracting 99MB / 124MB
2025-07-08T03:24:40.923Z INFO  - a97ad9ff2c22 Extracting 102MB / 124MB
2025-07-08T03:24:41.276Z INFO  - a97ad9ff2c22 Extracting 104MB / 124MB
2025-07-08T03:24:41.729Z INFO  - a97ad9ff2c22 Extracting 106MB / 124MB
2025-07-08T03:24:41.830Z INFO  - a97ad9ff2c22 Extracting 107MB / 124MB
2025-07-08T03:24:42.382Z INFO  - a97ad9ff2c22 Extracting 109MB / 124MB
2025-07-08T03:24:42.478Z INFO  - a97ad9ff2c22 Extracting 109MB / 124MB
2025-07-08T03:24:43.171Z INFO  - a97ad9ff2c22 Extracting 112MB / 124MB
2025-07-08T03:24:43.563Z INFO  - a97ad9ff2c22 Extracting 112MB / 124MB
2025-07-08T03:24:45.293Z INFO  - a97ad9ff2c22 Extracting 114MB / 124MB
2025-07-08T03:24:45.414Z INFO  - a97ad9ff2c22 Extracting 114MB / 124MB
2025-07-08T03:24:46.681Z INFO  - a97ad9ff2c22 Extracting 116MB / 124MB
2025-07-08T03:24:47.566Z INFO  - a97ad9ff2c22 Extracting 117MB / 124MB
2025-07-08T03:24:48.189Z INFO  - a97ad9ff2c22 Extracting 120MB / 124MB
2025-07-08T03:24:48.442Z INFO  - a97ad9ff2c22 Extracting 122MB / 124MB
2025-07-08T03:24:48.553Z INFO  - a97ad9ff2c22 Extracting 122MB / 124MB
2025-07-08T03:24:49.124Z INFO  - a97ad9ff2c22 Extracting 124MB / 124MB
2025-07-08T03:24:49.638Z INFO  - a97ad9ff2c22 Pull complete
2025-07-08T03:24:49.649Z INFO  - 89155f6ad957 Extracting 2KB / 2KB
2025-07-08T03:24:49.667Z INFO  - 89155f6ad957 Extracting 2KB / 2KB
2025-07-08T03:24:49.676Z INFO  - 89155f6ad957 Pull complete
2025-07-08T03:24:50.230Z INFO  - ba191d9ae196 Extracting 2MB / 11MB
2025-07-08T03:24:50.925Z INFO  - ba191d9ae196 Extracting 7MB / 11MB
2025-07-08T03:24:51.428Z INFO  - ba191d9ae196 Extracting 8MB / 11MB
2025-07-08T03:24:52.344Z INFO  - ba191d9ae196 Extracting 11MB / 11MB
2025-07-08T03:24:52.404Z INFO  - ba191d9ae196 Extracting 11MB / 11MB
2025-07-08T03:24:52.546Z INFO  - ba191d9ae196 Pull complete
2025-07-08T03:24:52.591Z INFO  - b1e65257a889 Extracting 211KB / 211KB
2025-07-08T03:24:52.649Z INFO  - b1e65257a889 Pull complete
2025-07-08T03:24:52.653Z INFO  - fcca7ea0b85e Extracting 157B / 157B
2025-07-08T03:24:52.661Z INFO  - fcca7ea0b85e Extracting 157B / 157B
2025-07-08T03:24:52.672Z INFO  - fcca7ea0b85e Pull complete
2025-07-08T03:24:52.675Z INFO  - 058154288584 Extracting 448B / 448B
2025-07-08T03:24:52.692Z INFO  - 058154288584 Extracting 448B / 448B
2025-07-08T03:24:52.714Z INFO  - 058154288584 Pull complete
2025-07-08T03:24:52.717Z INFO  - 7b739878a00e Extracting 570B / 570B
2025-07-08T03:24:52.723Z INFO  - 7b739878a00e Extracting 570B / 570B
2025-07-08T03:24:52.733Z INFO  - 7b739878a00e Pull complete
2025-07-08T03:24:52.736Z INFO  - 4f4fb700ef54 Extracting 32B / 32B
2025-07-08T03:24:52.742Z INFO  - 4f4fb700ef54 Extracting 32B / 32B
2025-07-08T03:24:52.780Z INFO  - 4f4fb700ef54 Pull complete
2025-07-08T03:24:53.275Z INFO  - 58896922d4dd Extracting 544KB / 120MB
2025-07-08T03:24:53.767Z INFO  - 58896922d4dd Extracting 1MB / 120MB
2025-07-08T03:24:56.776Z INFO  - 58896922d4dd Extracting 2MB / 120MB
2025-07-08T03:24:57.468Z INFO  - 58896922d4dd Extracting 7MB / 120MB
2025-07-08T03:24:57.893Z INFO  - 58896922d4dd Extracting 10MB / 120MB
2025-07-08T03:24:58.293Z INFO  - 58896922d4dd Extracting 12MB / 120MB
2025-07-08T03:24:58.877Z INFO  - 58896922d4dd Extracting 17MB / 120MB
2025-07-08T03:24:59.129Z INFO  - 58896922d4dd Extracting 19MB / 120MB
2025-07-08T03:24:59.372Z INFO  - 58896922d4dd Extracting 21MB / 120MB
2025-07-08T03:24:59.743Z INFO  - 58896922d4dd Extracting 24MB / 120MB
2025-07-08T03:25:00.004Z INFO  - 58896922d4dd Extracting 26MB / 120MB
2025-07-08T03:25:00.495Z INFO  - 58896922d4dd Extracting 29MB / 120MB
2025-07-08T03:25:01.149Z INFO  - 58896922d4dd Extracting 31MB / 120MB
2025-07-08T03:25:01.362Z INFO  - 58896922d4dd Extracting 34MB / 120MB
2025-07-08T03:25:02.225Z INFO  - 58896922d4dd Extracting 37MB / 120MB
2025-07-08T03:25:02.660Z INFO  - 58896922d4dd Extracting 39MB / 120MB
2025-07-08T03:25:03.270Z INFO  - 58896922d4dd Extracting 41MB / 120MB
2025-07-08T03:25:04.219Z INFO  - 58896922d4dd Extracting 46MB / 120MB
2025-07-08T03:25:05.173Z INFO  - 58896922d4dd Extracting 48MB / 120MB
2025-07-08T03:25:05.173Z INFO  - 58896922d4dd Extracting 50MB / 120MB
2025-07-08T03:25:05.173Z INFO  - 58896922d4dd Extracting 51MB / 120MB
2025-07-08T03:25:05.675Z INFO  - 58896922d4dd Extracting 53MB / 120MB
2025-07-08T03:25:05.675Z INFO  - 58896922d4dd Extracting 55MB / 120MB
2025-07-08T03:25:05.675Z INFO  - 58896922d4dd Extracting 56MB / 120MB
2025-07-08T03:25:06.007Z INFO  - 58896922d4dd Extracting 57MB / 120MB
2025-07-08T03:25:06.248Z INFO  - 58896922d4dd Extracting 60MB / 120MB
2025-07-08T03:25:07.465Z INFO  - 58896922d4dd Extracting 70MB / 120MB
2025-07-08T03:25:07.809Z INFO  - 58896922d4dd Extracting 72MB / 120MB
2025-07-08T03:25:09.207Z INFO  - 58896922d4dd Extracting 82MB / 120MB
2025-07-08T03:25:10.362Z INFO  - 58896922d4dd Extracting 91MB / 120MB
2025-07-08T03:25:11.319Z INFO  - 58896922d4dd Extracting 94MB / 120MB
2025-07-08T03:25:12.508Z INFO  - 58896922d4dd Extracting 96MB / 120MB
2025-07-08T03:25:13.008Z INFO  - 58896922d4dd Extracting 96MB / 120MB
2025-07-08T03:25:13.100Z INFO  - 58896922d4dd Extracting 97MB / 120MB
2025-07-08T03:25:13.853Z INFO  - 58896922d4dd Extracting 99MB / 120MB
2025-07-08T03:25:14.237Z INFO  - 58896922d4dd Extracting 101MB / 120MB
2025-07-08T03:25:14.961Z INFO  - 58896922d4dd Extracting 106MB / 120MB
2025-07-08T03:25:15.826Z INFO  - 58896922d4dd Extracting 108MB / 120MB
2025-07-08T03:25:16.156Z INFO  - 58896922d4dd Extracting 108MB / 120MB
2025-07-08T03:25:17.192Z INFO  - 58896922d4dd Extracting 110MB / 120MB
2025-07-08T03:25:18.914Z INFO  - 58896922d4dd Extracting 113MB / 120MB
2025-07-08T03:25:20.420Z INFO  - 58896922d4dd Extracting 116MB / 120MB
2025-07-08T03:25:20.420Z INFO  - 58896922d4dd Extracting 118MB / 120MB
2025-07-08T03:25:20.743Z INFO  - 58896922d4dd Extracting 120MB / 120MB
2025-07-08T03:25:21.088Z INFO  - 58896922d4dd Pull complete
2025-07-08T03:25:21.188Z INFO  -  Digest: sha256:3a925ba311bb69e4fa268ad481479761d3467d3658dffae516965beaaedb6d04
2025-07-08T03:25:21.196Z INFO  -  Status: Downloaded newer image for ayumu277/chatbot-app:latest
2025-07-08T03:25:21.321Z INFO  - Pull Image successful, Time taken: 95 Seconds
2025-07-08T03:25:24.540Z INFO  - Starting container for site
2025-07-08T03:25:24.540Z INFO  - docker run -d --expose=8080 --name chatbot-app-container_0_c28270ad -e WEBSITE_USE_DIAGNOSTIC_SERVER=false -e PORT=8080 -e WEBSITES_ENABLE_APP_SERVICE_STORAGE=false -e WEBSITES_PORT=8080 -e DOCKER_CUSTOM_IMAGE_NAME=DOCKER|ghcr.io/johnpolison/chatbot-app:latest -e WEBSITE_SITE_NAME=chatbot-app-container -e WEBSITE_AUTH_ENABLED=False -e WEBSITE_ROLE_INSTANCE_ID=0 -e WEBSITE_HOSTNAME=chatbot-app-container-fse7g9cnf8hfgpej.japaneast-01.azurewebsites.net -e WEBSITE_INSTANCE_ID=644818c0f7c6fe162cbfe986d6c3c34895ec19cbc74b8c6af9740bc1790bb1fe -e HTTP_LOGGING_ENABLED=1 docker.io/ayumu277/chatbot-app:latest REDACTED
2025-07-08T03:25:27.419Z INFO  - Initiating warmup request to container chatbot-app-container_0_c28270ad for site chatbot-app-container
2025-07-08T03:25:44.641Z INFO  - Waiting for response to warmup request for container chatbot-app-container_0_c28270ad. Elapsed time = 17.2627951 sec
2025-07-08T03:25:57.630Z ERROR - Container chatbot-app-container_0_c28270ad for site chatbot-app-container has exited, failing site start
2025-07-08T03:25:57.657Z ERROR - Container chatbot-app-container_0_c28270ad didn't respond to HTTP pings on port: 8080. Failing site start. See container logs for debugging.
2025-07-08T03:25:57.773Z INFO  - Stopping site chatbot-app-container because it failed during startup.
2025-07-08T03:26:12.796Z INFO  - Pulling image: docker.io/ayumu277/chatbot-app:latest
2025-07-08T03:26:14.637Z INFO  - latest Pulling from ayumu277/chatbot-app
2025-07-08T03:26:14.777Z INFO  -  Digest: sha256:3a925ba311bb69e4fa268ad481479761d3467d3658dffae516965beaaedb6d04
2025-07-08T03:26:14.778Z INFO  -  Status: Image is up to date for ayumu277/chatbot-app:latest
2025-07-08T03:26:14.809Z INFO  - Pull Image successful, Time taken: 1 Seconds
2025-07-08T03:26:14.869Z INFO  - Starting container for site
2025-07-08T03:26:14.876Z INFO  - docker run -d --expose=8080 --name chatbot-app-container_0_b638a779 -e WEBSITE_USE_DIAGNOSTIC_SERVER=false -e PORT=8080 -e WEBSITES_ENABLE_APP_SERVICE_STORAGE=false -e WEBSITES_PORT=8080 -e DOCKER_CUSTOM_IMAGE_NAME=DOCKER|ghcr.io/johnpolison/chatbot-app:latest -e WEBSITE_SITE_NAME=chatbot-app-container -e WEBSITE_AUTH_ENABLED=False -e WEBSITE_ROLE_INSTANCE_ID=0 -e WEBSITE_HOSTNAME=chatbot-app-container-fse7g9cnf8hfgpej.japaneast-01.azurewebsites.net -e WEBSITE_INSTANCE_ID=644818c0f7c6fe162cbfe986d6c3c34895ec19cbc74b8c6af9740bc1790bb1fe -e HTTP_LOGGING_ENABLED=1 docker.io/ayumu277/chatbot-app:latest REDACTED
2025-07-08T03:26:16.879Z INFO  - Initiating warmup request to container chatbot-app-container_0_b638a779 for site chatbot-app-container
2025-07-08T03:26:33.005Z INFO  - Waiting for response to warmup request for container chatbot-app-container_0_b638a779. Elapsed time = 16.125744 sec
2025-07-08T03:26:38.282Z ERROR - Container chatbot-app-container_0_b638a779 for site chatbot-app-container has exited, failing site start
2025-07-08T03:26:38.292Z ERROR - Container chatbot-app-container_0_b638a779 didn't respond to HTTP pings on port: 8080. Failing site start. See container logs for debugging.
2025-07-08T03:26:38.296Z INFO  - Stopping site chatbot-app-container because it failed during startup.
2025-07-08T03:26:49.382Z INFO  - Pulling image: docker.io/ayumu277/chatbot-app:latest
2025-07-08T03:26:51.133Z INFO  - latest Pulling from ayumu277/chatbot-app
2025-07-08T03:26:51.167Z INFO  -  Digest: sha256:3a925ba311bb69e4fa268ad481479761d3467d3658dffae516965beaaedb6d04
2025-07-08T03:26:51.169Z INFO  -  Status: Image is up to date for ayumu277/chatbot-app:latest
2025-07-08T03:26:51.177Z INFO  - Pull Image successful, Time taken: 1 Seconds
2025-07-08T03:26:53.135Z INFO  - Starting container for site
2025-07-08T03:26:53.136Z INFO  - docker run -d --expose=8080 --name chatbot-app-container_0_de5b0919 -e WEBSITE_USE_DIAGNOSTIC_SERVER=false -e PORT=8080 -e WEBSITES_ENABLE_APP_SERVICE_STORAGE=false -e WEBSITES_PORT=8080 -e DOCKER_CUSTOM_IMAGE_NAME=DOCKER|ghcr.io/johnpolison/chatbot-app:latest -e WEBSITE_SITE_NAME=chatbot-app-container -e WEBSITE_AUTH_ENABLED=False -e WEBSITE_ROLE_INSTANCE_ID=0 -e WEBSITE_HOSTNAME=chatbot-app-container-fse7g9cnf8hfgpej.japaneast-01.azurewebsites.net -e WEBSITE_INSTANCE_ID=644818c0f7c6fe162cbfe986d6c3c34895ec19cbc74b8c6af9740bc1790bb1fe -e HTTP_LOGGING_ENABLED=1 docker.io/ayumu277/chatbot-app:latest REDACTED
2025-07-08T03:26:54.814Z INFO  - Initiating warmup request to container chatbot-app-container_0_de5b0919 for site chatbot-app-container
2025-07-08T03:27:11.268Z INFO  - Waiting for response to warmup request for container chatbot-app-container_0_de5b0919. Elapsed time = 16.4540288 sec
2025-07-08T03:27:28.277Z INFO  - Waiting for response to warmup request for container chatbot-app-container_0_de5b0919. Elapsed time = 33.463105 sec
2025-07-08T03:27:28.309Z ERROR - Container chatbot-app-container_0_de5b0919 for site chatbot-app-container has exited, failing site start
2025-07-08T03:27:28.347Z ERROR - Container chatbot-app-container_0_de5b0919 didn't respond to HTTP pings on port: 8080. Failing site start. See container logs for debugging.
2025-07-08T03:27:28.349Z INFO  - Stopping site chatbot-app-container because it failed during startup.
2025-07-08T03:27:39.395Z INFO  - Pulling image: docker.io/ayumu277/chatbot-app:latest
2025-07-08T03:27:41.149Z INFO  - latest Pulling from ayumu277/chatbot-app
2025-07-08T03:27:41.272Z INFO  -  Digest: sha256:3a925ba311bb69e4fa268ad481479761d3467d3658dffae516965beaaedb6d04
2025-07-08T03:27:41.273Z INFO  -  Status: Image is up to date for ayumu277/chatbot-app:latest
2025-07-08T03:27:41.322Z INFO  - Pull Image successful, Time taken: 1 Seconds
2025-07-08T03:27:41.453Z INFO  - Starting container for site
2025-07-08T03:27:41.472Z INFO  - docker run -d --expose=8080 --name chatbot-app-container_0_57ca4c8f -e WEBSITE_USE_DIAGNOSTIC_SERVER=false -e PORT=8080 -e WEBSITES_ENABLE_APP_SERVICE_STORAGE=false -e WEBSITES_PORT=8080 -e DOCKER_CUSTOM_IMAGE_NAME=DOCKER|ghcr.io/johnpolison/chatbot-app:latest -e WEBSITE_SITE_NAME=chatbot-app-container -e WEBSITE_AUTH_ENABLED=False -e WEBSITE_ROLE_INSTANCE_ID=0 -e WEBSITE_HOSTNAME=chatbot-app-container-fse7g9cnf8hfgpej.japaneast-01.azurewebsites.net -e WEBSITE_INSTANCE_ID=644818c0f7c6fe162cbfe986d6c3c34895ec19cbc74b8c6af9740bc1790bb1fe -e HTTP_LOGGING_ENABLED=1 docker.io/ayumu277/chatbot-app:latest REDACTED
2025-07-08T03:27:43.758Z INFO  - Initiating warmup request to container chatbot-app-container_0_57ca4c8f for site chatbot-app-container
2025-07-08T03:27:59.806Z INFO  - Waiting for response to warmup request for container chatbot-app-container_0_57ca4c8f. Elapsed time = 16.0472954 sec
2025-07-08T03:28:10.285Z ERROR - Container chatbot-app-container_0_57ca4c8f for site chatbot-app-container has exited, failing site start
2025-07-08T03:28:10.297Z ERROR - Container chatbot-app-container_0_57ca4c8f didn't respond to HTTP pings on port: 8080. Failing site start. See container logs for debugging.
2025-07-08T03:28:10.335Z INFO  - Stopping site chatbot-app-container because it failed during startup.
2025-07-08T04:03:46.0663303Z Container start method called.
2025-07-08T04:03:46.0756737Z Establishing network.
2025-07-08T04:03:46.0841308Z Pulling image: docker.io/ayumu277/chatbot-app:latest.
2025-07-08T04:03:48.9545076Z Container is starting.
2025-07-08T04:03:48.9561790Z Establishing user namespace if not established already.
2025-07-08T04:03:48.9569033Z Establishing network if not established already.
2025-07-08T04:03:48.9641146Z Mounting volumes.
2025-07-08T04:03:48.9666147Z Nested mountpoint volatile/logs
2025-07-08T04:03:48.9757636Z Nested mountpoint 
2025-07-08T04:03:49.0855108Z Creating container.
2025-07-08T04:03:49.0870146Z Creating pipes for streaming container io.
2025-07-08T04:03:49.0945150Z Creating stdout named pipe at /podr/container/pipe/eaf627c5adb2_chatbot-app-container/stdout_34dc6ae1fd3c48bd90416f3f8ab45be5.
2025-07-08T04:03:49.1034363Z Successfully created stdout named pipe at: /podr/container/pipe/eaf627c5adb2_chatbot-app-container/stdout_34dc6ae1fd3c48bd90416f3f8ab45be5.
2025-07-08T04:03:49.1045803Z Opening named pipe /podr/container/pipe/eaf627c5adb2_chatbot-app-container/stdout_34dc6ae1fd3c48bd90416f3f8ab45be5 for reading in non-blocking mode.
2025-07-08T04:03:49.1066435Z Successfully opened named pipe: /podr/container/pipe/eaf627c5adb2_chatbot-app-container/stdout_34dc6ae1fd3c48bd90416f3f8ab45be5.
2025-07-08T04:03:49.1077059Z Successfully removed non-blocking flag from /podr/container/pipe/eaf627c5adb2_chatbot-app-container/stdout_34dc6ae1fd3c48bd90416f3f8ab45be5.
2025-07-08T04:03:49.1086873Z Creating stderr named pipe at /podr/container/pipe/eaf627c5adb2_chatbot-app-container/stderr_35053ac93b4d49148e7aeae57b051bc0.
2025-07-08T04:03:49.1162663Z Successfully created stderr named pipe at: /podr/container/pipe/eaf627c5adb2_chatbot-app-container/stderr_35053ac93b4d49148e7aeae57b051bc0.
2025-07-08T04:03:49.1166850Z Opening named pipe /podr/container/pipe/eaf627c5adb2_chatbot-app-container/stderr_35053ac93b4d49148e7aeae57b051bc0 for reading in non-blocking mode.
2025-07-08T04:03:49.1170853Z Successfully opened named pipe: /podr/container/pipe/eaf627c5adb2_chatbot-app-container/stderr_35053ac93b4d49148e7aeae57b051bc0.
2025-07-08T04:03:49.1176242Z Successfully removed non-blocking flag from /podr/container/pipe/eaf627c5adb2_chatbot-app-container/stderr_35053ac93b4d49148e7aeae57b051bc0.
2025-07-08T04:03:49.1256001Z Creating container with image: docker.io/ayumu277/chatbot-app:latest from registry: docker.io and fully qualified image name: docker.io/ayumu277/chatbot-app:latest
2025-07-08T04:03:50.0063073Z Starting container: eaf627c5adb2_chatbot-app-container.
2025-07-08T04:03:50.1159673Z Starting watchers and probes.
2025-07-08T04:03:50.1457251Z Starting metrics collection.
2025-07-08T04:03:50.1470876Z Container is running.
2025-07-08T04:03:50.3055406Z Container start method finished after 4238 ms.
2025-07-08T04:04:20.6003900Z Container has finished running with exit code: 1.
2025-07-08T04:04:20.6087103Z Container is terminating. Grace period: 5 seconds.
2025-07-08T04:04:20.6106014Z Stop and delete container. Retry count = 0
2025-07-08T04:04:20.6195044Z Stopping container: eaf627c5adb2_chatbot-app-container.
2025-07-08T04:04:20.7195722Z Deleting container: eaf627c5adb2_chatbot-app-container. Retry count = 0
2025-07-08T04:04:21.6445245Z Container spec TerminationMessagePolicy  path 
2025-07-08T04:04:21.6627565Z Container is terminated. Total time elapsed: 1053 ms.
2025-07-08T04:04:21.6637580Z Site container: chatbot-app-container terminated during site startup.
2025-07-08T04:04:21.6718512Z Site startup probe failed after 31.286271 seconds.
2025-07-08T04:04:21.7790321Z Failed to start site. Revert by stopping site.
2025-07-08T04:04:21.7854605Z Site: chatbot-app-container stopped.
2025-07-08T04:04:25.517Z INFO  - Pulling image: ayumu277/chatbot-app:latest
2025-07-08T04:04:27.680Z INFO  - latest Pulling from ayumu277/chatbot-app
2025-07-08T04:04:27.726Z INFO  -  Digest: sha256:3a925ba311bb69e4fa268ad481479761d3467d3658dffae516965beaaedb6d04
2025-07-08T04:04:27.727Z INFO  -  Status: Image is up to date for ayumu277/chatbot-app:latest
2025-07-08T04:04:27.744Z INFO  - Pull Image successful, Time taken: 2 Seconds
2025-07-08T04:04:27.855Z INFO  - Starting container for site
2025-07-08T04:04:27.856Z INFO  - docker run -d --expose=8080 --name chatbot-app-container_0_3709af32 -e WEBSITE_USE_DIAGNOSTIC_SERVER=false -e PORT=8080 -e WEBSITES_ENABLE_APP_SERVICE_STORAGE=false -e WEBSITES_PORT=8080 -e DOCKER_CUSTOM_IMAGE_NAME=DOCKER|ghcr.io/johnpolison/chatbot-app:latest -e WEBSITE_SITE_NAME=chatbot-app-container -e WEBSITE_AUTH_ENABLED=False -e WEBSITE_ROLE_INSTANCE_ID=0 -e WEBSITE_HOSTNAME=chatbot-app-container-fse7g9cnf8hfgpej.japaneast-01.azurewebsites.net -e WEBSITE_INSTANCE_ID=644818c0f7c6fe162cbfe986d6c3c34895ec19cbc74b8c6af9740bc1790bb1fe -e HTTP_LOGGING_ENABLED=1 ayumu277/chatbot-app:latest REDACTED
2025-07-08T04:04:31.426Z INFO  - Initiating warmup request to container chatbot-app-container_0_3709af32 for site chatbot-app-container
2025-07-08T04:04:47.828Z INFO  - Waiting for response to warmup request for container chatbot-app-container_0_3709af32. Elapsed time = 16.4021173 sec
2025-07-08T04:04:57.632Z ERROR - Container chatbot-app-container_0_3709af32 for site chatbot-app-container has exited, failing site start
2025-07-08T04:04:57.693Z ERROR - Container chatbot-app-container_0_3709af32 didn't respond to HTTP pings on port: 8080. Failing site start. See container logs for debugging.
2025-07-08T04:04:57.765Z INFO  - Stopping site chatbot-app-container because it failed during startup.
2025-07-08T10:17:17.7977060Z Container start method called.
2025-07-08T10:17:17.9286550Z Establishing network.
2025-07-08T10:17:17.9587676Z Pulling image: docker.io/ayumu277/chatbot-app:latest.
2025-07-08T10:17:21.0974559Z Container is starting.
2025-07-08T10:17:21.0990373Z Establishing user namespace if not established already.
2025-07-08T10:17:21.1038207Z Establishing network if not established already.
2025-07-08T10:17:21.1047099Z Mounting volumes.
2025-07-08T10:17:21.1188149Z Nested mountpoint volatile/logs
2025-07-08T10:17:21.1456680Z Nested mountpoint 
2025-07-08T10:17:21.1949767Z Creating container.
2025-07-08T10:17:21.2030539Z Creating pipes for streaming container io.
2025-07-08T10:17:21.2051368Z Creating stdout named pipe at /podr/container/pipe/b0851b85464d_chatbot-app-container/stdout_f98e70620a094682810648fa3adc15b8.
2025-07-08T10:17:21.2261170Z Successfully created stdout named pipe at: /podr/container/pipe/b0851b85464d_chatbot-app-container/stdout_f98e70620a094682810648fa3adc15b8.
2025-07-08T10:17:21.2353511Z Opening named pipe /podr/container/pipe/b0851b85464d_chatbot-app-container/stdout_f98e70620a094682810648fa3adc15b8 for reading in non-blocking mode.
2025-07-08T10:17:21.2366527Z Successfully opened named pipe: /podr/container/pipe/b0851b85464d_chatbot-app-container/stdout_f98e70620a094682810648fa3adc15b8.
2025-07-08T10:17:21.2456155Z Successfully removed non-blocking flag from /podr/container/pipe/b0851b85464d_chatbot-app-container/stdout_f98e70620a094682810648fa3adc15b8.
2025-07-08T10:17:21.2539959Z Creating stderr named pipe at /podr/container/pipe/b0851b85464d_chatbot-app-container/stderr_0cca088fd0d647058cb2ba81bbc0fa90.
2025-07-08T10:17:21.2557342Z Successfully created stderr named pipe at: /podr/container/pipe/b0851b85464d_chatbot-app-container/stderr_0cca088fd0d647058cb2ba81bbc0fa90.
2025-07-08T10:17:21.2640808Z Opening named pipe /podr/container/pipe/b0851b85464d_chatbot-app-container/stderr_0cca088fd0d647058cb2ba81bbc0fa90 for reading in non-blocking mode.
2025-07-08T10:17:21.2654805Z Successfully opened named pipe: /podr/container/pipe/b0851b85464d_chatbot-app-container/stderr_0cca088fd0d647058cb2ba81bbc0fa90.
2025-07-08T10:17:21.2667192Z Successfully removed non-blocking flag from /podr/container/pipe/b0851b85464d_chatbot-app-container/stderr_0cca088fd0d647058cb2ba81bbc0fa90.
2025-07-08T10:17:21.2771703Z Creating container with image: docker.io/ayumu277/chatbot-app:latest from registry: docker.io and fully qualified image name: docker.io/ayumu277/chatbot-app:latest
2025-07-08T10:17:21.9255007Z Starting container: b0851b85464d_chatbot-app-container.
2025-07-08T10:17:22.0293963Z Starting watchers and probes.
2025-07-08T10:17:22.0547658Z Starting metrics collection.
2025-07-08T10:17:22.0620699Z Container is running.
2025-07-08T10:17:22.2734718Z Container start method finished after 4367 ms.
2025-07-08T10:17:49.5419259Z Container has finished running with exit code: 1.
2025-07-08T10:17:49.5487645Z Container is terminating. Grace period: 5 seconds.
2025-07-08T10:17:49.5528121Z Stop and delete container. Retry count = 0
2025-07-08T10:17:49.5596403Z Stopping container: b0851b85464d_chatbot-app-container.
2025-07-08T10:17:49.6310989Z Deleting container: b0851b85464d_chatbot-app-container. Retry count = 0
2025-07-08T10:17:50.3119554Z Container spec TerminationMessagePolicy  path 
2025-07-08T10:17:50.3191770Z Container is terminated. Total time elapsed: 764 ms.
2025-07-08T10:17:50.3213380Z Site container: chatbot-app-container terminated during site startup.
2025-07-08T10:17:50.3405257Z Site startup probe failed after 28.0319219 seconds.
2025-07-08T10:17:50.3959157Z Failed to start site. Revert by stopping site.
2025-07-08T10:17:50.4046411Z Site: chatbot-app-container stopped.
2025-07-08T10:17:52.5658907Z Container start method called.
2025-07-08T10:17:52.6360005Z Establishing network.
2025-07-08T10:17:52.6371327Z Pulling image: docker.io/ayumu277/chatbot-app:latest.
2025-07-08T10:17:55.2559904Z Container is starting.
2025-07-08T10:17:55.2643436Z Establishing user namespace if not established already.
2025-07-08T10:17:55.2652040Z Establishing network if not established already.
2025-07-08T10:17:55.2657488Z Mounting volumes.
2025-07-08T10:17:55.2748990Z Nested mountpoint volatile/logs
2025-07-08T10:17:55.2953020Z Nested mountpoint 
2025-07-08T10:17:55.3760831Z Creating container.
2025-07-08T10:17:55.3854816Z Creating pipes for streaming container io.
2025-07-08T10:17:55.3869023Z Creating stdout named pipe at /podr/container/pipe/6f5852461571_chatbot-app-container/stdout_813f6732375d449abc265fc53d2f75fb.
2025-07-08T10:17:55.4052020Z Successfully created stdout named pipe at: /podr/container/pipe/6f5852461571_chatbot-app-container/stdout_813f6732375d449abc265fc53d2f75fb.
2025-07-08T10:17:55.4059349Z Opening named pipe /podr/container/pipe/6f5852461571_chatbot-app-container/stdout_813f6732375d449abc265fc53d2f75fb for reading in non-blocking mode.
2025-07-08T10:17:55.4065735Z Successfully opened named pipe: /podr/container/pipe/6f5852461571_chatbot-app-container/stdout_813f6732375d449abc265fc53d2f75fb.
2025-07-08T10:17:55.4072230Z Successfully removed non-blocking flag from /podr/container/pipe/6f5852461571_chatbot-app-container/stdout_813f6732375d449abc265fc53d2f75fb.
2025-07-08T10:17:55.4145734Z Creating stderr named pipe at /podr/container/pipe/6f5852461571_chatbot-app-container/stderr_88501770ecda47b3b01b565a7f0f6266.
2025-07-08T10:17:55.4149461Z Successfully created stderr named pipe at: /podr/container/pipe/6f5852461571_chatbot-app-container/stderr_88501770ecda47b3b01b565a7f0f6266.
2025-07-08T10:17:55.4151146Z Opening named pipe /podr/container/pipe/6f5852461571_chatbot-app-container/stderr_88501770ecda47b3b01b565a7f0f6266 for reading in non-blocking mode.
2025-07-08T10:17:55.4154569Z Successfully opened named pipe: /podr/container/pipe/6f5852461571_chatbot-app-container/stderr_88501770ecda47b3b01b565a7f0f6266.
2025-07-08T10:17:55.4155806Z Successfully removed non-blocking flag from /podr/container/pipe/6f5852461571_chatbot-app-container/stderr_88501770ecda47b3b01b565a7f0f6266.
2025-07-08T10:17:55.4265841Z Creating container with image: docker.io/ayumu277/chatbot-app:latest from registry: docker.io and fully qualified image name: docker.io/ayumu277/chatbot-app:latest
2025-07-08T10:17:56.1299807Z Starting container: 6f5852461571_chatbot-app-container.
2025-07-08T10:17:56.2691035Z Starting watchers and probes.
2025-07-08T10:17:56.2720224Z Starting metrics collection.
2025-07-08T10:17:56.2796153Z Container is running.
2025-07-08T10:17:56.5224696Z Container start method finished after 3955 ms.
2025-07-08T10:18:21.9833783Z Container has finished running with exit code: 1.
2025-07-08T10:18:21.9834839Z Container is terminating. Grace period: 5 seconds.
2025-07-08T10:18:21.9837129Z Stop and delete container. Retry count = 0
2025-07-08T10:18:21.9837865Z Stopping container: 6f5852461571_chatbot-app-container.
2025-07-08T10:18:22.0450696Z Deleting container: 6f5852461571_chatbot-app-container. Retry count = 0
2025-07-08T10:18:23.0259379Z Container spec TerminationMessagePolicy  path 
2025-07-08T10:18:23.0270440Z Container is terminated. Total time elapsed: 1042 ms.
2025-07-08T10:18:23.0345949Z Site container: chatbot-app-container terminated during site startup.
2025-07-08T10:18:23.0353178Z Site startup probe failed after 26.4923054 seconds.
2025-07-08T10:18:23.0560193Z Failed to start site. Revert by stopping site.
2025-07-08T10:18:23.0648899Z Site: chatbot-app-container stopped.
2025-07-08T10:50:25.1871616Z Container start method called.
2025-07-08T10:50:25.1876486Z Establishing network.
2025-07-08T10:50:25.1878203Z Pulling image: docker.io/ayumu277/chatbot-app:latest.
2025-07-08T10:50:37.9074621Z Container pull image failed with reason: ImagePullFailure. Revert by terminate.
2025-07-08T10:50:37.9083583Z Container is terminating. Grace period: 5 seconds.
2025-07-08T10:50:37.9089623Z Container spec TerminationMessagePolicy  path 
2025-07-08T10:50:37.9170166Z Container is terminated. Total time elapsed: 0 ms.
2025-07-08T10:50:37.9176542Z Site container: chatbot-app-container terminated during site startup.
2025-07-08T10:50:37.9378063Z Failed to start site. Revert by stopping site.
2025-07-08T10:50:37.9395220Z Site: chatbot-app-container stopped.
2025-07-08T10:50:39.3279197Z Container start method called.
2025-07-08T10:50:39.3287125Z Establishing network.
2025-07-08T10:50:39.3294378Z Pulling image: docker.io/ayumu277/chatbot-app:latest.
2025-07-08T10:50:39.6605012Z Container pull image failed with reason: ImagePullFailure. Revert by terminate.
2025-07-08T10:50:39.6612507Z Container is terminating. Grace period: 5 seconds.
2025-07-08T10:50:39.6619101Z Container spec TerminationMessagePolicy  path 
2025-07-08T10:50:39.6693424Z Container is terminated. Total time elapsed: 0 ms.
2025-07-08T10:50:39.6696584Z Site container: chatbot-app-container terminated during site startup.
2025-07-08T10:50:39.6908237Z Failed to start site. Revert by stopping site.
2025-07-08T10:50:39.7206640Z Site: chatbot-app-container stopped.
2025-07-08T11:28:54.999Z INFO  - Starting multi-container app..
2025-07-08T11:28:56.521Z INFO  - Pulling image: ayumu277/your-image-name:latest
2025-07-08T11:28:59.128Z ERROR - DockerApiException: Docker API responded with status code=NotFound, response={"message":"manifest for ayumu277/your-image-name:latest not found: manifest unknown: manifest unknown"}

2025-07-08T11:28:59.134Z ERROR - Pulling docker image ayumu277/your-image-name:latest failed:
2025-07-08T11:29:02.205Z ERROR - DockerApiException: Docker API responded with status code=NotFound, response={"message":"pull access denied for ayumu277/your-image-name, repository does not exist or may require 'docker login': denied: requested access to the resource is denied"}

2025-07-08T11:29:02.213Z WARN  - Image pull failed. Defaulting to local copy if present.
2025-07-08T11:29:02.235Z ERROR - Image pull failed: Verify docker image configuration and credentials (if using private repository)
2025-07-08T11:29:02.244Z ERROR - multi-container unit was not started successfully
2025-07-08T11:29:02.346Z INFO  - Container logs from chatbot-app-container_app_0_4b8d4a0b = 
2025-07-08T11:29:03.681Z INFO  - Stopping site chatbot-app-container because it failed during startup.
2025-07-08T11:32:48.264Z INFO  - Starting multi-container app..
2025-07-08T11:32:48.959Z INFO  - Pulling image: ayumu277/chatbot-app:latest
2025-07-08T11:32:51.485Z INFO  - latest Pulling from ayumu277/chatbot-app
2025-07-08T11:32:51.496Z INFO  -  
2025-07-08T11:32:51.497Z ERROR - no matching manifest for linux/amd64 in the manifest list entriesErr: 0, Message: no matching manifest for linux/amd64 in the manifest list entries
2025-07-08T11:32:51.506Z INFO  - Pull Image failed, Time taken: 2 Seconds
2025-07-08T11:32:51.507Z ERROR - Pulling docker image ayumu277/chatbot-app:latest failed:
2025-07-08T11:32:53.784Z INFO  - latest Pulling from ayumu277/chatbot-app
2025-07-08T11:32:53.791Z INFO  -  
2025-07-08T11:32:53.792Z ERROR - no matching manifest for linux/amd64 in the manifest list entriesErr: 0, Message: no matching manifest for linux/amd64 in the manifest list entries
2025-07-08T11:32:53.799Z INFO  - Pull Image failed, Time taken: 2 Seconds
2025-07-08T11:32:53.800Z WARN  - Image pull failed. Defaulting to local copy if present.
2025-07-08T11:32:53.809Z ERROR - Image pull failed: Verify docker image configuration and credentials (if using private repository)
2025-07-08T11:32:53.811Z ERROR - multi-container unit was not started successfully
2025-07-08T11:32:53.820Z INFO  - Container logs from chatbot-app-container_app_0_be8775d7 = 
2025-07-08T11:32:54.062Z INFO  - Stopping site chatbot-app-container because it failed during startup.
2025-07-08T12:06:39.126Z INFO  - Pulling image: docker.io/ayumu277/chatbot-app:latest
2025-07-08T12:06:42.558Z INFO  - latest Pulling from ayumu277/chatbot-app
2025-07-08T12:06:42.559Z INFO  -  
2025-07-08T12:06:42.560Z ERROR - no matching manifest for linux/amd64 in the manifest list entriesErr: 0, Message: no matching manifest for linux/amd64 in the manifest list entries
2025-07-08T12:06:42.562Z INFO  - Pull Image failed, Time taken: 3 Seconds
2025-07-08T12:06:42.571Z ERROR - Pulling docker image docker.io/ayumu277/chatbot-app:latest failed:
2025-07-08T12:06:45.392Z INFO  - latest Pulling from ayumu277/chatbot-app
2025-07-08T12:06:45.400Z INFO  -  
2025-07-08T12:06:45.400Z ERROR - no matching manifest for linux/amd64 in the manifest list entriesErr: 0, Message: no matching manifest for linux/amd64 in the manifest list entries
2025-07-08T12:06:45.402Z INFO  - Pull Image failed, Time taken: 2 Seconds
2025-07-08T12:06:45.402Z WARN  - Image pull failed. Defaulting to local copy if present.
2025-07-08T12:06:45.404Z ERROR - Image pull failed: Verify docker image configuration and credentials (if using private repository)
2025-07-08T12:06:45.432Z INFO  - Stopping site chatbot-app-container because it failed during startup.
