2025-07-08T03:21:24.8442921Z     __ __          __      __    _ __     
2025-07-08T03:21:24.8453726Z    / //_/_  _ ____/ /_  __/ /   (_) /____ 
2025-07-08T03:21:24.8453911Z   / ,< / / / / __  / / / / /   / / __/ _  
2025-07-08T03:21:24.8453949Z  / /| / /_/ / /_/ / /_/ / /___/ / /_/  __/
2025-07-08T03:21:24.8453983Z /_/ |_\__,_/\__,_/\__,_/_____/_/\__/\___/ 
2025-07-08T03:21:24.8454026Z 
2025-07-08T03:21:24.8454079Z                                           
2025-07-08T03:21:24.8454115Z DEBUG CONSOLE | AZURE APP SERVICE ON LINUX
2025-07-08T03:21:24.8454139Z 
2025-07-08T03:21:24.8454174Z Documentation: http://aka.ms/webapp-linux
2025-07-08T03:21:24.8454225Z Kudu Version : 20250623.5
2025-07-08T03:21:24.8454277Z Commit       : 353543ec4c45fcbfd4750522d32c94e23b31927a
2025-07-08T03:21:24.8454404Z 
2025-07-08T03:21:25.4853518Z chown: changing ownership of '/temp': Operation not permitted
2025-07-08T03:21:25.4957752Z chmod: changing permissions of '/temp': Operation not permitted
2025-07-08T03:21:28.7539233Z Restarting OpenBSD Secure Shell server: sshd.
2025-07-08T03:21:28.8743255Z node not running, starting node /opt/webssh/index.js
2025-07-08T03:21:37.8899783Z Tue Jul 8 03:21:37 UTC 2025 running .net core
2025-07-08T03:21:39.2155816Z Startup : 03.21.39.203183
2025-07-08T03:21:39.2581851Z Configure Services : 03.21.39.257975
2025-07-08T03:21:39.7896631Z Configure : 03.21.39.789489
2025-07-08T03:21:40.1712982Z Setting Up Routes : 03.21.40.171100
2025-07-08T03:21:40.4435349Z Exiting Configure : 03.21.40.443363
2025-07-08T03:21:40.8266051Z Hosting environment: Production
2025-07-08T03:21:40.8443420Z Content root path: /opt/Kudu
2025-07-08T03:21:40.8444114Z Now listening on: http://0.0.0.0:8181
2025-07-08T03:21:40.8444176Z Application started. Press Ctrl+C to shut down.
2025-07-08T05:00:09.7447829Z     __ __          __      __    _ __     
2025-07-08T05:00:09.7453825Z    / //_/_  _ ____/ /_  __/ /   (_) /____ 
2025-07-08T05:00:09.7453960Z   / ,< / / / / __  / / / / /   / / __/ _  
2025-07-08T05:00:09.7453979Z  / /| / /_/ / /_/ / /_/ / /___/ / /_/  __/
2025-07-08T05:00:09.7453997Z /_/ |_\__,_/\__,_/\__,_/_____/_/\__/\___/ 
2025-07-08T05:00:09.7454032Z 
2025-07-08T05:00:09.7454057Z                                           
2025-07-08T05:00:09.7454074Z DEBUG CONSOLE | AZURE APP SERVICE ON LINUX
2025-07-08T05:00:09.7454092Z 
2025-07-08T05:00:09.7454131Z Documentation: http://aka.ms/webapp-linux
2025-07-08T05:00:09.7454150Z Kudu Version : 20250623.5
2025-07-08T05:00:09.7454169Z Commit       : 353543ec4c45fcbfd4750522d32c94e23b31927a
2025-07-08T05:00:09.7454185Z 
2025-07-08T05:00:10.1453129Z chown: changing ownership of '/temp': Operation not permitted
2025-07-08T05:00:10.1668757Z chmod: changing permissions of '/temp': Operation not permitted
2025-07-08T05:00:12.0880875Z Restarting OpenBSD Secure Shell server: sshd.
2025-07-08T05:00:12.2006168Z node not running, starting node /opt/webssh/index.js
2025-07-08T05:00:19.2631909Z Tue Jul 8 05:00:19 UTC 2025 running .net core
2025-07-08T05:00:20.7254980Z Startup : 05.00.20.706352
2025-07-08T05:00:20.7610267Z Configure Services : 05.00.20.760833
2025-07-08T05:00:21.1381695Z Configure : 05.00.21.137984
2025-07-08T05:00:21.5218128Z Setting Up Routes : 05.00.21.521573
2025-07-08T05:00:21.9136673Z Exiting Configure : 05.00.21.913487
2025-07-08T05:00:22.3178038Z Hosting environment: Production
2025-07-08T05:00:22.3259251Z Content root path: /opt/Kudu
2025-07-08T05:00:22.3554633Z Now listening on: http://0.0.0.0:8181
2025-07-08T05:00:22.3555511Z Application started. Press Ctrl+C to shut down.
2025-07-08T05:01:08.7577273Z     __ __          __      __    _ __     
2025-07-08T05:01:08.7771609Z    / //_/_  _ ____/ /_  __/ /   (_) /____ 
2025-07-08T05:01:08.7771938Z   / ,< / / / / __  / / / / /   / / __/ _  
2025-07-08T05:01:08.7771960Z  / /| / /_/ / /_/ / /_/ / /___/ / /_/  __/
2025-07-08T05:01:08.7771980Z /_/ |_\__,_/\__,_/\__,_/_____/_/\__/\___/ 
2025-07-08T05:01:08.7772031Z 
2025-07-08T05:01:08.7772056Z                                           
2025-07-08T05:01:08.7772073Z DEBUG CONSOLE | AZURE APP SERVICE ON LINUX
2025-07-08T05:01:08.7772090Z 
2025-07-08T05:01:08.7772148Z Documentation: http://aka.ms/webapp-linux
2025-07-08T05:01:08.7772166Z Kudu Version : 20250623.5
2025-07-08T05:01:08.7772185Z Commit       : 353543ec4c45fcbfd4750522d32c94e23b31927a
2025-07-08T05:01:08.7772201Z 
2025-07-08T05:01:09.2242947Z chown: changing ownership of '/temp': Operation not permitted
2025-07-08T05:01:09.2522672Z chmod: changing permissions of '/temp': Operation not permitted
2025-07-08T05:01:12.5146379Z Restarting OpenBSD Secure Shell server: sshd.
2025-07-08T05:01:12.6195340Z node not running, starting node /opt/webssh/index.js
2025-07-08T05:01:23.1710328Z Tue Jul 8 05:01:23 UTC 2025 running .net core
2025-07-08T05:01:25.1906308Z Startup : 05.01.25.171516
2025-07-08T05:01:25.2125367Z Configure Services : 05.01.25.212353
2025-07-08T05:01:25.7844614Z Configure : 05.01.25.743132
2025-07-08T05:01:26.5071174Z Setting Up Routes : 05.01.26.497741
2025-07-08T05:01:26.8998995Z Exiting Configure : 05.01.26.889456
2025-07-08T05:01:27.4521524Z Hosting environment: Production
2025-07-08T05:01:27.4521844Z Content root path: /opt/Kudu
2025-07-08T05:01:27.4521947Z Now listening on: http://0.0.0.0:8181
2025-07-08T05:01:27.4521986Z Application started. Press Ctrl+C to shut down.
2025-07-08T10:46:41.1942509Z     __ __          __      __    _ __     
2025-07-08T10:46:41.2120975Z    / //_/_  _ ____/ /_  __/ /   (_) /____ 
2025-07-08T10:46:41.2121153Z   / ,< / / / / __  / / / / /   / / __/ _  
2025-07-08T10:46:41.2121173Z  / /| / /_/ / /_/ / /_/ / /___/ / /_/  __/
2025-07-08T10:46:41.2121193Z /_/ |_\__,_/\__,_/\__,_/_____/_/\__/\___/ 
2025-07-08T10:46:41.2121267Z 
2025-07-08T10:46:41.2121296Z                                           
2025-07-08T10:46:41.2121313Z DEBUG CONSOLE | AZURE APP SERVICE ON LINUX
2025-07-08T10:46:41.2121362Z 
2025-07-08T10:46:41.2121383Z Documentation: http://aka.ms/webapp-linux
2025-07-08T10:46:41.2121402Z Kudu Version : 20250623.5
2025-07-08T10:46:41.2121420Z Commit       : 353543ec4c45fcbfd4750522d32c94e23b31927a
2025-07-08T10:46:41.2121436Z 
2025-07-08T10:46:42.4921560Z chown: changing ownership of '/temp': Operation not permitted
2025-07-08T10:46:42.4921851Z chmod: changing permissions of '/temp': Operation not permitted
2025-07-08T10:46:44.5630937Z Restarting OpenBSD Secure Shell server: sshd.
2025-07-08T10:46:44.6537134Z node not running, starting node /opt/webssh/index.js
2025-07-08T10:46:52.6788373Z Tue Jul 8 10:46:52 UTC 2025 running .net core
2025-07-08T10:46:53.8717320Z Startup : 10.46.53.850594
2025-07-08T10:46:53.9114801Z Configure Services : 10.46.53.911193
2025-07-08T10:46:54.3350573Z Configure : 10.46.54.334882
2025-07-08T10:46:54.6864550Z Setting Up Routes : 10.46.54.686283
2025-07-08T10:46:55.0364250Z Exiting Configure : 10.46.55.029607
2025-07-08T10:46:55.3203199Z Hosting environment: Production
2025-07-08T10:46:55.3284269Z Content root path: /opt/Kudu
2025-07-08T10:46:55.3296876Z Now listening on: http://0.0.0.0:8181
2025-07-08T10:46:55.3304999Z Application started. Press Ctrl+C to shut down.
