2025-07-08T02:20:28.036697903Z 🚀 Starting Azure App Service deployment...
2025-07-08T02:20:28.036766441Z Environment: production
2025-07-08T02:20:28.036769967Z Port: 8080
2025-07-08T02:20:28.036772498Z 🔧 Generating Prisma client...
2025-07-08T02:20:35.339492151Z prisma:warn Prisma failed to detect the libssl/openssl version to use, and may not work as expected. Defaulting to "openssl-1.1.x".
2025-07-08T02:20:35.339537895Z Please manually install OpenSSL and try installing Prisma again.
2025-07-08T02:20:40.179747898Z Prisma schema loaded from prisma/schema.prisma
2025-07-08T02:20:40.372931468Z prisma:warn Prisma failed to detect the libssl/openssl version to use, and may not work as expected. Defaulting to "openssl-1.1.x".
2025-07-08T02:20:40.372977919Z Please manually install OpenSSL and try installing Prisma again.
2025-07-08T02:20:44.656528711Z 
2025-07-08T02:20:44.656660547Z ✔ Generated Prisma Client (v5.22.0) to ./node_modules/@prisma/client in 533ms
2025-07-08T02:20:44.668782137Z 
2025-07-08T02:20:44.668798622Z Start by importing your Prisma Client (See: https://pris.ly/d/importing-client)
2025-07-08T02:20:44.668802111Z 
2025-07-08T02:20:44.668804981Z Tip: Need your database queries to be 1000x faster? Accelerate offers you that and more: https://pris.ly/tip-2-accelerate
2025-07-08T02:20:44.668807748Z 
2025-07-08T02:20:45.050254187Z npm notice
2025-07-08T02:20:45.050297540Z npm notice New major version of npm available! 10.8.2 -> 11.4.2
2025-07-08T02:20:45.050302481Z npm notice Changelog: https://github.com/npm/cli/releases/tag/v11.4.2
2025-07-08T02:20:45.050305491Z npm notice To update run: npm install -g npm@11.4.2
2025-07-08T02:20:45.050308028Z npm notice
2025-07-08T02:20:45.120943061Z 🚀 Running database migrations...
2025-07-08T02:20:52.779006316Z prisma:warn Prisma failed to detect the libssl/openssl version to use, and may not work as expected. Defaulting to "openssl-1.1.x".
2025-07-08T02:20:52.779054345Z Please manually install OpenSSL and try installing Prisma again.
2025-07-08T02:20:54.457454176Z prisma:warn Prisma failed to detect the libssl/openssl version to use, and may not work as expected. Defaulting to "openssl-1.1.x".
2025-07-08T02:20:54.457500753Z Please manually install OpenSSL and try installing Prisma again.
2025-07-08T02:20:54.467798769Z Prisma schema loaded from prisma/schema.prisma
2025-07-08T02:20:54.477966530Z Datasource "db": SQL Server database
2025-07-08T02:20:54.598145721Z 
2025-07-08T02:20:54.599336591Z Error: Could not parse schema engine response: SyntaxError: Unexpected token E in JSON at position 0

