2025-07-10T01:21:38.3003801Z Container start method called.
2025-07-10T01:21:38.3097636Z Establishing network.
2025-07-10T01:21:38.3100819Z Pulling image: index.docker.io/ayumu277/chatbot-app:latest.
2025-07-10T01:21:41.6853819Z Container is starting.
2025-07-10T01:21:41.6858133Z Establishing user namespace if not established already.
2025-07-10T01:21:41.6859586Z Establishing network if not established already.
2025-07-10T01:21:41.6957961Z Mounting volumes.
2025-07-10T01:21:41.6960544Z Nested mountpoint volatile/logs
2025-07-10T01:21:41.7260901Z Nested mountpoint 
2025-07-10T01:21:41.8074408Z Creating container.
2025-07-10T01:21:41.8256492Z Creating pipes for streaming container io.
2025-07-10T01:21:41.8265068Z Creating stdout named pipe at /podr/container/pipe/4a05bd01a0b3_chatbot-app-container/stdout_5ba22a4b6ae6488a9c743aa7ac8a5bda.
2025-07-10T01:21:41.8269052Z Successfully created stdout named pipe at: /podr/container/pipe/4a05bd01a0b3_chatbot-app-container/stdout_5ba22a4b6ae6488a9c743aa7ac8a5bda.
2025-07-10T01:21:41.8271291Z Opening named pipe /podr/container/pipe/4a05bd01a0b3_chatbot-app-container/stdout_5ba22a4b6ae6488a9c743aa7ac8a5bda for reading in non-blocking mode.
2025-07-10T01:21:41.8272652Z Successfully opened named pipe: /podr/container/pipe/4a05bd01a0b3_chatbot-app-container/stdout_5ba22a4b6ae6488a9c743aa7ac8a5bda.
2025-07-10T01:21:41.8273537Z Successfully removed non-blocking flag from /podr/container/pipe/4a05bd01a0b3_chatbot-app-container/stdout_5ba22a4b6ae6488a9c743aa7ac8a5bda.
2025-07-10T01:21:41.8281282Z Creating stderr named pipe at /podr/container/pipe/4a05bd01a0b3_chatbot-app-container/stderr_2ea11b565a5842fabdca0f6b21e22a6b.
2025-07-10T01:21:41.8452435Z Successfully created stderr named pipe at: /podr/container/pipe/4a05bd01a0b3_chatbot-app-container/stderr_2ea11b565a5842fabdca0f6b21e22a6b.
2025-07-10T01:21:41.8473380Z Opening named pipe /podr/container/pipe/4a05bd01a0b3_chatbot-app-container/stderr_2ea11b565a5842fabdca0f6b21e22a6b for reading in non-blocking mode.
2025-07-10T01:21:41.8552693Z Successfully opened named pipe: /podr/container/pipe/4a05bd01a0b3_chatbot-app-container/stderr_2ea11b565a5842fabdca0f6b21e22a6b.
2025-07-10T01:21:41.8564838Z Successfully removed non-blocking flag from /podr/container/pipe/4a05bd01a0b3_chatbot-app-container/stderr_2ea11b565a5842fabdca0f6b21e22a6b.
2025-07-10T01:21:41.8576344Z Creating container with image: index.docker.io/ayumu277/chatbot-app:latest from registry: index.docker.io and fully qualified image name: index.docker.io/ayumu277/chatbot-app:latest
2025-07-10T01:21:43.1499136Z Starting container: 4a05bd01a0b3_chatbot-app-container.
2025-07-10T01:21:43.4196682Z Starting watchers and probes.
2025-07-10T01:21:43.4206120Z Starting metrics collection.
2025-07-10T01:21:43.4211636Z Container is running.
2025-07-10T01:21:43.6614030Z Container start method finished after 5350 ms.
2025-07-10T01:22:10.1684625Z Site startup probe succeeded after 26.3746185 seconds.
2025-07-10T01:22:11.3643198Z Site started.
2025-07-10T01:22:11.3973974Z Site is running with deployment version: a805472c0312edb21b8d08ca517a9b4e8cefc7931752064127789
2025-07-10T01:22:31.4979048Z Container is terminating. Grace period: 5 seconds.
2025-07-10T01:22:31.5357143Z Stop and delete container. Retry count = 0
2025-07-10T01:22:31.5367411Z Stopping container: f48995f1088e_chatbot-app-container.
2025-07-10T01:22:32.1035331Z Deleting container: f48995f1088e_chatbot-app-container. Retry count = 0
2025-07-10T01:22:32.4790980Z Container spec TerminationMessagePolicy  path 
2025-07-10T01:22:32.4852159Z Container is terminated. Total time elapsed: 980 ms.
2025-07-10T01:22:32.4876835Z Site: chatbot-app-container stopped.
2025-07-10T03:04:09.4581226Z Container start method called.
2025-07-10T03:04:09.5100187Z Establishing network.
2025-07-10T03:04:09.6005214Z Pulling image: index.docker.io/ayumu277/chatbot-app:latest.
2025-07-10T03:04:20.9341018Z Container pull image failed with reason: ImagePullFailure. Revert by terminate.
2025-07-10T03:04:20.9538060Z Container is terminating. Grace period: 5 seconds.
2025-07-10T03:04:20.9742877Z Container spec TerminationMessagePolicy  path 
2025-07-10T03:04:20.9840405Z Container is terminated. Total time elapsed: 29 ms.
2025-07-10T03:04:21.0044388Z Site container: chatbot-app-container terminated during site startup.
2025-07-10T03:04:21.1045572Z Failed to start site. Revert by stopping site.
2025-07-10T03:04:21.1655163Z Site: chatbot-app-container stopped.
2025-07-10T03:04:42.0477411Z Container is terminating. Grace period: 5 seconds.
2025-07-10T03:04:42.0989208Z Stop and delete container. Retry count = 0
2025-07-10T03:04:42.1070563Z Stopping container: 4a05bd01a0b3_chatbot-app-container.
2025-07-10T03:04:42.5826733Z Deleting container: 4a05bd01a0b3_chatbot-app-container. Retry count = 0
2025-07-10T03:04:43.1951939Z Container spec TerminationMessagePolicy  path 
2025-07-10T03:04:43.2014759Z Container is terminated. Total time elapsed: 1148 ms.
2025-07-10T03:04:43.2018780Z Site: chatbot-app-container stopped.
2025-07-10T03:05:45.1770313Z Container start method called.
2025-07-10T03:05:45.1784912Z Establishing network.
2025-07-10T03:05:45.1856681Z Pulling image: index.docker.io/ayumu277/chatbot-app:latest.
2025-07-10T03:05:45.5290963Z Container pull image failed with reason: ImagePullFailure. Revert by terminate.
2025-07-10T03:05:45.5372472Z Container is terminating. Grace period: 5 seconds.
2025-07-10T03:05:45.5378815Z Container spec TerminationMessagePolicy  path 
2025-07-10T03:05:45.5384931Z Container is terminated. Total time elapsed: 0 ms.
2025-07-10T03:05:45.5390612Z Site container: chatbot-app-container terminated during site startup.
2025-07-10T03:05:45.5590939Z Failed to start site. Revert by stopping site.
2025-07-10T03:05:45.5593199Z Site: chatbot-app-container stopped.
2025-07-10T03:05:51.787Z INFO  - Pulling image: index.docker.io/ayumu277/chatbot-app:latest
2025-07-10T03:05:54.198Z INFO  - latest Pulling from ayumu277/chatbot-app
2025-07-10T03:05:54.218Z INFO  -  
2025-07-10T03:05:54.221Z ERROR - no matching manifest for linux/amd64 in the manifest list entriesErr: 0, Message: no matching manifest for linux/amd64 in the manifest list entries
2025-07-10T03:05:54.227Z INFO  - Pull Image failed, Time taken: 2 Seconds
2025-07-10T03:05:54.229Z ERROR - Pulling docker image index.docker.io/ayumu277/chatbot-app:latest failed:
2025-07-10T03:05:57.117Z INFO  - latest Pulling from ayumu277/chatbot-app
2025-07-10T03:05:57.127Z INFO  -  
2025-07-10T03:05:57.129Z ERROR - no matching manifest for linux/amd64 in the manifest list entriesErr: 0, Message: no matching manifest for linux/amd64 in the manifest list entries
2025-07-10T03:05:57.132Z INFO  - Pull Image failed, Time taken: 2 Seconds
2025-07-10T03:05:57.134Z WARN  - Image pull failed. Defaulting to local copy if present.
2025-07-10T03:05:57.142Z ERROR - Image pull failed: Verify docker image configuration and credentials (if using private repository)
2025-07-10T03:05:57.211Z INFO  - Stopping site chatbot-app-container because it failed during startup.
2025-07-10T03:06:09.765Z INFO  - Pulling image: index.docker.io/ayumu277/chatbot-app:latest
2025-07-10T03:06:12.046Z INFO  - latest Pulling from ayumu277/chatbot-app
2025-07-10T03:06:12.056Z INFO  -  
2025-07-10T03:06:12.058Z ERROR - no matching manifest for linux/amd64 in the manifest list entriesErr: 0, Message: no matching manifest for linux/amd64 in the manifest list entries
2025-07-10T03:06:12.061Z INFO  - Pull Image failed, Time taken: 2 Seconds
2025-07-10T03:06:12.066Z ERROR - Pulling docker image index.docker.io/ayumu277/chatbot-app:latest failed:
2025-07-10T03:06:14.327Z INFO  - latest Pulling from ayumu277/chatbot-app
2025-07-10T03:06:14.335Z INFO  -  
2025-07-10T03:06:14.336Z ERROR - no matching manifest for linux/amd64 in the manifest list entriesErr: 0, Message: no matching manifest for linux/amd64 in the manifest list entries
2025-07-10T03:06:14.339Z INFO  - Pull Image failed, Time taken: 2 Seconds
2025-07-10T03:06:14.341Z WARN  - Image pull failed. Defaulting to local copy if present.
2025-07-10T03:06:14.344Z ERROR - Image pull failed: Verify docker image configuration and credentials (if using private repository)
2025-07-10T03:06:14.352Z INFO  - Stopping site chatbot-app-container because it failed during startup.
2025-07-10T03:06:54.042Z INFO  - Pulling image: index.docker.io/ayumu277/chatbot-app:latest
2025-07-10T03:06:56.373Z INFO  - latest Pulling from ayumu277/chatbot-app
2025-07-10T03:06:56.386Z INFO  -  
2025-07-10T03:06:56.388Z ERROR - no matching manifest for linux/amd64 in the manifest list entriesErr: 0, Message: no matching manifest for linux/amd64 in the manifest list entries
2025-07-10T03:06:56.393Z INFO  - Pull Image failed, Time taken: 2 Seconds
2025-07-10T03:06:56.395Z ERROR - Pulling docker image index.docker.io/ayumu277/chatbot-app:latest failed:
2025-07-10T03:07:00.344Z INFO  - latest Pulling from ayumu277/chatbot-app
2025-07-10T03:07:00.367Z INFO  -  
2025-07-10T03:07:00.373Z ERROR - no matching manifest for linux/amd64 in the manifest list entriesErr: 0, Message: no matching manifest for linux/amd64 in the manifest list entries
2025-07-10T03:07:00.382Z INFO  - Pull Image failed, Time taken: 3 Seconds
2025-07-10T03:07:00.385Z WARN  - Image pull failed. Defaulting to local copy if present.
2025-07-10T03:07:00.404Z ERROR - Image pull failed: Verify docker image configuration and credentials (if using private repository)
2025-07-10T03:07:00.415Z INFO  - Stopping site chatbot-app-container because it failed during startup.
2025-07-10T03:11:18.789Z INFO  - Pulling image: index.docker.io/ayumu277/chatbot-app:latest
2025-07-10T03:11:21.050Z INFO  - latest Pulling from ayumu277/chatbot-app
2025-07-10T03:11:21.062Z INFO  -  
2025-07-10T03:11:21.065Z ERROR - no matching manifest for linux/amd64 in the manifest list entriesErr: 0, Message: no matching manifest for linux/amd64 in the manifest list entries
2025-07-10T03:11:21.068Z INFO  - Pull Image failed, Time taken: 2 Seconds
2025-07-10T03:11:21.070Z ERROR - Pulling docker image index.docker.io/ayumu277/chatbot-app:latest failed:
2025-07-10T03:11:23.297Z INFO  - latest Pulling from ayumu277/chatbot-app
2025-07-10T03:11:23.309Z INFO  -  
2025-07-10T03:11:23.312Z ERROR - no matching manifest for linux/amd64 in the manifest list entriesErr: 0, Message: no matching manifest for linux/amd64 in the manifest list entries
2025-07-10T03:11:23.316Z INFO  - Pull Image failed, Time taken: 2 Seconds
2025-07-10T03:11:23.320Z WARN  - Image pull failed. Defaulting to local copy if present.
2025-07-10T03:11:23.333Z ERROR - Image pull failed: Verify docker image configuration and credentials (if using private repository)
2025-07-10T03:11:23.350Z INFO  - Stopping site chatbot-app-container because it failed during startup.
2025-07-10T03:16:15.318Z INFO  - Pulling image: index.docker.io/ayumu277/chatbot-app:latest
2025-07-10T03:16:17.708Z INFO  - latest Pulling from ayumu277/chatbot-app
2025-07-10T03:16:18.447Z INFO  - f18232174bc9 Pulling fs layer
2025-07-10T03:16:18.455Z INFO  - dd71dde834b5 Pulling fs layer
2025-07-10T03:16:18.465Z INFO  - 1e5a4c89cee5 Pulling fs layer
2025-07-10T03:16:18.467Z INFO  - 25ff2da83641 Pulling fs layer
2025-07-10T03:16:18.468Z INFO  - 6ab05c065f18 Pulling fs layer
2025-07-10T03:16:18.475Z INFO  - 259952843c0a Pulling fs layer
2025-07-10T03:16:18.476Z INFO  - c37f03cd7ef9 Pulling fs layer
2025-07-10T03:16:18.478Z INFO  - a27406b9c11b Pulling fs layer
2025-07-10T03:16:18.480Z INFO  - 62ee74e295d7 Pulling fs layer
2025-07-10T03:16:18.482Z INFO  - 1940bc118772 Pulling fs layer
2025-07-10T03:16:18.483Z INFO  - 77115c343de0 Pulling fs layer
2025-07-10T03:16:18.485Z INFO  - 579e70188480 Pulling fs layer
2025-07-10T03:16:18.491Z INFO  - 73c413bfed8e Pulling fs layer
2025-07-10T03:16:18.494Z INFO  - 3b427545d6b0 Pulling fs layer
2025-07-10T03:16:18.495Z INFO  - 4f4fb700ef54 Pulling fs layer
2025-07-10T03:16:18.497Z INFO  - 61832aa5de3a Pulling fs layer
2025-07-10T03:16:18.499Z INFO  - 743d39c5d27d Pulling fs layer
2025-07-10T03:16:19.131Z INFO  - a27406b9c11b Downloading 976B / 976B
2025-07-10T03:16:19.132Z INFO  - a27406b9c11b Verifying Checksum
2025-07-10T03:16:19.141Z INFO  - a27406b9c11b Download complete
2025-07-10T03:16:19.143Z INFO  - 259952843c0a Downloading 93B / 93B
2025-07-10T03:16:19.150Z INFO  - 25ff2da83641 Downloading 446B / 446B
2025-07-10T03:16:19.151Z INFO  - 259952843c0a Verifying Checksum
2025-07-10T03:16:19.153Z INFO  - 259952843c0a Download complete
2025-07-10T03:16:19.162Z INFO  - 25ff2da83641 Verifying Checksum
2025-07-10T03:16:19.170Z INFO  - 25ff2da83641 Download complete
2025-07-10T03:16:19.171Z INFO  - 62ee74e295d7 Downloading 65KB / 65KB
2025-07-10T03:16:19.173Z INFO  - 62ee74e295d7 Verifying Checksum
2025-07-10T03:16:19.180Z INFO  - 62ee74e295d7 Download complete
2025-07-10T03:16:19.182Z INFO  - c37f03cd7ef9 Downloading 460B / 460B
2025-07-10T03:16:19.183Z INFO  - 4f4fb700ef54 Downloading 32B / 32B
2025-07-10T03:16:19.190Z INFO  - c37f03cd7ef9 Verifying Checksum
2025-07-10T03:16:19.200Z INFO  - c37f03cd7ef9 Download complete
2025-07-10T03:16:19.202Z INFO  - 4f4fb700ef54 Verifying Checksum
2025-07-10T03:16:19.203Z INFO  - 4f4fb700ef54 Download complete
2025-07-10T03:16:19.221Z INFO  - 1e5a4c89cee5 Verifying Checksum
2025-07-10T03:16:19.223Z INFO  - 1e5a4c89cee5 Download complete
2025-07-10T03:16:19.281Z INFO  - f18232174bc9 Downloading 733KB / 3MB
2025-07-10T03:16:19.392Z INFO  - f18232174bc9 Downloading 2MB / 3MB
2025-07-10T03:16:19.400Z INFO  - 6ab05c065f18 Verifying Checksum
2025-07-10T03:16:19.402Z INFO  - 6ab05c065f18 Download complete
2025-07-10T03:16:19.593Z INFO  - f18232174bc9 Verifying Checksum
2025-07-10T03:16:19.595Z INFO  - f18232174bc9 Download complete
2025-07-10T03:16:19.943Z INFO  - dd71dde834b5 Downloading 8MB / 38MB
2025-07-10T03:16:20.022Z INFO  - f18232174bc9 Extracting 576KB / 3MB
2025-07-10T03:16:20.062Z INFO  - dd71dde834b5 Downloading 11MB / 38MB
2025-07-10T03:16:20.164Z INFO  - f18232174bc9 Extracting 1MB / 3MB
2025-07-10T03:16:20.172Z INFO  - dd71dde834b5 Downloading 14MB / 38MB
2025-07-10T03:16:20.284Z INFO  - dd71dde834b5 Downloading 16MB / 38MB
2025-07-10T03:16:20.394Z INFO  - f18232174bc9 Extracting 2MB / 3MB
2025-07-10T03:16:20.434Z INFO  - dd71dde834b5 Downloading 17MB / 38MB
2025-07-10T03:16:20.497Z INFO  - f18232174bc9 Extracting 2MB / 3MB
2025-07-10T03:16:20.535Z INFO  - 579e70188480 Downloading 2KB / 2KB
2025-07-10T03:16:20.554Z INFO  - 579e70188480 Verifying Checksum
2025-07-10T03:16:20.556Z INFO  - 579e70188480 Download complete
2025-07-10T03:16:20.587Z INFO  - 77115c343de0 Downloading 1009B / 2KB
2025-07-10T03:16:20.615Z INFO  - f18232174bc9 Extracting 3MB / 3MB
2025-07-10T03:16:20.626Z INFO  - dd71dde834b5 Downloading 18MB / 38MB
2025-07-10T03:16:20.634Z INFO  - 77115c343de0 Downloading 2KB / 2KB
2025-07-10T03:16:20.648Z INFO  - 61832aa5de3a Downloading 1009B / 1KB
2025-07-10T03:16:20.655Z INFO  - f18232174bc9 Extracting 3MB / 3MB
2025-07-10T03:16:20.675Z INFO  - 61832aa5de3a Downloading 1KB / 1KB
2025-07-10T03:16:20.677Z INFO  - 77115c343de0 Verifying Checksum
2025-07-10T03:16:20.685Z INFO  - 77115c343de0 Download complete
2025-07-10T03:16:20.687Z INFO  - f18232174bc9 Pull complete
2025-07-10T03:16:20.695Z INFO  - 61832aa5de3a Verifying Checksum
2025-07-10T03:16:20.696Z INFO  - 61832aa5de3a Download complete
2025-07-10T03:16:20.707Z INFO  - dd71dde834b5 Downloading 20MB / 38MB
2025-07-10T03:16:20.765Z INFO  - 3b427545d6b0 Downloading 1KB / 1KB
2025-07-10T03:16:20.767Z INFO  - 3b427545d6b0 Downloading 1KB / 1KB
2025-07-10T03:16:20.775Z INFO  - 3b427545d6b0 Verifying Checksum
2025-07-10T03:16:20.776Z INFO  - 3b427545d6b0 Download complete
2025-07-10T03:16:20.806Z INFO  - dd71dde834b5 Downloading 24MB / 38MB
2025-07-10T03:16:20.926Z INFO  - dd71dde834b5 Downloading 28MB / 38MB
2025-07-10T03:16:21.027Z INFO  - dd71dde834b5 Downloading 32MB / 38MB
2025-07-10T03:16:21.149Z INFO  - dd71dde834b5 Verifying Checksum
2025-07-10T03:16:21.150Z INFO  - dd71dde834b5 Download complete
2025-07-10T03:16:21.582Z INFO  - dd71dde834b5 Extracting 2MB / 38MB
2025-07-10T03:16:21.651Z INFO  - dd71dde834b5 Extracting 3MB / 38MB
2025-07-10T03:16:21.717Z INFO  - 1940bc118772 Downloading 480KB / 7MB
2025-07-10T03:16:21.797Z INFO  - dd71dde834b5 Extracting 4MB / 38MB
2025-07-10T03:16:22.027Z INFO  - 1940bc118772 Downloading 1MB / 7MB
2025-07-10T03:16:22.069Z INFO  - 743d39c5d27d Downloading 514KB / 213MB
2025-07-10T03:16:22.096Z INFO  - 73c413bfed8e Downloading 512KB / 206MB
2025-07-10T03:16:22.147Z INFO  - 1940bc118772 Downloading 2MB / 7MB
2025-07-10T03:16:22.177Z INFO  - dd71dde834b5 Extracting 4MB / 38MB
2025-07-10T03:16:22.179Z INFO  - 1940bc118772 Downloading 2MB / 7MB
2025-07-10T03:16:22.199Z INFO  - 743d39c5d27d Downloading 1MB / 213MB
2025-07-10T03:16:22.461Z INFO  - 73c413bfed8e Downloading 2MB / 206MB
2025-07-10T03:16:22.539Z INFO  - 1940bc118772 Downloading 2MB / 7MB
2025-07-10T03:16:22.579Z INFO  - 743d39c5d27d Downloading 1MB / 213MB
2025-07-10T03:16:22.902Z INFO  - dd71dde834b5 Extracting 6MB / 38MB
2025-07-10T03:16:23.012Z INFO  - 73c413bfed8e Downloading 5MB / 206MB
2025-07-10T03:16:23.266Z INFO  - dd71dde834b5 Extracting 9MB / 38MB
2025-07-10T03:16:23.498Z INFO  - 1940bc118772 Downloading 6MB / 7MB
2025-07-10T03:16:23.515Z INFO  - dd71dde834b5 Extracting 10MB / 38MB
2025-07-10T03:16:23.746Z INFO  - 1940bc118772 Downloading 6MB / 7MB
2025-07-10T03:16:23.748Z INFO  - dd71dde834b5 Extracting 13MB / 38MB
2025-07-10T03:16:23.829Z INFO  - 743d39c5d27d Downloading 4MB / 213MB
2025-07-10T03:16:23.838Z INFO  - dd71dde834b5 Extracting 13MB / 38MB
2025-07-10T03:16:23.938Z INFO  - 743d39c5d27d Downloading 5MB / 213MB
2025-07-10T03:16:23.940Z INFO  - 1940bc118772 Downloading 6MB / 7MB
2025-07-10T03:16:23.957Z INFO  - dd71dde834b5 Extracting 14MB / 38MB
2025-07-10T03:16:24.100Z INFO  - 743d39c5d27d Downloading 5MB / 213MB
2025-07-10T03:16:24.217Z INFO  - 743d39c5d27d Downloading 6MB / 213MB
2025-07-10T03:16:24.219Z INFO  - 1940bc118772 Downloading 6MB / 7MB
2025-07-10T03:16:24.228Z INFO  - dd71dde834b5 Extracting 15MB / 38MB
2025-07-10T03:16:24.356Z INFO  - 73c413bfed8e Downloading 9MB / 206MB
2025-07-10T03:16:24.469Z INFO  - dd71dde834b5 Extracting 16MB / 38MB
2025-07-10T03:16:24.471Z INFO  - 1940bc118772 Verifying Checksum
2025-07-10T03:16:24.479Z INFO  - 1940bc118772 Download complete
2025-07-10T03:16:24.499Z INFO  - 73c413bfed8e Downloading 10MB / 206MB
2025-07-10T03:16:25.072Z INFO  - dd71dde834b5 Extracting 19MB / 38MB
2025-07-10T03:16:25.182Z INFO  - 73c413bfed8e Downloading 12MB / 206MB
2025-07-10T03:16:25.253Z INFO  - 743d39c5d27d Downloading 9MB / 213MB
2025-07-10T03:16:25.446Z INFO  - 73c413bfed8e Downloading 14MB / 206MB
2025-07-10T03:16:25.665Z INFO  - dd71dde834b5 Extracting 23MB / 38MB
2025-07-10T03:16:25.785Z INFO  - dd71dde834b5 Extracting 25MB / 38MB
2025-07-10T03:16:25.887Z INFO  - dd71dde834b5 Extracting 26MB / 38MB
2025-07-10T03:16:26.016Z INFO  - 73c413bfed8e Downloading 16MB / 206MB
2025-07-10T03:16:26.026Z INFO  - dd71dde834b5 Extracting 26MB / 38MB
2025-07-10T03:16:26.118Z INFO  - 73c413bfed8e Downloading 17MB / 206MB
2025-07-10T03:16:26.249Z INFO  - 73c413bfed8e Downloading 17MB / 206MB
2025-07-10T03:16:26.259Z INFO  - dd71dde834b5 Extracting 27MB / 38MB
2025-07-10T03:16:26.379Z INFO  - 743d39c5d27d Downloading 14MB / 213MB
2025-07-10T03:16:26.400Z INFO  - 73c413bfed8e Downloading 18MB / 206MB
2025-07-10T03:16:26.417Z INFO  - dd71dde834b5 Extracting 28MB / 38MB
2025-07-10T03:16:26.600Z INFO  - 743d39c5d27d Downloading 17MB / 213MB
2025-07-10T03:16:27.033Z INFO  - 73c413bfed8e Downloading 20MB / 206MB
2025-07-10T03:16:27.073Z INFO  - dd71dde834b5 Extracting 32MB / 38MB
2025-07-10T03:16:27.193Z INFO  - 743d39c5d27d Downloading 21MB / 213MB
2025-07-10T03:16:27.312Z INFO  - 73c413bfed8e Downloading 21MB / 206MB
2025-07-10T03:16:27.424Z INFO  - 743d39c5d27d Downloading 22MB / 213MB
2025-07-10T03:16:27.595Z INFO  - 73c413bfed8e Downloading 22MB / 206MB
2025-07-10T03:16:27.666Z INFO  - dd71dde834b5 Extracting 34MB / 38MB
2025-07-10T03:16:27.897Z INFO  - 73c413bfed8e Downloading 24MB / 206MB
2025-07-10T03:16:27.936Z INFO  - 743d39c5d27d Downloading 26MB / 213MB
2025-07-10T03:16:28.208Z INFO  - 743d39c5d27d Downloading 27MB / 213MB
2025-07-10T03:16:28.285Z INFO  - 73c413bfed8e Downloading 29MB / 206MB
2025-07-10T03:16:28.417Z INFO  - 743d39c5d27d Downloading 30MB / 213MB
2025-07-10T03:16:28.519Z INFO  - dd71dde834b5 Extracting 35MB / 38MB
2025-07-10T03:16:28.566Z INFO  - 73c413bfed8e Downloading 33MB / 206MB
2025-07-10T03:16:29.099Z INFO  - 73c413bfed8e Downloading 34MB / 206MB
2025-07-10T03:16:29.101Z INFO  - 743d39c5d27d Downloading 32MB / 213MB
2025-07-10T03:16:29.170Z INFO  - dd71dde834b5 Extracting 36MB / 38MB
2025-07-10T03:16:29.290Z INFO  - 743d39c5d27d Downloading 35MB / 213MB
2025-07-10T03:16:29.330Z INFO  - 73c413bfed8e Downloading 37MB / 206MB
2025-07-10T03:16:29.588Z INFO  - 743d39c5d27d Downloading 38MB / 213MB
2025-07-10T03:16:29.689Z INFO  - 743d39c5d27d Downloading 39MB / 213MB
2025-07-10T03:16:29.706Z INFO  - 73c413bfed8e Downloading 41MB / 206MB
2025-07-10T03:16:29.759Z INFO  - 73c413bfed8e Downloading 42MB / 206MB
2025-07-10T03:16:29.849Z INFO  - 743d39c5d27d Downloading 40MB / 213MB
2025-07-10T03:16:30.028Z INFO  - 73c413bfed8e Downloading 46MB / 206MB
2025-07-10T03:16:30.189Z INFO  - 743d39c5d27d Downloading 43MB / 213MB
2025-07-10T03:16:30.220Z INFO  - 743d39c5d27d Downloading 44MB / 213MB
2025-07-10T03:16:30.370Z INFO  - dd71dde834b5 Extracting 36MB / 38MB
2025-07-10T03:16:30.552Z INFO  - 743d39c5d27d Downloading 47MB / 213MB
2025-07-10T03:16:30.673Z INFO  - 73c413bfed8e Downloading 53MB / 206MB
2025-07-10T03:16:30.701Z INFO  - 743d39c5d27d Downloading 48MB / 213MB
2025-07-10T03:16:30.732Z INFO  - 73c413bfed8e Downloading 55MB / 206MB
2025-07-10T03:16:30.902Z INFO  - 73c413bfed8e Downloading 58MB / 206MB
2025-07-10T03:16:30.943Z INFO  - 743d39c5d27d Downloading 52MB / 213MB
2025-07-10T03:16:31.025Z INFO  - 73c413bfed8e Downloading 59MB / 206MB
2025-07-10T03:16:31.165Z INFO  - 743d39c5d27d Downloading 53MB / 213MB
2025-07-10T03:16:31.284Z INFO  - 73c413bfed8e Downloading 63MB / 206MB
2025-07-10T03:16:31.366Z INFO  - 743d39c5d27d Downloading 55MB / 213MB
2025-07-10T03:16:31.515Z INFO  - 743d39c5d27d Downloading 56MB / 213MB
2025-07-10T03:16:31.708Z INFO  - 743d39c5d27d Downloading 57MB / 213MB
2025-07-10T03:16:31.768Z INFO  - 73c413bfed8e Downloading 66MB / 206MB
2025-07-10T03:16:31.997Z INFO  - 743d39c5d27d Downloading 59MB / 213MB
2025-07-10T03:16:32.105Z INFO  - 743d39c5d27d Downloading 61MB / 213MB
2025-07-10T03:16:32.166Z INFO  - dd71dde834b5 Extracting 38MB / 38MB
2025-07-10T03:16:32.259Z INFO  - 73c413bfed8e Downloading 71MB / 206MB
2025-07-10T03:16:32.407Z INFO  - 743d39c5d27d Downloading 65MB / 213MB
2025-07-10T03:16:32.447Z INFO  - 73c413bfed8e Downloading 75MB / 206MB
2025-07-10T03:16:32.528Z INFO  - 743d39c5d27d Downloading 68MB / 213MB
2025-07-10T03:16:32.579Z INFO  - dd71dde834b5 Pull complete
2025-07-10T03:16:32.719Z INFO  - 1e5a4c89cee5 Extracting 32KB / 1MB
2025-07-10T03:16:32.920Z INFO  - 1e5a4c89cee5 Extracting 448KB / 1MB
2025-07-10T03:16:32.981Z INFO  - 73c413bfed8e Downloading 86MB / 206MB
2025-07-10T03:16:33.079Z INFO  - 1e5a4c89cee5 Extracting 1MB / 1MB
2025-07-10T03:16:33.084Z INFO  - 1e5a4c89cee5 Pull complete
2025-07-10T03:16:33.101Z INFO  - 25ff2da83641 Extracting 446B / 446B
2025-07-10T03:16:33.109Z INFO  - 25ff2da83641 Extracting 446B / 446B
2025-07-10T03:16:33.162Z INFO  - 73c413bfed8e Downloading 87MB / 206MB
2025-07-10T03:16:33.171Z INFO  - 743d39c5d27d Downloading 73MB / 213MB
2025-07-10T03:16:33.202Z INFO  - 25ff2da83641 Pull complete
2025-07-10T03:16:33.362Z INFO  - 743d39c5d27d Downloading 77MB / 213MB
2025-07-10T03:16:33.402Z INFO  - 73c413bfed8e Downloading 92MB / 206MB
2025-07-10T03:16:33.484Z INFO  - 73c413bfed8e Downloading 95MB / 206MB
2025-07-10T03:16:33.652Z INFO  - 73c413bfed8e Downloading 96MB / 206MB
2025-07-10T03:16:33.683Z INFO  - 743d39c5d27d Downloading 82MB / 213MB
2025-07-10T03:16:33.723Z INFO  - 6ab05c065f18 Extracting 448KB / 1MB
2025-07-10T03:16:33.994Z INFO  - 6ab05c065f18 Extracting 1MB / 1MB
2025-07-10T03:16:34.025Z INFO  - 743d39c5d27d Downloading 86MB / 213MB
2025-07-10T03:16:34.056Z INFO  - 73c413bfed8e Downloading 99MB / 206MB
2025-07-10T03:16:34.235Z INFO  - 743d39c5d27d Downloading 91MB / 213MB
2025-07-10T03:16:34.296Z INFO  - 6ab05c065f18 Extracting 1MB / 1MB
2025-07-10T03:16:34.397Z INFO  - 6ab05c065f18 Extracting 1MB / 1MB
2025-07-10T03:16:34.486Z INFO  - 743d39c5d27d Downloading 94MB / 213MB
2025-07-10T03:16:34.626Z INFO  - 73c413bfed8e Downloading 103MB / 206MB
2025-07-10T03:16:34.696Z INFO  - 743d39c5d27d Downloading 94MB / 213MB
2025-07-10T03:16:34.717Z INFO  - 73c413bfed8e Downloading 104MB / 206MB
2025-07-10T03:16:34.828Z INFO  - 73c413bfed8e Downloading 104MB / 206MB
2025-07-10T03:16:34.835Z INFO  - 6ab05c065f18 Extracting 1MB / 1MB
2025-07-10T03:16:34.837Z INFO  - 743d39c5d27d Downloading 95MB / 213MB
2025-07-10T03:16:34.937Z INFO  - 73c413bfed8e Downloading 107MB / 206MB
2025-07-10T03:16:34.967Z INFO  - 743d39c5d27d Downloading 98MB / 213MB
2025-07-10T03:16:34.997Z INFO  - 6ab05c065f18 Pull complete
2025-07-10T03:16:35.087Z INFO  - 743d39c5d27d Downloading 100MB / 213MB
2025-07-10T03:16:35.139Z INFO  - 259952843c0a Extracting 93B / 93B
2025-07-10T03:16:35.219Z INFO  - 259952843c0a Extracting 93B / 93B
2025-07-10T03:16:35.316Z INFO  - 259952843c0a Pull complete
2025-07-10T03:16:35.386Z INFO  - c37f03cd7ef9 Extracting 460B / 460B
2025-07-10T03:16:35.467Z INFO  - 73c413bfed8e Downloading 124MB / 206MB
2025-07-10T03:16:35.478Z INFO  - c37f03cd7ef9 Extracting 460B / 460B
2025-07-10T03:16:35.518Z INFO  - 743d39c5d27d Downloading 103MB / 213MB
2025-07-10T03:16:35.567Z INFO  - 73c413bfed8e Downloading 128MB / 206MB
2025-07-10T03:16:35.569Z INFO  - c37f03cd7ef9 Pull complete
2025-07-10T03:16:35.639Z INFO  - a27406b9c11b Extracting 976B / 976B
2025-07-10T03:16:35.668Z INFO  - 743d39c5d27d Downloading 104MB / 213MB
2025-07-10T03:16:35.718Z INFO  - a27406b9c11b Extracting 976B / 976B
2025-07-10T03:16:35.838Z INFO  - a27406b9c11b Pull complete
2025-07-10T03:16:35.909Z INFO  - 62ee74e295d7 Extracting 32KB / 65KB
2025-07-10T03:16:35.960Z INFO  - 62ee74e295d7 Extracting 65KB / 65KB
2025-07-10T03:16:35.990Z INFO  - 73c413bfed8e Downloading 141MB / 206MB
2025-07-10T03:16:36.100Z INFO  - 743d39c5d27d Downloading 107MB / 213MB
2025-07-10T03:16:36.108Z INFO  - 62ee74e295d7 Pull complete
2025-07-10T03:16:36.179Z INFO  - 73c413bfed8e Downloading 144MB / 206MB
2025-07-10T03:16:36.219Z INFO  - 743d39c5d27d Downloading 108MB / 213MB
2025-07-10T03:16:36.448Z INFO  - 1940bc118772 Extracting 480KB / 7MB
2025-07-10T03:16:36.558Z INFO  - 1940bc118772 Extracting 960KB / 7MB
2025-07-10T03:16:36.840Z INFO  - 73c413bfed8e Downloading 153MB / 206MB
2025-07-10T03:16:37.009Z INFO  - 743d39c5d27d Downloading 111MB / 213MB
2025-07-10T03:16:37.118Z INFO  - 73c413bfed8e Downloading 154MB / 206MB
2025-07-10T03:16:37.321Z INFO  - 743d39c5d27d Downloading 112MB / 213MB
2025-07-10T03:16:37.470Z INFO  - 1940bc118772 Extracting 3MB / 7MB
2025-07-10T03:16:37.691Z INFO  - 73c413bfed8e Downloading 157MB / 206MB
2025-07-10T03:16:37.822Z INFO  - 1940bc118772 Extracting 4MB / 7MB
2025-07-10T03:16:37.875Z INFO  - 73c413bfed8e Downloading 158MB / 206MB
2025-07-10T03:16:37.922Z INFO  - 1940bc118772 Extracting 5MB / 7MB
2025-07-10T03:16:38.042Z INFO  - 1940bc118772 Extracting 5MB / 7MB
2025-07-10T03:16:38.265Z INFO  - 1940bc118772 Extracting 6MB / 7MB
2025-07-10T03:16:38.284Z INFO  - 743d39c5d27d Downloading 115MB / 213MB
2025-07-10T03:16:38.486Z INFO  - 1940bc118772 Extracting 6MB / 7MB
2025-07-10T03:16:38.494Z INFO  - 743d39c5d27d Downloading 116MB / 213MB
2025-07-10T03:16:38.524Z INFO  - 73c413bfed8e Downloading 161MB / 206MB
2025-07-10T03:16:38.577Z INFO  - 743d39c5d27d Downloading 117MB / 213MB
2025-07-10T03:16:38.647Z INFO  - 73c413bfed8e Downloading 162MB / 206MB
2025-07-10T03:16:38.705Z INFO  - 1940bc118772 Extracting 7MB / 7MB
2025-07-10T03:16:38.715Z INFO  - 1940bc118772 Pull complete
2025-07-10T03:16:38.719Z INFO  - 77115c343de0 Extracting 2KB / 2KB
2025-07-10T03:16:38.726Z INFO  - 77115c343de0 Extracting 2KB / 2KB
2025-07-10T03:16:38.730Z INFO  - 77115c343de0 Pull complete
2025-07-10T03:16:38.738Z INFO  - 579e70188480 Extracting 2KB / 2KB
2025-07-10T03:16:38.757Z INFO  - 579e70188480 Extracting 2KB / 2KB
2025-07-10T03:16:38.769Z INFO  - 579e70188480 Pull complete
2025-07-10T03:16:38.888Z INFO  - 743d39c5d27d Downloading 120MB / 213MB
2025-07-10T03:16:38.918Z INFO  - 73c413bfed8e Downloading 166MB / 206MB
2025-07-10T03:16:39.009Z INFO  - 743d39c5d27d Downloading 124MB / 213MB
2025-07-10T03:16:39.027Z INFO  - 73c413bfed8e Downloading 169MB / 206MB
2025-07-10T03:16:39.216Z INFO  - 743d39c5d27d Downloading 128MB / 213MB
2025-07-10T03:16:39.586Z INFO  - 73c413bfed8e Downloading 187MB / 206MB
2025-07-10T03:16:39.907Z INFO  - 73c413bfed8e Downloading 198MB / 206MB
2025-07-10T03:16:39.909Z INFO  - 743d39c5d27d Downloading 133MB / 213MB
2025-07-10T03:16:40.009Z INFO  - 73c413bfed8e Downloading 202MB / 206MB
2025-07-10T03:16:40.089Z INFO  - 73c413bfed8e Verifying Checksum
2025-07-10T03:16:40.091Z INFO  - 73c413bfed8e Download complete
2025-07-10T03:16:40.614Z INFO  - 743d39c5d27d Downloading 136MB / 213MB
2025-07-10T03:16:40.631Z INFO  - 73c413bfed8e Extracting 1MB / 206MB
2025-07-10T03:16:40.883Z INFO  - 743d39c5d27d Downloading 137MB / 213MB
2025-07-10T03:16:40.943Z INFO  - 73c413bfed8e Extracting 5MB / 206MB
2025-07-10T03:16:41.346Z INFO  - 73c413bfed8e Extracting 8MB / 206MB
2025-07-10T03:16:41.979Z INFO  - 743d39c5d27d Downloading 142MB / 213MB
2025-07-10T03:16:41.999Z INFO  - 73c413bfed8e Extracting 13MB / 206MB
2025-07-10T03:16:42.057Z INFO  - 73c413bfed8e Extracting 14MB / 206MB
2025-07-10T03:16:42.137Z INFO  - 743d39c5d27d Downloading 146MB / 213MB
2025-07-10T03:16:42.319Z INFO  - 743d39c5d27d Downloading 149MB / 213MB
2025-07-10T03:16:42.790Z INFO  - 743d39c5d27d Downloading 150MB / 213MB
2025-07-10T03:16:43.013Z INFO  - 743d39c5d27d Downloading 150MB / 213MB
2025-07-10T03:16:43.255Z INFO  - 743d39c5d27d Downloading 151MB / 213MB
2025-07-10T03:16:43.486Z INFO  - 743d39c5d27d Downloading 151MB / 213MB
2025-07-10T03:16:43.707Z INFO  - 743d39c5d27d Downloading 155MB / 213MB
2025-07-10T03:16:43.906Z INFO  - 743d39c5d27d Downloading 155MB / 213MB
2025-07-10T03:16:44.517Z INFO  - 743d39c5d27d Downloading 158MB / 213MB
2025-07-10T03:16:44.567Z INFO  - 743d39c5d27d Downloading 159MB / 213MB
2025-07-10T03:16:44.859Z INFO  - 743d39c5d27d Downloading 164MB / 213MB
2025-07-10T03:16:44.989Z INFO  - 743d39c5d27d Downloading 167MB / 213MB
2025-07-10T03:16:45.614Z INFO  - 743d39c5d27d Downloading 176MB / 213MB
2025-07-10T03:16:45.724Z INFO  - 743d39c5d27d Downloading 176MB / 213MB
2025-07-10T03:16:46.296Z INFO  - 743d39c5d27d Downloading 179MB / 213MB
2025-07-10T03:16:46.548Z INFO  - 743d39c5d27d Downloading 180MB / 213MB
2025-07-10T03:16:46.818Z INFO  - 743d39c5d27d Downloading 180MB / 213MB
2025-07-10T03:16:46.979Z INFO  - 743d39c5d27d Downloading 181MB / 213MB
2025-07-10T03:16:47.368Z INFO  - 743d39c5d27d Downloading 185MB / 213MB
2025-07-10T03:16:47.670Z INFO  - 743d39c5d27d Downloading 189MB / 213MB
2025-07-10T03:16:47.721Z INFO  - 743d39c5d27d Downloading 193MB / 213MB
2025-07-10T03:16:47.861Z INFO  - 743d39c5d27d Downloading 196MB / 213MB
2025-07-10T03:16:47.973Z INFO  - 73c413bfed8e Extracting 17MB / 206MB
2025-07-10T03:16:48.023Z INFO  - 743d39c5d27d Downloading 198MB / 213MB
2025-07-10T03:16:48.105Z INFO  - 73c413bfed8e Extracting 17MB / 206MB
2025-07-10T03:16:48.264Z INFO  - 73c413bfed8e Extracting 18MB / 206MB
2025-07-10T03:16:48.585Z INFO  - 743d39c5d27d Downloading 200MB / 213MB
2025-07-10T03:16:48.773Z INFO  - 73c413bfed8e Extracting 21MB / 206MB
2025-07-10T03:16:48.950Z INFO  - 73c413bfed8e Extracting 22MB / 206MB
2025-07-10T03:16:48.958Z INFO  - 743d39c5d27d Downloading 202MB / 213MB
2025-07-10T03:16:49.807Z INFO  - 73c413bfed8e Extracting 24MB / 206MB
2025-07-10T03:16:49.809Z INFO  - 743d39c5d27d Downloading 206MB / 213MB
2025-07-10T03:16:50.089Z INFO  - 73c413bfed8e Extracting 26MB / 206MB
2025-07-10T03:16:50.150Z INFO  - 743d39c5d27d Downloading 210MB / 213MB
2025-07-10T03:16:50.201Z INFO  - 73c413bfed8e Extracting 26MB / 206MB
2025-07-10T03:16:50.251Z INFO  - 743d39c5d27d Verifying Checksum
2025-07-10T03:16:50.260Z INFO  - 743d39c5d27d Download complete
2025-07-10T03:16:50.621Z INFO  - 73c413bfed8e Extracting 29MB / 206MB
2025-07-10T03:16:50.762Z INFO  - 73c413bfed8e Extracting 30MB / 206MB
2025-07-10T03:16:51.157Z INFO  - 73c413bfed8e Extracting 33MB / 206MB
2025-07-10T03:16:51.277Z INFO  - 73c413bfed8e Extracting 34MB / 206MB
2025-07-10T03:16:51.657Z INFO  - 73c413bfed8e Extracting 37MB / 206MB
2025-07-10T03:16:51.768Z INFO  - 73c413bfed8e Extracting 38MB / 206MB
2025-07-10T03:16:52.132Z INFO  - 73c413bfed8e Extracting 41MB / 206MB
2025-07-10T03:16:52.270Z INFO  - 73c413bfed8e Extracting 42MB / 206MB
2025-07-10T03:16:53.045Z INFO  - 73c413bfed8e Extracting 45MB / 206MB
2025-07-10T03:16:53.053Z INFO  - 73c413bfed8e Extracting 46MB / 206MB
2025-07-10T03:16:53.447Z INFO  - 73c413bfed8e Extracting 50MB / 206MB
2025-07-10T03:16:53.558Z INFO  - 73c413bfed8e Extracting 51MB / 206MB
2025-07-10T03:16:54.193Z INFO  - 73c413bfed8e Extracting 53MB / 206MB
2025-07-10T03:16:54.254Z INFO  - 73c413bfed8e Extracting 54MB / 206MB
2025-07-10T03:16:55.086Z INFO  - 73c413bfed8e Extracting 58MB / 206MB
2025-07-10T03:16:55.478Z INFO  - 73c413bfed8e Extracting 62MB / 206MB
2025-07-10T03:16:56.309Z INFO  - 73c413bfed8e Extracting 67MB / 206MB
2025-07-10T03:16:56.841Z INFO  - 73c413bfed8e Extracting 71MB / 206MB
2025-07-10T03:16:57.203Z INFO  - 73c413bfed8e Extracting 74MB / 206MB
2025-07-10T03:16:57.324Z INFO  - 73c413bfed8e Extracting 75MB / 206MB
2025-07-10T03:16:57.936Z INFO  - 73c413bfed8e Extracting 78MB / 206MB
2025-07-10T03:16:58.037Z INFO  - 73c413bfed8e Extracting 79MB / 206MB
2025-07-10T03:16:58.166Z INFO  - 73c413bfed8e Extracting 79MB / 206MB
2025-07-10T03:16:58.328Z INFO  - 73c413bfed8e Extracting 80MB / 206MB
2025-07-10T03:16:58.881Z INFO  - 73c413bfed8e Extracting 83MB / 206MB
2025-07-10T03:16:59.033Z INFO  - 73c413bfed8e Extracting 84MB / 206MB
2025-07-10T03:16:59.434Z INFO  - 73c413bfed8e Extracting 87MB / 206MB
2025-07-10T03:17:00.237Z INFO  - 73c413bfed8e Extracting 91MB / 206MB
2025-07-10T03:17:00.760Z INFO  - 73c413bfed8e Extracting 95MB / 206MB
2025-07-10T03:17:01.702Z INFO  - 73c413bfed8e Extracting 100MB / 206MB
2025-07-10T03:17:02.705Z INFO  - 73c413bfed8e Extracting 103MB / 206MB
2025-07-10T03:17:03.258Z INFO  - 73c413bfed8e Extracting 107MB / 206MB
2025-07-10T03:17:03.808Z INFO  - 73c413bfed8e Extracting 112MB / 206MB
2025-07-10T03:17:04.350Z INFO  - 73c413bfed8e Extracting 117MB / 206MB
2025-07-10T03:17:04.692Z INFO  - 73c413bfed8e Extracting 120MB / 206MB
2025-07-10T03:17:05.718Z INFO  - 73c413bfed8e Extracting 124MB / 206MB
2025-07-10T03:17:05.748Z INFO  - 73c413bfed8e Extracting 128MB / 206MB
2025-07-10T03:17:05.859Z INFO  - 73c413bfed8e Extracting 129MB / 206MB
2025-07-10T03:17:06.525Z INFO  - 73c413bfed8e Extracting 133MB / 206MB
2025-07-10T03:17:07.128Z INFO  - 73c413bfed8e Extracting 138MB / 206MB
2025-07-10T03:17:07.209Z INFO  - 73c413bfed8e Extracting 140MB / 206MB
2025-07-10T03:17:07.548Z INFO  - 73c413bfed8e Extracting 141MB / 206MB
2025-07-10T03:17:07.558Z INFO  - 73c413bfed8e Extracting 141MB / 206MB
2025-07-10T03:17:08.543Z INFO  - 73c413bfed8e Extracting 145MB / 206MB
2025-07-10T03:17:08.590Z INFO  - 73c413bfed8e Extracting 145MB / 206MB
2025-07-10T03:17:09.031Z INFO  - 73c413bfed8e Extracting 146MB / 206MB
2025-07-10T03:17:10.710Z INFO  - 73c413bfed8e Extracting 149MB / 206MB
2025-07-10T03:17:11.323Z INFO  - 73c413bfed8e Extracting 149MB / 206MB
2025-07-10T03:17:12.345Z INFO  - 73c413bfed8e Extracting 150MB / 206MB
2025-07-10T03:17:16.457Z INFO  - 73c413bfed8e Extracting 153MB / 206MB
2025-07-10T03:17:16.770Z INFO  - 73c413bfed8e Extracting 153MB / 206MB
2025-07-10T03:17:17.816Z INFO  - 73c413bfed8e Extracting 154MB / 206MB
2025-07-10T03:17:18.205Z INFO  - 73c413bfed8e Extracting 154MB / 206MB
2025-07-10T03:17:23.337Z INFO  - 73c413bfed8e Extracting 157MB / 206MB
2025-07-10T03:17:23.657Z INFO  - 73c413bfed8e Extracting 157MB / 206MB
2025-07-10T03:17:23.789Z INFO  - 73c413bfed8e Extracting 158MB / 206MB
2025-07-10T03:17:27.202Z INFO  - 73c413bfed8e Extracting 160MB / 206MB
2025-07-10T03:17:27.473Z INFO  - 73c413bfed8e Extracting 161MB / 206MB
2025-07-10T03:17:27.714Z INFO  - 73c413bfed8e Extracting 162MB / 206MB
2025-07-10T03:17:28.054Z INFO  - 73c413bfed8e Extracting 162MB / 206MB
2025-07-10T03:17:30.243Z INFO  - 73c413bfed8e Extracting 165MB / 206MB
2025-07-10T03:17:30.564Z INFO  - 73c413bfed8e Extracting 165MB / 206MB
2025-07-10T03:17:30.846Z INFO  - 73c413bfed8e Extracting 166MB / 206MB
2025-07-10T03:17:31.218Z INFO  - 73c413bfed8e Extracting 166MB / 206MB
2025-07-10T03:17:32.845Z INFO  - 73c413bfed8e Extracting 169MB / 206MB
2025-07-10T03:17:33.144Z INFO  - 73c413bfed8e Extracting 170MB / 206MB
2025-07-10T03:17:33.484Z INFO  - 73c413bfed8e Extracting 170MB / 206MB
2025-07-10T03:17:34.250Z INFO  - 73c413bfed8e Extracting 171MB / 206MB
2025-07-10T03:17:36.951Z INFO  - 73c413bfed8e Extracting 173MB / 206MB
2025-07-10T03:17:37.541Z INFO  - 73c413bfed8e Extracting 174MB / 206MB
2025-07-10T03:17:37.942Z INFO  - 73c413bfed8e Extracting 174MB / 206MB
2025-07-10T03:17:39.175Z INFO  - 73c413bfed8e Extracting 177MB / 206MB
2025-07-10T03:17:39.540Z INFO  - 73c413bfed8e Extracting 177MB / 206MB
2025-07-10T03:17:39.963Z INFO  - 73c413bfed8e Extracting 178MB / 206MB
2025-07-10T03:17:40.264Z INFO  - 73c413bfed8e Extracting 179MB / 206MB
2025-07-10T03:17:40.929Z INFO  - 73c413bfed8e Extracting 181MB / 206MB
2025-07-10T03:17:41.108Z INFO  - 73c413bfed8e Extracting 183MB / 206MB
2025-07-10T03:17:41.692Z INFO  - 73c413bfed8e Extracting 185MB / 206MB
2025-07-10T03:17:42.027Z INFO  - 73c413bfed8e Extracting 187MB / 206MB
2025-07-10T03:17:42.520Z INFO  - 73c413bfed8e Extracting 190MB / 206MB
2025-07-10T03:17:42.641Z INFO  - 73c413bfed8e Extracting 191MB / 206MB
2025-07-10T03:17:43.325Z INFO  - 73c413bfed8e Extracting 195MB / 206MB
2025-07-10T03:17:44.037Z INFO  - 73c413bfed8e Extracting 198MB / 206MB
2025-07-10T03:17:44.368Z INFO  - 73c413bfed8e Extracting 199MB / 206MB
2025-07-10T03:17:44.750Z INFO  - 73c413bfed8e Extracting 199MB / 206MB
2025-07-10T03:17:45.795Z INFO  - 73c413bfed8e Extracting 202MB / 206MB
2025-07-10T03:17:46.312Z INFO  - 73c413bfed8e Extracting 204MB / 206MB
2025-07-10T03:17:46.763Z INFO  - 73c413bfed8e Extracting 206MB / 206MB
2025-07-10T03:17:47.646Z INFO  - 73c413bfed8e Pull complete
2025-07-10T03:17:47.654Z INFO  - 3b427545d6b0 Extracting 1KB / 1KB
2025-07-10T03:17:47.667Z INFO  - 3b427545d6b0 Extracting 1KB / 1KB
2025-07-10T03:17:47.679Z INFO  - 3b427545d6b0 Pull complete
2025-07-10T03:17:47.684Z INFO  - 4f4fb700ef54 Extracting 32B / 32B
2025-07-10T03:17:47.688Z INFO  - 4f4fb700ef54 Extracting 32B / 32B
2025-07-10T03:17:47.718Z INFO  - 4f4fb700ef54 Pull complete
2025-07-10T03:17:47.802Z INFO  - 61832aa5de3a Extracting 1KB / 1KB
2025-07-10T03:17:47.819Z INFO  - 61832aa5de3a Extracting 1KB / 1KB
2025-07-10T03:17:47.850Z INFO  - 61832aa5de3a Pull complete
2025-07-10T03:17:48.556Z INFO  - 743d39c5d27d Extracting 1MB / 213MB
2025-07-10T03:17:49.017Z INFO  - 743d39c5d27d Extracting 4MB / 213MB
2025-07-10T03:17:49.228Z INFO  - 743d39c5d27d Extracting 5MB / 213MB
2025-07-10T03:17:49.359Z INFO  - 743d39c5d27d Extracting 5MB / 213MB
2025-07-10T03:17:49.547Z INFO  - 743d39c5d27d Extracting 6MB / 213MB
2025-07-10T03:17:50.394Z INFO  - 743d39c5d27d Extracting 9MB / 213MB
2025-07-10T03:17:50.665Z INFO  - 743d39c5d27d Extracting 10MB / 213MB
2025-07-10T03:17:50.765Z INFO  - 743d39c5d27d Extracting 10MB / 213MB
2025-07-10T03:17:51.266Z INFO  - 743d39c5d27d Extracting 13MB / 213MB
2025-07-10T03:17:52.001Z INFO  - 743d39c5d27d Extracting 17MB / 213MB
2025-07-10T03:17:52.208Z INFO  - 743d39c5d27d Extracting 18MB / 213MB
2025-07-10T03:17:52.292Z INFO  - 743d39c5d27d Extracting 18MB / 213MB
2025-07-10T03:17:53.322Z INFO  - 743d39c5d27d Extracting 21MB / 213MB
2025-07-10T03:17:53.604Z INFO  - 743d39c5d27d Extracting 22MB / 213MB
2025-07-10T03:17:54.186Z INFO  - 743d39c5d27d Extracting 22MB / 213MB
2025-07-10T03:17:54.559Z INFO  - 743d39c5d27d Extracting 23MB / 213MB
2025-07-10T03:17:58.469Z INFO  - 743d39c5d27d Extracting 27MB / 213MB
2025-07-10T03:17:59.042Z INFO  - 743d39c5d27d Extracting 30MB / 213MB
2025-07-10T03:17:59.790Z INFO  - 743d39c5d27d Extracting 35MB / 213MB
2025-07-10T03:18:00.083Z INFO  - 743d39c5d27d Extracting 39MB / 213MB
2025-07-10T03:18:00.214Z INFO  - 743d39c5d27d Extracting 40MB / 213MB
2025-07-10T03:18:00.575Z INFO  - 743d39c5d27d Extracting 43MB / 213MB
2025-07-10T03:18:00.714Z INFO  - 743d39c5d27d Extracting 44MB / 213MB
2025-07-10T03:18:01.058Z INFO  - 743d39c5d27d Extracting 47MB / 213MB
2025-07-10T03:18:01.190Z INFO  - 743d39c5d27d Extracting 48MB / 213MB
2025-07-10T03:18:01.611Z INFO  - 743d39c5d27d Extracting 52MB / 213MB
2025-07-10T03:18:02.196Z INFO  - 743d39c5d27d Extracting 53MB / 213MB
2025-07-10T03:18:02.607Z INFO  - 743d39c5d27d Extracting 55MB / 213MB
2025-07-10T03:18:02.765Z INFO  - 743d39c5d27d Extracting 56MB / 213MB
2025-07-10T03:18:02.956Z INFO  - 743d39c5d27d Extracting 56MB / 213MB
2025-07-10T03:18:04.310Z INFO  - 743d39c5d27d Extracting 60MB / 213MB
2025-07-10T03:18:04.691Z INFO  - 743d39c5d27d Extracting 61MB / 213MB
2025-07-10T03:18:05.504Z INFO  - 743d39c5d27d Extracting 64MB / 213MB
2025-07-10T03:18:06.328Z INFO  - 743d39c5d27d Extracting 70MB / 213MB
2025-07-10T03:18:06.852Z INFO  - 743d39c5d27d Extracting 74MB / 213MB
2025-07-10T03:18:07.083Z INFO  - 743d39c5d27d Extracting 77MB / 213MB
2025-07-10T03:18:07.214Z INFO  - 743d39c5d27d Extracting 78MB / 213MB
2025-07-10T03:18:07.687Z INFO  - 743d39c5d27d Extracting 81MB / 213MB
2025-07-10T03:18:07.818Z INFO  - 743d39c5d27d Extracting 82MB / 213MB
2025-07-10T03:18:08.339Z INFO  - 743d39c5d27d Extracting 85MB / 213MB
2025-07-10T03:18:08.592Z INFO  - 743d39c5d27d Extracting 86MB / 213MB
2025-07-10T03:18:09.003Z INFO  - 743d39c5d27d Extracting 89MB / 213MB
2025-07-10T03:18:09.133Z INFO  - 743d39c5d27d Extracting 90MB / 213MB
2025-07-10T03:18:09.625Z INFO  - 743d39c5d27d Extracting 94MB / 213MB
2025-07-10T03:18:09.747Z INFO  - 743d39c5d27d Extracting 95MB / 213MB
2025-07-10T03:18:10.259Z INFO  - 743d39c5d27d Extracting 98MB / 213MB
2025-07-10T03:18:10.863Z INFO  - 743d39c5d27d Extracting 103MB / 213MB
2025-07-10T03:18:11.053Z INFO  - 743d39c5d27d Extracting 104MB / 213MB
2025-07-10T03:18:11.164Z INFO  - 743d39c5d27d Extracting 104MB / 213MB
2025-07-10T03:18:12.031Z INFO  - 743d39c5d27d Extracting 108MB / 213MB
2025-07-10T03:18:13.194Z INFO  - 743d39c5d27d Extracting 111MB / 213MB
2025-07-10T03:18:13.195Z INFO  - 743d39c5d27d Extracting 112MB / 213MB
2025-07-10T03:18:13.197Z INFO  - 743d39c5d27d Extracting 113MB / 213MB
2025-07-10T03:18:13.204Z INFO  - 743d39c5d27d Extracting 115MB / 213MB
2025-07-10T03:18:13.205Z INFO  - 743d39c5d27d Extracting 116MB / 213MB
2025-07-10T03:18:13.596Z INFO  - 743d39c5d27d Extracting 120MB / 213MB
2025-07-10T03:18:14.222Z INFO  - 743d39c5d27d Extracting 125MB / 213MB
2025-07-10T03:18:15.071Z INFO  - 743d39c5d27d Extracting 132MB / 213MB
2025-07-10T03:18:15.703Z INFO  - 743d39c5d27d Extracting 137MB / 213MB
2025-07-10T03:18:15.865Z INFO  - 743d39c5d27d Extracting 141MB / 213MB
2025-07-10T03:18:16.822Z INFO  - 743d39c5d27d Extracting 146MB / 213MB
2025-07-10T03:18:17.643Z INFO  - 743d39c5d27d Extracting 150MB / 213MB
2025-07-10T03:18:18.506Z INFO  - 743d39c5d27d Extracting 154MB / 213MB
2025-07-10T03:18:19.126Z INFO  - 743d39c5d27d Extracting 155MB / 213MB
2025-07-10T03:18:20.814Z INFO  - 743d39c5d27d Extracting 158MB / 213MB
2025-07-10T03:18:21.978Z INFO  - 743d39c5d27d Extracting 159MB / 213MB
2025-07-10T03:18:22.912Z INFO  - 743d39c5d27d Extracting 159MB / 213MB
2025-07-10T03:18:25.075Z INFO  - 743d39c5d27d Extracting 162MB / 213MB
2025-07-10T03:18:25.792Z INFO  - 743d39c5d27d Extracting 163MB / 213MB
2025-07-10T03:18:25.980Z INFO  - 743d39c5d27d Extracting 163MB / 213MB
2025-07-10T03:18:26.694Z INFO  - 743d39c5d27d Extracting 164MB / 213MB
2025-07-10T03:18:27.467Z INFO  - 743d39c5d27d Extracting 166MB / 213MB
2025-07-10T03:18:27.807Z INFO  - 743d39c5d27d Extracting 167MB / 213MB
2025-07-10T03:18:27.998Z INFO  - 743d39c5d27d Extracting 168MB / 213MB
2025-07-10T03:18:29.125Z INFO  - 743d39c5d27d Extracting 172MB / 213MB
2025-07-10T03:18:29.747Z INFO  - 743d39c5d27d Extracting 175MB / 213MB
2025-07-10T03:18:29.798Z INFO  - 743d39c5d27d Extracting 176MB / 213MB
2025-07-10T03:18:30.914Z INFO  - 743d39c5d27d Extracting 179MB / 213MB
2025-07-10T03:18:31.297Z INFO  - 743d39c5d27d Extracting 180MB / 213MB
2025-07-10T03:18:31.798Z INFO  - 743d39c5d27d Extracting 181MB / 213MB
2025-07-10T03:18:33.016Z INFO  - 743d39c5d27d Extracting 184MB / 213MB
2025-07-10T03:18:33.598Z INFO  - 743d39c5d27d Extracting 184MB / 213MB
2025-07-10T03:18:34.156Z INFO  - 743d39c5d27d Extracting 185MB / 213MB
2025-07-10T03:18:35.868Z INFO  - 743d39c5d27d Extracting 188MB / 213MB
2025-07-10T03:18:35.870Z INFO  - 743d39c5d27d Extracting 189MB / 213MB
2025-07-10T03:18:35.948Z INFO  - 743d39c5d27d Extracting 193MB / 213MB
2025-07-10T03:18:36.664Z INFO  - 743d39c5d27d Extracting 198MB / 213MB
2025-07-10T03:18:36.975Z INFO  - 743d39c5d27d Extracting 202MB / 213MB
2025-07-10T03:18:37.788Z INFO  - 743d39c5d27d Extracting 205MB / 213MB
2025-07-10T03:18:38.252Z INFO  - 743d39c5d27d Extracting 206MB / 213MB
2025-07-10T03:18:39.364Z INFO  - 743d39c5d27d Extracting 209MB / 213MB
2025-07-10T03:18:39.387Z INFO  - 743d39c5d27d Extracting 210MB / 213MB
2025-07-10T03:18:39.546Z INFO  - 743d39c5d27d Extracting 211MB / 213MB
2025-07-10T03:18:40.500Z INFO  - 743d39c5d27d Extracting 213MB / 213MB
2025-07-10T03:18:41.185Z INFO  - 743d39c5d27d Pull complete
2025-07-10T03:18:41.229Z INFO  -  Digest: sha256:2cee2b95a872480572a42f7a5fbd3cb612d8b4f58052297bbe4499e75dd33aea
2025-07-10T03:18:41.231Z INFO  -  Status: Downloaded newer image for ayumu277/chatbot-app:latest
2025-07-10T03:18:41.258Z INFO  - Pull Image successful, Time taken: 145 Seconds
2025-07-10T03:18:41.354Z INFO  - Starting container for site
2025-07-10T03:18:41.355Z INFO  - docker run -d --expose=8080 --name chatbot-app-container_0_b4560ea2 -e WEBSITE_USE_DIAGNOSTIC_SERVER=false -e DOCKER_CUSTOM_IMAGE_NAME=ayumu277/chatbot-app:latest -e PORT=8080 -e WEBSITES_ENABLE_APP_SERVICE_STORAGE=false -e WEBSITES_PORT=8080 -e WEBSITE_SITE_NAME=chatbot-app-container -e WEBSITE_AUTH_ENABLED=False -e WEBSITE_ROLE_INSTANCE_ID=0 -e WEBSITE_HOSTNAME=chatbot-app-container-fse7g9cnf8hfgpej.japaneast-01.azurewebsites.net -e WEBSITE_INSTANCE_ID=157a08f3cf7318bcf09a7abb8ef35f9619888baf70de15241990350d6f427fbd -e HTTP_LOGGING_ENABLED=1 index.docker.io/ayumu277/chatbot-app:latest 
2025-07-10T03:18:43.125Z INFO  - Initiating warmup request to container chatbot-app-container_0_b4560ea2 for site chatbot-app-container
2025-07-10T03:18:59.281Z INFO  - Waiting for response to warmup request for container chatbot-app-container_0_b4560ea2. Elapsed time = 16.1558643 sec
2025-07-10T03:19:00.618Z INFO  - Container chatbot-app-container_0_b4560ea2 for site chatbot-app-container initialized successfully and is ready to serve requests.
2025-07-10T03:19:26.071Z INFO  - Pulling image: index.docker.io/ayumu277/chatbot-app:latest
2025-07-10T03:19:28.067Z INFO  - latest Pulling from ayumu277/chatbot-app
2025-07-10T03:19:29.275Z INFO  -  Digest: sha256:2cee2b95a872480572a42f7a5fbd3cb612d8b4f58052297bbe4499e75dd33aea
2025-07-10T03:19:29.283Z INFO  -  Status: Image is up to date for ayumu277/chatbot-app:latest
2025-07-10T03:19:29.395Z INFO  - Pull Image successful, Time taken: 3 Seconds
2025-07-10T03:19:29.646Z INFO  - Starting container for site
2025-07-10T03:19:29.654Z INFO  - docker run -d --expose=8080 --name chatbot-app-container_1_32dcc7f2 -e WEBSITE_USE_DIAGNOSTIC_SERVER=false -e DOCKER_CUSTOM_IMAGE_NAME=ayumu277/chatbot-app:latest -e PORT=8080 -e WEBSITES_ENABLE_APP_SERVICE_STORAGE=false -e WEBSITES_PORT=8080 -e WEBSITE_SITE_NAME=chatbot-app-container -e WEBSITE_AUTH_ENABLED=False -e WEBSITE_ROLE_INSTANCE_ID=0 -e WEBSITE_HOSTNAME=chatbot-app-container-fse7g9cnf8hfgpej.japaneast-01.azurewebsites.net -e WEBSITE_INSTANCE_ID=157a08f3cf7318bcf09a7abb8ef35f9619888baf70de15241990350d6f427fbd -e HTTP_LOGGING_ENABLED=1 index.docker.io/ayumu277/chatbot-app:latest 
2025-07-10T03:19:36.239Z INFO  - Initiating warmup request to container chatbot-app-container_1_32dcc7f2 for site chatbot-app-container
2025-07-10T03:19:59.731Z INFO  - Container chatbot-app-container_1_32dcc7f2 for site chatbot-app-container initialized successfully and is ready to serve requests.
2025-07-10T03:26:09.997Z INFO  - Pulling image: index.docker.io/ayumu277/chatbot-app:latest
2025-07-10T03:26:12.906Z INFO  - latest Pulling from ayumu277/chatbot-app
2025-07-10T03:26:13.335Z INFO  -  Digest: sha256:f94d1d1bb84216d136f7da3fad92e886c39a8889158fb67bdccd35e337c2af79
2025-07-10T03:26:13.356Z INFO  -  Status: Image is up to date for ayumu277/chatbot-app:latest
2025-07-10T03:26:13.386Z INFO  - Pull Image successful, Time taken: 3 Seconds
2025-07-10T03:26:13.645Z INFO  - Starting container for site
2025-07-10T03:26:13.646Z INFO  - docker run -d --expose=8080 --name chatbot-app-container_2_3ca331a6 -e WEBSITE_USE_DIAGNOSTIC_SERVER=false -e DOCKER_CUSTOM_IMAGE_NAME=ayumu277/chatbot-app:latest -e PORT=8080 -e WEBSITES_ENABLE_APP_SERVICE_STORAGE=false -e WEBSITES_PORT=8080 -e WEBSITE_SITE_NAME=chatbot-app-container -e WEBSITE_AUTH_ENABLED=False -e WEBSITE_ROLE_INSTANCE_ID=0 -e WEBSITE_HOSTNAME=chatbot-app-container-fse7g9cnf8hfgpej.japaneast-01.azurewebsites.net -e WEBSITE_INSTANCE_ID=157a08f3cf7318bcf09a7abb8ef35f9619888baf70de15241990350d6f427fbd -e HTTP_LOGGING_ENABLED=1 index.docker.io/ayumu277/chatbot-app:latest 
2025-07-10T03:26:18.569Z INFO  - Initiating warmup request to container chatbot-app-container_2_3ca331a6 for site chatbot-app-container
2025-07-10T03:26:46.159Z INFO  - Container chatbot-app-container_2_3ca331a6 for site chatbot-app-container initialized successfully and is ready to serve requests.
ker.io/ayumu277/chatbot-app:latest.
2025-07-10T03:26:22.3220790Z Container pull image failed with reason: ImagePullFailure. Revert by terminate.
2025-07-10T03:26:22.3426108Z Container is terminating. Grace period: 5 seconds.
2025-07-10T03:26:22.3536813Z Container spec TerminationMessagePolicy  path 
2025-07-10T03:26:22.4038555Z Container is terminated. Total time elapsed: 52 ms.
2025-07-10T03:26:22.4929265Z Site container: chatbot-app-container terminated during site startup.
2025-07-10T03:26:22.7229613Z Failed to start site. Revert by stopping site.
2025-07-10T03:26:22.7320188Z Site: chatbot-app-container stopped.
2025-07-10T03:26:46.872Z INFO  - Pulling image: index.docker.io/ayumu277/chatbot-app:latest
2025-07-10T03:26:48.724Z INFO  - latest Pulling from ayumu277/chatbot-app
2025-07-10T03:26:48.813Z INFO  -  Digest: sha256:f94d1d1bb84216d136f7da3fad92e886c39a8889158fb67bdccd35e337c2af79
2025-07-10T03:26:48.815Z INFO  -  Status: Image is up to date for ayumu277/chatbot-app:latest
2025-07-10T03:26:48.864Z INFO  - Pull Image successful, Time taken: 1 Seconds
2025-07-10T03:26:49.086Z INFO  - Starting container for site
2025-07-10T03:26:49.092Z INFO  - docker run -d --expose=8080 --name chatbot-app-container_3_562feb51 -e WEBSITE_USE_DIAGNOSTIC_SERVER=false -e DOCKER_CUSTOM_IMAGE_NAME=ayumu277/chatbot-app:latest -e PORT=8080 -e WEBSITES_ENABLE_APP_SERVICE_STORAGE=false -e WEBSITES_PORT=8080 -e WEBSITE_SITE_NAME=chatbot-app-container -e WEBSITE_AUTH_ENABLED=False -e WEBSITE_ROLE_INSTANCE_ID=0 -e WEBSITE_HOSTNAME=chatbot-app-container-fse7g9cnf8hfgpej.japaneast-01.azurewebsites.net -e WEBSITE_INSTANCE_ID=157a08f3cf7318bcf09a7abb8ef35f9619888baf70de15241990350d6f427fbd -e HTTP_LOGGING_ENABLED=1 index.docker.io/ayumu277/chatbot-app:latest 
2025-07-10T03:26:53.591Z INFO  - Initiating warmup request to container chatbot-app-container_3_562feb51 for site chatbot-app-container
2025-07-10T03:27:10.560Z INFO  - Waiting for response to warmup request for container chatbot-app-container_3_562feb51. Elapsed time = 16.969123 sec
2025-07-10T03:27:22.680Z INFO  - Container chatbot-app-container_3_562feb51 for site chatbot-app-container initialized successfully and is ready to serve requests.
