2025-07-08T14:15:20.6444994Z Container start method called.
2025-07-08T14:15:20.6548632Z Establishing network.
2025-07-08T14:15:20.6552603Z Pulling image: docker.io/ayumu277/chatbot-app:latest.
2025-07-08T14:15:33.6642794Z Container pull image failed with reason: ImagePullFailure. Revert by terminate.
2025-07-08T14:15:33.6752955Z Container is terminating. Grace period: 5 seconds.
2025-07-08T14:15:33.6767648Z Container spec TerminationMessagePolicy  path 
2025-07-08T14:15:33.6853683Z Container is terminated. Total time elapsed: 9 ms.
2025-07-08T14:15:33.6858695Z Site container: chatbot-app-container terminated during site startup.
2025-07-08T14:15:33.7156602Z Failed to start site. Revert by stopping site.
2025-07-08T14:15:33.7367000Z Site: chatbot-app-container stopped.
2025-07-08T14:15:40.072Z INFO  - Pulling image: ayumu277/chatbot-app:latest
2025-07-08T14:15:42.594Z INFO  - latest Pulling from ayumu277/chatbot-app
2025-07-08T14:15:42.617Z INFO  -  
2025-07-08T14:15:42.628Z ERROR - no matching manifest for linux/amd64 in the manifest list entriesErr: 0, Message: no matching manifest for linux/amd64 in the manifest list entries
2025-07-08T14:15:42.635Z INFO  - Pull Image failed, Time taken: 2 Seconds
2025-07-08T14:15:42.665Z ERROR - Pulling docker image ayumu277/chatbot-app:latest failed:
2025-07-08T14:15:44.969Z INFO  - latest Pulling from ayumu277/chatbot-app
2025-07-08T14:15:44.978Z INFO  -  
2025-07-08T14:15:44.980Z ERROR - no matching manifest for linux/amd64 in the manifest list entriesErr: 0, Message: no matching manifest for linux/amd64 in the manifest list entries
2025-07-08T14:15:44.984Z INFO  - Pull Image failed, Time taken: 2 Seconds
2025-07-08T14:15:44.986Z WARN  - Image pull failed. Defaulting to local copy if present.
2025-07-08T14:15:44.989Z ERROR - Image pull failed: Verify docker image configuration and credentials (if using private repository)
2025-07-08T14:15:45.045Z INFO  - Stopping site chatbot-app-container because it failed during startup.
2025-07-08T14:15:56.631Z INFO  - Pulling image: ayumu277/chatbot-app:latest
2025-07-08T14:15:59.425Z INFO  - latest Pulling from ayumu277/chatbot-app
2025-07-08T14:15:59.465Z INFO  -  
2025-07-08T14:15:59.484Z ERROR - no matching manifest for linux/amd64 in the manifest list entriesErr: 0, Message: no matching manifest for linux/amd64 in the manifest list entries
2025-07-08T14:15:59.517Z INFO  - Pull Image failed, Time taken: 2 Seconds
2025-07-08T14:15:59.525Z ERROR - Pulling docker image ayumu277/chatbot-app:latest failed:
2025-07-08T14:16:02.701Z INFO  - latest Pulling from ayumu277/chatbot-app
2025-07-08T14:16:02.722Z INFO  -  
2025-07-08T14:16:02.770Z ERROR - no matching manifest for linux/amd64 in the manifest list entriesErr: 0, Message: no matching manifest for linux/amd64 in the manifest list entries
2025-07-08T14:16:02.802Z INFO  - Pull Image failed, Time taken: 3 Seconds
2025-07-08T14:16:02.810Z WARN  - Image pull failed. Defaulting to local copy if present.
2025-07-08T14:16:02.832Z ERROR - Image pull failed: Verify docker image configuration and credentials (if using private repository)
2025-07-08T14:16:02.850Z INFO  - Stopping site chatbot-app-container because it failed during startup.
2025-07-08T14:16:14.503Z INFO  - Pulling image: ayumu277/chatbot-app:latest
2025-07-08T14:16:17.008Z INFO  - latest Pulling from ayumu277/chatbot-app
2025-07-08T14:16:17.039Z INFO  -  
2025-07-08T14:16:17.041Z ERROR - no matching manifest for linux/amd64 in the manifest list entriesErr: 0, Message: no matching manifest for linux/amd64 in the manifest list entries
2025-07-08T14:16:17.060Z INFO  - Pull Image failed, Time taken: 2 Seconds
2025-07-08T14:16:17.068Z ERROR - Pulling docker image ayumu277/chatbot-app:latest failed:
2025-07-08T14:16:19.385Z INFO  - latest Pulling from ayumu277/chatbot-app
2025-07-08T14:16:19.394Z INFO  -  
2025-07-08T14:16:19.397Z ERROR - no matching manifest for linux/amd64 in the manifest list entriesErr: 0, Message: no matching manifest for linux/amd64 in the manifest list entries
2025-07-08T14:16:19.400Z INFO  - Pull Image failed, Time taken: 2 Seconds
2025-07-08T14:16:19.402Z WARN  - Image pull failed. Defaulting to local copy if present.
2025-07-08T14:16:19.406Z ERROR - Image pull failed: Verify docker image configuration and credentials (if using private repository)
2025-07-08T14:16:19.412Z INFO  - Stopping site chatbot-app-container because it failed during startup.
2025-07-08T14:16:30.255Z INFO  - Pulling image: ayumu277/chatbot-app:latest
2025-07-08T14:16:32.753Z INFO  - latest Pulling from ayumu277/chatbot-app
2025-07-08T14:16:32.771Z INFO  -  
2025-07-08T14:16:32.773Z ERROR - no matching manifest for linux/amd64 in the manifest list entriesErr: 0, Message: no matching manifest for linux/amd64 in the manifest list entries
2025-07-08T14:16:32.782Z INFO  - Pull Image failed, Time taken: 2 Seconds
2025-07-08T14:16:32.784Z ERROR - Pulling docker image ayumu277/chatbot-app:latest failed:
2025-07-08T14:16:34.998Z INFO  - latest Pulling from ayumu277/chatbot-app
2025-07-08T14:16:35.009Z INFO  -  
2025-07-08T14:16:35.011Z ERROR - no matching manifest for linux/amd64 in the manifest list entriesErr: 0, Message: no matching manifest for linux/amd64 in the manifest list entries
2025-07-08T14:16:35.017Z INFO  - Pull Image failed, Time taken: 2 Seconds
2025-07-08T14:16:35.019Z WARN  - Image pull failed. Defaulting to local copy if present.
2025-07-08T14:16:35.021Z ERROR - Image pull failed: Verify docker image configuration and credentials (if using private repository)
2025-07-08T14:16:35.038Z INFO  - Stopping site chatbot-app-container because it failed during startup.
2025-07-08T14:19:02.241Z INFO  - Pulling image: ayumu277/chatbot-app:latest
2025-07-08T14:19:04.493Z INFO  - latest Pulling from ayumu277/chatbot-app
2025-07-08T14:19:04.506Z INFO  -  
2025-07-08T14:19:04.507Z ERROR - no matching manifest for linux/amd64 in the manifest list entriesErr: 0, Message: no matching manifest for linux/amd64 in the manifest list entries
2025-07-08T14:19:04.512Z INFO  - Pull Image failed, Time taken: 2 Seconds
2025-07-08T14:19:04.514Z ERROR - Pulling docker image ayumu277/chatbot-app:latest failed:
2025-07-08T14:19:06.922Z INFO  - latest Pulling from ayumu277/chatbot-app
2025-07-08T14:19:06.969Z INFO  -  
2025-07-08T14:19:06.980Z ERROR - no matching manifest for linux/amd64 in the manifest list entriesErr: 0, Message: no matching manifest for linux/amd64 in the manifest list entries
2025-07-08T14:19:06.983Z INFO  - Pull Image failed, Time taken: 2 Seconds
2025-07-08T14:19:06.990Z WARN  - Image pull failed. Defaulting to local copy if present.
2025-07-08T14:19:07.000Z ERROR - Image pull failed: Verify docker image configuration and credentials (if using private repository)
2025-07-08T14:19:07.021Z INFO  - Stopping site chatbot-app-container because it failed during startup.
2025-07-08T14:21:30.951Z INFO  - Pulling image: ayumu277/chatbot-app:latest
2025-07-08T14:21:33.214Z INFO  - latest Pulling from ayumu277/chatbot-app
2025-07-08T14:21:33.221Z INFO  -  
2025-07-08T14:21:33.223Z ERROR - no matching manifest for linux/amd64 in the manifest list entriesErr: 0, Message: no matching manifest for linux/amd64 in the manifest list entries
2025-07-08T14:21:33.237Z INFO  - Pull Image failed, Time taken: 2 Seconds
2025-07-08T14:21:33.238Z ERROR - Pulling docker image ayumu277/chatbot-app:latest failed:
2025-07-08T14:21:35.451Z INFO  - latest Pulling from ayumu277/chatbot-app
2025-07-08T14:21:35.459Z INFO  -  
2025-07-08T14:21:35.461Z ERROR - no matching manifest for linux/amd64 in the manifest list entriesErr: 0, Message: no matching manifest for linux/amd64 in the manifest list entries
2025-07-08T14:21:35.465Z INFO  - Pull Image failed, Time taken: 2 Seconds
2025-07-08T14:21:35.469Z WARN  - Image pull failed. Defaulting to local copy if present.
2025-07-08T14:21:35.481Z ERROR - Image pull failed: Verify docker image configuration and credentials (if using private repository)
2025-07-08T14:21:35.522Z INFO  - Stopping site chatbot-app-container because it failed during startup.
2025-07-08T14:24:04.088Z INFO  - Pulling image: ayumu277/chatbot-app:latest
2025-07-08T14:24:06.364Z INFO  - latest Pulling from ayumu277/chatbot-app
2025-07-08T14:24:06.374Z INFO  -  
2025-07-08T14:24:06.375Z ERROR - no matching manifest for linux/amd64 in the manifest list entriesErr: 0, Message: no matching manifest for linux/amd64 in the manifest list entries
2025-07-08T14:24:06.379Z INFO  - Pull Image failed, Time taken: 2 Seconds
2025-07-08T14:24:06.381Z ERROR - Pulling docker image ayumu277/chatbot-app:latest failed:
2025-07-08T14:24:08.550Z INFO  - latest Pulling from ayumu277/chatbot-app
2025-07-08T14:24:08.562Z INFO  -  
2025-07-08T14:24:08.564Z ERROR - no matching manifest for linux/amd64 in the manifest list entriesErr: 0, Message: no matching manifest for linux/amd64 in the manifest list entries
2025-07-08T14:24:08.569Z INFO  - Pull Image failed, Time taken: 2 Seconds
2025-07-08T14:24:08.571Z WARN  - Image pull failed. Defaulting to local copy if present.
2025-07-08T14:24:08.579Z ERROR - Image pull failed: Verify docker image configuration and credentials (if using private repository)
2025-07-08T14:24:08.590Z INFO  - Stopping site chatbot-app-container because it failed during startup.
2025-07-08T14:34:17.220Z INFO  - Pulling image: ayumu277/chatbot-app:latest
2025-07-08T14:34:19.581Z INFO  - latest Pulling from ayumu277/chatbot-app
2025-07-08T14:34:20.464Z INFO  - 61320b01ae5e Pulling fs layer
2025-07-08T14:34:20.467Z INFO  - b98d3ae1ab80 Pulling fs layer
2025-07-08T14:34:20.475Z INFO  - b1831021e35a Pulling fs layer
2025-07-08T14:34:20.477Z INFO  - c768ab8cba73 Pulling fs layer
2025-07-08T14:34:20.485Z INFO  - 8c994cf49dd1 Pulling fs layer
2025-07-08T14:34:20.487Z INFO  - 891a04bd2d82 Pulling fs layer
2025-07-08T14:34:20.495Z INFO  - d9674150c26f Pulling fs layer
2025-07-08T14:34:20.497Z INFO  - 37a1b86c6909 Pulling fs layer
2025-07-08T14:34:20.498Z INFO  - 48540991ed13 Pulling fs layer
2025-07-08T14:34:20.505Z INFO  - 15e7e602a819 Pulling fs layer
2025-07-08T14:34:20.507Z INFO  - 89b6316af617 Pulling fs layer
2025-07-08T14:34:20.515Z INFO  - 10b77ad90b95 Pulling fs layer
2025-07-08T14:34:20.525Z INFO  - 79043685471c Pulling fs layer
2025-07-08T14:34:20.527Z INFO  - 11b381ce5e64 Pulling fs layer
2025-07-08T14:34:20.545Z INFO  - 1428bdc24fbf Pulling fs layer
2025-07-08T14:34:20.547Z INFO  - c33bb5b334d0 Pulling fs layer
2025-07-08T14:34:20.555Z INFO  - ae9375fb9b6e Pulling fs layer
2025-07-08T14:34:20.557Z INFO  - 4f4fb700ef54 Pulling fs layer
2025-07-08T14:34:20.568Z INFO  - 127640069078 Pulling fs layer
2025-07-08T14:34:20.575Z INFO  - a46943c2b6e6 Pulling fs layer
2025-07-08T14:34:21.541Z INFO  - b98d3ae1ab80 Downloading 934B / 3KB
2025-07-08T14:34:21.543Z INFO  - 37a1b86c6909 Downloading 936B / 2KB
2025-07-08T14:34:21.560Z INFO  - d9674150c26f Downloading 91B / 91B
2025-07-08T14:34:21.562Z INFO  - b98d3ae1ab80 Downloading 3KB / 3KB
2025-07-08T14:34:21.581Z INFO  - 37a1b86c6909 Downloading 2KB / 2KB
2025-07-08T14:34:21.583Z INFO  - d9674150c26f Verifying Checksum
2025-07-08T14:34:21.601Z INFO  - d9674150c26f Download complete
2025-07-08T14:34:21.604Z INFO  - b98d3ae1ab80 Verifying Checksum
2025-07-08T14:34:21.621Z INFO  - b98d3ae1ab80 Download complete
2025-07-08T14:34:21.623Z INFO  - 37a1b86c6909 Verifying Checksum
2025-07-08T14:34:21.641Z INFO  - 37a1b86c6909 Download complete
2025-07-08T14:34:21.643Z INFO  - 4f4fb700ef54 Downloading 32B / 32B
2025-07-08T14:34:21.683Z INFO  - 8c994cf49dd1 Downloading 448B / 448B
2025-07-08T14:34:21.701Z INFO  - 4f4fb700ef54 Verifying Checksum
2025-07-08T14:34:21.704Z INFO  - 4f4fb700ef54 Download complete
2025-07-08T14:34:21.722Z INFO  - 8c994cf49dd1 Verifying Checksum
2025-07-08T14:34:21.724Z INFO  - 8c994cf49dd1 Download complete
2025-07-08T14:34:21.741Z INFO  - b1831021e35a Downloading 762KB / 36MB
2025-07-08T14:34:21.823Z INFO  - c768ab8cba73 Downloading 303KB / 1MB
2025-07-08T14:34:21.873Z INFO  - 61320b01ae5e Downloading 575KB / 26MB
2025-07-08T14:34:21.945Z INFO  - b1831021e35a Downloading 1MB / 36MB
2025-07-08T14:34:21.953Z INFO  - c768ab8cba73 Downloading 1MB / 1MB
2025-07-08T14:34:21.985Z INFO  - b1831021e35a Downloading 2MB / 36MB
2025-07-08T14:34:22.045Z INFO  - c768ab8cba73 Verifying Checksum
2025-07-08T14:34:22.054Z INFO  - c768ab8cba73 Download complete
2025-07-08T14:34:22.205Z INFO  - 61320b01ae5e Downloading 3MB / 26MB
2025-07-08T14:34:22.207Z INFO  - b1831021e35a Downloading 4MB / 36MB
2025-07-08T14:34:22.315Z INFO  - b1831021e35a Downloading 5MB / 36MB
2025-07-08T14:34:22.466Z INFO  - b1831021e35a Downloading 7MB / 36MB
2025-07-08T14:34:22.506Z INFO  - 61320b01ae5e Downloading 5MB / 26MB
2025-07-08T14:34:22.567Z INFO  - b1831021e35a Downloading 8MB / 36MB
2025-07-08T14:34:22.729Z INFO  - b1831021e35a Downloading 10MB / 36MB
2025-07-08T14:34:22.928Z INFO  - 61320b01ae5e Downloading 8MB / 26MB
2025-07-08T14:34:23.172Z INFO  - b1831021e35a Downloading 14MB / 36MB
2025-07-08T14:34:23.284Z INFO  - 61320b01ae5e Downloading 12MB / 26MB
2025-07-08T14:34:23.384Z INFO  - b1831021e35a Downloading 17MB / 36MB
2025-07-08T14:34:23.393Z INFO  - 61320b01ae5e Downloading 14MB / 26MB
2025-07-08T14:34:23.604Z INFO  - 61320b01ae5e Downloading 15MB / 26MB
2025-07-08T14:34:23.644Z INFO  - 89b6316af617 Downloading 1009B / 1KB
2025-07-08T14:34:23.685Z INFO  - ae9375fb9b6e Downloading 804B / 804B
2025-07-08T14:34:23.687Z INFO  - b1831021e35a Downloading 19MB / 36MB
2025-07-08T14:34:23.694Z INFO  - 89b6316af617 Downloading 1KB / 1KB
2025-07-08T14:34:23.696Z INFO  - ae9375fb9b6e Verifying Checksum
2025-07-08T14:34:23.704Z INFO  - ae9375fb9b6e Download complete
2025-07-08T14:34:23.706Z INFO  - 89b6316af617 Verifying Checksum
2025-07-08T14:34:23.724Z INFO  - 89b6316af617 Download complete
2025-07-08T14:34:23.746Z INFO  - 1428bdc24fbf Downloading 757B / 757B
2025-07-08T14:34:23.755Z INFO  - 11b381ce5e64 Downloading 152B / 152B
2025-07-08T14:34:23.756Z INFO  - 48540991ed13 Downloading 65KB / 65KB
2025-07-08T14:34:23.764Z INFO  - 127640069078 Downloading 1KB / 1KB
2025-07-08T14:34:23.767Z INFO  - 1428bdc24fbf Verifying Checksum
2025-07-08T14:34:23.775Z INFO  - 1428bdc24fbf Download complete
2025-07-08T14:34:23.776Z INFO  - 11b381ce5e64 Verifying Checksum
2025-07-08T14:34:23.785Z INFO  - 11b381ce5e64 Download complete
2025-07-08T14:34:23.786Z INFO  - 48540991ed13 Verifying Checksum
2025-07-08T14:34:23.795Z INFO  - 48540991ed13 Download complete
2025-07-08T14:34:23.797Z INFO  - 127640069078 Verifying Checksum
2025-07-08T14:34:23.815Z INFO  - 127640069078 Download complete
2025-07-08T14:34:23.816Z INFO  - b1831021e35a Downloading 19MB / 36MB
2025-07-08T14:34:23.818Z INFO  - 79043685471c Downloading 4KB / 214KB
2025-07-08T14:34:23.917Z INFO  - 61320b01ae5e Downloading 17MB / 26MB
2025-07-08T14:34:23.947Z INFO  - b1831021e35a Downloading 20MB / 36MB
2025-07-08T14:34:23.978Z INFO  - 79043685471c Downloading 70KB / 214KB
2025-07-08T14:34:24.036Z INFO  - 61320b01ae5e Downloading 19MB / 26MB
2025-07-08T14:34:24.088Z INFO  - 15e7e602a819 Downloading 512KB / 173MB
2025-07-08T14:34:24.258Z INFO  - 79043685471c Downloading 185KB / 214KB
2025-07-08T14:34:24.278Z INFO  - 79043685471c Verifying Checksum
2025-07-08T14:34:24.280Z INFO  - 79043685471c Download complete
2025-07-08T14:34:24.300Z INFO  - 61320b01ae5e Downloading 22MB / 26MB
2025-07-08T14:34:24.358Z INFO  - a46943c2b6e6 Downloading 518KB / 166MB
2025-07-08T14:34:24.388Z INFO  - b1831021e35a Downloading 27MB / 36MB
2025-07-08T14:34:24.390Z INFO  - 61320b01ae5e Downloading 24MB / 26MB
2025-07-08T14:34:24.420Z INFO  - 10b77ad90b95 Downloading 397KB / 18MB
2025-07-08T14:34:24.428Z INFO  - 15e7e602a819 Downloading 1MB / 173MB
2025-07-08T14:34:24.498Z INFO  - a46943c2b6e6 Downloading 1MB / 166MB
2025-07-08T14:34:24.500Z INFO  - 891a04bd2d82 Downloading 528KB / 233MB
2025-07-08T14:34:24.510Z INFO  - 61320b01ae5e Verifying Checksum
2025-07-08T14:34:24.518Z INFO  - 61320b01ae5e Download complete
2025-07-08T14:34:24.559Z INFO  - 10b77ad90b95 Downloading 789KB / 18MB
2025-07-08T14:34:24.611Z INFO  - b1831021e35a Downloading 30MB / 36MB
2025-07-08T14:34:24.712Z INFO  - 15e7e602a819 Downloading 3MB / 173MB
2025-07-08T14:34:24.810Z INFO  - 10b77ad90b95 Downloading 1MB / 18MB
2025-07-08T14:34:24.902Z INFO  - a46943c2b6e6 Downloading 4MB / 166MB
2025-07-08T14:34:24.941Z INFO  - 15e7e602a819 Downloading 4MB / 173MB
2025-07-08T14:34:24.962Z INFO  - b1831021e35a Downloading 32MB / 36MB
2025-07-08T14:34:24.981Z INFO  - 10b77ad90b95 Downloading 2MB / 18MB
2025-07-08T14:34:24.982Z INFO  - c33bb5b334d0 Downloading 4MB / 14MB
2025-07-08T14:34:25.131Z INFO  - b1831021e35a Downloading 34MB / 36MB
2025-07-08T14:34:25.272Z INFO  - c33bb5b334d0 Downloading 4MB / 14MB
2025-07-08T14:34:25.362Z INFO  - 10b77ad90b95 Downloading 3MB / 18MB
2025-07-08T14:34:25.564Z INFO  - b1831021e35a Verifying Checksum
2025-07-08T14:34:25.583Z INFO  - b1831021e35a Download complete
2025-07-08T14:34:25.746Z INFO  - 10b77ad90b95 Downloading 5MB / 18MB
2025-07-08T14:34:25.754Z INFO  - 61320b01ae5e Extracting 1MB / 26MB
2025-07-08T14:34:25.837Z INFO  - c33bb5b334d0 Downloading 7MB / 14MB
2025-07-08T14:34:25.946Z INFO  - 15e7e602a819 Downloading 7MB / 173MB
2025-07-08T14:34:25.955Z INFO  - 61320b01ae5e Extracting 1MB / 26MB
2025-07-08T14:34:26.087Z INFO  - a46943c2b6e6 Downloading 7MB / 166MB
2025-07-08T14:34:26.096Z INFO  - 61320b01ae5e Extracting 2MB / 26MB
2025-07-08T14:34:26.219Z INFO  - 61320b01ae5e Extracting 2MB / 26MB
2025-07-08T14:34:26.277Z INFO  - 891a04bd2d82 Downloading 1MB / 233MB
2025-07-08T14:34:26.278Z INFO  - 15e7e602a819 Downloading 7MB / 173MB
2025-07-08T14:34:26.420Z INFO  - a46943c2b6e6 Downloading 7MB / 166MB
2025-07-08T14:34:26.478Z INFO  - 61320b01ae5e Extracting 4MB / 26MB
2025-07-08T14:34:26.561Z INFO  - c33bb5b334d0 Downloading 8MB / 14MB
2025-07-08T14:34:26.652Z INFO  - 15e7e602a819 Downloading 8MB / 173MB
2025-07-08T14:34:26.710Z INFO  - 61320b01ae5e Extracting 6MB / 26MB
2025-07-08T14:34:26.783Z INFO  - 10b77ad90b95 Downloading 8MB / 18MB
2025-07-08T14:34:26.903Z INFO  - c33bb5b334d0 Downloading 9MB / 14MB
2025-07-08T14:34:26.910Z INFO  - 61320b01ae5e Extracting 7MB / 26MB
2025-07-08T14:34:27.242Z INFO  - 10b77ad90b95 Downloading 8MB / 18MB
2025-07-08T14:34:27.264Z INFO  - 15e7e602a819 Downloading 11MB / 173MB
2025-07-08T14:34:27.302Z INFO  - a46943c2b6e6 Downloading 10MB / 166MB
2025-07-08T14:34:27.393Z INFO  - 61320b01ae5e Extracting 8MB / 26MB
2025-07-08T14:34:27.574Z INFO  - 10b77ad90b95 Downloading 10MB / 18MB
2025-07-08T14:34:27.627Z INFO  - 61320b01ae5e Extracting 9MB / 26MB
2025-07-08T14:34:27.826Z INFO  - 61320b01ae5e Extracting 9MB / 26MB
2025-07-08T14:34:27.865Z INFO  - 10b77ad90b95 Downloading 11MB / 18MB
2025-07-08T14:34:27.886Z INFO  - 15e7e602a819 Downloading 14MB / 173MB
2025-07-08T14:34:27.926Z INFO  - 891a04bd2d82 Downloading 1MB / 233MB
2025-07-08T14:34:28.068Z INFO  - c33bb5b334d0 Downloading 13MB / 14MB
2025-07-08T14:34:28.430Z INFO  - 15e7e602a819 Downloading 14MB / 173MB
2025-07-08T14:34:28.519Z INFO  - c33bb5b334d0 Downloading 14MB / 14MB
2025-07-08T14:34:28.591Z INFO  - 61320b01ae5e Extracting 14MB / 26MB
2025-07-08T14:34:28.763Z INFO  - c33bb5b334d0 Verifying Checksum
2025-07-08T14:34:28.770Z INFO  - c33bb5b334d0 Download complete
2025-07-08T14:34:28.913Z INFO  - a46943c2b6e6 Downloading 13MB / 166MB
2025-07-08T14:34:29.064Z INFO  - a46943c2b6e6 Downloading 14MB / 166MB
2025-07-08T14:34:29.214Z INFO  - 61320b01ae5e Extracting 18MB / 26MB
2025-07-08T14:34:29.403Z INFO  - 10b77ad90b95 Downloading 14MB / 18MB
2025-07-08T14:34:29.496Z INFO  - 61320b01ae5e Extracting 20MB / 26MB
2025-07-08T14:34:29.645Z INFO  - 15e7e602a819 Downloading 17MB / 173MB
2025-07-08T14:34:29.716Z INFO  - 10b77ad90b95 Downloading 15MB / 18MB
2025-07-08T14:34:29.725Z INFO  - 61320b01ae5e Extracting 21MB / 26MB
2025-07-08T14:34:30.017Z INFO  - 891a04bd2d82 Downloading 2MB / 233MB
2025-07-08T14:34:30.059Z INFO  - 15e7e602a819 Downloading 21MB / 173MB
2025-07-08T14:34:30.188Z INFO  - a46943c2b6e6 Downloading 17MB / 166MB
2025-07-08T14:34:30.219Z INFO  - 15e7e602a819 Downloading 22MB / 173MB
2025-07-08T14:34:30.238Z INFO  - 10b77ad90b95 Verifying Checksum
2025-07-08T14:34:30.240Z INFO  - 10b77ad90b95 Download complete
2025-07-08T14:34:30.500Z INFO  - 15e7e602a819 Downloading 25MB / 173MB
2025-07-08T14:34:30.760Z INFO  - 61320b01ae5e Extracting 22MB / 26MB
2025-07-08T14:34:30.994Z INFO  - 15e7e602a819 Downloading 28MB / 173MB
2025-07-08T14:34:31.325Z INFO  - a46943c2b6e6 Downloading 26MB / 166MB
2025-07-08T14:34:31.485Z INFO  - 61320b01ae5e Extracting 25MB / 26MB
2025-07-08T14:34:31.515Z INFO  - 15e7e602a819 Downloading 32MB / 173MB
2025-07-08T14:34:31.607Z INFO  - a46943c2b6e6 Downloading 30MB / 166MB
2025-07-08T14:34:31.869Z INFO  - 15e7e602a819 Downloading 35MB / 173MB
2025-07-08T14:34:32.099Z INFO  - a46943c2b6e6 Downloading 33MB / 166MB
2025-07-08T14:34:32.179Z INFO  - 15e7e602a819 Downloading 39MB / 173MB
2025-07-08T14:34:32.390Z INFO  - a46943c2b6e6 Downloading 37MB / 166MB
2025-07-08T14:34:32.412Z INFO  - 15e7e602a819 Downloading 42MB / 173MB
2025-07-08T14:34:32.653Z INFO  - a46943c2b6e6 Downloading 40MB / 166MB
2025-07-08T14:34:32.693Z INFO  - 15e7e602a819 Downloading 45MB / 173MB
2025-07-08T14:34:32.723Z INFO  - 61320b01ae5e Extracting 25MB / 26MB
2025-07-08T14:34:32.772Z INFO  - a46943c2b6e6 Downloading 41MB / 166MB
2025-07-08T14:34:32.945Z INFO  - a46943c2b6e6 Downloading 43MB / 166MB
2025-07-08T14:34:32.965Z INFO  - 15e7e602a819 Downloading 49MB / 173MB
2025-07-08T14:34:33.094Z INFO  - a46943c2b6e6 Downloading 44MB / 166MB
2025-07-08T14:34:33.244Z INFO  - a46943c2b6e6 Downloading 46MB / 166MB
2025-07-08T14:34:33.364Z INFO  - a46943c2b6e6 Downloading 47MB / 166MB
2025-07-08T14:34:33.404Z INFO  - 15e7e602a819 Downloading 52MB / 173MB
2025-07-08T14:34:33.487Z INFO  - 15e7e602a819 Downloading 52MB / 173MB
2025-07-08T14:34:33.628Z INFO  - a46943c2b6e6 Downloading 49MB / 166MB
2025-07-08T14:34:33.738Z INFO  - a46943c2b6e6 Downloading 51MB / 166MB
2025-07-08T14:34:33.746Z INFO  - 61320b01ae5e Extracting 26MB / 26MB
2025-07-08T14:34:33.987Z INFO  - 15e7e602a819 Downloading 55MB / 173MB
2025-07-08T14:34:34.068Z INFO  - a46943c2b6e6 Downloading 54MB / 166MB
2025-07-08T14:34:34.108Z INFO  - 15e7e602a819 Downloading 56MB / 173MB
2025-07-08T14:34:34.341Z INFO  - 61320b01ae5e Extracting 26MB / 26MB
2025-07-08T14:34:34.401Z INFO  - a46943c2b6e6 Downloading 60MB / 166MB
2025-07-08T14:34:34.409Z INFO  - 15e7e602a819 Downloading 56MB / 173MB
2025-07-08T14:34:34.472Z INFO  - 61320b01ae5e Pull complete
2025-07-08T14:34:34.482Z INFO  - b98d3ae1ab80 Extracting 3KB / 3KB
2025-07-08T14:34:34.501Z INFO  - b98d3ae1ab80 Extracting 3KB / 3KB
2025-07-08T14:34:34.524Z INFO  - b98d3ae1ab80 Pull complete
2025-07-08T14:34:34.854Z INFO  - a46943c2b6e6 Downloading 64MB / 166MB
2025-07-08T14:34:34.872Z INFO  - b1831021e35a Extracting 1MB / 36MB
2025-07-08T14:34:34.963Z INFO  - b1831021e35a Extracting 2MB / 36MB
2025-07-08T14:34:35.246Z INFO  - 15e7e602a819 Downloading 59MB / 173MB
2025-07-08T14:34:35.477Z INFO  - a46943c2b6e6 Downloading 66MB / 166MB
2025-07-08T14:34:35.515Z INFO  - b1831021e35a Extracting 3MB / 36MB
2025-07-08T14:34:35.668Z INFO  - b1831021e35a Extracting 4MB / 36MB
2025-07-08T14:34:35.798Z INFO  - b1831021e35a Extracting 5MB / 36MB
2025-07-08T14:34:35.937Z INFO  - b1831021e35a Extracting 6MB / 36MB
2025-07-08T14:34:36.010Z INFO  - 15e7e602a819 Downloading 63MB / 173MB
2025-07-08T14:34:36.632Z INFO  - a46943c2b6e6 Downloading 70MB / 166MB
2025-07-08T14:34:36.854Z INFO  - b1831021e35a Extracting 12MB / 36MB
2025-07-08T14:34:36.935Z INFO  - a46943c2b6e6 Downloading 71MB / 166MB
2025-07-08T14:34:36.943Z INFO  - b1831021e35a Extracting 12MB / 36MB
2025-07-08T14:34:37.034Z INFO  - 15e7e602a819 Downloading 66MB / 173MB
2025-07-08T14:34:37.487Z INFO  - 15e7e602a819 Downloading 67MB / 173MB
2025-07-08T14:34:37.488Z INFO  - b1831021e35a Extracting 15MB / 36MB
2025-07-08T14:34:37.678Z INFO  - a46943c2b6e6 Downloading 73MB / 166MB
2025-07-08T14:34:37.928Z INFO  - 15e7e602a819 Downloading 69MB / 173MB
2025-07-08T14:34:37.930Z INFO  - b1831021e35a Extracting 16MB / 36MB
2025-07-08T14:34:37.999Z INFO  - 15e7e602a819 Downloading 70MB / 173MB
2025-07-08T14:34:38.058Z INFO  - b1831021e35a Extracting 17MB / 36MB
2025-07-08T14:34:38.251Z INFO  - a46943c2b6e6 Downloading 77MB / 166MB
2025-07-08T14:34:38.351Z INFO  - b1831021e35a Extracting 19MB / 36MB
2025-07-08T14:34:38.460Z INFO  - b1831021e35a Extracting 19MB / 36MB
2025-07-08T14:34:38.544Z INFO  - 15e7e602a819 Downloading 73MB / 173MB
2025-07-08T14:34:38.551Z INFO  - b1831021e35a Extracting 20MB / 36MB
2025-07-08T14:34:38.913Z INFO  - b1831021e35a Extracting 22MB / 36MB
2025-07-08T14:34:38.996Z INFO  - 15e7e602a819 Downloading 73MB / 173MB
2025-07-08T14:34:39.006Z INFO  - a46943c2b6e6 Downloading 79MB / 166MB
2025-07-08T14:34:39.014Z INFO  - b1831021e35a Extracting 23MB / 36MB
2025-07-08T14:34:39.136Z INFO  - a46943c2b6e6 Downloading 80MB / 166MB
2025-07-08T14:34:39.145Z INFO  - b1831021e35a Extracting 24MB / 36MB
2025-07-08T14:34:39.275Z INFO  - a46943c2b6e6 Downloading 80MB / 166MB
2025-07-08T14:34:39.277Z INFO  - b1831021e35a Extracting 25MB / 36MB
2025-07-08T14:34:39.777Z INFO  - b1831021e35a Extracting 27MB / 36MB
2025-07-08T14:34:39.931Z INFO  - b1831021e35a Extracting 27MB / 36MB
2025-07-08T14:34:40.061Z INFO  - 15e7e602a819 Downloading 80MB / 173MB
2025-07-08T14:34:40.069Z INFO  - b1831021e35a Extracting 28MB / 36MB
2025-07-08T14:34:40.141Z INFO  - b1831021e35a Extracting 29MB / 36MB
2025-07-08T14:34:40.491Z INFO  - a46943c2b6e6 Downloading 83MB / 166MB
2025-07-08T14:34:40.552Z INFO  - 15e7e602a819 Downloading 81MB / 173MB
2025-07-08T14:34:40.643Z INFO  - a46943c2b6e6 Downloading 84MB / 166MB
2025-07-08T14:34:40.814Z INFO  - b1831021e35a Extracting 31MB / 36MB
2025-07-08T14:34:40.915Z INFO  - b1831021e35a Extracting 32MB / 36MB
2025-07-08T14:34:40.965Z INFO  - 15e7e602a819 Downloading 83MB / 173MB
2025-07-08T14:34:41.095Z INFO  - 15e7e602a819 Downloading 84MB / 173MB
2025-07-08T14:34:41.216Z INFO  - b1831021e35a Extracting 33MB / 36MB
2025-07-08T14:34:41.256Z INFO  - a46943c2b6e6 Downloading 87MB / 166MB
2025-07-08T14:34:41.316Z INFO  - 15e7e602a819 Downloading 87MB / 173MB
2025-07-08T14:34:41.518Z INFO  - a46943c2b6e6 Downloading 90MB / 166MB
2025-07-08T14:34:41.558Z INFO  - 15e7e602a819 Downloading 90MB / 173MB
2025-07-08T14:34:41.659Z INFO  - 15e7e602a819 Downloading 90MB / 173MB
2025-07-08T14:34:41.819Z INFO  - a46943c2b6e6 Downloading 94MB / 166MB
2025-07-08T14:34:41.989Z INFO  - b1831021e35a Extracting 33MB / 36MB
2025-07-08T14:34:42.070Z INFO  - 15e7e602a819 Downloading 93MB / 173MB
2025-07-08T14:34:42.072Z INFO  - a46943c2b6e6 Downloading 96MB / 166MB
2025-07-08T14:34:42.261Z INFO  - a46943c2b6e6 Downloading 97MB / 166MB
2025-07-08T14:34:42.524Z INFO  - a46943c2b6e6 Downloading 100MB / 166MB
2025-07-08T14:34:42.532Z INFO  - 15e7e602a819 Downloading 101MB / 173MB
2025-07-08T14:34:42.876Z INFO  - 15e7e602a819 Downloading 104MB / 173MB
2025-07-08T14:34:42.936Z INFO  - a46943c2b6e6 Downloading 104MB / 166MB
2025-07-08T14:34:42.985Z INFO  - 15e7e602a819 Downloading 105MB / 173MB
2025-07-08T14:34:43.067Z INFO  - b1831021e35a Extracting 34MB / 36MB
2025-07-08T14:34:43.258Z INFO  - a46943c2b6e6 Downloading 106MB / 166MB
2025-07-08T14:34:43.288Z INFO  - 15e7e602a819 Downloading 108MB / 173MB
2025-07-08T14:34:43.348Z INFO  - a46943c2b6e6 Downloading 107MB / 166MB
2025-07-08T14:34:43.578Z INFO  - 15e7e602a819 Downloading 111MB / 173MB
2025-07-08T14:34:43.589Z INFO  - a46943c2b6e6 Downloading 109MB / 166MB
2025-07-08T14:34:43.690Z INFO  - 15e7e602a819 Downloading 111MB / 173MB
2025-07-08T14:34:44.361Z INFO  - b1831021e35a Extracting 35MB / 36MB
2025-07-08T14:34:44.363Z INFO  - 15e7e602a819 Downloading 115MB / 173MB
2025-07-08T14:34:44.384Z INFO  - a46943c2b6e6 Downloading 116MB / 166MB
2025-07-08T14:34:44.452Z INFO  - 15e7e602a819 Downloading 115MB / 173MB
2025-07-08T14:34:44.484Z INFO  - a46943c2b6e6 Downloading 117MB / 166MB
2025-07-08T14:34:44.724Z INFO  - 15e7e602a819 Downloading 118MB / 173MB
2025-07-08T14:34:44.775Z INFO  - a46943c2b6e6 Downloading 120MB / 166MB
2025-07-08T14:34:44.817Z INFO  - 15e7e602a819 Downloading 119MB / 173MB
2025-07-08T14:34:44.967Z INFO  - 15e7e602a819 Downloading 121MB / 173MB
2025-07-08T14:34:45.077Z INFO  - a46943c2b6e6 Downloading 123MB / 166MB
2025-07-08T14:34:45.199Z INFO  - 15e7e602a819 Downloading 125MB / 173MB
2025-07-08T14:34:45.380Z INFO  - a46943c2b6e6 Downloading 127MB / 166MB
2025-07-08T14:34:45.429Z INFO  - b1831021e35a Extracting 36MB / 36MB
2025-07-08T14:34:45.437Z INFO  - 15e7e602a819 Downloading 129MB / 173MB
2025-07-08T14:34:45.730Z INFO  - 15e7e602a819 Downloading 132MB / 173MB
2025-07-08T14:34:45.748Z INFO  - a46943c2b6e6 Downloading 130MB / 166MB
2025-07-08T14:34:45.963Z INFO  - b1831021e35a Extracting 36MB / 36MB
2025-07-08T14:34:46.101Z INFO  - 15e7e602a819 Downloading 136MB / 173MB
2025-07-08T14:34:46.102Z INFO  - a46943c2b6e6 Downloading 133MB / 166MB
2025-07-08T14:34:46.244Z INFO  - b1831021e35a Pull complete
2025-07-08T14:34:46.282Z INFO  - a46943c2b6e6 Downloading 137MB / 166MB
2025-07-08T14:34:46.384Z INFO  - a46943c2b6e6 Downloading 139MB / 166MB
2025-07-08T14:34:46.473Z INFO  - 15e7e602a819 Downloading 143MB / 173MB
2025-07-08T14:34:46.754Z INFO  - 15e7e602a819 Downloading 145MB / 173MB
2025-07-08T14:34:46.875Z INFO  - c768ab8cba73 Extracting 608KB / 1MB
2025-07-08T14:34:47.005Z INFO  - a46943c2b6e6 Downloading 142MB / 166MB
2025-07-08T14:34:47.024Z INFO  - 15e7e602a819 Downloading 146MB / 173MB
2025-07-08T14:34:47.085Z INFO  - c768ab8cba73 Extracting 1MB / 1MB
2025-07-08T14:34:47.146Z INFO  - a46943c2b6e6 Downloading 144MB / 166MB
2025-07-08T14:34:47.148Z INFO  - c768ab8cba73 Extracting 1MB / 1MB
2025-07-08T14:34:47.158Z INFO  - c768ab8cba73 Pull complete
2025-07-08T14:34:47.247Z INFO  - a46943c2b6e6 Downloading 146MB / 166MB
2025-07-08T14:34:47.337Z INFO  - 15e7e602a819 Downloading 150MB / 173MB
2025-07-08T14:34:47.339Z INFO  - 8c994cf49dd1 Extracting 448B / 448B
2025-07-08T14:34:47.428Z INFO  - 8c994cf49dd1 Extracting 448B / 448B
2025-07-08T14:34:47.508Z INFO  - a46943c2b6e6 Downloading 150MB / 166MB
2025-07-08T14:34:47.550Z INFO  - 8c994cf49dd1 Pull complete
2025-07-08T14:34:47.629Z INFO  - a46943c2b6e6 Downloading 153MB / 166MB
2025-07-08T14:34:47.639Z INFO  - 15e7e602a819 Downloading 157MB / 173MB
2025-07-08T14:34:47.729Z INFO  - a46943c2b6e6 Downloading 157MB / 166MB
2025-07-08T14:34:47.881Z INFO  - 15e7e602a819 Downloading 159MB / 173MB
2025-07-08T14:34:47.963Z INFO  - a46943c2b6e6 Downloading 164MB / 166MB
2025-07-08T14:34:48.050Z INFO  - a46943c2b6e6 Verifying Checksum
2025-07-08T14:34:48.052Z INFO  - a46943c2b6e6 Download complete
2025-07-08T14:34:48.120Z INFO  - 15e7e602a819 Downloading 163MB / 173MB
2025-07-08T14:34:48.508Z INFO  - 15e7e602a819 Downloading 166MB / 173MB
2025-07-08T14:34:48.861Z INFO  - 15e7e602a819 Downloading 171MB / 173MB
2025-07-08T14:34:49.083Z INFO  - 15e7e602a819 Verifying Checksum
2025-07-08T14:34:49.084Z INFO  - 15e7e602a819 Download complete
2025-07-08T14:34:54.088Z INFO  - 891a04bd2d82 Downloading 5MB / 233MB
2025-07-08T14:34:59.731Z INFO  - 891a04bd2d82 Downloading 5MB / 233MB
2025-07-08T14:35:11.778Z INFO  - 891a04bd2d82 Downloading 6MB / 233MB
2025-07-08T14:35:35.716Z INFO  - 891a04bd2d82 Downloading 6MB / 233MB
2025-07-08T14:39:55.071Z INFO  - 891a04bd2d82 Downloading 9MB / 233MB
2025-07-08T14:40:34.216Z INFO  - 891a04bd2d82 Downloading 10MB / 233MB
2025-07-08T14:41:14.305Z INFO  - 891a04bd2d82 Downloading 10MB / 233MB
2025-07-08T14:41:57.498Z INFO  - 891a04bd2d82 Downloading 11MB / 233MB
2025-07-08T14:46:29.377Z INFO  - 891a04bd2d82 Downloading 14MB / 233MB
2025-07-08T14:47:29.769Z INFO  - 891a04bd2d82 Downloading 14MB / 233MB
2025-07-08T14:48:14.028Z INFO  - 891a04bd2d82 Downloading 15MB / 233MB
2025-07-08T14:48:34.724Z INFO  - 891a04bd2d82 Downloading 15MB / 233MB
2025-07-08T14:49:03.234Z INFO  - 891a04bd2d82 Downloading 16MB / 233MB
2025-07-08T14:50:30.900Z INFO  - 891a04bd2d82 Downloading 18MB / 233MB
2025-07-08T14:50:34.080Z INFO  - 891a04bd2d82 Downloading 19MB / 233MB
2025-07-08T14:50:37.489Z INFO  - 891a04bd2d82 Downloading 19MB / 233MB
2025-07-08T14:50:41.287Z INFO  - 891a04bd2d82 Downloading 20MB / 233MB
2025-07-08T14:50:44.771Z INFO  - 891a04bd2d82 Downloading 20MB / 233MB
2025-07-08T14:50:56.544Z INFO  - 891a04bd2d82 Downloading 23MB / 233MB
2025-07-08T14:50:58.030Z INFO  - 891a04bd2d82 Downloading 23MB / 233MB
2025-07-08T14:50:59.460Z INFO  - 891a04bd2d82 Downloading 24MB / 233MB
2025-07-08T14:51:00.753Z INFO  - 891a04bd2d82 Downloading 24MB / 233MB
2025-07-08T14:51:02.101Z INFO  - 891a04bd2d82 Downloading 25MB / 233MB
2025-07-08T14:51:07.506Z INFO  - 891a04bd2d82 Downloading 28MB / 233MB
2025-07-08T14:51:08.263Z INFO  - 891a04bd2d82 Downloading 29MB / 233MB
2025-07-08T14:51:09.710Z INFO  - 891a04bd2d82 Downloading 29MB / 233MB
2025-07-08T14:51:09.961Z INFO  - 891a04bd2d82 Downloading 30MB / 233MB
2025-07-08T14:51:14.221Z INFO  - 891a04bd2d82 Downloading 33MB / 233MB
2025-07-08T14:51:15.523Z INFO  - 891a04bd2d82 Downloading 33MB / 233MB
2025-07-08T14:51:15.692Z INFO  - 891a04bd2d82 Downloading 34MB / 233MB
2025-07-08T14:51:16.202Z INFO  - 891a04bd2d82 Downloading 34MB / 233MB
2025-07-08T14:51:20.337Z INFO  - 891a04bd2d82 Downloading 37MB / 233MB
2025-07-08T14:51:20.908Z INFO  - 891a04bd2d82 Downloading 38MB / 233MB
2025-07-08T14:51:21.576Z INFO  - 891a04bd2d82 Downloading 38MB / 233MB
2025-07-08T14:51:22.442Z INFO  - 891a04bd2d82 Downloading 39MB / 233MB
2025-07-08T14:51:22.776Z INFO  - 891a04bd2d82 Downloading 39MB / 233MB
2025-07-08T14:51:27.953Z INFO  - 891a04bd2d82 Downloading 42MB / 233MB
2025-07-08T14:51:28.814Z INFO  - 891a04bd2d82 Downloading 42MB / 233MB
2025-07-08T14:51:29.485Z INFO  - 891a04bd2d82 Downloading 43MB / 233MB
2025-07-08T14:51:30.035Z INFO  - 891a04bd2d82 Downloading 43MB / 233MB
2025-07-08T14:51:30.790Z INFO  - 891a04bd2d82 Downloading 44MB / 233MB
2025-07-08T14:51:34.304Z INFO  - 891a04bd2d82 Downloading 46MB / 233MB
2025-07-08T14:51:34.825Z INFO  - 891a04bd2d82 Downloading 47MB / 233MB
2025-07-08T14:51:35.668Z INFO  - 891a04bd2d82 Downloading 47MB / 233MB
2025-07-08T14:51:36.400Z INFO  - 891a04bd2d82 Downloading 48MB / 233MB
2025-07-08T14:51:36.860Z INFO  - 891a04bd2d82 Downloading 48MB / 233MB
2025-07-08T14:51:40.883Z INFO  - 891a04bd2d82 Downloading 51MB / 233MB
2025-07-08T14:51:41.949Z INFO  - 891a04bd2d82 Downloading 52MB / 233MB
2025-07-08T14:51:42.344Z INFO  - 891a04bd2d82 Downloading 52MB / 233MB
2025-07-08T14:51:42.897Z INFO  - 891a04bd2d82 Downloading 53MB / 233MB
2025-07-08T14:51:46.966Z INFO  - 891a04bd2d82 Downloading 56MB / 233MB
2025-07-08T14:51:47.896Z INFO  - 891a04bd2d82 Downloading 57MB / 233MB
2025-07-08T14:51:48.716Z INFO  - 891a04bd2d82 Downloading 57MB / 233MB
2025-07-08T14:51:49.573Z INFO  - 891a04bd2d82 Downloading 58MB / 233MB
2025-07-08T14:51:53.496Z INFO  - 891a04bd2d82 Downloading 61MB / 233MB
2025-07-08T14:51:54.194Z INFO  - 891a04bd2d82 Downloading 61MB / 233MB
2025-07-08T14:51:55.008Z INFO  - 891a04bd2d82 Downloading 62MB / 233MB
2025-07-08T14:51:55.385Z INFO  - 891a04bd2d82 Downloading 62MB / 233MB
2025-07-08T14:51:59.592Z INFO  - 891a04bd2d82 Retrying in 5 seconds
2025-07-08T14:52:00.591Z INFO  - 891a04bd2d82 Retrying in 4 seconds
2025-07-08T14:52:01.598Z INFO  - 891a04bd2d82 Retrying in 3 seconds
2025-07-08T14:52:02.596Z INFO  - 891a04bd2d82 Retrying in 2 seconds
2025-07-08T14:52:03.592Z INFO  - 891a04bd2d82 Retrying in 1 second
2025-07-08T14:52:05.767Z INFO  - 891a04bd2d82 Downloading 527KB / 168MB
2025-07-08T14:52:05.991Z INFO  - 891a04bd2d82 Downloading 10MB / 168MB
2025-07-08T14:52:06.132Z INFO  - 891a04bd2d82 Downloading 14MB / 168MB
2025-07-08T14:52:06.404Z INFO  - 891a04bd2d82 Downloading 24MB / 168MB
2025-07-08T14:52:06.533Z INFO  - 891a04bd2d82 Downloading 27MB / 168MB
2025-07-08T14:52:07.156Z INFO  - 891a04bd2d82 Downloading 41MB / 168MB
2025-07-08T14:52:07.279Z INFO  - 891a04bd2d82 Downloading 45MB / 168MB
2025-07-08T14:52:07.390Z INFO  - 891a04bd2d82 Downloading 47MB / 168MB
2025-07-08T14:52:07.569Z INFO  - 891a04bd2d82 Downloading 52MB / 168MB
2025-07-08T14:52:07.660Z INFO  - 891a04bd2d82 Downloading 54MB / 168MB
2025-07-08T14:52:07.881Z INFO  - 891a04bd2d82 Downloading 64MB / 168MB
2025-07-08T14:52:07.982Z INFO  - 891a04bd2d82 Downloading 68MB / 168MB
2025-07-08T14:52:08.212Z INFO  - 891a04bd2d82 Downloading 79MB / 168MB
2025-07-08T14:52:08.353Z INFO  - 891a04bd2d82 Downloading 84MB / 168MB
2025-07-08T14:52:08.825Z INFO  - 891a04bd2d82 Downloading 94MB / 168MB
2025-07-08T14:52:09.192Z INFO  - 891a04bd2d82 Downloading 102MB / 168MB
2025-07-08T14:52:09.576Z INFO  - 891a04bd2d82 Downloading 111MB / 168MB
2025-07-08T14:52:09.694Z INFO  - 891a04bd2d82 Downloading 114MB / 168MB
2025-07-08T14:52:09.804Z INFO  - 891a04bd2d82 Downloading 119MB / 168MB
2025-07-08T14:52:09.896Z INFO  - 891a04bd2d82 Downloading 125MB / 168MB
2025-07-08T14:52:10.238Z INFO  - 891a04bd2d82 Downloading 135MB / 168MB
2025-07-08T14:52:10.689Z INFO  - 891a04bd2d82 Downloading 146MB / 168MB
2025-07-08T14:52:10.792Z INFO  - 891a04bd2d82 Downloading 149MB / 168MB
2025-07-08T14:52:10.930Z INFO  - 891a04bd2d82 Downloading 151MB / 168MB
2025-07-08T14:52:11.161Z INFO  - 891a04bd2d82 Downloading 156MB / 168MB
2025-07-08T14:52:11.472Z INFO  - 891a04bd2d82 Downloading 166MB / 168MB
2025-07-08T14:52:11.522Z INFO  - 891a04bd2d82 Verifying Checksum
2025-07-08T14:52:11.524Z INFO  - 891a04bd2d82 Download complete
2025-07-08T14:52:12.308Z INFO  - 891a04bd2d82 Extracting 544KB / 233MB
2025-07-08T14:52:12.587Z INFO  - 891a04bd2d82 Extracting 1MB / 233MB
2025-07-08T14:52:12.928Z INFO  - 891a04bd2d82 Extracting 1MB / 233MB
2025-07-08T14:52:13.019Z INFO  - 891a04bd2d82 Extracting 2MB / 233MB
2025-07-08T14:52:14.023Z INFO  - 891a04bd2d82 Extracting 4MB / 233MB
2025-07-08T14:52:14.719Z INFO  - 891a04bd2d82 Extracting 5MB / 233MB
2025-07-08T14:52:14.981Z INFO  - 891a04bd2d82 Extracting 6MB / 233MB
2025-07-08T14:52:16.015Z INFO  - 891a04bd2d82 Extracting 9MB / 233MB
2025-07-08T14:52:16.319Z INFO  - 891a04bd2d82 Extracting 10MB / 233MB
2025-07-08T14:52:16.337Z INFO  - 891a04bd2d82 Extracting 11MB / 233MB
2025-07-08T14:52:16.941Z INFO  - 891a04bd2d82 Extracting 14MB / 233MB
2025-07-08T14:52:17.645Z INFO  - 891a04bd2d82 Extracting 19MB / 233MB
2025-07-08T14:52:17.715Z INFO  - 891a04bd2d82 Extracting 19MB / 233MB
2025-07-08T14:52:17.848Z INFO  - 891a04bd2d82 Extracting 20MB / 233MB
2025-07-08T14:52:17.988Z INFO  - 891a04bd2d82 Extracting 20MB / 233MB
2025-07-08T14:52:19.213Z INFO  - 891a04bd2d82 Extracting 23MB / 233MB
2025-07-08T14:52:19.627Z INFO  - 891a04bd2d82 Extracting 24MB / 233MB
2025-07-08T14:52:19.725Z INFO  - 891a04bd2d82 Extracting 25MB / 233MB
2025-07-08T14:52:22.201Z INFO  - 891a04bd2d82 Extracting 28MB / 233MB
2025-07-08T14:52:22.492Z INFO  - 891a04bd2d82 Extracting 28MB / 233MB
2025-07-08T14:52:23.086Z INFO  - 891a04bd2d82 Extracting 29MB / 233MB
2025-07-08T14:52:23.407Z INFO  - 891a04bd2d82 Extracting 29MB / 233MB
2025-07-08T14:52:23.618Z INFO  - 891a04bd2d82 Extracting 30MB / 233MB
2025-07-08T14:52:24.274Z INFO  - 891a04bd2d82 Extracting 32MB / 233MB
2025-07-08T14:52:24.392Z INFO  - 891a04bd2d82 Extracting 35MB / 233MB
2025-07-08T14:52:25.047Z INFO  - 891a04bd2d82 Extracting 37MB / 233MB
2025-07-08T14:52:25.350Z INFO  - 891a04bd2d82 Extracting 38MB / 233MB
2025-07-08T14:52:25.689Z INFO  - 891a04bd2d82 Extracting 39MB / 233MB
2025-07-08T14:52:27.560Z INFO  - 891a04bd2d82 Extracting 42MB / 233MB
2025-07-08T14:52:27.561Z INFO  - 891a04bd2d82 Extracting 43MB / 233MB
2025-07-08T14:52:28.726Z INFO  - 891a04bd2d82 Extracting 47MB / 233MB
2025-07-08T14:52:28.929Z INFO  - 891a04bd2d82 Extracting 47MB / 233MB
2025-07-08T14:52:29.442Z INFO  - 891a04bd2d82 Extracting 48MB / 233MB
2025-07-08T14:52:30.598Z INFO  - 891a04bd2d82 Extracting 52MB / 233MB
2025-07-08T14:52:30.606Z INFO  - 891a04bd2d82 Extracting 52MB / 233MB
2025-07-08T14:52:30.969Z INFO  - 891a04bd2d82 Extracting 53MB / 233MB
2025-07-08T14:52:32.891Z INFO  - 891a04bd2d82 Extracting 57MB / 233MB
2025-07-08T14:52:32.950Z INFO  - 891a04bd2d82 Extracting 58MB / 233MB
2025-07-08T14:52:34.409Z INFO  - 891a04bd2d82 Extracting 61MB / 233MB
2025-07-08T14:52:34.417Z INFO  - 891a04bd2d82 Extracting 61MB / 233MB
2025-07-08T14:52:34.679Z INFO  - 891a04bd2d82 Extracting 62MB / 233MB
2025-07-08T14:52:35.626Z INFO  - 891a04bd2d82 Extracting 65MB / 233MB
2025-07-08T14:52:35.815Z INFO  - 891a04bd2d82 Extracting 66MB / 233MB
2025-07-08T14:52:35.938Z INFO  - 891a04bd2d82 Extracting 66MB / 233MB
2025-07-08T14:52:36.067Z INFO  - 891a04bd2d82 Extracting 67MB / 233MB
2025-07-08T14:52:37.004Z INFO  - 891a04bd2d82 Extracting 70MB / 233MB
2025-07-08T14:52:37.153Z INFO  - 891a04bd2d82 Extracting 71MB / 233MB
2025-07-08T14:52:37.756Z INFO  - 891a04bd2d82 Extracting 75MB / 233MB
2025-07-08T14:52:37.878Z INFO  - 891a04bd2d82 Extracting 76MB / 233MB
2025-07-08T14:52:38.010Z INFO  - 891a04bd2d82 Extracting 77MB / 233MB
2025-07-08T14:52:38.402Z INFO  - 891a04bd2d82 Extracting 79MB / 233MB
2025-07-08T14:52:38.522Z INFO  - 891a04bd2d82 Extracting 80MB / 233MB
2025-07-08T14:52:38.671Z INFO  - 891a04bd2d82 Extracting 81MB / 233MB
2025-07-08T14:52:39.064Z INFO  - 891a04bd2d82 Extracting 84MB / 233MB
2025-07-08T14:52:39.266Z INFO  - 891a04bd2d82 Extracting 85MB / 233MB
2025-07-08T14:52:39.405Z INFO  - 891a04bd2d82 Extracting 86MB / 233MB
2025-07-08T14:52:40.391Z INFO  - 891a04bd2d82 Extracting 90MB / 233MB
2025-07-08T14:52:40.905Z INFO  - 891a04bd2d82 Extracting 94MB / 233MB
2025-07-08T14:52:41.408Z INFO  - 891a04bd2d82 Extracting 98MB / 233MB
2025-07-08T14:52:41.699Z INFO  - 891a04bd2d82 Extracting 100MB / 233MB
2025-07-08T14:52:42.220Z INFO  - 891a04bd2d82 Extracting 104MB / 233MB
2025-07-08T14:52:42.806Z INFO  - 891a04bd2d82 Extracting 107MB / 233MB
2025-07-08T14:52:43.036Z INFO  - 891a04bd2d82 Extracting 109MB / 233MB
2025-07-08T14:52:43.728Z INFO  - 891a04bd2d82 Extracting 113MB / 233MB
2025-07-08T14:52:44.100Z INFO  - 891a04bd2d82 Extracting 117MB / 233MB
2025-07-08T14:52:44.253Z INFO  - 891a04bd2d82 Extracting 118MB / 233MB
2025-07-08T14:52:44.454Z INFO  - 891a04bd2d82 Extracting 119MB / 233MB
2025-07-08T14:52:46.243Z INFO  - 891a04bd2d82 Extracting 122MB / 233MB
2025-07-08T14:52:46.596Z INFO  - 891a04bd2d82 Extracting 126MB / 233MB
2025-07-08T14:52:47.087Z INFO  - 891a04bd2d82 Extracting 128MB / 233MB
2025-07-08T14:52:47.320Z INFO  - 891a04bd2d82 Extracting 131MB / 233MB
2025-07-08T14:52:47.451Z INFO  - 891a04bd2d82 Extracting 132MB / 233MB
2025-07-08T14:52:47.824Z INFO  - 891a04bd2d82 Extracting 136MB / 233MB
2025-07-08T14:52:47.993Z INFO  - 891a04bd2d82 Extracting 137MB / 233MB
2025-07-08T14:52:48.204Z INFO  - 891a04bd2d82 Extracting 137MB / 233MB
2025-07-08T14:52:48.615Z INFO  - 891a04bd2d82 Extracting 140MB / 233MB
2025-07-08T14:52:48.758Z INFO  - 891a04bd2d82 Extracting 142MB / 233MB
2025-07-08T14:52:49.048Z INFO  - 891a04bd2d82 Extracting 145MB / 233MB
2025-07-08T14:52:49.181Z INFO  - 891a04bd2d82 Extracting 146MB / 233MB
2025-07-08T14:52:49.772Z INFO  - 891a04bd2d82 Extracting 149MB / 233MB
2025-07-08T14:52:49.794Z INFO  - 891a04bd2d82 Extracting 150MB / 233MB
2025-07-08T14:52:50.094Z INFO  - 891a04bd2d82 Extracting 151MB / 233MB
2025-07-08T14:52:50.457Z INFO  - 891a04bd2d82 Extracting 155MB / 233MB
2025-07-08T14:52:50.636Z INFO  - 891a04bd2d82 Extracting 156MB / 233MB
2025-07-08T14:52:51.050Z INFO  - 891a04bd2d82 Extracting 159MB / 233MB
2025-07-08T14:52:51.191Z INFO  - 891a04bd2d82 Extracting 160MB / 233MB
2025-07-08T14:52:51.743Z INFO  - 891a04bd2d82 Extracting 164MB / 233MB
2025-07-08T14:52:51.874Z INFO  - 891a04bd2d82 Extracting 165MB / 233MB
2025-07-08T14:52:52.617Z INFO  - 891a04bd2d82 Extracting 168MB / 233MB
2025-07-08T14:52:53.169Z INFO  - 891a04bd2d82 Extracting 173MB / 233MB
2025-07-08T14:52:53.591Z INFO  - 891a04bd2d82 Extracting 175MB / 233MB
2025-07-08T14:52:54.076Z INFO  - 891a04bd2d82 Extracting 179MB / 233MB
2025-07-08T14:52:54.487Z INFO  - 891a04bd2d82 Extracting 183MB / 233MB
2025-07-08T14:52:55.070Z INFO  - 891a04bd2d82 Extracting 187MB / 233MB
2025-07-08T14:52:55.253Z INFO  - 891a04bd2d82 Extracting 188MB / 233MB
2025-07-08T14:52:56.065Z INFO  - 891a04bd2d82 Extracting 192MB / 233MB
2025-07-08T14:52:56.195Z INFO  - 891a04bd2d82 Extracting 193MB / 233MB
2025-07-08T14:52:57.261Z INFO  - 891a04bd2d82 Extracting 197MB / 233MB
2025-07-08T14:52:58.077Z INFO  - 891a04bd2d82 Extracting 201MB / 233MB
2025-07-08T14:52:58.257Z INFO  - 891a04bd2d82 Extracting 201MB / 233MB
2025-07-08T14:52:58.429Z INFO  - 891a04bd2d82 Extracting 202MB / 233MB
2025-07-08T14:52:59.009Z INFO  - 891a04bd2d82 Extracting 206MB / 233MB
2025-07-08T14:52:59.464Z INFO  - 891a04bd2d82 Extracting 211MB / 233MB
2025-07-08T14:53:00.074Z INFO  - 891a04bd2d82 Extracting 219MB / 233MB
2025-07-08T14:53:00.247Z INFO  - 891a04bd2d82 Extracting 221MB / 233MB
2025-07-08T14:53:00.669Z INFO  - 891a04bd2d82 Extracting 221MB / 233MB
2025-07-08T14:53:00.769Z INFO  - 891a04bd2d82 Extracting 222MB / 233MB
2025-07-08T14:53:02.884Z INFO  - 891a04bd2d82 Extracting 225MB / 233MB
2025-07-08T14:53:02.973Z INFO  - 891a04bd2d82 Extracting 226MB / 233MB
2025-07-08T14:53:03.094Z INFO  - 891a04bd2d82 Extracting 226MB / 233MB
2025-07-08T14:53:04.219Z INFO  - 891a04bd2d82 Extracting 229MB / 233MB
2025-07-08T14:53:04.451Z INFO  - 891a04bd2d82 Extracting 230MB / 233MB
2025-07-08T14:53:05.980Z INFO  - 891a04bd2d82 Extracting 233MB / 233MB
2025-07-08T14:53:06.702Z INFO  - 891a04bd2d82 Pull complete
2025-07-08T14:53:06.716Z INFO  - d9674150c26f Extracting 91B / 91B
2025-07-08T14:53:06.734Z INFO  - d9674150c26f Extracting 91B / 91B
2025-07-08T14:53:06.742Z INFO  - d9674150c26f Pull complete
2025-07-08T14:53:06.744Z INFO  - 37a1b86c6909 Extracting 2KB / 2KB
2025-07-08T14:53:06.754Z INFO  - 37a1b86c6909 Extracting 2KB / 2KB
2025-07-08T14:53:06.763Z INFO  - 37a1b86c6909 Pull complete
2025-07-08T14:53:06.775Z INFO  - 48540991ed13 Extracting 32KB / 65KB
2025-07-08T14:53:06.804Z INFO  - 48540991ed13 Extracting 65KB / 65KB
2025-07-08T14:53:06.852Z INFO  - 48540991ed13 Pull complete
2025-07-08T14:53:07.707Z INFO  - 15e7e602a819 Extracting 544KB / 173MB
2025-07-08T14:53:07.709Z INFO  - 15e7e602a819 Extracting 4MB / 173MB
2025-07-08T14:53:07.869Z INFO  - 15e7e602a819 Extracting 7MB / 173MB
2025-07-08T14:53:08.312Z INFO  - 15e7e602a819 Extracting 7MB / 173MB
2025-07-08T14:53:08.915Z INFO  - 15e7e602a819 Extracting 8MB / 173MB
2025-07-08T14:53:12.265Z INFO  - 15e7e602a819 Extracting 10MB / 173MB
2025-07-08T14:53:12.414Z INFO  - 15e7e602a819 Extracting 11MB / 173MB
2025-07-08T14:53:12.808Z INFO  - 15e7e602a819 Extracting 14MB / 173MB
2025-07-08T14:53:13.270Z INFO  - 15e7e602a819 Extracting 18MB / 173MB
2025-07-08T14:53:13.392Z INFO  - 15e7e602a819 Extracting 18MB / 173MB
2025-07-08T14:53:13.802Z INFO  - 15e7e602a819 Extracting 21MB / 173MB
2025-07-08T14:53:13.923Z INFO  - 15e7e602a819 Extracting 22MB / 173MB
2025-07-08T14:53:14.385Z INFO  - 15e7e602a819 Extracting 24MB / 173MB
2025-07-08T14:53:14.999Z INFO  - 15e7e602a819 Extracting 28MB / 173MB
2025-07-08T14:53:15.119Z INFO  - 15e7e602a819 Extracting 29MB / 173MB
2025-07-08T14:53:15.752Z INFO  - 15e7e602a819 Extracting 32MB / 173MB
2025-07-08T14:53:16.568Z INFO  - 15e7e602a819 Extracting 38MB / 173MB
2025-07-08T14:53:16.576Z INFO  - 15e7e602a819 Extracting 39MB / 173MB
2025-07-08T14:53:17.342Z INFO  - 15e7e602a819 Extracting 45MB / 173MB
2025-07-08T14:53:17.814Z INFO  - 15e7e602a819 Extracting 46MB / 173MB
2025-07-08T14:53:18.238Z INFO  - 15e7e602a819 Extracting 49MB / 173MB
2025-07-08T14:53:18.991Z INFO  - 15e7e602a819 Extracting 53MB / 173MB
2025-07-08T14:53:19.634Z INFO  - 15e7e602a819 Extracting 59MB / 173MB
2025-07-08T14:53:19.685Z INFO  - 15e7e602a819 Extracting 60MB / 173MB
2025-07-08T14:53:20.559Z INFO  - 15e7e602a819 Extracting 66MB / 173MB
2025-07-08T14:53:20.680Z INFO  - 15e7e602a819 Extracting 67MB / 173MB
2025-07-08T14:53:20.962Z INFO  - 15e7e602a819 Extracting 69MB / 173MB
2025-07-08T14:53:21.103Z INFO  - 15e7e602a819 Extracting 70MB / 173MB
2025-07-08T14:53:21.382Z INFO  - 15e7e602a819 Extracting 72MB / 173MB
2025-07-08T14:53:21.504Z INFO  - 15e7e602a819 Extracting 73MB / 173MB
2025-07-08T14:53:21.895Z INFO  - 15e7e602a819 Extracting 77MB / 173MB
2025-07-08T14:53:22.328Z INFO  - 15e7e602a819 Extracting 80MB / 173MB
2025-07-08T14:53:22.540Z INFO  - 15e7e602a819 Extracting 81MB / 173MB
2025-07-08T14:53:23.554Z INFO  - 15e7e602a819 Extracting 83MB / 173MB
2025-07-08T14:53:23.556Z INFO  - 15e7e602a819 Extracting 87MB / 173MB
2025-07-08T14:53:23.765Z INFO  - 15e7e602a819 Extracting 90MB / 173MB
2025-07-08T14:53:24.540Z INFO  - 15e7e602a819 Extracting 95MB / 173MB
2025-07-08T14:53:24.723Z INFO  - 15e7e602a819 Extracting 97MB / 173MB
2025-07-08T14:53:25.989Z INFO  - 15e7e602a819 Extracting 104MB / 173MB
2025-07-08T14:53:26.643Z INFO  - 15e7e602a819 Extracting 108MB / 173MB
2025-07-08T14:53:26.944Z INFO  - 15e7e602a819 Extracting 111MB / 173MB
2025-07-08T14:53:27.468Z INFO  - 15e7e602a819 Extracting 115MB / 173MB
2025-07-08T14:53:29.469Z INFO  - 15e7e602a819 Extracting 118MB / 173MB
2025-07-08T14:53:31.850Z INFO  - 15e7e602a819 Extracting 121MB / 173MB
2025-07-08T14:53:32.614Z INFO  - 15e7e602a819 Extracting 125MB / 173MB
2025-07-08T14:53:32.616Z INFO  - 15e7e602a819 Extracting 126MB / 173MB
2025-07-08T14:53:33.247Z INFO  - 15e7e602a819 Extracting 129MB / 173MB
2025-07-08T14:53:34.012Z INFO  - 15e7e602a819 Extracting 131MB / 173MB
2025-07-08T14:53:34.225Z INFO  - 15e7e602a819 Extracting 132MB / 173MB
2025-07-08T14:53:34.708Z INFO  - 15e7e602a819 Extracting 135MB / 173MB
2025-07-08T14:53:35.070Z INFO  - 15e7e602a819 Extracting 136MB / 173MB
2025-07-08T14:53:35.289Z INFO  - 15e7e602a819 Extracting 136MB / 173MB
2025-07-08T14:53:37.361Z INFO  - 15e7e602a819 Extracting 139MB / 173MB
2025-07-08T14:53:39.392Z INFO  - 15e7e602a819 Extracting 142MB / 173MB
2025-07-08T14:53:39.624Z INFO  - 15e7e602a819 Extracting 143MB / 173MB
2025-07-08T14:53:39.966Z INFO  - 15e7e602a819 Extracting 145MB / 173MB
2025-07-08T14:53:40.026Z INFO  - 15e7e602a819 Extracting 146MB / 173MB
2025-07-08T14:53:41.174Z INFO  - 15e7e602a819 Extracting 152MB / 173MB
2025-07-08T14:53:42.560Z INFO  - 15e7e602a819 Extracting 156MB / 173MB
2025-07-08T14:53:43.162Z INFO  - 15e7e602a819 Extracting 159MB / 173MB
2025-07-08T14:53:43.704Z INFO  - 15e7e602a819 Extracting 163MB / 173MB
2025-07-08T14:53:44.230Z INFO  - 15e7e602a819 Extracting 166MB / 173MB
2025-07-08T14:53:44.310Z INFO  - 15e7e602a819 Extracting 167MB / 173MB
2025-07-08T14:53:45.092Z INFO  - 15e7e602a819 Extracting 170MB / 173MB
2025-07-08T14:53:45.143Z INFO  - 15e7e602a819 Extracting 173MB / 173MB
2025-07-08T14:53:45.686Z INFO  - 15e7e602a819 Pull complete
2025-07-08T14:53:45.688Z INFO  - 89b6316af617 Extracting 1KB / 1KB
2025-07-08T14:53:45.697Z INFO  - 89b6316af617 Extracting 1KB / 1KB
2025-07-08T14:53:45.718Z INFO  - 89b6316af617 Pull complete
2025-07-08T14:53:46.584Z INFO  - 10b77ad90b95 Extracting 5MB / 18MB
2025-07-08T14:53:47.607Z INFO  - 10b77ad90b95 Extracting 11MB / 18MB
2025-07-08T14:53:47.610Z INFO  - 10b77ad90b95 Extracting 14MB / 18MB
2025-07-08T14:53:48.613Z INFO  - 10b77ad90b95 Extracting 15MB / 18MB
2025-07-08T14:53:48.615Z INFO  - 10b77ad90b95 Extracting 17MB / 18MB
2025-07-08T14:53:48.886Z INFO  - 10b77ad90b95 Extracting 18MB / 18MB
2025-07-08T14:53:49.128Z INFO  - 10b77ad90b95 Extracting 18MB / 18MB
2025-07-08T14:53:49.258Z INFO  - 10b77ad90b95 Extracting 18MB / 18MB
2025-07-08T14:53:49.297Z INFO  - 10b77ad90b95 Pull complete
2025-07-08T14:53:49.307Z INFO  - 79043685471c Extracting 32KB / 214KB
2025-07-08T14:53:49.349Z INFO  - 79043685471c Extracting 214KB / 214KB
2025-07-08T14:53:49.358Z INFO  - 79043685471c Pull complete
2025-07-08T14:53:49.367Z INFO  - 11b381ce5e64 Extracting 152B / 152B
2025-07-08T14:53:49.369Z INFO  - 11b381ce5e64 Extracting 152B / 152B
2025-07-08T14:53:49.371Z INFO  - 11b381ce5e64 Pull complete
2025-07-08T14:53:49.380Z INFO  - 1428bdc24fbf Extracting 757B / 757B
2025-07-08T14:53:49.387Z INFO  - 1428bdc24fbf Extracting 757B / 757B
2025-07-08T14:53:49.400Z INFO  - 1428bdc24fbf Pull complete
2025-07-08T14:53:49.841Z INFO  - c33bb5b334d0 Extracting 1MB / 14MB
2025-07-08T14:53:50.261Z INFO  - c33bb5b334d0 Extracting 2MB / 14MB
2025-07-08T14:53:50.445Z INFO  - c33bb5b334d0 Extracting 4MB / 14MB
2025-07-08T14:53:50.453Z INFO  - c33bb5b334d0 Extracting 5MB / 14MB
2025-07-08T14:53:50.645Z INFO  - c33bb5b334d0 Extracting 7MB / 14MB
2025-07-08T14:53:51.229Z INFO  - c33bb5b334d0 Extracting 12MB / 14MB
2025-07-08T14:53:51.448Z INFO  - c33bb5b334d0 Extracting 14MB / 14MB
2025-07-08T14:53:51.452Z INFO  - c33bb5b334d0 Pull complete
2025-07-08T14:53:51.460Z INFO  - ae9375fb9b6e Extracting 804B / 804B
2025-07-08T14:53:51.462Z INFO  - ae9375fb9b6e Extracting 804B / 804B
2025-07-08T14:53:51.469Z INFO  - ae9375fb9b6e Pull complete
2025-07-08T14:53:51.472Z INFO  - 4f4fb700ef54 Extracting 32B / 32B
2025-07-08T14:53:51.478Z INFO  - 4f4fb700ef54 Extracting 32B / 32B
2025-07-08T14:53:51.499Z INFO  - 4f4fb700ef54 Pull complete
2025-07-08T14:53:51.505Z INFO  - 127640069078 Extracting 1KB / 1KB
2025-07-08T14:53:51.513Z INFO  - 127640069078 Extracting 1KB / 1KB
2025-07-08T14:53:51.546Z INFO  - 127640069078 Pull complete
2025-07-08T14:53:51.845Z INFO  - a46943c2b6e6 Extracting 544KB / 166MB
2025-07-08T14:53:52.459Z INFO  - a46943c2b6e6 Extracting 4MB / 166MB
2025-07-08T14:53:53.213Z INFO  - a46943c2b6e6 Extracting 11MB / 166MB
2025-07-08T14:53:53.684Z INFO  - a46943c2b6e6 Extracting 14MB / 166MB
2025-07-08T14:53:56.571Z INFO  - a46943c2b6e6 Extracting 17MB / 166MB
2025-07-08T14:53:58.088Z INFO  - a46943c2b6e6 Extracting 20MB / 166MB
2025-07-08T14:53:59.094Z INFO  - a46943c2b6e6 Extracting 28MB / 166MB
2025-07-08T14:53:59.627Z INFO  - a46943c2b6e6 Extracting 31MB / 166MB
2025-07-08T14:53:59.776Z INFO  - a46943c2b6e6 Extracting 33MB / 166MB
2025-07-08T14:54:00.551Z INFO  - a46943c2b6e6 Extracting 37MB / 166MB
2025-07-08T14:54:00.963Z INFO  - a46943c2b6e6 Extracting 40MB / 166MB
2025-07-08T14:54:01.466Z INFO  - a46943c2b6e6 Extracting 44MB / 166MB
2025-07-08T14:54:01.660Z INFO  - a46943c2b6e6 Extracting 46MB / 166MB
2025-07-08T14:54:01.661Z INFO  - a46943c2b6e6 Extracting 47MB / 166MB
2025-07-08T14:54:02.072Z INFO  - a46943c2b6e6 Extracting 49MB / 166MB
2025-07-08T14:54:02.292Z INFO  - a46943c2b6e6 Extracting 51MB / 166MB
2025-07-08T14:54:03.237Z INFO  - a46943c2b6e6 Extracting 53MB / 166MB
2025-07-08T14:54:03.701Z INFO  - a46943c2b6e6 Extracting 54MB / 166MB
2025-07-08T14:54:04.835Z INFO  - a46943c2b6e6 Extracting 57MB / 166MB
2025-07-08T14:54:06.124Z INFO  - a46943c2b6e6 Extracting 63MB / 166MB
2025-07-08T14:54:07.680Z INFO  - a46943c2b6e6 Extracting 73MB / 166MB
2025-07-08T14:54:07.921Z INFO  - a46943c2b6e6 Extracting 77MB / 166MB
2025-07-08T14:54:08.456Z INFO  - a46943c2b6e6 Extracting 80MB / 166MB
2025-07-08T14:54:08.465Z INFO  - a46943c2b6e6 Extracting 80MB / 166MB
2025-07-08T14:54:09.159Z INFO  - a46943c2b6e6 Extracting 83MB / 166MB
2025-07-08T14:54:09.713Z INFO  - a46943c2b6e6 Extracting 87MB / 166MB
2025-07-08T14:54:10.446Z INFO  - a46943c2b6e6 Extracting 93MB / 166MB
2025-07-08T14:54:10.448Z INFO  - a46943c2b6e6 Extracting 94MB / 166MB
2025-07-08T14:54:11.140Z INFO  - a46943c2b6e6 Extracting 97MB / 166MB
2025-07-08T14:54:11.442Z INFO  - a46943c2b6e6 Extracting 99MB / 166MB
2025-07-08T14:54:11.967Z INFO  - a46943c2b6e6 Extracting 103MB / 166MB
2025-07-08T14:54:12.488Z INFO  - a46943c2b6e6 Extracting 106MB / 166MB
2025-07-08T14:54:13.090Z INFO  - a46943c2b6e6 Extracting 111MB / 166MB
2025-07-08T14:54:13.171Z INFO  - a46943c2b6e6 Extracting 113MB / 166MB
2025-07-08T14:54:13.597Z INFO  - a46943c2b6e6 Extracting 116MB / 166MB
2025-07-08T14:54:13.685Z INFO  - a46943c2b6e6 Extracting 117MB / 166MB
2025-07-08T14:54:14.139Z INFO  - a46943c2b6e6 Extracting 120MB / 166MB
2025-07-08T14:54:14.247Z INFO  - a46943c2b6e6 Extracting 121MB / 166MB
2025-07-08T14:54:14.689Z INFO  - a46943c2b6e6 Extracting 123MB / 166MB
2025-07-08T14:54:15.313Z INFO  - a46943c2b6e6 Extracting 124MB / 166MB
2025-07-08T14:54:17.023Z INFO  - a46943c2b6e6 Extracting 126MB / 166MB
2025-07-08T14:54:17.425Z INFO  - a46943c2b6e6 Extracting 126MB / 166MB
2025-07-08T14:54:17.759Z INFO  - a46943c2b6e6 Extracting 127MB / 166MB
2025-07-08T14:54:19.279Z INFO  - a46943c2b6e6 Extracting 130MB / 166MB
2025-07-08T14:54:19.899Z INFO  - a46943c2b6e6 Extracting 133MB / 166MB
2025-07-08T14:54:20.100Z INFO  - a46943c2b6e6 Extracting 134MB / 166MB
2025-07-08T14:54:20.564Z INFO  - a46943c2b6e6 Extracting 136MB / 166MB
2025-07-08T14:54:20.774Z INFO  - a46943c2b6e6 Extracting 137MB / 166MB
2025-07-08T14:54:21.427Z INFO  - a46943c2b6e6 Extracting 140MB / 166MB
2025-07-08T14:54:22.060Z INFO  - a46943c2b6e6 Extracting 142MB / 166MB
2025-07-08T14:54:22.069Z INFO  - a46943c2b6e6 Extracting 143MB / 166MB
2025-07-08T14:54:22.572Z INFO  - a46943c2b6e6 Extracting 143MB / 166MB
2025-07-08T14:54:24.867Z INFO  - a46943c2b6e6 Extracting 146MB / 166MB
2025-07-08T14:54:25.019Z INFO  - a46943c2b6e6 Extracting 147MB / 166MB
2025-07-08T14:54:26.730Z INFO  - a46943c2b6e6 Extracting 149MB / 166MB
2025-07-08T14:54:27.152Z INFO  - a46943c2b6e6 Extracting 150MB / 166MB
2025-07-08T14:54:27.904Z INFO  - a46943c2b6e6 Extracting 153MB / 166MB
2025-07-08T14:54:28.136Z INFO  - a46943c2b6e6 Extracting 156MB / 166MB
2025-07-08T14:54:28.548Z INFO  - a46943c2b6e6 Extracting 160MB / 166MB
2025-07-08T14:54:29.352Z INFO  - a46943c2b6e6 Extracting 163MB / 166MB
2025-07-08T14:54:29.354Z INFO  - a46943c2b6e6 Extracting 163MB / 166MB
2025-07-08T14:54:29.704Z INFO  - a46943c2b6e6 Extracting 164MB / 166MB
2025-07-08T14:54:30.609Z INFO  - a46943c2b6e6 Extracting 166MB / 166MB
2025-07-08T14:54:31.151Z INFO  - a46943c2b6e6 Pull complete
2025-07-08T14:54:31.202Z INFO  -  Digest: sha256:34520597d8302664dcc275b4eea5da59f20e368ff27626aeeecede3a4fd5ddde
2025-07-08T14:54:31.205Z INFO  -  Status: Downloaded newer image for ayumu277/chatbot-app:latest
2025-07-08T14:54:31.276Z INFO  - Pull Image successful, Time taken: 1213 Seconds
2025-07-08T14:54:31.414Z INFO  - Starting container for site
2025-07-08T14:54:31.416Z INFO  - docker run -d --expose=8080 --name chatbot-app-container_0_7e4aa4d5 -e WEBSITE_USE_DIAGNOSTIC_SERVER=false -e PORT=8080 -e WEBSITES_ENABLE_APP_SERVICE_STORAGE=false -e WEBSITES_PORT=8080 -e DOCKER_CUSTOM_IMAGE_NAME=ayumu277/chatbot-app:latest -e WEBSITE_SITE_NAME=chatbot-app-container -e WEBSITE_AUTH_ENABLED=False -e WEBSITE_ROLE_INSTANCE_ID=0 -e WEBSITE_HOSTNAME=chatbot-app-container-fse7g9cnf8hfgpej.japaneast-01.azurewebsites.net -e WEBSITE_INSTANCE_ID=b221d2bf0dbbaf2d2f98fe57e1fedd5a08bfd249c074ab266ffa197db13e332c -e HTTP_LOGGING_ENABLED=1 ayumu277/chatbot-app:latest REDACTED
2025-07-08T14:54:34.289Z INFO  - Initiating warmup request to container chatbot-app-container_0_7e4aa4d5 for site chatbot-app-container
2025-07-08T14:54:50.837Z INFO  - Waiting for response to warmup request for container chatbot-app-container_0_7e4aa4d5. Elapsed time = 16.5493844 sec
2025-07-08T14:54:52.350Z INFO  - Container chatbot-app-container_0_7e4aa4d5 for site chatbot-app-container initialized successfully and is ready to serve requests.
2025-07-08T14:55:21.297Z INFO  - Pulling image: ayumu277/chatbot-app:latest
2025-07-08T14:55:23.301Z INFO  - latest Pulling from ayumu277/chatbot-app
2025-07-08T14:55:23.443Z INFO  -  Digest: sha256:34520597d8302664dcc275b4eea5da59f20e368ff27626aeeecede3a4fd5ddde
2025-07-08T14:55:23.452Z INFO  -  Status: Image is up to date for ayumu277/chatbot-app:latest
2025-07-08T14:55:23.483Z INFO  - Pull Image successful, Time taken: 2 Seconds
2025-07-08T14:55:23.573Z INFO  - Starting container for site
2025-07-08T14:55:23.582Z INFO  - docker run -d --expose=8080 --name chatbot-app-container_1_9554194d -e WEBSITE_USE_DIAGNOSTIC_SERVER=false -e PORT=8080 -e WEBSITES_ENABLE_APP_SERVICE_STORAGE=false -e WEBSITES_PORT=8080 -e DOCKER_CUSTOM_IMAGE_NAME=ayumu277/chatbot-app:latest -e WEBSITE_SITE_NAME=chatbot-app-container -e WEBSITE_AUTH_ENABLED=False -e WEBSITE_ROLE_INSTANCE_ID=0 -e WEBSITE_HOSTNAME=chatbot-app-container-fse7g9cnf8hfgpej.japaneast-01.azurewebsites.net -e WEBSITE_INSTANCE_ID=b221d2bf0dbbaf2d2f98fe57e1fedd5a08bfd249c074ab266ffa197db13e332c -e HTTP_LOGGING_ENABLED=1 ayumu277/chatbot-app:latest REDACTED
2025-07-08T14:55:26.227Z INFO  - Initiating warmup request to container chatbot-app-container_1_9554194d for site chatbot-app-container
2025-07-08T14:55:56.455Z INFO  - Waiting for response to warmup request for container chatbot-app-container_1_9554194d. Elapsed time = 30.2285888 sec
2025-07-08T14:55:59.826Z INFO  - Container chatbot-app-container_1_9554194d for site chatbot-app-container initialized successfully and is ready to serve requests.
2025-07-08T14:56:00.206Z INFO  - Pulling image: ayumu277/chatbot-app:latest
2025-07-08T14:56:02.137Z INFO  - latest Pulling from ayumu277/chatbot-app
2025-07-08T14:56:02.549Z INFO  -  Digest: sha256:34520597d8302664dcc275b4eea5da59f20e368ff27626aeeecede3a4fd5ddde
2025-07-08T14:56:03.343Z INFO  -  Status: Image is up to date for ayumu277/chatbot-app:latest
2025-07-08T14:56:04.852Z INFO  - Pull Image successful, Time taken: 3 Seconds
2025-07-08T14:56:05.062Z INFO  - Starting container for site
2025-07-08T14:56:05.064Z INFO  - docker run -d --expose=8080 --name chatbot-app-container_2_248041e9 -e WEBSITE_USE_DIAGNOSTIC_SERVER=false -e PORT=8080 -e WEBSITES_ENABLE_APP_SERVICE_STORAGE=false -e WEBSITES_PORT=8080 -e DOCKER_CUSTOM_IMAGE_NAME=ayumu277/chatbot-app:latest -e WEBSITE_SITE_NAME=chatbot-app-container -e WEBSITE_AUTH_ENABLED=False -e WEBSITE_ROLE_INSTANCE_ID=0 -e WEBSITE_HOSTNAME=chatbot-app-container-fse7g9cnf8hfgpej.japaneast-01.azurewebsites.net -e WEBSITE_INSTANCE_ID=b221d2bf0dbbaf2d2f98fe57e1fedd5a08bfd249c074ab266ffa197db13e332c -e HTTP_LOGGING_ENABLED=1 ayumu277/chatbot-app:latest REDACTED
2025-07-08T14:56:09.015Z INFO  - Initiating warmup request to container chatbot-app-container_2_248041e9 for site chatbot-app-container
2025-07-08T14:56:25.243Z INFO  - Waiting for response to warmup request for container chatbot-app-container_2_248041e9. Elapsed time = 16.2279296 sec
2025-07-08T14:56:32.150Z INFO  - Container chatbot-app-container_2_248041e9 for site chatbot-app-container initialized successfully and is ready to serve requests.
2025-07-08T14:56:32.442Z INFO  - Pulling image: ayumu277/chatbot-app:latest
2025-07-08T14:56:34.196Z INFO  - latest Pulling from ayumu277/chatbot-app
2025-07-08T14:56:34.276Z INFO  -  Digest: sha256:34520597d8302664dcc275b4eea5da59f20e368ff27626aeeecede3a4fd5ddde
2025-07-08T14:56:34.278Z INFO  -  Status: Image is up to date for ayumu277/chatbot-app:latest
2025-07-08T14:56:34.290Z INFO  - Pull Image successful, Time taken: 1 Seconds
2025-07-08T14:56:34.340Z INFO  - Starting container for site
2025-07-08T14:56:34.341Z INFO  - docker run -d --expose=8080 --name chatbot-app-container_3_f1f4e9c4 -e WEBSITE_USE_DIAGNOSTIC_SERVER=false -e PORT=8080 -e WEBSITES_ENABLE_APP_SERVICE_STORAGE=false -e WEBSITES_PORT=8080 -e DOCKER_CUSTOM_IMAGE_NAME=ayumu277/chatbot-app:latest -e WEBSITE_SITE_NAME=chatbot-app-container -e WEBSITE_AUTH_ENABLED=False -e WEBSITE_ROLE_INSTANCE_ID=0 -e WEBSITE_HOSTNAME=chatbot-app-container-fse7g9cnf8hfgpej.japaneast-01.azurewebsites.net -e WEBSITE_INSTANCE_ID=b221d2bf0dbbaf2d2f98fe57e1fedd5a08bfd249c074ab266ffa197db13e332c -e HTTP_LOGGING_ENABLED=1 ayumu277/chatbot-app:latest REDACTED
2025-07-08T14:56:39.338Z INFO  - Initiating warmup request to container chatbot-app-container_3_f1f4e9c4 for site chatbot-app-container
2025-07-08T14:57:02.730Z INFO  - Waiting for response to warmup request for container chatbot-app-container_3_f1f4e9c4. Elapsed time = 23.3924181 sec
2025-07-08T14:57:09.100Z INFO  - Container chatbot-app-container_3_f1f4e9c4 for site chatbot-app-container initialized successfully and is ready to serve requests.
