2025-07-10T13:06:08.6297461Z Container start method called.
2025-07-10T13:06:08.7690155Z Establishing network.
2025-07-10T13:06:08.7699370Z Pulling image: docker.io/ayumu277/chatbot-app:latest.
2025-07-10T13:06:23.8426284Z Container pull image failed with reason: ImagePullFailure. Revert by terminate.
2025-07-10T13:06:23.8615811Z Container is terminating. Grace period: 5 seconds.
2025-07-10T13:06:23.8629857Z Container spec TerminationMessagePolicy  path 
2025-07-10T13:06:23.8809860Z Container is terminated. Total time elapsed: 17 ms.
2025-07-10T13:06:23.8820814Z Site container: chatbot-app-container terminated during site startup.
2025-07-10T13:06:23.9126848Z Failed to start site. Revert by stopping site.
2025-07-10T13:06:23.9207272Z Site: chatbot-app-container stopped.
2025-07-10T13:06:29.687Z INFO  - Pulling image: ayumu277/chatbot-app:latest
2025-07-10T13:06:32.390Z INFO  - latest Pulling from ayumu277/chatbot-app
2025-07-10T13:06:32.422Z INFO  -  
2025-07-10T13:06:32.424Z ERROR - no matching manifest for linux/amd64 in the manifest list entriesErr: 0, Message: no matching manifest for linux/amd64 in the manifest list entries
2025-07-10T13:06:32.431Z INFO  - Pull Image failed, Time taken: 2 Seconds
2025-07-10T13:06:32.433Z ERROR - Pulling docker image ayumu277/chatbot-app:latest failed:
2025-07-10T13:06:35.341Z INFO  - latest Pulling from ayumu277/chatbot-app
2025-07-10T13:06:35.343Z INFO  -  
2025-07-10T13:06:35.344Z ERROR - no matching manifest for linux/amd64 in the manifest list entriesErr: 0, Message: no matching manifest for linux/amd64 in the manifest list entries
2025-07-10T13:06:35.362Z INFO  - Pull Image failed, Time taken: 2 Seconds
2025-07-10T13:06:35.364Z WARN  - Image pull failed. Defaulting to local copy if present.
2025-07-10T13:06:35.382Z ERROR - Image pull failed: Verify docker image configuration and credentials (if using private repository)
2025-07-10T13:06:35.481Z INFO  - Stopping site chatbot-app-container because it failed during startup.
2025-07-10T13:06:47.067Z INFO  - Pulling image: ayumu277/chatbot-app:latest
2025-07-10T13:06:49.623Z INFO  - latest Pulling from ayumu277/chatbot-app
2025-07-10T13:06:49.634Z INFO  -  
2025-07-10T13:06:49.637Z ERROR - no matching manifest for linux/amd64 in the manifest list entriesErr: 0, Message: no matching manifest for linux/amd64 in the manifest list entries
2025-07-10T13:06:49.644Z INFO  - Pull Image failed, Time taken: 2 Seconds
2025-07-10T13:06:49.646Z ERROR - Pulling docker image ayumu277/chatbot-app:latest failed:
2025-07-10T13:06:52.458Z INFO  - latest Pulling from ayumu277/chatbot-app
2025-07-10T13:06:52.460Z INFO  -  
2025-07-10T13:06:52.461Z ERROR - no matching manifest for linux/amd64 in the manifest list entriesErr: 0, Message: no matching manifest for linux/amd64 in the manifest list entries
2025-07-10T13:06:52.465Z INFO  - Pull Image failed, Time taken: 2 Seconds
2025-07-10T13:06:52.466Z WARN  - Image pull failed. Defaulting to local copy if present.
2025-07-10T13:06:52.473Z ERROR - Image pull failed: Verify docker image configuration and credentials (if using private repository)
2025-07-10T13:06:52.476Z INFO  - Stopping site chatbot-app-container because it failed during startup.
2025-07-10T13:07:11.506Z INFO  - Pulling image: ayumu277/chatbot-app:latest
2025-07-10T13:07:14.062Z INFO  - latest Pulling from ayumu277/chatbot-app
2025-07-10T13:07:14.130Z INFO  -  
2025-07-10T13:07:14.132Z ERROR - no matching manifest for linux/amd64 in the manifest list entriesErr: 0, Message: no matching manifest for linux/amd64 in the manifest list entries
2025-07-10T13:07:14.143Z INFO  - Pull Image failed, Time taken: 2 Seconds
2025-07-10T13:07:14.152Z ERROR - Pulling docker image ayumu277/chatbot-app:latest failed:
2025-07-10T13:07:16.615Z INFO  - latest Pulling from ayumu277/chatbot-app
2025-07-10T13:07:16.757Z INFO  -  
2025-07-10T13:07:16.768Z ERROR - no matching manifest for linux/amd64 in the manifest list entriesErr: 0, Message: no matching manifest for linux/amd64 in the manifest list entries
2025-07-10T13:07:16.778Z INFO  - Pull Image failed, Time taken: 2 Seconds
2025-07-10T13:07:16.786Z WARN  - Image pull failed. Defaulting to local copy if present.
2025-07-10T13:07:16.788Z ERROR - Image pull failed: Verify docker image configuration and credentials (if using private repository)
2025-07-10T13:07:16.798Z INFO  - Stopping site chatbot-app-container because it failed during startup.
2025-07-10T13:07:28.470Z INFO  - Pulling image: ayumu277/chatbot-app:latest
2025-07-10T13:07:30.752Z INFO  - latest Pulling from ayumu277/chatbot-app
2025-07-10T13:07:30.777Z INFO  -  
2025-07-10T13:07:30.779Z ERROR - no matching manifest for linux/amd64 in the manifest list entriesErr: 0, Message: no matching manifest for linux/amd64 in the manifest list entries
2025-07-10T13:07:30.789Z INFO  - Pull Image failed, Time taken: 2 Seconds
2025-07-10T13:07:30.791Z ERROR - Pulling docker image ayumu277/chatbot-app:latest failed:
2025-07-10T13:07:33.030Z INFO  - latest Pulling from ayumu277/chatbot-app
2025-07-10T13:07:33.063Z INFO  -  
2025-07-10T13:07:33.064Z ERROR - no matching manifest for linux/amd64 in the manifest list entriesErr: 0, Message: no matching manifest for linux/amd64 in the manifest list entries
2025-07-10T13:07:33.069Z INFO  - Pull Image failed, Time taken: 2 Seconds
2025-07-10T13:07:33.071Z WARN  - Image pull failed. Defaulting to local copy if present.
2025-07-10T13:07:33.074Z ERROR - Image pull failed: Verify docker image configuration and credentials (if using private repository)
2025-07-10T13:07:33.090Z INFO  - Stopping site chatbot-app-container because it failed during startup.
2025-07-10T13:09:38.794Z INFO  - Pulling image: ayumu277/chatbot-app:latest
2025-07-10T13:09:41.111Z INFO  - latest Pulling from ayumu277/chatbot-app
2025-07-10T13:09:41.132Z INFO  -  
2025-07-10T13:09:41.133Z ERROR - no matching manifest for linux/amd64 in the manifest list entriesErr: 0, Message: no matching manifest for linux/amd64 in the manifest list entries
2025-07-10T13:09:41.140Z INFO  - Pull Image failed, Time taken: 2 Seconds
2025-07-10T13:09:41.147Z ERROR - Pulling docker image ayumu277/chatbot-app:latest failed:
2025-07-10T13:09:43.379Z INFO  - latest Pulling from ayumu277/chatbot-app
2025-07-10T13:09:43.390Z INFO  -  
2025-07-10T13:09:43.391Z ERROR - no matching manifest for linux/amd64 in the manifest list entriesErr: 0, Message: no matching manifest for linux/amd64 in the manifest list entries
2025-07-10T13:09:43.395Z INFO  - Pull Image failed, Time taken: 2 Seconds
2025-07-10T13:09:43.397Z WARN  - Image pull failed. Defaulting to local copy if present.
2025-07-10T13:09:43.406Z ERROR - Image pull failed: Verify docker image configuration and credentials (if using private repository)
2025-07-10T13:09:43.457Z INFO  - Stopping site chatbot-app-container because it failed during startup.
2025-07-10T13:12:10.4142042Z Container start method called.
2025-07-10T13:12:10.4229139Z Establishing network.
2025-07-10T13:12:10.4240963Z Pulling image: docker.io/ayumu277/chatbot-app:latest.
2025-07-10T13:12:10.8054731Z Container pull image failed with reason: ImagePullFailure. Revert by terminate.
2025-07-10T13:12:10.8071139Z Container is terminating. Grace period: 5 seconds.
2025-07-10T13:12:10.8148597Z Container spec TerminationMessagePolicy  path 
2025-07-10T13:12:10.8158113Z Container is terminated. Total time elapsed: 7 ms.
2025-07-10T13:12:10.8168248Z Site container: chatbot-app-container terminated during site startup.
2025-07-10T13:12:10.8880705Z Failed to start site. Revert by stopping site.
2025-07-10T13:12:10.9871116Z Site: chatbot-app-container stopped.
2025-07-10T13:12:18.6986686Z Container start method called.
2025-07-10T13:12:18.6989028Z Establishing network.
2025-07-10T13:12:18.6991356Z Pulling image: docker.io/ayumu277/chatbot-app:latest.
2025-07-10T13:12:19.6846625Z Container pull image failed with reason: ImagePullFailure. Revert by terminate.
2025-07-10T13:12:19.7335430Z Container is terminating. Grace period: 5 seconds.
2025-07-10T13:12:19.7349490Z Container spec TerminationMessagePolicy  path 
2025-07-10T13:12:19.7539634Z Container is terminated. Total time elapsed: 1 ms.
2025-07-10T13:12:19.7544468Z Site container: chatbot-app-container terminated during site startup.
2025-07-10T13:12:19.8834900Z Failed to start site. Revert by stopping site.
2025-07-10T13:12:19.8856690Z Site: chatbot-app-container stopped.
2025-07-10T13:12:20.5683907Z Site: chatbot-app-container will be blocked for 1 minutes till 07/10/2025 13:13:20
2025-07-10T13:12:26.1413040Z Start site prohibitted because the site is being blocked.
2025-07-10T13:12:31.3101486Z Start site prohibitted because the site is being blocked.
2025-07-10T13:12:36.5826532Z Start site prohibitted because the site is being blocked.
2025-07-10T13:12:42.7162624Z Start site prohibitted because the site is being blocked.
2025-07-10T13:12:47.9765878Z Start site prohibitted because the site is being blocked.
2025-07-10T13:12:53.0719443Z Start site prohibitted because the site is being blocked.
2025-07-10T13:12:58.2151375Z Start site prohibitted because the site is being blocked.
2025-07-10T13:13:03.3879474Z Start site prohibitted because the site is being blocked.
2025-07-10T13:13:10.4883063Z Start site prohibitted because the site is being blocked.
2025-07-10T13:13:15.6339678Z Start site prohibitted because the site is being blocked.
2025-07-10T13:13:20.5739404Z Site: chatbot-app-container is unblocked.
2025-07-10T13:13:22.4935954Z Container start method called.
2025-07-10T13:13:22.4938171Z Establishing network.
2025-07-10T13:13:22.4939432Z Pulling image: docker.io/ayumu277/chatbot-app:latest.
2025-07-10T13:13:22.5748073Z Container pull image failed with reason: ImagePullFailure. Revert by terminate.
2025-07-10T13:13:22.5944582Z Container is terminating. Grace period: 5 seconds.
2025-07-10T13:13:22.6031254Z Container spec TerminationMessagePolicy  path 
2025-07-10T13:13:22.6038669Z Container is terminated. Total time elapsed: 1 ms.
2025-07-10T13:13:22.6048655Z Site container: chatbot-app-container terminated during site startup.
2025-07-10T13:13:22.6347258Z Failed to start site. Revert by stopping site.
2025-07-10T13:13:22.6442175Z Site: chatbot-app-container stopped.
2025-07-10T13:13:22.9743709Z Site: chatbot-app-container will be blocked for 1 minutes till 07/10/2025 13:14:22
2025-07-10T13:13:28.2777629Z Start site prohibitted because the site is being blocked.
2025-07-10T13:13:33.4315742Z Start site prohibitted because the site is being blocked.
2025-07-10T13:13:38.5983531Z Start site prohibitted because the site is being blocked.
2025-07-10T13:13:43.7953039Z Start site prohibitted because the site is being blocked.
2025-07-10T13:13:48.9807879Z Start site prohibitted because the site is being blocked.
2025-07-10T13:13:54.2512116Z Start site prohibitted because the site is being blocked.
2025-07-10T13:13:59.3775804Z Start site prohibitted because the site is being blocked.
2025-07-10T13:14:04.5034028Z Start site prohibitted because the site is being blocked.
2025-07-10T13:14:09.6784506Z Start site prohibitted because the site is being blocked.
2025-07-10T13:14:14.8972176Z Start site prohibitted because the site is being blocked.
2025-07-10T13:14:20.0642291Z Start site prohibitted because the site is being blocked.
2025-07-10T13:14:22.9733961Z Site: chatbot-app-container is unblocked.
2025-07-10T13:14:26.6319694Z Container start method called.
2025-07-10T13:14:26.6326190Z Establishing network.
2025-07-10T13:14:26.6331055Z Pulling image: docker.io/ayumu277/chatbot-app:latest.
2025-07-10T13:14:26.8446252Z Container pull image failed with reason: ImagePullFailure. Revert by terminate.
2025-07-10T13:14:26.8532853Z Container is terminating. Grace period: 5 seconds.
2025-07-10T13:14:26.8540414Z Container spec TerminationMessagePolicy  path 
2025-07-10T13:14:26.8547089Z Container is terminated. Total time elapsed: 0 ms.
2025-07-10T13:14:26.8629080Z Site container: chatbot-app-container terminated during site startup.
2025-07-10T13:14:26.8849219Z Failed to start site. Revert by stopping site.
2025-07-10T13:14:26.9044797Z Site: chatbot-app-container stopped.
2025-07-10T13:14:27.2774207Z Site: chatbot-app-container will be blocked for 2 minutes till 07/10/2025 13:16:27
2025-07-10T13:14:32.5434797Z Start site prohibitted because the site is being blocked.
2025-07-10T13:14:37.7263652Z Start site prohibitted because the site is being blocked.
2025-07-10T13:14:42.9151996Z Start site prohibitted because the site is being blocked.
2025-07-10T13:14:49.6462991Z Start site prohibitted because the site is being blocked.
2025-07-10T13:14:54.8603852Z Start site prohibitted because the site is being blocked.
2025-07-10T13:15:00.0960628Z Start site prohibitted because the site is being blocked.
2025-07-10T13:15:05.2276092Z Start site prohibitted because the site is being blocked.
2025-07-10T13:15:10.3482318Z Start site prohibitted because the site is being blocked.
2025-07-10T13:15:15.6563165Z Start site prohibitted because the site is being blocked.
2025-07-10T13:15:20.9240211Z Start site prohibitted because the site is being blocked.
2025-07-10T13:15:26.1448191Z Start site prohibitted because the site is being blocked.
2025-07-10T13:15:31.2493968Z Start site prohibitted because the site is being blocked.
2025-07-10T13:15:36.3469751Z Start site prohibitted because the site is being blocked.
2025-07-10T13:15:41.4917791Z Start site prohibitted because the site is being blocked.
2025-07-10T13:15:46.5951947Z Start site prohibitted because the site is being blocked.
2025-07-10T13:15:51.7504605Z Start site prohibitted because the site is being blocked.
2025-07-10T13:15:56.8246463Z Start site prohibitted because the site is being blocked.
2025-07-10T13:16:27.2794775Z Site: chatbot-app-container is unblocked.
2025-07-10T13:46:24.0659306Z Container start method called.
2025-07-10T13:46:24.0674729Z Establishing network.
2025-07-10T13:46:24.0677127Z Pulling image: docker.io/ayumu277/chatbot-app:latest.
2025-07-10T13:46:24.1957856Z Container pull image failed with reason: ImagePullFailure. Revert by terminate.
2025-07-10T13:46:24.1972622Z Container is terminating. Grace period: 5 seconds.
2025-07-10T13:46:24.2060601Z Container spec TerminationMessagePolicy  path 
2025-07-10T13:46:24.2079625Z Container is terminated. Total time elapsed: 9 ms.
2025-07-10T13:46:24.2089013Z Site container: chatbot-app-container terminated during site startup.
2025-07-10T13:46:24.2690250Z Failed to start site. Revert by stopping site.
2025-07-10T13:46:24.2794472Z Site: chatbot-app-container stopped.
2025-07-10T16:05:08.6406020Z Container start method called.
2025-07-10T16:05:08.7430572Z Establishing network.
2025-07-10T16:05:08.7439537Z Pulling image: docker.io/ayumu277/chatbot-app:latest.
2025-07-10T16:05:27.1169196Z Container pull image failed with reason: ImagePullFailure. Revert by terminate.
2025-07-10T16:05:27.1361407Z Container is terminating. Grace period: 5 seconds.
2025-07-10T16:05:27.1383062Z Container spec TerminationMessagePolicy  path 
2025-07-10T16:05:27.1478297Z Container is terminated. Total time elapsed: 10 ms.
2025-07-10T16:05:27.1484893Z Site container: chatbot-app-container terminated during site startup.
2025-07-10T16:05:27.1866692Z Failed to start site. Revert by stopping site.
2025-07-10T16:05:27.2159081Z Site: chatbot-app-container stopped.
2025-07-10T16:05:35.523Z INFO  - Pulling image: ayumu277/chatbot-app:latest
2025-07-10T16:05:38.258Z INFO  - latest Pulling from ayumu277/chatbot-app
2025-07-10T16:05:38.307Z INFO  -  
2025-07-10T16:05:38.310Z ERROR - no matching manifest for linux/amd64 in the manifest list entriesErr: 0, Message: no matching manifest for linux/amd64 in the manifest list entries
2025-07-10T16:05:38.320Z INFO  - Pull Image failed, Time taken: 2 Seconds
2025-07-10T16:05:38.327Z ERROR - Pulling docker image ayumu277/chatbot-app:latest failed:
2025-07-10T16:05:40.617Z INFO  - latest Pulling from ayumu277/chatbot-app
2025-07-10T16:05:40.631Z INFO  -  
2025-07-10T16:05:40.633Z ERROR - no matching manifest for linux/amd64 in the manifest list entriesErr: 0, Message: no matching manifest for linux/amd64 in the manifest list entries
2025-07-10T16:05:40.636Z INFO  - Pull Image failed, Time taken: 2 Seconds
2025-07-10T16:05:40.638Z WARN  - Image pull failed. Defaulting to local copy if present.
2025-07-10T16:05:40.642Z ERROR - Image pull failed: Verify docker image configuration and credentials (if using private repository)
2025-07-10T16:05:40.688Z INFO  - Stopping site chatbot-app-container because it failed during startup.
2025-07-10T16:05:52.808Z INFO  - Pulling image: ayumu277/chatbot-app:latest
2025-07-10T16:05:55.270Z INFO  - latest Pulling from ayumu277/chatbot-app
2025-07-10T16:05:55.328Z INFO  -  
2025-07-10T16:05:55.330Z ERROR - no matching manifest for linux/amd64 in the manifest list entriesErr: 0, Message: no matching manifest for linux/amd64 in the manifest list entries
2025-07-10T16:05:55.338Z INFO  - Pull Image failed, Time taken: 2 Seconds
2025-07-10T16:05:55.340Z ERROR - Pulling docker image ayumu277/chatbot-app:latest failed:
2025-07-10T16:05:57.588Z INFO  - latest Pulling from ayumu277/chatbot-app
2025-07-10T16:05:57.617Z INFO  -  
2025-07-10T16:05:57.619Z ERROR - no matching manifest for linux/amd64 in the manifest list entriesErr: 0, Message: no matching manifest for linux/amd64 in the manifest list entries
2025-07-10T16:05:57.705Z INFO  - Pull Image failed, Time taken: 2 Seconds
2025-07-10T16:05:57.708Z WARN  - Image pull failed. Defaulting to local copy if present.
2025-07-10T16:05:57.727Z ERROR - Image pull failed: Verify docker image configuration and credentials (if using private repository)
2025-07-10T16:05:57.747Z INFO  - Stopping site chatbot-app-container because it failed during startup.
2025-07-10T16:06:08.817Z INFO  - Pulling image: ayumu277/chatbot-app:latest
2025-07-10T16:06:11.083Z INFO  - latest Pulling from ayumu277/chatbot-app
2025-07-10T16:06:11.108Z INFO  -  
2025-07-10T16:06:11.110Z ERROR - no matching manifest for linux/amd64 in the manifest list entriesErr: 0, Message: no matching manifest for linux/amd64 in the manifest list entries
2025-07-10T16:06:11.129Z INFO  - Pull Image failed, Time taken: 2 Seconds
2025-07-10T16:06:11.131Z ERROR - Pulling docker image ayumu277/chatbot-app:latest failed:
2025-07-10T16:06:13.468Z INFO  - latest Pulling from ayumu277/chatbot-app
2025-07-10T16:06:13.486Z INFO  -  
2025-07-10T16:06:13.488Z ERROR - no matching manifest for linux/amd64 in the manifest list entriesErr: 0, Message: no matching manifest for linux/amd64 in the manifest list entries
2025-07-10T16:06:13.497Z INFO  - Pull Image failed, Time taken: 2 Seconds
2025-07-10T16:06:13.506Z WARN  - Image pull failed. Defaulting to local copy if present.
2025-07-10T16:06:13.517Z ERROR - Image pull failed: Verify docker image configuration and credentials (if using private repository)
2025-07-10T16:06:13.528Z INFO  - Stopping site chatbot-app-container because it failed during startup.
2025-07-10T16:06:24.291Z INFO  - Pulling image: ayumu277/chatbot-app:latest
2025-07-10T16:06:26.596Z INFO  - latest Pulling from ayumu277/chatbot-app
2025-07-10T16:06:26.636Z INFO  -  
2025-07-10T16:06:26.667Z ERROR - no matching manifest for linux/amd64 in the manifest list entriesErr: 0, Message: no matching manifest for linux/amd64 in the manifest list entries
2025-07-10T16:06:26.687Z INFO  - Pull Image failed, Time taken: 2 Seconds
2025-07-10T16:06:26.696Z ERROR - Pulling docker image ayumu277/chatbot-app:latest failed:
2025-07-10T16:06:29.105Z INFO  - latest Pulling from ayumu277/chatbot-app
2025-07-10T16:06:29.112Z INFO  -  
2025-07-10T16:06:29.122Z ERROR - no matching manifest for linux/amd64 in the manifest list entriesErr: 0, Message: no matching manifest for linux/amd64 in the manifest list entries
2025-07-10T16:06:29.163Z INFO  - Pull Image failed, Time taken: 2 Seconds
2025-07-10T16:06:29.183Z WARN  - Image pull failed. Defaulting to local copy if present.
2025-07-10T16:06:29.225Z ERROR - Image pull failed: Verify docker image configuration and credentials (if using private repository)
2025-07-10T16:06:29.277Z INFO  - Stopping site chatbot-app-container because it failed during startup.
2025-07-10T16:08:39.375Z INFO  - Pulling image: ayumu277/chatbot-app:latest
2025-07-10T16:08:41.794Z INFO  - latest Pulling from ayumu277/chatbot-app
2025-07-10T16:08:41.818Z INFO  -  
2025-07-10T16:08:41.820Z ERROR - no matching manifest for linux/amd64 in the manifest list entriesErr: 0, Message: no matching manifest for linux/amd64 in the manifest list entries
2025-07-10T16:08:41.829Z INFO  - Pull Image failed, Time taken: 2 Seconds
2025-07-10T16:08:41.829Z ERROR - Pulling docker image ayumu277/chatbot-app:latest failed:
2025-07-10T16:08:44.139Z INFO  - latest Pulling from ayumu277/chatbot-app
2025-07-10T16:08:44.152Z INFO  -  
2025-07-10T16:08:44.152Z ERROR - no matching manifest for linux/amd64 in the manifest list entriesErr: 0, Message: no matching manifest for linux/amd64 in the manifest list entries
2025-07-10T16:08:44.154Z INFO  - Pull Image failed, Time taken: 2 Seconds
2025-07-10T16:08:44.154Z WARN  - Image pull failed. Defaulting to local copy if present.
2025-07-10T16:08:44.161Z ERROR - Image pull failed: Verify docker image configuration and credentials (if using private repository)
2025-07-10T16:08:44.171Z INFO  - Stopping site chatbot-app-container because it failed during startup.
2025-07-10T16:11:06.9022031Z Container start method called.
2025-07-10T16:11:06.9209678Z Establishing network.
2025-07-10T16:11:06.9218455Z Pulling image: docker.io/ayumu277/chatbot-app:latest.
2025-07-10T16:11:07.1113860Z Container pull image failed with reason: ImagePullFailure. Revert by terminate.
2025-07-10T16:11:07.1128062Z Container is terminating. Grace period: 5 seconds.
2025-07-10T16:11:07.1327195Z Container spec TerminationMessagePolicy  path 
2025-07-10T16:11:07.1410327Z Container is terminated. Total time elapsed: 19 ms.
2025-07-10T16:11:07.1418495Z Site container: chatbot-app-container terminated during site startup.
2025-07-10T16:11:07.2416576Z Failed to start site. Revert by stopping site.
2025-07-10T16:11:07.2427480Z Site: chatbot-app-container stopped.
2025-07-10T16:11:14.3675064Z Container start method called.
2025-07-10T16:11:14.3683440Z Establishing network.
2025-07-10T16:11:14.3686480Z Pulling image: docker.io/ayumu277/chatbot-app:latest.
2025-07-10T16:11:14.5374504Z Container pull image failed with reason: ImagePullFailure. Revert by terminate.
2025-07-10T16:11:14.5391082Z Container is terminating. Grace period: 5 seconds.
2025-07-10T16:11:14.5466813Z Container spec TerminationMessagePolicy  path 
2025-07-10T16:11:14.5475665Z Container is terminated. Total time elapsed: 7 ms.
2025-07-10T16:11:14.5484887Z Site container: chatbot-app-container terminated during site startup.
2025-07-10T16:11:14.5898266Z Failed to start site. Revert by stopping site.
2025-07-10T16:11:14.7382797Z Site: chatbot-app-container stopped.
2025-07-10T16:11:15.1025187Z Site: chatbot-app-container will be blocked for 1 minutes till 07/10/2025 16:12:15
2025-07-10T16:11:23.7017017Z Start site prohibitted because the site is being blocked.
2025-07-10T16:11:33.6619450Z Start site prohibitted because the site is being blocked.
2025-07-10T16:11:38.9566610Z Start site prohibitted because the site is being blocked.
2025-07-10T16:11:49.3356903Z Start site prohibitted because the site is being blocked.
2025-07-10T16:11:54.5160180Z Start site prohibitted because the site is being blocked.
2025-07-10T16:11:59.8141860Z Start site prohibitted because the site is being blocked.
2025-07-10T16:12:05.0329514Z Start site prohibitted because the site is being blocked.
2025-07-10T16:12:10.4306602Z Start site prohibitted because the site is being blocked.
2025-07-10T16:12:15.1066808Z Site: chatbot-app-container is unblocked.
2025-07-10T16:12:17.3362896Z Container start method called.
2025-07-10T16:12:17.3366973Z Establishing network.
2025-07-10T16:12:17.3368370Z Pulling image: docker.io/ayumu277/chatbot-app:latest.
2025-07-10T16:12:17.6576035Z Container pull image failed with reason: ImagePullFailure. Revert by terminate.
2025-07-10T16:12:17.6592858Z Container is terminating. Grace period: 5 seconds.
2025-07-10T16:12:17.6602478Z Container spec TerminationMessagePolicy  path 
2025-07-10T16:12:17.6683139Z Container is terminated. Total time elapsed: 0 ms.
2025-07-10T16:12:17.6691291Z Site container: chatbot-app-container terminated during site startup.
2025-07-10T16:12:17.7991167Z Failed to start site. Revert by stopping site.
2025-07-10T16:12:17.8002200Z Site: chatbot-app-container stopped.
2025-07-10T16:12:18.8867923Z Site: chatbot-app-container will be blocked for 1 minutes till 07/10/2025 16:13:18
2025-07-10T16:12:24.5212288Z Start site prohibitted because the site is being blocked.
2025-07-10T16:12:29.7021062Z Start site prohibitted because the site is being blocked.
2025-07-10T16:12:41.2449582Z Start site prohibitted because the site is being blocked.
2025-07-10T16:12:46.4205401Z Start site prohibitted because the site is being blocked.
2025-07-10T16:12:51.6590539Z Start site prohibitted because the site is being blocked.
2025-07-10T16:12:56.7881470Z Start site prohibitted because the site is being blocked.
2025-07-10T16:13:02.5095877Z Start site prohibitted because the site is being blocked.
2025-07-10T16:13:07.6110191Z Start site prohibitted because the site is being blocked.
2025-07-10T16:13:12.7537530Z Start site prohibitted because the site is being blocked.
2025-07-10T16:13:17.8873340Z Start site prohibitted because the site is being blocked.
2025-07-10T16:13:18.8877331Z Site: chatbot-app-container is unblocked.
2025-07-10T16:13:24.2313380Z Container start method called.
2025-07-10T16:13:24.2403466Z Establishing network.
2025-07-10T16:13:24.2429228Z Pulling image: docker.io/ayumu277/chatbot-app:latest.
2025-07-10T16:13:24.3411703Z Container pull image failed with reason: ImagePullFailure. Revert by terminate.
2025-07-10T16:13:24.3509842Z Container is terminating. Grace period: 5 seconds.
2025-07-10T16:13:24.3519605Z Container spec TerminationMessagePolicy  path 
2025-07-10T16:13:24.3533325Z Container is terminated. Total time elapsed: 0 ms.
2025-07-10T16:13:24.3608238Z Site container: chatbot-app-container terminated during site startup.
2025-07-10T16:13:24.4125039Z Failed to start site. Revert by stopping site.
2025-07-10T16:13:24.4314029Z Site: chatbot-app-container stopped.
2025-07-10T16:13:24.9348321Z Site: chatbot-app-container will be blocked for 2 minutes till 07/10/2025 16:15:24
2025-07-10T16:13:30.2096796Z Start site prohibitted because the site is being blocked.
2025-07-10T16:13:35.4251844Z Start site prohibitted because the site is being blocked.
2025-07-10T16:13:40.5635857Z Start site prohibitted because the site is being blocked.
2025-07-10T16:13:45.7357170Z Start site prohibitted because the site is being blocked.
2025-07-10T16:13:50.8896909Z Start site prohibitted because the site is being blocked.
2025-07-10T16:13:56.1604576Z Start site prohibitted because the site is being blocked.
2025-07-10T16:14:01.3153844Z Start site prohibitted because the site is being blocked.
2025-07-10T16:14:07.6106308Z Start site prohibitted because the site is being blocked.
2025-07-10T16:14:14.6696873Z Start site prohibitted because the site is being blocked.
2025-07-10T16:14:19.8395618Z Start site prohibitted because the site is being blocked.
2025-07-10T16:14:24.9960465Z Start site prohibitted because the site is being blocked.
2025-07-10T16:14:30.1246396Z Start site prohibitted because the site is being blocked.
2025-07-10T16:14:36.0952400Z Start site prohibitted because the site is being blocked.
2025-07-10T16:14:42.0983969Z Start site prohibitted because the site is being blocked.
2025-07-10T16:14:47.1974937Z Start site prohibitted because the site is being blocked.
2025-07-10T16:14:52.3813837Z Start site prohibitted because the site is being blocked.
2025-07-10T16:15:24.9375753Z Site: chatbot-app-container is unblocked.
2025-07-10T16:15:59.7372598Z Container start method called.
2025-07-10T16:15:59.7374654Z Establishing network.
2025-07-10T16:15:59.7444084Z Pulling image: docker.io/ayumu277/chatbot-app:latest.
2025-07-10T16:15:59.8859544Z Container pull image failed with reason: ImagePullFailure. Revert by terminate.
2025-07-10T16:15:59.8866493Z Container is terminating. Grace period: 5 seconds.
2025-07-10T16:15:59.8871996Z Container spec TerminationMessagePolicy  path 
2025-07-10T16:15:59.8877237Z Container is terminated. Total time elapsed: 0 ms.
2025-07-10T16:15:59.8882203Z Site container: chatbot-app-container terminated during site startup.
2025-07-10T16:15:59.9164967Z Failed to start site. Revert by stopping site.
2025-07-10T16:15:59.9170073Z Site: chatbot-app-container stopped.
2025-07-10T16:24:18.549Z INFO  - Pulling image: ayumu277/chatbot-app:latest
2025-07-10T16:24:20.847Z INFO  - latest Pulling from ayumu277/chatbot-app
2025-07-10T16:24:21.527Z INFO  - 54107f2de180 Already exists
2025-07-10T16:24:21.553Z INFO  - 06b6c820e694 Already exists
2025-07-10T16:24:21.555Z INFO  - 9a69a0203501 Already exists
2025-07-10T16:24:21.572Z INFO  - e94932625c5a Already exists
2025-07-10T16:24:21.604Z INFO  - 7704b1a39512 Pulling fs layer
2025-07-10T16:24:21.612Z INFO  - 762aa0aa2e63 Pulling fs layer
2025-07-10T16:24:21.614Z INFO  - 8c1ed1def9d2 Pulling fs layer
2025-07-10T16:24:21.622Z INFO  - 9fa90b7e1816 Pulling fs layer
2025-07-10T16:24:21.624Z INFO  - 240d071ee353 Pulling fs layer
2025-07-10T16:24:21.626Z INFO  - 9d15a33e6ae5 Pulling fs layer
2025-07-10T16:24:21.628Z INFO  - 707c38e89c5f Pulling fs layer
2025-07-10T16:24:21.630Z INFO  - c299d8bbbc3b Pulling fs layer
2025-07-10T16:24:21.631Z INFO  - 732ec42cb8ac Pulling fs layer
2025-07-10T16:24:21.633Z INFO  - 94077fef8a76 Pulling fs layer
2025-07-10T16:24:21.635Z INFO  - 6e1435d03d9d Pulling fs layer
2025-07-10T16:24:21.637Z INFO  - a525aae6776d Pulling fs layer
2025-07-10T16:24:21.639Z INFO  - e14aeef4f56e Pulling fs layer
2025-07-10T16:24:21.641Z INFO  - fbd4fe68ff82 Pulling fs layer
2025-07-10T16:24:21.642Z INFO  - 23e6a4eec20c Pulling fs layer
2025-07-10T16:24:21.644Z INFO  - a3295d072017 Pulling fs layer
2025-07-10T16:24:21.645Z INFO  - 4f4fb700ef54 Pulling fs layer
2025-07-10T16:24:21.647Z INFO  - 166343fd4639 Pulling fs layer
2025-07-10T16:24:22.287Z INFO  - 4f4fb700ef54 Downloading 32B / 32B
2025-07-10T16:24:22.293Z INFO  - 4f4fb700ef54 Verifying Checksum
2025-07-10T16:24:22.295Z INFO  - 4f4fb700ef54 Download complete
2025-07-10T16:24:22.305Z INFO  - 9fa90b7e1816 Downloading 445B / 445B
2025-07-10T16:24:22.313Z INFO  - 9fa90b7e1816 Verifying Checksum
2025-07-10T16:24:22.315Z INFO  - 9fa90b7e1816 Download complete
2025-07-10T16:24:22.323Z INFO  - 7704b1a39512 Downloading 933B / 3KB
2025-07-10T16:24:22.325Z INFO  - 7704b1a39512 Downloading 3KB / 3KB
2025-07-10T16:24:22.333Z INFO  - 7704b1a39512 Verifying Checksum
2025-07-10T16:24:22.334Z INFO  - 7704b1a39512 Download complete
2025-07-10T16:24:22.343Z INFO  - 7704b1a39512 Extracting 3KB / 3KB
2025-07-10T16:24:22.465Z INFO  - 8c1ed1def9d2 Verifying Checksum
2025-07-10T16:24:22.476Z INFO  - 8c1ed1def9d2 Download complete
2025-07-10T16:24:22.504Z INFO  - 6e1435d03d9d Downloading 1MB / 13MB
2025-07-10T16:24:22.627Z INFO  - 762aa0aa2e63 Downloading 3MB / 43MB
2025-07-10T16:24:22.685Z INFO  - 6e1435d03d9d Downloading 5MB / 13MB
2025-07-10T16:24:22.725Z INFO  - 7704b1a39512 Extracting 3KB / 3KB
2025-07-10T16:24:22.909Z INFO  - 7704b1a39512 Pull complete
2025-07-10T16:24:23.028Z INFO  - 6e1435d03d9d Downloading 11MB / 13MB
2025-07-10T16:24:23.050Z INFO  - 6e1435d03d9d Verifying Checksum
2025-07-10T16:24:23.078Z INFO  - 6e1435d03d9d Download complete
2025-07-10T16:24:23.199Z INFO  - 762aa0aa2e63 Downloading 16MB / 43MB
2025-07-10T16:24:23.301Z INFO  - 762aa0aa2e63 Downloading 21MB / 43MB
2025-07-10T16:24:23.410Z INFO  - 762aa0aa2e63 Downloading 26MB / 43MB
2025-07-10T16:24:23.693Z INFO  - 240d071ee353 Downloading 992KB / 5MB
2025-07-10T16:24:23.712Z INFO  - 9d15a33e6ae5 Downloading 93B / 93B
2025-07-10T16:24:23.732Z INFO  - 9d15a33e6ae5 Verifying Checksum
2025-07-10T16:24:23.733Z INFO  - 9d15a33e6ae5 Download complete
2025-07-10T16:24:23.834Z INFO  - 762aa0aa2e63 Downloading 41MB / 43MB
2025-07-10T16:24:23.903Z INFO  - 762aa0aa2e63 Verifying Checksum
2025-07-10T16:24:23.904Z INFO  - 762aa0aa2e63 Download complete
2025-07-10T16:24:24.338Z INFO  - 240d071ee353 Verifying Checksum
2025-07-10T16:24:24.340Z INFO  - 240d071ee353 Download complete
2025-07-10T16:24:24.408Z INFO  - 762aa0aa2e63 Extracting 1MB / 43MB
2025-07-10T16:24:24.469Z INFO  - 23e6a4eec20c Downloading 1KB / 1KB
2025-07-10T16:24:24.548Z INFO  - fbd4fe68ff82 Downloading 696B / 696B
2025-07-10T16:24:24.550Z INFO  - 732ec42cb8ac Downloading 2KB / 2KB
2025-07-10T16:24:24.558Z INFO  - 762aa0aa2e63 Extracting 2MB / 43MB
2025-07-10T16:24:24.639Z INFO  - 762aa0aa2e63 Extracting 3MB / 43MB
2025-07-10T16:24:24.730Z INFO  - e14aeef4f56e Downloading 157B / 157B
2025-07-10T16:24:24.740Z INFO  - 23e6a4eec20c Verifying Checksum
2025-07-10T16:24:24.742Z INFO  - 23e6a4eec20c Download complete
2025-07-10T16:24:24.761Z INFO  - 762aa0aa2e63 Extracting 4MB / 43MB
2025-07-10T16:24:24.852Z INFO  - a3295d072017 Downloading 818B / 818B
2025-07-10T16:24:24.860Z INFO  - fbd4fe68ff82 Verifying Checksum
2025-07-10T16:24:24.861Z INFO  - fbd4fe68ff82 Download complete
2025-07-10T16:24:24.872Z INFO  - 732ec42cb8ac Verifying Checksum
2025-07-10T16:24:24.880Z INFO  - 732ec42cb8ac Download complete
2025-07-10T16:24:24.952Z INFO  - c299d8bbbc3b Downloading 1KB / 59KB
2025-07-10T16:24:24.960Z INFO  - a525aae6776d Downloading 4KB / 214KB
2025-07-10T16:24:24.963Z INFO  - 762aa0aa2e63 Extracting 5MB / 43MB
2025-07-10T16:24:24.982Z INFO  - e14aeef4f56e Verifying Checksum
2025-07-10T16:24:24.983Z INFO  - e14aeef4f56e Download complete
2025-07-10T16:24:25.092Z INFO  - c299d8bbbc3b Downloading 59KB / 59KB
2025-07-10T16:24:25.094Z INFO  - a3295d072017 Verifying Checksum
2025-07-10T16:24:25.102Z INFO  - a3295d072017 Download complete
2025-07-10T16:24:25.103Z INFO  - 762aa0aa2e63 Extracting 6MB / 43MB
2025-07-10T16:24:25.193Z INFO  - 707c38e89c5f Downloading 4KB / 4KB
2025-07-10T16:24:25.202Z INFO  - 762aa0aa2e63 Extracting 7MB / 43MB
2025-07-10T16:24:25.383Z INFO  - 762aa0aa2e63 Extracting 7MB / 43MB
2025-07-10T16:24:25.515Z INFO  - c299d8bbbc3b Verifying Checksum
2025-07-10T16:24:25.523Z INFO  - c299d8bbbc3b Download complete
2025-07-10T16:24:25.635Z INFO  - 707c38e89c5f Verifying Checksum
2025-07-10T16:24:25.637Z INFO  - 707c38e89c5f Download complete
2025-07-10T16:24:25.745Z INFO  - 94077fef8a76 Downloading 514KB / 243MB
2025-07-10T16:24:25.838Z INFO  - 94077fef8a76 Downloading 1MB / 243MB
2025-07-10T16:24:25.855Z INFO  - a525aae6776d Downloading 92KB / 214KB
2025-07-10T16:24:26.039Z INFO  - 94077fef8a76 Downloading 2MB / 243MB
2025-07-10T16:24:26.127Z INFO  - 166343fd4639 Downloading 513KB / 202MB
2025-07-10T16:24:26.170Z INFO  - 762aa0aa2e63 Extracting 13MB / 43MB
2025-07-10T16:24:26.268Z INFO  - a525aae6776d Downloading 96KB / 214KB
2025-07-10T16:24:26.270Z INFO  - a525aae6776d Downloading 214KB / 214KB
2025-07-10T16:24:26.431Z INFO  - 166343fd4639 Downloading 1MB / 202MB
2025-07-10T16:24:26.580Z INFO  - a525aae6776d Verifying Checksum
2025-07-10T16:24:26.582Z INFO  - a525aae6776d Download complete
2025-07-10T16:24:27.062Z INFO  - 762aa0aa2e63 Extracting 18MB / 43MB
2025-07-10T16:24:27.193Z INFO  - 94077fef8a76 Downloading 5MB / 243MB
2025-07-10T16:24:27.425Z INFO  - 762aa0aa2e63 Extracting 21MB / 43MB
2025-07-10T16:24:27.537Z INFO  - 94077fef8a76 Downloading 6MB / 243MB
2025-07-10T16:24:27.555Z INFO  - 762aa0aa2e63 Extracting 21MB / 43MB
2025-07-10T16:24:27.757Z INFO  - 166343fd4639 Downloading 4MB / 202MB
2025-07-10T16:24:27.898Z INFO  - 94077fef8a76 Downloading 7MB / 243MB
2025-07-10T16:24:28.020Z INFO  - 166343fd4639 Downloading 5MB / 202MB
2025-07-10T16:24:28.552Z INFO  - 762aa0aa2e63 Extracting 28MB / 43MB
2025-07-10T16:24:28.913Z INFO  - 94077fef8a76 Downloading 11MB / 243MB
2025-07-10T16:24:29.034Z INFO  - 166343fd4639 Downloading 8MB / 202MB
2025-07-10T16:24:29.196Z INFO  - 762aa0aa2e63 Extracting 31MB / 43MB
2025-07-10T16:24:29.326Z INFO  - 166343fd4639 Downloading 9MB / 202MB
2025-07-10T16:24:29.366Z INFO  - 762aa0aa2e63 Extracting 32MB / 43MB
2025-07-10T16:24:29.808Z INFO  - 166343fd4639 Downloading 13MB / 202MB
2025-07-10T16:24:29.839Z INFO  - 94077fef8a76 Downloading 15MB / 243MB
2025-07-10T16:24:29.990Z INFO  - 94077fef8a76 Downloading 16MB / 243MB
2025-07-10T16:24:30.082Z INFO  - 762aa0aa2e63 Extracting 33MB / 43MB
2025-07-10T16:24:30.190Z INFO  - 166343fd4639 Downloading 16MB / 202MB
2025-07-10T16:24:30.312Z INFO  - 166343fd4639 Downloading 17MB / 202MB
2025-07-10T16:24:30.595Z INFO  - 166343fd4639 Downloading 20MB / 202MB
2025-07-10T16:24:30.615Z INFO  - 94077fef8a76 Downloading 20MB / 243MB
2025-07-10T16:24:30.776Z INFO  - 762aa0aa2e63 Extracting 34MB / 43MB
2025-07-10T16:24:31.035Z INFO  - 94077fef8a76 Downloading 24MB / 243MB
2025-07-10T16:24:31.046Z INFO  - 166343fd4639 Downloading 24MB / 202MB
2025-07-10T16:24:31.288Z INFO  - 166343fd4639 Downloading 24MB / 202MB
2025-07-10T16:24:31.296Z INFO  - 94077fef8a76 Downloading 25MB / 243MB
2025-07-10T16:24:31.409Z INFO  - 166343fd4639 Downloading 25MB / 202MB
2025-07-10T16:24:31.540Z INFO  - 166343fd4639 Downloading 25MB / 202MB
2025-07-10T16:24:31.710Z INFO  - 762aa0aa2e63 Extracting 35MB / 43MB
2025-07-10T16:24:31.849Z INFO  - 94077fef8a76 Downloading 29MB / 243MB
2025-07-10T16:24:31.910Z INFO  - 94077fef8a76 Downloading 30MB / 243MB
2025-07-10T16:24:31.931Z INFO  - 166343fd4639 Downloading 28MB / 202MB
2025-07-10T16:24:31.992Z INFO  - 94077fef8a76 Downloading 31MB / 243MB
2025-07-10T16:24:32.043Z INFO  - 166343fd4639 Downloading 28MB / 202MB
2025-07-10T16:24:32.646Z INFO  - 94077fef8a76 Downloading 35MB / 243MB
2025-07-10T16:24:32.705Z INFO  - 762aa0aa2e63 Extracting 35MB / 43MB
2025-07-10T16:24:32.706Z INFO  - 166343fd4639 Downloading 33MB / 202MB
2025-07-10T16:24:32.748Z INFO  - 94077fef8a76 Downloading 36MB / 243MB
2025-07-10T16:24:33.079Z INFO  - 94077fef8a76 Downloading 39MB / 243MB
2025-07-10T16:24:33.178Z INFO  - 94077fef8a76 Downloading 39MB / 243MB
2025-07-10T16:24:33.291Z INFO  - 762aa0aa2e63 Extracting 36MB / 43MB
2025-07-10T16:24:33.481Z INFO  - 166343fd4639 Downloading 40MB / 202MB
2025-07-10T16:24:33.560Z INFO  - 166343fd4639 Downloading 41MB / 202MB
2025-07-10T16:24:33.662Z INFO  - 166343fd4639 Downloading 42MB / 202MB
2025-07-10T16:24:33.733Z INFO  - 94077fef8a76 Downloading 45MB / 243MB
2025-07-10T16:24:33.914Z INFO  - 762aa0aa2e63 Extracting 37MB / 43MB
2025-07-10T16:24:33.922Z INFO  - 94077fef8a76 Downloading 46MB / 243MB
2025-07-10T16:24:34.124Z INFO  - 166343fd4639 Downloading 44MB / 202MB
2025-07-10T16:24:34.315Z INFO  - 166343fd4639 Downloading 45MB / 202MB
2025-07-10T16:24:34.505Z INFO  - 94077fef8a76 Downloading 49MB / 243MB
2025-07-10T16:24:34.617Z INFO  - 762aa0aa2e63 Extracting 38MB / 43MB
2025-07-10T16:24:34.668Z INFO  - 94077fef8a76 Downloading 50MB / 243MB
2025-07-10T16:24:35.139Z INFO  - 94077fef8a76 Downloading 55MB / 243MB
2025-07-10T16:24:35.249Z INFO  - 166343fd4639 Downloading 53MB / 202MB
2025-07-10T16:24:35.251Z INFO  - 762aa0aa2e63 Extracting 39MB / 43MB
2025-07-10T16:24:35.534Z INFO  - 166343fd4639 Downloading 57MB / 202MB
2025-07-10T16:24:35.601Z INFO  - 762aa0aa2e63 Extracting 40MB / 43MB
2025-07-10T16:24:35.924Z INFO  - 94077fef8a76 Downloading 59MB / 243MB
2025-07-10T16:24:35.995Z INFO  - 166343fd4639 Downloading 61MB / 202MB
2025-07-10T16:24:36.125Z INFO  - 94077fef8a76 Downloading 60MB / 243MB
2025-07-10T16:24:36.296Z INFO  - 762aa0aa2e63 Extracting 41MB / 43MB
2025-07-10T16:24:36.335Z INFO  - 166343fd4639 Downloading 65MB / 202MB
2025-07-10T16:24:36.458Z INFO  - 94077fef8a76 Downloading 64MB / 243MB
2025-07-10T16:24:36.609Z INFO  - 94077fef8a76 Downloading 65MB / 243MB
2025-07-10T16:24:36.617Z INFO  - 166343fd4639 Downloading 69MB / 202MB
2025-07-10T16:24:36.939Z INFO  - 166343fd4639 Downloading 73MB / 202MB
2025-07-10T16:24:37.222Z INFO  - 94077fef8a76 Downloading 69MB / 243MB
2025-07-10T16:24:37.381Z INFO  - 166343fd4639 Downloading 78MB / 202MB
2025-07-10T16:24:37.384Z INFO  - 762aa0aa2e63 Extracting 42MB / 43MB
2025-07-10T16:24:37.493Z INFO  - 94077fef8a76 Downloading 70MB / 243MB
2025-07-10T16:24:37.623Z INFO  - 166343fd4639 Downloading 81MB / 202MB
2025-07-10T16:24:38.026Z INFO  - 94077fef8a76 Downloading 74MB / 243MB
2025-07-10T16:24:38.035Z INFO  - 166343fd4639 Downloading 86MB / 202MB
2025-07-10T16:24:38.147Z INFO  - 94077fef8a76 Downloading 74MB / 243MB
2025-07-10T16:24:38.298Z INFO  - 166343fd4639 Downloading 90MB / 202MB
2025-07-10T16:24:38.328Z INFO  - 94077fef8a76 Downloading 75MB / 243MB
2025-07-10T16:24:38.429Z INFO  - 762aa0aa2e63 Extracting 42MB / 43MB
2025-07-10T16:24:38.670Z INFO  - 166343fd4639 Downloading 94MB / 202MB
2025-07-10T16:24:38.741Z INFO  - 94077fef8a76 Downloading 78MB / 243MB
2025-07-10T16:24:39.032Z INFO  - 166343fd4639 Downloading 97MB / 202MB
2025-07-10T16:24:39.122Z INFO  - 166343fd4639 Downloading 98MB / 202MB
2025-07-10T16:24:39.163Z INFO  - 94077fef8a76 Downloading 83MB / 243MB
2025-07-10T16:24:39.314Z INFO  - 94077fef8a76 Downloading 85MB / 243MB
2025-07-10T16:24:39.413Z INFO  - 762aa0aa2e63 Extracting 43MB / 43MB
2025-07-10T16:24:39.443Z INFO  - 166343fd4639 Downloading 102MB / 202MB
2025-07-10T16:24:39.605Z INFO  - 94077fef8a76 Downloading 88MB / 243MB
2025-07-10T16:24:39.726Z INFO  - 94077fef8a76 Downloading 89MB / 243MB
2025-07-10T16:24:39.776Z INFO  - 166343fd4639 Downloading 105MB / 202MB
2025-07-10T16:24:40.047Z INFO  - 94077fef8a76 Downloading 93MB / 243MB
2025-07-10T16:24:40.157Z INFO  - 166343fd4639 Downloading 111MB / 202MB
2025-07-10T16:24:40.208Z INFO  - 94077fef8a76 Downloading 95MB / 243MB
2025-07-10T16:24:40.491Z INFO  - 762aa0aa2e63 Pull complete
2025-07-10T16:24:40.541Z INFO  - 166343fd4639 Downloading 114MB / 202MB
2025-07-10T16:24:40.612Z INFO  - 94077fef8a76 Downloading 99MB / 243MB
2025-07-10T16:24:40.655Z INFO  - 8c1ed1def9d2 Extracting 32KB / 1MB
2025-07-10T16:24:40.762Z INFO  - 166343fd4639 Downloading 119MB / 202MB
2025-07-10T16:24:41.056Z INFO  - 8c1ed1def9d2 Extracting 416KB / 1MB
2025-07-10T16:24:41.155Z INFO  - 166343fd4639 Downloading 122MB / 202MB
2025-07-10T16:24:41.174Z INFO  - 8c1ed1def9d2 Extracting 864KB / 1MB
2025-07-10T16:24:41.227Z INFO  - 8c1ed1def9d2 Extracting 1MB / 1MB
2025-07-10T16:24:41.287Z INFO  - 94077fef8a76 Downloading 107MB / 243MB
2025-07-10T16:24:41.337Z INFO  - 8c1ed1def9d2 Pull complete
2025-07-10T16:24:41.365Z INFO  - 94077fef8a76 Downloading 109MB / 243MB
2025-07-10T16:24:41.466Z INFO  - 166343fd4639 Downloading 126MB / 202MB
2025-07-10T16:24:41.488Z INFO  - 9fa90b7e1816 Extracting 445B / 445B
2025-07-10T16:24:41.577Z INFO  - 9fa90b7e1816 Extracting 445B / 445B
2025-07-10T16:24:41.609Z INFO  - 94077fef8a76 Downloading 114MB / 243MB
2025-07-10T16:24:41.619Z INFO  - 9fa90b7e1816 Pull complete
2025-07-10T16:24:41.658Z INFO  - 166343fd4639 Downloading 131MB / 202MB
2025-07-10T16:24:41.858Z INFO  - 240d071ee353 Extracting 448KB / 5MB
2025-07-10T16:24:41.931Z INFO  - 240d071ee353 Extracting 576KB / 5MB
2025-07-10T16:24:42.091Z INFO  - 166343fd4639 Downloading 133MB / 202MB
2025-07-10T16:24:42.311Z INFO  - 166343fd4639 Downloading 134MB / 202MB
2025-07-10T16:24:42.452Z INFO  - 166343fd4639 Downloading 134MB / 202MB
2025-07-10T16:24:42.462Z INFO  - 94077fef8a76 Downloading 117MB / 243MB
2025-07-10T16:24:42.664Z INFO  - 166343fd4639 Downloading 135MB / 202MB
2025-07-10T16:24:42.674Z INFO  - 94077fef8a76 Downloading 117MB / 243MB
2025-07-10T16:24:42.743Z INFO  - 240d071ee353 Extracting 5MB / 5MB
2025-07-10T16:24:42.754Z INFO  - 240d071ee353 Extracting 5MB / 5MB
2025-07-10T16:24:42.765Z INFO  - 240d071ee353 Pull complete
2025-07-10T16:24:42.770Z INFO  - 9d15a33e6ae5 Extracting 93B / 93B
2025-07-10T16:24:42.775Z INFO  - 9d15a33e6ae5 Extracting 93B / 93B
2025-07-10T16:24:42.805Z INFO  - 9d15a33e6ae5 Pull complete
2025-07-10T16:24:42.825Z INFO  - 94077fef8a76 Downloading 118MB / 243MB
2025-07-10T16:24:42.936Z INFO  - 707c38e89c5f Extracting 4KB / 4KB
2025-07-10T16:24:42.938Z INFO  - 166343fd4639 Downloading 139MB / 202MB
2025-07-10T16:24:43.057Z INFO  - 94077fef8a76 Downloading 122MB / 243MB
2025-07-10T16:24:43.109Z INFO  - 707c38e89c5f Extracting 4KB / 4KB
2025-07-10T16:24:43.147Z INFO  - 166343fd4639 Downloading 142MB / 202MB
2025-07-10T16:24:43.149Z INFO  - 94077fef8a76 Downloading 124MB / 243MB
2025-07-10T16:24:43.208Z INFO  - 707c38e89c5f Pull complete
2025-07-10T16:24:43.247Z INFO  - 94077fef8a76 Downloading 127MB / 243MB
2025-07-10T16:24:43.378Z INFO  - 166343fd4639 Downloading 146MB / 202MB
2025-07-10T16:24:43.459Z INFO  - c299d8bbbc3b Extracting 59KB / 59KB
2025-07-10T16:24:43.562Z INFO  - c299d8bbbc3b Pull complete
2025-07-10T16:24:43.660Z INFO  - 166343fd4639 Downloading 150MB / 202MB
2025-07-10T16:24:43.662Z INFO  - 732ec42cb8ac Extracting 2KB / 2KB
2025-07-10T16:24:43.732Z INFO  - 166343fd4639 Downloading 151MB / 202MB
2025-07-10T16:24:43.751Z INFO  - 94077fef8a76 Downloading 137MB / 243MB
2025-07-10T16:24:43.772Z INFO  - 732ec42cb8ac Extracting 2KB / 2KB
2025-07-10T16:24:43.970Z INFO  - 94077fef8a76 Downloading 138MB / 243MB
2025-07-10T16:24:44.010Z INFO  - 732ec42cb8ac Pull complete
2025-07-10T16:24:44.073Z INFO  - 94077fef8a76 Downloading 138MB / 243MB
2025-07-10T16:24:44.152Z INFO  - 166343fd4639 Downloading 154MB / 202MB
2025-07-10T16:24:44.363Z INFO  - 94077fef8a76 Downloading 141MB / 243MB
2025-07-10T16:24:44.393Z INFO  - 166343fd4639 Downloading 158MB / 202MB
2025-07-10T16:24:44.546Z INFO  - 94077fef8a76 Downloading 147MB / 243MB
2025-07-10T16:24:44.646Z INFO  - 166343fd4639 Downloading 163MB / 202MB
2025-07-10T16:24:44.897Z INFO  - 94077fef8a76 Downloading 156MB / 243MB
2025-07-10T16:24:44.936Z INFO  - 166343fd4639 Downloading 167MB / 202MB
2025-07-10T16:24:45.045Z INFO  - 166343fd4639 Downloading 170MB / 202MB
2025-07-10T16:24:45.071Z INFO  - 94077fef8a76 Downloading 158MB / 243MB
2025-07-10T16:24:45.177Z INFO  - 94077fef8a76 Downloading 161MB / 243MB
2025-07-10T16:24:45.208Z INFO  - 166343fd4639 Downloading 171MB / 202MB
2025-07-10T16:24:45.314Z INFO  - 94077fef8a76 Downloading 163MB / 243MB
2025-07-10T16:24:45.436Z INFO  - 166343fd4639 Downloading 174MB / 202MB
2025-07-10T16:24:45.539Z INFO  - 166343fd4639 Downloading 175MB / 202MB
2025-07-10T16:24:45.759Z INFO  - 94077fef8a76 Downloading 167MB / 243MB
2025-07-10T16:24:46.015Z INFO  - 94077fef8a76 Downloading 171MB / 243MB
2025-07-10T16:24:46.047Z INFO  - 166343fd4639 Downloading 178MB / 202MB
2025-07-10T16:24:46.117Z INFO  - 94077fef8a76 Downloading 172MB / 243MB
2025-07-10T16:24:46.209Z INFO  - 166343fd4639 Downloading 179MB / 202MB
2025-07-10T16:24:46.476Z INFO  - 94077fef8a76 Downloading 177MB / 243MB
2025-07-10T16:24:46.710Z INFO  - 94077fef8a76 Downloading 182MB / 243MB
2025-07-10T16:24:46.859Z INFO  - 166343fd4639 Downloading 182MB / 202MB
2025-07-10T16:24:47.037Z INFO  - 94077fef8a76 Downloading 186MB / 243MB
2025-07-10T16:24:47.045Z INFO  - 166343fd4639 Downloading 183MB / 202MB
2025-07-10T16:24:47.294Z INFO  - 94077fef8a76 Downloading 191MB / 243MB
2025-07-10T16:24:47.541Z INFO  - 94077fef8a76 Downloading 196MB / 243MB
2025-07-10T16:24:47.661Z INFO  - 94077fef8a76 Downloading 197MB / 243MB
2025-07-10T16:24:47.811Z INFO  - 166343fd4639 Downloading 186MB / 202MB
2025-07-10T16:24:47.940Z INFO  - 94077fef8a76 Downloading 200MB / 243MB
2025-07-10T16:24:47.991Z INFO  - 166343fd4639 Downloading 187MB / 202MB
2025-07-10T16:24:48.049Z INFO  - 94077fef8a76 Downloading 201MB / 243MB
2025-07-10T16:24:48.215Z INFO  - 166343fd4639 Downloading 187MB / 202MB
2025-07-10T16:24:48.394Z INFO  - 94077fef8a76 Downloading 206MB / 243MB
2025-07-10T16:24:48.403Z INFO  - 166343fd4639 Downloading 188MB / 202MB
2025-07-10T16:24:48.644Z INFO  - 94077fef8a76 Downloading 210MB / 243MB
2025-07-10T16:24:49.047Z INFO  - 94077fef8a76 Downloading 216MB / 243MB
2025-07-10T16:24:49.303Z INFO  - 94077fef8a76 Downloading 219MB / 243MB
2025-07-10T16:24:49.601Z INFO  - 166343fd4639 Downloading 190MB / 202MB
2025-07-10T16:24:49.734Z INFO  - 94077fef8a76 Downloading 225MB / 243MB
2025-07-10T16:24:49.874Z INFO  - 166343fd4639 Downloading 191MB / 202MB
2025-07-10T16:24:50.003Z INFO  - 166343fd4639 Downloading 191MB / 202MB
2025-07-10T16:24:50.143Z INFO  - 94077fef8a76 Downloading 229MB / 243MB
2025-07-10T16:24:50.261Z INFO  - 94077fef8a76 Downloading 230MB / 243MB
2025-07-10T16:24:50.489Z INFO  - 94077fef8a76 Downloading 234MB / 243MB
2025-07-10T16:24:50.601Z INFO  - 94077fef8a76 Downloading 236MB / 243MB
2025-07-10T16:24:50.741Z INFO  - 166343fd4639 Downloading 194MB / 202MB
2025-07-10T16:24:50.952Z INFO  - 166343fd4639 Downloading 195MB / 202MB
2025-07-10T16:24:50.980Z INFO  - 94077fef8a76 Downloading 240MB / 243MB
2025-07-10T16:24:51.195Z INFO  - 166343fd4639 Downloading 195MB / 202MB
2025-07-10T16:24:51.328Z INFO  - 166343fd4639 Downloading 196MB / 202MB
2025-07-10T16:24:51.527Z INFO  - 94077fef8a76 Verifying Checksum
2025-07-10T16:24:51.530Z INFO  - 94077fef8a76 Download complete
2025-07-10T16:24:51.663Z INFO  - 94077fef8a76 Extracting 544KB / 243MB
2025-07-10T16:24:51.754Z INFO  - 94077fef8a76 Extracting 1MB / 243MB
2025-07-10T16:24:52.527Z INFO  - 166343fd4639 Downloading 198MB / 202MB
2025-07-10T16:24:52.536Z INFO  - 94077fef8a76 Extracting 5MB / 243MB
2025-07-10T16:24:52.778Z INFO  - 166343fd4639 Downloading 199MB / 202MB
2025-07-10T16:24:53.060Z INFO  - 166343fd4639 Downloading 199MB / 202MB
2025-07-10T16:24:53.072Z INFO  - 94077fef8a76 Extracting 10MB / 243MB
2025-07-10T16:24:53.332Z INFO  - 166343fd4639 Downloading 200MB / 202MB
2025-07-10T16:24:53.612Z INFO  - 94077fef8a76 Extracting 14MB / 243MB
2025-07-10T16:24:53.633Z INFO  - 94077fef8a76 Extracting 16MB / 243MB
2025-07-10T16:24:53.753Z INFO  - 94077fef8a76 Extracting 17MB / 243MB
2025-07-10T16:24:53.957Z INFO  - 166343fd4639 Downloading 202MB / 202MB
2025-07-10T16:24:54.176Z INFO  - 94077fef8a76 Extracting 20MB / 243MB
2025-07-10T16:24:54.178Z INFO  - 166343fd4639 Verifying Checksum
2025-07-10T16:24:54.185Z INFO  - 166343fd4639 Download complete
2025-07-10T16:24:54.188Z INFO  - 94077fef8a76 Extracting 21MB / 243MB
2025-07-10T16:24:58.504Z INFO  - 94077fef8a76 Extracting 24MB / 243MB
2025-07-10T16:24:58.695Z INFO  - 94077fef8a76 Extracting 25MB / 243MB
2025-07-10T16:24:58.996Z INFO  - 94077fef8a76 Extracting 26MB / 243MB
2025-07-10T16:24:59.578Z INFO  - 94077fef8a76 Extracting 30MB / 243MB
2025-07-10T16:25:00.564Z INFO  - 94077fef8a76 Extracting 35MB / 243MB
2025-07-10T16:25:01.150Z INFO  - 94077fef8a76 Extracting 39MB / 243MB
2025-07-10T16:25:01.169Z INFO  - 94077fef8a76 Extracting 39MB / 243MB
2025-07-10T16:25:01.339Z INFO  - 94077fef8a76 Extracting 40MB / 243MB
2025-07-10T16:25:01.772Z INFO  - 94077fef8a76 Extracting 40MB / 243MB
2025-07-10T16:25:02.607Z INFO  - 94077fef8a76 Extracting 44MB / 243MB
2025-07-10T16:25:02.888Z INFO  - 94077fef8a76 Extracting 46MB / 243MB
2025-07-10T16:25:03.730Z INFO  - 94077fef8a76 Extracting 48MB / 243MB
2025-07-10T16:25:03.733Z INFO  - 94077fef8a76 Extracting 49MB / 243MB
2025-07-10T16:25:03.791Z INFO  - 94077fef8a76 Extracting 49MB / 243MB
2025-07-10T16:25:05.089Z INFO  - 94077fef8a76 Extracting 54MB / 243MB
2025-07-10T16:25:05.107Z INFO  - 94077fef8a76 Extracting 54MB / 243MB
2025-07-10T16:25:05.751Z INFO  - 94077fef8a76 Extracting 55MB / 243MB
2025-07-10T16:25:06.315Z INFO  - 94077fef8a76 Extracting 58MB / 243MB
2025-07-10T16:25:06.938Z INFO  - 94077fef8a76 Extracting 60MB / 243MB
2025-07-10T16:25:07.974Z INFO  - 94077fef8a76 Extracting 64MB / 243MB
2025-07-10T16:25:07.975Z INFO  - 94077fef8a76 Extracting 65MB / 243MB
2025-07-10T16:25:09.293Z INFO  - 94077fef8a76 Extracting 69MB / 243MB
2025-07-10T16:25:09.311Z INFO  - 94077fef8a76 Extracting 73MB / 243MB
2025-07-10T16:25:09.573Z INFO  - 94077fef8a76 Extracting 74MB / 243MB
2025-07-10T16:25:09.575Z INFO  - 94077fef8a76 Extracting 74MB / 243MB
2025-07-10T16:25:10.822Z INFO  - 94077fef8a76 Extracting 79MB / 243MB
2025-07-10T16:25:11.698Z INFO  - 94077fef8a76 Extracting 83MB / 243MB
2025-07-10T16:25:11.977Z INFO  - 94077fef8a76 Extracting 85MB / 243MB
2025-07-10T16:25:12.479Z INFO  - 94077fef8a76 Extracting 89MB / 243MB
2025-07-10T16:25:13.203Z INFO  - 94077fef8a76 Extracting 94MB / 243MB
2025-07-10T16:25:13.516Z INFO  - 94077fef8a76 Extracting 98MB / 243MB
2025-07-10T16:25:13.637Z INFO  - 94077fef8a76 Extracting 99MB / 243MB
2025-07-10T16:25:14.041Z INFO  - 94077fef8a76 Extracting 103MB / 243MB
2025-07-10T16:25:14.169Z INFO  - 94077fef8a76 Extracting 103MB / 243MB
2025-07-10T16:25:14.372Z INFO  - 94077fef8a76 Extracting 104MB / 243MB
2025-07-10T16:25:15.426Z INFO  - 94077fef8a76 Extracting 107MB / 243MB
2025-07-10T16:25:16.240Z INFO  - 94077fef8a76 Extracting 108MB / 243MB
2025-07-10T16:25:17.376Z INFO  - 94077fef8a76 Extracting 112MB / 243MB
2025-07-10T16:25:17.859Z INFO  - 94077fef8a76 Extracting 113MB / 243MB
2025-07-10T16:25:18.442Z INFO  - 94077fef8a76 Extracting 117MB / 243MB
2025-07-10T16:25:18.463Z INFO  - 94077fef8a76 Extracting 118MB / 243MB
2025-07-10T16:25:18.924Z INFO  - 94077fef8a76 Extracting 122MB / 243MB
2025-07-10T16:25:19.025Z INFO  - 94077fef8a76 Extracting 123MB / 243MB
2025-07-10T16:25:19.551Z INFO  - 94077fef8a76 Extracting 126MB / 243MB
2025-07-10T16:25:19.659Z INFO  - 94077fef8a76 Extracting 128MB / 243MB
2025-07-10T16:25:19.760Z INFO  - 94077fef8a76 Extracting 129MB / 243MB
2025-07-10T16:25:20.664Z INFO  - 94077fef8a76 Extracting 132MB / 243MB
2025-07-10T16:25:21.491Z INFO  - 94077fef8a76 Extracting 133MB / 243MB
2025-07-10T16:25:23.601Z INFO  - 94077fef8a76 Extracting 137MB / 243MB
2025-07-10T16:25:24.667Z INFO  - 94077fef8a76 Extracting 137MB / 243MB
2025-07-10T16:25:25.060Z INFO  - 94077fef8a76 Extracting 138MB / 243MB
2025-07-10T16:25:25.443Z INFO  - 94077fef8a76 Extracting 138MB / 243MB
2025-07-10T16:25:28.278Z INFO  - 94077fef8a76 Extracting 141MB / 243MB
2025-07-10T16:25:28.782Z INFO  - 94077fef8a76 Extracting 142MB / 243MB
2025-07-10T16:25:30.018Z INFO  - 94077fef8a76 Extracting 147MB / 243MB
2025-07-10T16:25:30.944Z INFO  - 94077fef8a76 Extracting 152MB / 243MB
2025-07-10T16:25:30.952Z INFO  - 94077fef8a76 Extracting 153MB / 243MB
2025-07-10T16:25:31.578Z INFO  - 94077fef8a76 Extracting 156MB / 243MB
2025-07-10T16:25:31.867Z INFO  - 94077fef8a76 Extracting 156MB / 243MB
2025-07-10T16:25:32.443Z INFO  - 94077fef8a76 Extracting 157MB / 243MB
2025-07-10T16:25:33.326Z INFO  - 94077fef8a76 Extracting 157MB / 243MB
2025-07-10T16:25:33.822Z INFO  - 94077fef8a76 Extracting 158MB / 243MB
2025-07-10T16:25:35.800Z INFO  - 94077fef8a76 Extracting 162MB / 243MB
2025-07-10T16:25:36.243Z INFO  - 94077fef8a76 Extracting 162MB / 243MB
2025-07-10T16:25:36.675Z INFO  - 94077fef8a76 Extracting 163MB / 243MB
2025-07-10T16:25:37.864Z INFO  - 94077fef8a76 Extracting 166MB / 243MB
2025-07-10T16:25:38.387Z INFO  - 94077fef8a76 Extracting 171MB / 243MB
2025-07-10T16:25:38.489Z INFO  - 94077fef8a76 Extracting 172MB / 243MB
2025-07-10T16:25:39.522Z INFO  - 94077fef8a76 Extracting 176MB / 243MB
2025-07-10T16:25:39.524Z INFO  - 94077fef8a76 Extracting 177MB / 243MB
2025-07-10T16:25:39.696Z INFO  - 94077fef8a76 Extracting 181MB / 243MB
2025-07-10T16:25:40.229Z INFO  - 94077fef8a76 Extracting 185MB / 243MB
2025-07-10T16:25:40.236Z INFO  - 94077fef8a76 Extracting 187MB / 243MB
2025-07-10T16:25:40.982Z INFO  - 94077fef8a76 Extracting 190MB / 243MB
2025-07-10T16:25:40.990Z INFO  - 94077fef8a76 Extracting 191MB / 243MB
2025-07-10T16:25:41.412Z INFO  - 94077fef8a76 Extracting 196MB / 243MB
2025-07-10T16:25:44.050Z INFO  - 94077fef8a76 Extracting 200MB / 243MB
2025-07-10T16:25:44.052Z INFO  - 94077fef8a76 Extracting 201MB / 243MB
2025-07-10T16:25:44.059Z INFO  - 94077fef8a76 Extracting 202MB / 243MB
2025-07-10T16:25:44.724Z INFO  - 94077fef8a76 Extracting 205MB / 243MB
2025-07-10T16:25:45.157Z INFO  - 94077fef8a76 Extracting 206MB / 243MB
2025-07-10T16:25:45.470Z INFO  - 94077fef8a76 Extracting 209MB / 243MB
2025-07-10T16:25:45.477Z INFO  - 94077fef8a76 Extracting 210MB / 243MB
2025-07-10T16:25:46.253Z INFO  - 94077fef8a76 Extracting 216MB / 243MB
2025-07-10T16:25:46.798Z INFO  - 94077fef8a76 Extracting 221MB / 243MB
2025-07-10T16:25:47.620Z INFO  - 94077fef8a76 Extracting 225MB / 243MB
2025-07-10T16:25:47.974Z INFO  - 94077fef8a76 Extracting 229MB / 243MB
2025-07-10T16:25:48.042Z INFO  - 94077fef8a76 Extracting 231MB / 243MB
2025-07-10T16:25:48.549Z INFO  - 94077fef8a76 Extracting 235MB / 243MB
2025-07-10T16:25:48.867Z INFO  - 94077fef8a76 Extracting 239MB / 243MB
2025-07-10T16:25:48.989Z INFO  - 94077fef8a76 Extracting 240MB / 243MB
2025-07-10T16:25:49.120Z INFO  - 94077fef8a76 Extracting 241MB / 243MB
2025-07-10T16:25:49.433Z INFO  - 94077fef8a76 Extracting 243MB / 243MB
2025-07-10T16:25:50.511Z INFO  - 94077fef8a76 Pull complete
2025-07-10T16:25:50.950Z INFO  - 6e1435d03d9d Extracting 3MB / 13MB
2025-07-10T16:25:51.041Z INFO  - 6e1435d03d9d Extracting 3MB / 13MB
2025-07-10T16:25:51.354Z INFO  - 6e1435d03d9d Extracting 7MB / 13MB
2025-07-10T16:25:51.473Z INFO  - 6e1435d03d9d Extracting 8MB / 13MB
2025-07-10T16:25:51.927Z INFO  - 6e1435d03d9d Extracting 9MB / 13MB
2025-07-10T16:25:52.218Z INFO  - 6e1435d03d9d Extracting 10MB / 13MB
2025-07-10T16:25:53.074Z INFO  - 6e1435d03d9d Extracting 12MB / 13MB
2025-07-10T16:25:53.333Z INFO  - 6e1435d03d9d Extracting 12MB / 13MB
2025-07-10T16:25:53.395Z INFO  - 6e1435d03d9d Extracting 13MB / 13MB
2025-07-10T16:25:53.456Z INFO  - 6e1435d03d9d Pull complete
2025-07-10T16:25:53.459Z INFO  - a525aae6776d Extracting 32KB / 214KB
2025-07-10T16:25:53.526Z INFO  - a525aae6776d Extracting 214KB / 214KB
2025-07-10T16:25:53.554Z INFO  - a525aae6776d Pull complete
2025-07-10T16:25:53.556Z INFO  - e14aeef4f56e Extracting 157B / 157B
2025-07-10T16:25:53.576Z INFO  - e14aeef4f56e Extracting 157B / 157B
2025-07-10T16:25:53.584Z INFO  - e14aeef4f56e Pull complete
2025-07-10T16:25:53.587Z INFO  - fbd4fe68ff82 Extracting 696B / 696B
2025-07-10T16:25:53.594Z INFO  - fbd4fe68ff82 Extracting 696B / 696B
2025-07-10T16:25:53.599Z INFO  - fbd4fe68ff82 Pull complete
2025-07-10T16:25:53.605Z INFO  - 23e6a4eec20c Extracting 1KB / 1KB
2025-07-10T16:25:53.610Z INFO  - 23e6a4eec20c Extracting 1KB / 1KB
2025-07-10T16:25:53.636Z INFO  - 23e6a4eec20c Pull complete
2025-07-10T16:25:53.640Z INFO  - a3295d072017 Extracting 818B / 818B
2025-07-10T16:25:53.646Z INFO  - a3295d072017 Extracting 818B / 818B
2025-07-10T16:25:53.668Z INFO  - a3295d072017 Pull complete
2025-07-10T16:25:53.670Z INFO  - 4f4fb700ef54 Extracting 32B / 32B
2025-07-10T16:25:53.677Z INFO  - 4f4fb700ef54 Extracting 32B / 32B
2025-07-10T16:25:53.699Z INFO  - 4f4fb700ef54 Pull complete
2025-07-10T16:25:54.152Z INFO  - 166343fd4639 Extracting 1MB / 202MB
2025-07-10T16:25:54.977Z INFO  - 166343fd4639 Extracting 8MB / 202MB
2025-07-10T16:25:55.689Z INFO  - 166343fd4639 Extracting 16MB / 202MB
2025-07-10T16:25:56.053Z INFO  - 166343fd4639 Extracting 20MB / 202MB
2025-07-10T16:25:56.164Z INFO  - 166343fd4639 Extracting 21MB / 202MB
2025-07-10T16:26:00.883Z INFO  - 166343fd4639 Extracting 24MB / 202MB
2025-07-10T16:26:01.052Z INFO  - 166343fd4639 Extracting 24MB / 202MB
2025-07-10T16:26:01.254Z INFO  - 166343fd4639 Extracting 26MB / 202MB
2025-07-10T16:26:02.640Z INFO  - 166343fd4639 Extracting 29MB / 202MB
2025-07-10T16:26:02.693Z INFO  - 166343fd4639 Extracting 29MB / 202MB
2025-07-10T16:26:03.143Z INFO  - 166343fd4639 Extracting 30MB / 202MB
2025-07-10T16:26:04.048Z INFO  - 166343fd4639 Extracting 32MB / 202MB
2025-07-10T16:26:04.240Z INFO  - 166343fd4639 Extracting 33MB / 202MB
2025-07-10T16:26:04.401Z INFO  - 166343fd4639 Extracting 34MB / 202MB
2025-07-10T16:26:05.194Z INFO  - 166343fd4639 Extracting 36MB / 202MB
2025-07-10T16:26:05.387Z INFO  - 166343fd4639 Extracting 37MB / 202MB
2025-07-10T16:26:05.517Z INFO  - 166343fd4639 Extracting 37MB / 202MB
2025-07-10T16:26:06.231Z INFO  - 166343fd4639 Extracting 41MB / 202MB
2025-07-10T16:26:06.906Z INFO  - 166343fd4639 Extracting 45MB / 202MB
2025-07-10T16:26:07.166Z INFO  - 166343fd4639 Extracting 46MB / 202MB
2025-07-10T16:26:07.759Z INFO  - 166343fd4639 Extracting 50MB / 202MB
2025-07-10T16:26:07.858Z INFO  - 166343fd4639 Extracting 52MB / 202MB
2025-07-10T16:26:07.979Z INFO  - 166343fd4639 Extracting 53MB / 202MB
2025-07-10T16:26:08.473Z INFO  - 166343fd4639 Extracting 54MB / 202MB
2025-07-10T16:26:09.057Z INFO  - 166343fd4639 Extracting 58MB / 202MB
2025-07-10T16:26:09.297Z INFO  - 166343fd4639 Extracting 61MB / 202MB
2025-07-10T16:26:09.990Z INFO  - 166343fd4639 Extracting 65MB / 202MB
2025-07-10T16:26:10.769Z INFO  - 166343fd4639 Extracting 69MB / 202MB
2025-07-10T16:26:12.006Z INFO  - 166343fd4639 Extracting 77MB / 202MB
2025-07-10T16:26:12.033Z INFO  - 166343fd4639 Extracting 78MB / 202MB
2025-07-10T16:26:12.828Z INFO  - 166343fd4639 Extracting 82MB / 202MB
2025-07-10T16:26:13.333Z INFO  - 166343fd4639 Extracting 86MB / 202MB
2025-07-10T16:26:13.653Z INFO  - 166343fd4639 Extracting 89MB / 202MB
2025-07-10T16:26:13.784Z INFO  - 166343fd4639 Extracting 90MB / 202MB
2025-07-10T16:26:14.871Z INFO  - 166343fd4639 Extracting 97MB / 202MB
2025-07-10T16:26:15.334Z INFO  - 166343fd4639 Extracting 103MB / 202MB
2025-07-10T16:26:15.594Z INFO  - 166343fd4639 Extracting 105MB / 202MB
2025-07-10T16:26:15.777Z INFO  - 166343fd4639 Extracting 106MB / 202MB
2025-07-10T16:26:15.787Z INFO  - 166343fd4639 Extracting 106MB / 202MB
2025-07-10T16:26:16.220Z INFO  - 166343fd4639 Extracting 109MB / 202MB
2025-07-10T16:26:16.389Z INFO  - 166343fd4639 Extracting 110MB / 202MB
2025-07-10T16:26:17.041Z INFO  - 166343fd4639 Extracting 114MB / 202MB
2025-07-10T16:26:17.225Z INFO  - 166343fd4639 Extracting 115MB / 202MB
2025-07-10T16:26:17.486Z INFO  - 166343fd4639 Extracting 117MB / 202MB
2025-07-10T16:26:17.626Z INFO  - 166343fd4639 Extracting 118MB / 202MB
2025-07-10T16:26:18.129Z INFO  - 166343fd4639 Extracting 122MB / 202MB
2025-07-10T16:26:18.287Z INFO  - 166343fd4639 Extracting 123MB / 202MB
2025-07-10T16:26:18.991Z INFO  - 166343fd4639 Extracting 126MB / 202MB
2025-07-10T16:26:19.152Z INFO  - 166343fd4639 Extracting 129MB / 202MB
2025-07-10T16:26:19.242Z INFO  - 166343fd4639 Extracting 130MB / 202MB
2025-07-10T16:26:20.935Z INFO  - 166343fd4639 Extracting 134MB / 202MB
2025-07-10T16:26:21.377Z INFO  - 166343fd4639 Extracting 135MB / 202MB
2025-07-10T16:26:24.191Z INFO  - 166343fd4639 Extracting 138MB / 202MB
2025-07-10T16:26:25.047Z INFO  - 166343fd4639 Extracting 138MB / 202MB
2025-07-10T16:26:25.971Z INFO  - 166343fd4639 Extracting 139MB / 202MB
2025-07-10T16:26:29.140Z INFO  - 166343fd4639 Extracting 142MB / 202MB
2025-07-10T16:26:30.056Z INFO  - 166343fd4639 Extracting 146MB / 202MB
2025-07-10T16:26:30.810Z INFO  - 166343fd4639 Extracting 150MB / 202MB
2025-07-10T16:26:32.138Z INFO  - 166343fd4639 Extracting 154MB / 202MB
2025-07-10T16:26:32.539Z INFO  - 166343fd4639 Extracting 154MB / 202MB
2025-07-10T16:26:33.583Z INFO  - 166343fd4639 Extracting 155MB / 202MB
2025-07-10T16:26:33.586Z INFO  - 166343fd4639 Extracting 155MB / 202MB
2025-07-10T16:26:33.957Z INFO  - 166343fd4639 Extracting 157MB / 202MB
2025-07-10T16:26:34.680Z INFO  - 166343fd4639 Extracting 158MB / 202MB
2025-07-10T16:26:35.052Z INFO  - 166343fd4639 Extracting 158MB / 202MB
2025-07-10T16:26:36.108Z INFO  - 166343fd4639 Extracting 162MB / 202MB
2025-07-10T16:26:36.141Z INFO  - 166343fd4639 Extracting 163MB / 202MB
2025-07-10T16:26:36.511Z INFO  - 166343fd4639 Extracting 166MB / 202MB
2025-07-10T16:26:37.286Z INFO  - 166343fd4639 Extracting 171MB / 202MB
2025-07-10T16:26:37.788Z INFO  - 166343fd4639 Extracting 175MB / 202MB
2025-07-10T16:26:37.940Z INFO  - 166343fd4639 Extracting 179MB / 202MB
2025-07-10T16:26:38.636Z INFO  - 166343fd4639 Extracting 183MB / 202MB
2025-07-10T16:26:39.117Z INFO  - 166343fd4639 Extracting 188MB / 202MB
2025-07-10T16:26:39.138Z INFO  - 166343fd4639 Extracting 190MB / 202MB
2025-07-10T16:26:39.331Z INFO  - 166343fd4639 Extracting 191MB / 202MB
2025-07-10T16:26:40.104Z INFO  - 166343fd4639 Extracting 194MB / 202MB
2025-07-10T16:26:40.113Z INFO  - 166343fd4639 Extracting 195MB / 202MB
2025-07-10T16:26:42.636Z INFO  - 166343fd4639 Extracting 199MB / 202MB
2025-07-10T16:26:44.498Z INFO  - 166343fd4639 Extracting 202MB / 202MB
2025-07-10T16:26:45.714Z INFO  - 166343fd4639 Pull complete
2025-07-10T16:26:46.127Z INFO  -  Digest: sha256:2ee3e945d0651c030036f8a2428355bd1fa86c7e8442235b4128eb34a6d176fa
2025-07-10T16:26:46.136Z INFO  -  Status: Downloaded newer image for ayumu277/chatbot-app:latest
2025-07-10T16:26:46.212Z INFO  - Pull Image successful, Time taken: 147 Seconds
2025-07-10T16:26:46.914Z INFO  - Starting container for site
2025-07-10T16:26:46.915Z INFO  - docker run -d --expose=8080 --name chatbot-app-container_0_3fee2bda -e WEBSITE_USE_DIAGNOSTIC_SERVER=false -e DOCKER_CUSTOM_IMAGE_NAME=ayumu277/chatbot-app:latest -e PORT=8080 -e WEBSITES_ENABLE_APP_SERVICE_STORAGE=false -e WEBSITES_PORT=8080 -e WEBSITE_SITE_NAME=chatbot-app-container -e WEBSITE_AUTH_ENABLED=False -e WEBSITE_ROLE_INSTANCE_ID=0 -e WEBSITE_HOSTNAME=chatbot-app-container-fse7g9cnf8hfgpej.japaneast-01.azurewebsites.net -e WEBSITE_INSTANCE_ID=8357d49149e083d5618b075bb38cc6afaae575fa5a2e4c56ee9c01afd620a526 -e HTTP_LOGGING_ENABLED=1 ayumu277/chatbot-app:latest 
2025-07-10T16:26:49.822Z INFO  - Initiating warmup request to container chatbot-app-container_0_3fee2bda for site chatbot-app-container
2025-07-10T16:26:49.916Z ERROR - Container chatbot-app-container_0_3fee2bda for site chatbot-app-container has exited, failing site start
2025-07-10T16:26:49.962Z ERROR - Container chatbot-app-container_0_3fee2bda didn't respond to HTTP pings on port: 8080. Failing site start. See container logs for debugging.
2025-07-10T16:26:49.984Z INFO  - Stopping site chatbot-app-container because it failed during startup.
2025-07-10T16:31:06.244Z INFO  - Pulling image: ayumu277/chatbot-app:latest
2025-07-10T16:31:07.965Z INFO  - latest Pulling from ayumu277/chatbot-app
2025-07-10T16:31:08.020Z INFO  -  Digest: sha256:2ee3e945d0651c030036f8a2428355bd1fa86c7e8442235b4128eb34a6d176fa
2025-07-10T16:31:08.022Z INFO  -  Status: Image is up to date for ayumu277/chatbot-app:latest
2025-07-10T16:31:08.037Z INFO  - Pull Image successful, Time taken: 1 Seconds
2025-07-10T16:31:08.088Z INFO  - Starting container for site
2025-07-10T16:31:08.090Z INFO  - docker run -d --expose=8080 --name chatbot-app-container_0_f7d63939 -e WEBSITE_USE_DIAGNOSTIC_SERVER=false -e DOCKER_CUSTOM_IMAGE_NAME=ayumu277/chatbot-app:latest -e PORT=8080 -e WEBSITES_ENABLE_APP_SERVICE_STORAGE=false -e WEBSITES_PORT=8080 -e WEBSITE_SITE_NAME=chatbot-app-container -e WEBSITE_AUTH_ENABLED=False -e WEBSITE_ROLE_INSTANCE_ID=0 -e WEBSITE_HOSTNAME=chatbot-app-container-fse7g9cnf8hfgpej.japaneast-01.azurewebsites.net -e WEBSITE_INSTANCE_ID=8357d49149e083d5618b075bb38cc6afaae575fa5a2e4c56ee9c01afd620a526 -e HTTP_LOGGING_ENABLED=1 ayumu277/chatbot-app:latest 
2025-07-10T16:31:09.539Z INFO  - Initiating warmup request to container chatbot-app-container_0_f7d63939 for site chatbot-app-container
2025-07-10T16:31:25.340Z ERROR - Container chatbot-app-container_0_f7d63939 for site chatbot-app-container has exited, failing site start
2025-07-10T16:31:25.392Z ERROR - Container chatbot-app-container_0_f7d63939 didn't respond to HTTP pings on port: 8080. Failing site start. See container logs for debugging.
2025-07-10T16:31:25.410Z INFO  - Stopping site chatbot-app-container because it failed during startup.
2025-07-10T16:38:48.502Z INFO  - Pulling image: ayumu277/chatbot-app:latest
2025-07-10T16:38:50.812Z INFO  - latest Pulling from ayumu277/chatbot-app
2025-07-10T16:38:51.466Z INFO  - 54107f2de180 Already exists
2025-07-10T16:38:51.476Z INFO  - 06b6c820e694 Already exists
2025-07-10T16:38:51.484Z INFO  - 9a69a0203501 Already exists
2025-07-10T16:38:51.491Z INFO  - e94932625c5a Already exists
2025-07-10T16:38:51.493Z INFO  - 7704b1a39512 Already exists
2025-07-10T16:38:51.495Z INFO  - 762aa0aa2e63 Already exists
2025-07-10T16:38:51.498Z INFO  - 8c1ed1def9d2 Already exists
2025-07-10T16:38:51.504Z INFO  - 9fa90b7e1816 Already exists
2025-07-10T16:38:51.506Z INFO  - 240d071ee353 Already exists
2025-07-10T16:38:51.507Z INFO  - 9d15a33e6ae5 Already exists
2025-07-10T16:38:51.514Z INFO  - 707c38e89c5f Already exists
2025-07-10T16:38:51.517Z INFO  - c299d8bbbc3b Already exists
2025-07-10T16:38:51.519Z INFO  - 732ec42cb8ac Already exists
2025-07-10T16:38:51.526Z INFO  - fc6601c0762b Pulling fs layer
2025-07-10T16:38:51.528Z INFO  - 6e1435d03d9d Pulling fs layer
2025-07-10T16:38:51.535Z INFO  - f1714d7cc126 Pulling fs layer
2025-07-10T16:38:51.537Z INFO  - c6bc9a2d8416 Pulling fs layer
2025-07-10T16:38:51.539Z INFO  - 2e3eeedfe493 Pulling fs layer
2025-07-10T16:38:51.540Z INFO  - cf36356f7d19 Pulling fs layer
2025-07-10T16:38:51.542Z INFO  - 1a2ec7429809 Pulling fs layer
2025-07-10T16:38:51.544Z INFO  - 4f4fb700ef54 Pulling fs layer
2025-07-10T16:38:51.546Z INFO  - ca4e7672745e Pulling fs layer
2025-07-10T16:38:52.119Z INFO  - 4f4fb700ef54 Downloading 32B / 32B
2025-07-10T16:38:52.121Z INFO  - 4f4fb700ef54 Verifying Checksum
2025-07-10T16:38:52.123Z INFO  - 4f4fb700ef54 Download complete
2025-07-10T16:38:52.683Z INFO  - 6e1435d03d9d Downloading 7MB / 13MB
2025-07-10T16:38:52.685Z INFO  - 6e1435d03d9d Verifying Checksum
2025-07-10T16:38:52.687Z INFO  - 6e1435d03d9d Download complete
2025-07-10T16:38:53.684Z INFO  - cf36356f7d19 Downloading 1009B / 1KB
2025-07-10T16:38:53.686Z INFO  - cf36356f7d19 Downloading 1KB / 1KB
2025-07-10T16:38:53.688Z INFO  - cf36356f7d19 Verifying Checksum
2025-07-10T16:38:53.689Z INFO  - cf36356f7d19 Download complete
2025-07-10T16:38:53.691Z INFO  - 2e3eeedfe493 Downloading 697B / 697B
2025-07-10T16:38:53.694Z INFO  - 2e3eeedfe493 Verifying Checksum
2025-07-10T16:38:53.696Z INFO  - 2e3eeedfe493 Download complete
2025-07-10T16:38:53.697Z INFO  - 1a2ec7429809 Downloading 837B / 837B
2025-07-10T16:38:53.699Z INFO  - 1a2ec7429809 Verifying Checksum
2025-07-10T16:38:53.701Z INFO  - 1a2ec7429809 Download complete
2025-07-10T16:38:53.702Z INFO  - f1714d7cc126 Downloading 214KB / 214KB
2025-07-10T16:38:53.704Z INFO  - f1714d7cc126 Verifying Checksum
2025-07-10T16:38:53.706Z INFO  - f1714d7cc126 Download complete
2025-07-10T16:38:53.708Z INFO  - c6bc9a2d8416 Downloading 157B / 157B
2025-07-10T16:38:53.709Z INFO  - c6bc9a2d8416 Verifying Checksum
2025-07-10T16:38:53.711Z INFO  - c6bc9a2d8416 Download complete
2025-07-10T16:38:55.079Z INFO  - fc6601c0762b Downloading 512KB / 243MB
2025-07-10T16:38:55.153Z INFO  - ca4e7672745e Downloading 524KB / 202MB
2025-07-10T16:38:55.335Z INFO  - ca4e7672745e Downloading 1MB / 202MB
2025-07-10T16:38:55.355Z INFO  - fc6601c0762b Downloading 1MB / 243MB
2025-07-10T16:38:55.503Z INFO  - ca4e7672745e Downloading 1MB / 202MB
2025-07-10T16:38:55.611Z INFO  - fc6601c0762b Downloading 5MB / 243MB
2025-07-10T16:38:55.712Z INFO  - fc6601c0762b Downloading 6MB / 243MB
2025-07-10T16:38:55.812Z INFO  - ca4e7672745e Downloading 4MB / 202MB
2025-07-10T16:38:55.962Z INFO  - fc6601c0762b Downloading 10MB / 243MB
2025-07-10T16:38:56.047Z INFO  - ca4e7672745e Downloading 9MB / 202MB
2025-07-10T16:38:56.210Z INFO  - fc6601c0762b Downloading 15MB / 243MB
2025-07-10T16:38:56.291Z INFO  - ca4e7672745e Downloading 13MB / 202MB
2025-07-10T16:38:56.460Z INFO  - fc6601c0762b Downloading 19MB / 243MB
2025-07-10T16:38:56.533Z INFO  - ca4e7672745e Downloading 18MB / 202MB
2025-07-10T16:38:56.623Z INFO  - fc6601c0762b Downloading 21MB / 243MB
2025-07-10T16:38:56.643Z INFO  - ca4e7672745e Downloading 20MB / 202MB
2025-07-10T16:38:56.883Z INFO  - fc6601c0762b Downloading 24MB / 243MB
2025-07-10T16:38:56.886Z INFO  - ca4e7672745e Downloading 25MB / 202MB
2025-07-10T16:38:57.024Z INFO  - ca4e7672745e Downloading 26MB / 202MB
2025-07-10T16:38:57.026Z INFO  - fc6601c0762b Downloading 26MB / 243MB
2025-07-10T16:38:57.155Z INFO  - fc6601c0762b Downloading 26MB / 243MB
2025-07-10T16:38:57.285Z INFO  - ca4e7672745e Downloading 29MB / 202MB
2025-07-10T16:38:57.395Z INFO  - fc6601c0762b Downloading 30MB / 243MB
2025-07-10T16:38:57.459Z INFO  - ca4e7672745e Downloading 33MB / 202MB
2025-07-10T16:38:57.587Z INFO  - fc6601c0762b Downloading 35MB / 243MB
2025-07-10T16:38:57.738Z INFO  - ca4e7672745e Downloading 37MB / 202MB
2025-07-10T16:38:57.939Z INFO  - fc6601c0762b Downloading 40MB / 243MB
2025-07-10T16:38:58.161Z INFO  - fc6601c0762b Downloading 44MB / 243MB
2025-07-10T16:38:58.182Z INFO  - ca4e7672745e Downloading 49MB / 202MB
2025-07-10T16:38:58.273Z INFO  - fc6601c0762b Downloading 45MB / 243MB
2025-07-10T16:38:58.351Z INFO  - ca4e7672745e Downloading 52MB / 202MB
2025-07-10T16:38:58.542Z INFO  - fc6601c0762b Downloading 49MB / 243MB
2025-07-10T16:38:58.573Z INFO  - ca4e7672745e Downloading 58MB / 202MB
2025-07-10T16:38:58.663Z INFO  - fc6601c0762b Downloading 51MB / 243MB
2025-07-10T16:38:58.765Z INFO  - ca4e7672745e Downloading 61MB / 202MB
2025-07-10T16:38:58.885Z INFO  - fc6601c0762b Downloading 55MB / 243MB
2025-07-10T16:38:58.996Z INFO  - ca4e7672745e Downloading 65MB / 202MB
2025-07-10T16:38:59.247Z INFO  - fc6601c0762b Downloading 59MB / 243MB
2025-07-10T16:38:59.338Z INFO  - fc6601c0762b Downloading 60MB / 243MB
2025-07-10T16:38:59.559Z INFO  - fc6601c0762b Downloading 63MB / 243MB
2025-07-10T16:38:59.611Z INFO  - ca4e7672745e Downloading 81MB / 202MB
2025-07-10T16:38:59.669Z INFO  - fc6601c0762b Downloading 65MB / 243MB
2025-07-10T16:38:59.900Z INFO  - fc6601c0762b Downloading 68MB / 243MB
2025-07-10T16:38:59.950Z INFO  - ca4e7672745e Downloading 89MB / 202MB
2025-07-10T16:39:00.003Z INFO  - fc6601c0762b Downloading 70MB / 243MB
2025-07-10T16:39:00.061Z INFO  - ca4e7672745e Downloading 90MB / 202MB
2025-07-10T16:39:00.244Z INFO  - fc6601c0762b Downloading 73MB / 243MB
2025-07-10T16:39:00.365Z INFO  - ca4e7672745e Downloading 98MB / 202MB
2025-07-10T16:39:00.489Z INFO  - ca4e7672745e Downloading 101MB / 202MB
2025-07-10T16:39:00.631Z INFO  - fc6601c0762b Downloading 78MB / 243MB
2025-07-10T16:39:00.700Z INFO  - ca4e7672745e Downloading 106MB / 202MB
2025-07-10T16:39:00.949Z INFO  - ca4e7672745e Downloading 110MB / 202MB
2025-07-10T16:39:01.000Z INFO  - fc6601c0762b Downloading 84MB / 243MB
2025-07-10T16:39:01.191Z INFO  - ca4e7672745e Downloading 115MB / 202MB
2025-07-10T16:39:01.251Z INFO  - fc6601c0762b Downloading 88MB / 243MB
2025-07-10T16:39:01.373Z INFO  - fc6601c0762b Downloading 89MB / 243MB
2025-07-10T16:39:01.434Z INFO  - ca4e7672745e Downloading 118MB / 202MB
2025-07-10T16:39:01.583Z INFO  - fc6601c0762b Downloading 93MB / 243MB
2025-07-10T16:39:01.685Z INFO  - ca4e7672745e Downloading 122MB / 202MB
2025-07-10T16:39:01.715Z INFO  - fc6601c0762b Downloading 94MB / 243MB
2025-07-10T16:39:01.785Z INFO  - ca4e7672745e Downloading 123MB / 202MB
2025-07-10T16:39:01.955Z INFO  - fc6601c0762b Downloading 98MB / 243MB
2025-07-10T16:39:01.985Z INFO  - ca4e7672745e Downloading 127MB / 202MB
2025-07-10T16:39:02.075Z INFO  - fc6601c0762b Downloading 99MB / 243MB
2025-07-10T16:39:02.248Z INFO  - ca4e7672745e Downloading 129MB / 202MB
2025-07-10T16:39:02.337Z INFO  - ca4e7672745e Downloading 130MB / 202MB
2025-07-10T16:39:02.418Z INFO  - fc6601c0762b Downloading 104MB / 243MB
2025-07-10T16:39:02.618Z INFO  - ca4e7672745e Downloading 138MB / 202MB
2025-07-10T16:39:02.690Z INFO  - fc6601c0762b Downloading 108MB / 243MB
2025-07-10T16:39:02.861Z INFO  - fc6601c0762b Downloading 113MB / 243MB
2025-07-10T16:39:02.891Z INFO  - ca4e7672745e Downloading 143MB / 202MB
2025-07-10T16:39:03.032Z INFO  - fc6601c0762b Downloading 117MB / 243MB
2025-07-10T16:39:03.123Z INFO  - fc6601c0762b Downloading 119MB / 243MB
2025-07-10T16:39:03.172Z INFO  - ca4e7672745e Downloading 151MB / 202MB
2025-07-10T16:39:03.382Z INFO  - fc6601c0762b Downloading 123MB / 243MB
2025-07-10T16:39:03.545Z INFO  - ca4e7672745e Downloading 159MB / 202MB
2025-07-10T16:39:03.594Z INFO  - fc6601c0762b Downloading 128MB / 243MB
2025-07-10T16:39:03.665Z INFO  - ca4e7672745e Downloading 161MB / 202MB
2025-07-10T16:39:03.766Z INFO  - ca4e7672745e Downloading 163MB / 202MB
2025-07-10T16:39:03.835Z INFO  - fc6601c0762b Downloading 131MB / 243MB
2025-07-10T16:39:03.867Z INFO  - ca4e7672745e Downloading 166MB / 202MB
2025-07-10T16:39:03.936Z INFO  - fc6601c0762b Downloading 133MB / 243MB
2025-07-10T16:39:04.127Z INFO  - ca4e7672745e Downloading 170MB / 202MB
2025-07-10T16:39:04.159Z INFO  - fc6601c0762b Downloading 138MB / 243MB
2025-07-10T16:39:04.360Z INFO  - ca4e7672745e Downloading 175MB / 202MB
2025-07-10T16:39:04.418Z INFO  - fc6601c0762b Downloading 141MB / 243MB
2025-07-10T16:39:04.530Z INFO  - fc6601c0762b Downloading 143MB / 243MB
2025-07-10T16:39:04.659Z INFO  - ca4e7672745e Downloading 178MB / 202MB
2025-07-10T16:39:04.891Z INFO  - ca4e7672745e Downloading 182MB / 202MB
2025-07-10T16:39:04.892Z INFO  - fc6601c0762b Downloading 147MB / 243MB
2025-07-10T16:39:05.103Z INFO  - ca4e7672745e Downloading 186MB / 202MB
2025-07-10T16:39:05.111Z INFO  - fc6601c0762b Downloading 152MB / 243MB
2025-07-10T16:39:05.224Z INFO  - ca4e7672745e Downloading 190MB / 202MB
2025-07-10T16:39:05.373Z INFO  - fc6601c0762b Downloading 157MB / 243MB
2025-07-10T16:39:05.474Z INFO  - ca4e7672745e Downloading 195MB / 202MB
2025-07-10T16:39:05.704Z INFO  - ca4e7672745e Downloading 200MB / 202MB
2025-07-10T16:39:05.736Z INFO  - ca4e7672745e Verifying Checksum
2025-07-10T16:39:05.744Z INFO  - ca4e7672745e Download complete
2025-07-10T16:39:05.812Z INFO  - fc6601c0762b Downloading 166MB / 243MB
2025-07-10T16:39:05.921Z INFO  - fc6601c0762b Downloading 167MB / 243MB
2025-07-10T16:39:06.270Z INFO  - fc6601c0762b Downloading 171MB / 243MB
2025-07-10T16:39:06.452Z INFO  - fc6601c0762b Downloading 177MB / 243MB
2025-07-10T16:39:06.687Z INFO  - fc6601c0762b Downloading 180MB / 243MB
2025-07-10T16:39:06.918Z INFO  - fc6601c0762b Downloading 186MB / 243MB
2025-07-10T16:39:07.121Z INFO  - fc6601c0762b Downloading 192MB / 243MB
2025-07-10T16:39:07.363Z INFO  - fc6601c0762b Downloading 197MB / 243MB
2025-07-10T16:39:07.488Z INFO  - fc6601c0762b Downloading 200MB / 243MB
2025-07-10T16:39:07.763Z INFO  - fc6601c0762b Downloading 205MB / 243MB
2025-07-10T16:39:07.983Z INFO  - fc6601c0762b Downloading 210MB / 243MB
2025-07-10T16:39:08.091Z INFO  - fc6601c0762b Downloading 212MB / 243MB
2025-07-10T16:39:08.220Z INFO  - fc6601c0762b Downloading 215MB / 243MB
2025-07-10T16:39:08.464Z INFO  - fc6601c0762b Downloading 220MB / 243MB
2025-07-10T16:39:08.702Z INFO  - fc6601c0762b Downloading 225MB / 243MB
2025-07-10T16:39:08.923Z INFO  - fc6601c0762b Downloading 230MB / 243MB
2025-07-10T16:39:09.178Z INFO  - fc6601c0762b Downloading 234MB / 243MB
2025-07-10T16:39:09.397Z INFO  - fc6601c0762b Downloading 241MB / 243MB
2025-07-10T16:39:09.532Z INFO  - fc6601c0762b Verifying Checksum
2025-07-10T16:39:09.534Z INFO  - fc6601c0762b Download complete
2025-07-10T16:39:09.997Z INFO  - fc6601c0762b Extracting 1MB / 243MB
2025-07-10T16:39:10.311Z INFO  - fc6601c0762b Extracting 5MB / 243MB
2025-07-10T16:39:11.516Z INFO  - fc6601c0762b Extracting 10MB / 243MB
2025-07-10T16:39:11.787Z INFO  - fc6601c0762b Extracting 11MB / 243MB
2025-07-10T16:39:11.920Z INFO  - fc6601c0762b Extracting 15MB / 243MB
2025-07-10T16:39:12.040Z INFO  - fc6601c0762b Extracting 16MB / 243MB
2025-07-10T16:39:12.400Z INFO  - fc6601c0762b Extracting 19MB / 243MB
2025-07-10T16:39:12.514Z INFO  - fc6601c0762b Extracting 21MB / 243MB
2025-07-10T16:39:17.420Z INFO  - fc6601c0762b Extracting 24MB / 243MB
2025-07-10T16:39:17.771Z INFO  - fc6601c0762b Extracting 26MB / 243MB
2025-07-10T16:39:18.415Z INFO  - fc6601c0762b Extracting 29MB / 243MB
2025-07-10T16:39:18.417Z INFO  - fc6601c0762b Extracting 30MB / 243MB
2025-07-10T16:39:18.980Z INFO  - fc6601c0762b Extracting 35MB / 243MB
2025-07-10T16:39:19.988Z INFO  - fc6601c0762b Extracting 40MB / 243MB
2025-07-10T16:39:20.407Z INFO  - fc6601c0762b Extracting 44MB / 243MB
2025-07-10T16:39:20.537Z INFO  - fc6601c0762b Extracting 45MB / 243MB
2025-07-10T16:39:20.678Z INFO  - fc6601c0762b Extracting 46MB / 243MB
2025-07-10T16:39:21.213Z INFO  - fc6601c0762b Extracting 48MB / 243MB
2025-07-10T16:39:21.362Z INFO  - fc6601c0762b Extracting 49MB / 243MB
2025-07-10T16:39:21.524Z INFO  - fc6601c0762b Extracting 51MB / 243MB
2025-07-10T16:39:21.905Z INFO  - fc6601c0762b Extracting 54MB / 243MB
2025-07-10T16:39:22.038Z INFO  - fc6601c0762b Extracting 55MB / 243MB
2025-07-10T16:39:22.670Z INFO  - fc6601c0762b Extracting 59MB / 243MB
2025-07-10T16:39:22.841Z INFO  - fc6601c0762b Extracting 60MB / 243MB
2025-07-10T16:39:23.266Z INFO  - fc6601c0762b Extracting 63MB / 243MB
2025-07-10T16:39:23.454Z INFO  - fc6601c0762b Extracting 64MB / 243MB
2025-07-10T16:39:24.090Z INFO  - fc6601c0762b Extracting 68MB / 243MB
2025-07-10T16:39:24.269Z INFO  - fc6601c0762b Extracting 69MB / 243MB
2025-07-10T16:39:25.094Z INFO  - fc6601c0762b Extracting 73MB / 243MB
2025-07-10T16:39:25.666Z INFO  - fc6601c0762b Extracting 78MB / 243MB
2025-07-10T16:39:25.750Z INFO  - fc6601c0762b Extracting 80MB / 243MB
2025-07-10T16:39:26.492Z INFO  - fc6601c0762b Extracting 84MB / 243MB
2025-07-10T16:39:27.056Z INFO  - fc6601c0762b Extracting 88MB / 243MB
2025-07-10T16:39:27.599Z INFO  - fc6601c0762b Extracting 92MB / 243MB
2025-07-10T16:39:27.891Z INFO  - fc6601c0762b Extracting 95MB / 243MB
2025-07-10T16:39:28.392Z INFO  - fc6601c0762b Extracting 99MB / 243MB
2025-07-10T16:39:29.115Z INFO  - fc6601c0762b Extracting 103MB / 243MB
2025-07-10T16:39:29.477Z INFO  - fc6601c0762b Extracting 107MB / 243MB
2025-07-10T16:39:29.651Z INFO  - fc6601c0762b Extracting 108MB / 243MB
2025-07-10T16:39:30.767Z INFO  - fc6601c0762b Extracting 114MB / 243MB
2025-07-10T16:39:30.966Z INFO  - fc6601c0762b Extracting 117MB / 243MB
2025-07-10T16:39:31.088Z INFO  - fc6601c0762b Extracting 117MB / 243MB
2025-07-10T16:39:31.207Z INFO  - fc6601c0762b Extracting 118MB / 243MB
2025-07-10T16:39:31.300Z INFO  - fc6601c0762b Extracting 119MB / 243MB
2025-07-10T16:39:31.935Z INFO  - fc6601c0762b Extracting 122MB / 243MB
2025-07-10T16:39:32.035Z INFO  - fc6601c0762b Extracting 123MB / 243MB
2025-07-10T16:39:32.166Z INFO  - fc6601c0762b Extracting 124MB / 243MB
2025-07-10T16:39:32.578Z INFO  - fc6601c0762b Extracting 127MB / 243MB
2025-07-10T16:39:32.701Z INFO  - fc6601c0762b Extracting 128MB / 243MB
2025-07-10T16:39:32.811Z INFO  - fc6601c0762b Extracting 129MB / 243MB
2025-07-10T16:39:33.878Z INFO  - fc6601c0762b Extracting 132MB / 243MB
2025-07-10T16:39:34.173Z INFO  - fc6601c0762b Extracting 132MB / 243MB
2025-07-10T16:39:34.292Z INFO  - fc6601c0762b Extracting 133MB / 243MB
2025-07-10T16:39:36.544Z INFO  - fc6601c0762b Extracting 137MB / 243MB
2025-07-10T16:39:37.519Z INFO  - fc6601c0762b Extracting 137MB / 243MB
2025-07-10T16:39:38.003Z INFO  - fc6601c0762b Extracting 138MB / 243MB
2025-07-10T16:39:38.274Z INFO  - fc6601c0762b Extracting 138MB / 243MB
2025-07-10T16:39:40.576Z INFO  - fc6601c0762b Extracting 141MB / 243MB
2025-07-10T16:39:40.997Z INFO  - fc6601c0762b Extracting 142MB / 243MB
2025-07-10T16:39:41.208Z INFO  - fc6601c0762b Extracting 142MB / 243MB
2025-07-10T16:39:42.116Z INFO  - fc6601c0762b Extracting 146MB / 243MB
2025-07-10T16:39:42.276Z INFO  - fc6601c0762b Extracting 147MB / 243MB
2025-07-10T16:39:42.437Z INFO  - fc6601c0762b Extracting 148MB / 243MB
2025-07-10T16:39:43.101Z INFO  - fc6601c0762b Extracting 151MB / 243MB
2025-07-10T16:39:43.282Z INFO  - fc6601c0762b Extracting 152MB / 243MB
2025-07-10T16:39:43.473Z INFO  - fc6601c0762b Extracting 153MB / 243MB
2025-07-10T16:39:44.325Z INFO  - fc6601c0762b Extracting 156MB / 243MB
2025-07-10T16:39:44.456Z INFO  - fc6601c0762b Extracting 156MB / 243MB
2025-07-10T16:39:44.759Z INFO  - fc6601c0762b Extracting 157MB / 243MB
2025-07-10T16:39:45.062Z INFO  - fc6601c0762b Extracting 157MB / 243MB
2025-07-10T16:39:45.623Z INFO  - fc6601c0762b Extracting 158MB / 243MB
2025-07-10T16:39:47.142Z INFO  - fc6601c0762b Extracting 161MB / 243MB
2025-07-10T16:39:47.806Z INFO  - fc6601c0762b Extracting 162MB / 243MB
2025-07-10T16:39:48.219Z INFO  - fc6601c0762b Extracting 162MB / 243MB
2025-07-10T16:39:48.570Z INFO  - fc6601c0762b Extracting 163MB / 243MB
2025-07-10T16:39:49.717Z INFO  - fc6601c0762b Extracting 167MB / 243MB
2025-07-10T16:39:50.180Z INFO  - fc6601c0762b Extracting 171MB / 243MB
2025-07-10T16:39:50.662Z INFO  - fc6601c0762b Extracting 175MB / 243MB
2025-07-10T16:39:50.944Z INFO  - fc6601c0762b Extracting 177MB / 243MB
2025-07-10T16:39:51.256Z INFO  - fc6601c0762b Extracting 182MB / 243MB
2025-07-10T16:39:51.630Z INFO  - fc6601c0762b Extracting 185MB / 243MB
2025-07-10T16:39:51.707Z INFO  - fc6601c0762b Extracting 185MB / 243MB
2025-07-10T16:39:51.837Z INFO  - fc6601c0762b Extracting 187MB / 243MB
2025-07-10T16:39:52.703Z INFO  - fc6601c0762b Extracting 191MB / 243MB
2025-07-10T16:39:53.157Z INFO  - fc6601c0762b Extracting 196MB / 243MB
2025-07-10T16:39:53.159Z INFO  - fc6601c0762b Extracting 197MB / 243MB
2025-07-10T16:39:54.767Z INFO  - fc6601c0762b Extracting 200MB / 243MB
2025-07-10T16:39:54.918Z INFO  - fc6601c0762b Extracting 201MB / 243MB
2025-07-10T16:39:55.279Z INFO  - fc6601c0762b Extracting 201MB / 243MB
2025-07-10T16:39:56.413Z INFO  - fc6601c0762b Extracting 205MB / 243MB
2025-07-10T16:39:56.415Z INFO  - fc6601c0762b Extracting 205MB / 243MB
2025-07-10T16:39:56.423Z INFO  - fc6601c0762b Extracting 206MB / 243MB
2025-07-10T16:39:56.858Z INFO  - fc6601c0762b Extracting 209MB / 243MB
2025-07-10T16:39:57.229Z INFO  - fc6601c0762b Extracting 211MB / 243MB
2025-07-10T16:39:57.923Z INFO  - fc6601c0762b Extracting 216MB / 243MB
2025-07-10T16:39:58.928Z INFO  - fc6601c0762b Extracting 221MB / 243MB
2025-07-10T16:39:58.994Z INFO  - fc6601c0762b Extracting 225MB / 243MB
2025-07-10T16:39:59.140Z INFO  - fc6601c0762b Extracting 226MB / 243MB
2025-07-10T16:39:59.704Z INFO  - fc6601c0762b Extracting 229MB / 243MB
2025-07-10T16:39:59.847Z INFO  - fc6601c0762b Extracting 230MB / 243MB
2025-07-10T16:40:00.006Z INFO  - fc6601c0762b Extracting 231MB / 243MB
2025-07-10T16:40:00.771Z INFO  - fc6601c0762b Extracting 235MB / 243MB
2025-07-10T16:40:01.063Z INFO  - fc6601c0762b Extracting 239MB / 243MB
2025-07-10T16:40:01.967Z INFO  - fc6601c0762b Extracting 240MB / 243MB
2025-07-10T16:40:02.729Z INFO  - fc6601c0762b Extracting 243MB / 243MB
2025-07-10T16:40:05.676Z INFO  - fc6601c0762b Pull complete
2025-07-10T16:40:06.038Z INFO  - 6e1435d03d9d Extracting 800KB / 13MB
2025-07-10T16:40:06.127Z INFO  - 6e1435d03d9d Extracting 1MB / 13MB
2025-07-10T16:40:06.240Z INFO  - 6e1435d03d9d Extracting 2MB / 13MB
2025-07-10T16:40:06.681Z INFO  - 6e1435d03d9d Extracting 4MB / 13MB
2025-07-10T16:40:08.149Z INFO  - 6e1435d03d9d Extracting 11MB / 13MB
2025-07-10T16:40:08.420Z INFO  - 6e1435d03d9d Extracting 12MB / 13MB
2025-07-10T16:40:08.522Z INFO  - 6e1435d03d9d Extracting 12MB / 13MB
2025-07-10T16:40:08.564Z INFO  - 6e1435d03d9d Extracting 13MB / 13MB
2025-07-10T16:40:08.637Z INFO  - 6e1435d03d9d Pull complete
2025-07-10T16:40:08.645Z INFO  - f1714d7cc126 Extracting 32KB / 214KB
2025-07-10T16:40:08.733Z INFO  - f1714d7cc126 Extracting 214KB / 214KB
2025-07-10T16:40:08.766Z INFO  - f1714d7cc126 Pull complete
2025-07-10T16:40:08.783Z INFO  - c6bc9a2d8416 Extracting 157B / 157B
2025-07-10T16:40:08.795Z INFO  - c6bc9a2d8416 Extracting 157B / 157B
2025-07-10T16:40:08.854Z INFO  - c6bc9a2d8416 Pull complete
2025-07-10T16:40:08.863Z INFO  - 2e3eeedfe493 Extracting 697B / 697B
2025-07-10T16:40:08.884Z INFO  - 2e3eeedfe493 Extracting 697B / 697B
2025-07-10T16:40:08.995Z INFO  - 2e3eeedfe493 Pull complete
2025-07-10T16:40:08.999Z INFO  - cf36356f7d19 Extracting 1KB / 1KB
2025-07-10T16:40:09.010Z INFO  - cf36356f7d19 Extracting 1KB / 1KB
2025-07-10T16:40:09.017Z INFO  - cf36356f7d19 Pull complete
2025-07-10T16:40:09.019Z INFO  - 1a2ec7429809 Extracting 837B / 837B
2025-07-10T16:40:09.026Z INFO  - 1a2ec7429809 Extracting 837B / 837B
2025-07-10T16:40:09.047Z INFO  - 1a2ec7429809 Pull complete
2025-07-10T16:40:09.051Z INFO  - 4f4fb700ef54 Extracting 32B / 32B
2025-07-10T16:40:09.057Z INFO  - 4f4fb700ef54 Extracting 32B / 32B
2025-07-10T16:40:09.078Z INFO  - 4f4fb700ef54 Pull complete
2025-07-10T16:40:09.236Z INFO  - ca4e7672745e Extracting 544KB / 202MB
2025-07-10T16:40:09.882Z INFO  - ca4e7672745e Extracting 4MB / 202MB
2025-07-10T16:40:10.385Z INFO  - ca4e7672745e Extracting 9MB / 202MB
2025-07-10T16:40:11.006Z INFO  - ca4e7672745e Extracting 16MB / 202MB
2025-07-10T16:40:11.249Z INFO  - ca4e7672745e Extracting 18MB / 202MB
2025-07-10T16:40:12.002Z INFO  - ca4e7672745e Extracting 21MB / 202MB
2025-07-10T16:40:17.261Z INFO  - ca4e7672745e Extracting 25MB / 202MB
2025-07-10T16:40:18.206Z INFO  - ca4e7672745e Extracting 29MB / 202MB
2025-07-10T16:40:18.237Z INFO  - ca4e7672745e Extracting 30MB / 202MB
2025-07-10T16:40:19.211Z INFO  - ca4e7672745e Extracting 32MB / 202MB
2025-07-10T16:40:19.221Z INFO  - ca4e7672745e Extracting 33MB / 202MB
2025-07-10T16:40:19.231Z INFO  - ca4e7672745e Extracting 36MB / 202MB
2025-07-10T16:40:19.352Z INFO  - ca4e7672745e Extracting 37MB / 202MB
2025-07-10T16:40:20.098Z INFO  - ca4e7672745e Extracting 41MB / 202MB
2025-07-10T16:40:20.560Z INFO  - ca4e7672745e Extracting 45MB / 202MB
2025-07-10T16:40:21.092Z INFO  - ca4e7672745e Extracting 49MB / 202MB
2025-07-10T16:40:21.094Z INFO  - ca4e7672745e Extracting 50MB / 202MB
2025-07-10T16:40:21.465Z INFO  - ca4e7672745e Extracting 52MB / 202MB
2025-07-10T16:40:22.092Z INFO  - ca4e7672745e Extracting 57MB / 202MB
2025-07-10T16:40:22.169Z INFO  - ca4e7672745e Extracting 58MB / 202MB
2025-07-10T16:40:22.592Z INFO  - ca4e7672745e Extracting 61MB / 202MB
2025-07-10T16:40:22.702Z INFO  - ca4e7672745e Extracting 62MB / 202MB
2025-07-10T16:40:23.113Z INFO  - ca4e7672745e Extracting 65MB / 202MB
2025-07-10T16:40:23.275Z INFO  - ca4e7672745e Extracting 66MB / 202MB
2025-07-10T16:40:23.686Z INFO  - ca4e7672745e Extracting 69MB / 202MB
2025-07-10T16:40:23.800Z INFO  - ca4e7672745e Extracting 70MB / 202MB
2025-07-10T16:40:24.179Z INFO  - ca4e7672745e Extracting 73MB / 202MB
2025-07-10T16:40:24.410Z INFO  - ca4e7672745e Extracting 74MB / 202MB
2025-07-10T16:40:25.095Z INFO  - ca4e7672745e Extracting 77MB / 202MB
2025-07-10T16:40:25.597Z INFO  - ca4e7672745e Extracting 81MB / 202MB
2025-07-10T16:40:26.132Z INFO  - ca4e7672745e Extracting 86MB / 202MB
2025-07-10T16:40:26.724Z INFO  - ca4e7672745e Extracting 90MB / 202MB
2025-07-10T16:40:27.267Z INFO  - ca4e7672745e Extracting 94MB / 202MB
2025-07-10T16:40:27.810Z INFO  - ca4e7672745e Extracting 98MB / 202MB
2025-07-10T16:40:28.314Z INFO  - ca4e7672745e Extracting 102MB / 202MB
2025-07-10T16:40:28.867Z INFO  - ca4e7672745e Extracting 106MB / 202MB
2025-07-10T16:40:29.138Z INFO  - ca4e7672745e Extracting 109MB / 202MB
2025-07-10T16:40:29.268Z INFO  - ca4e7672745e Extracting 110MB / 202MB
2025-07-10T16:40:30.032Z INFO  - ca4e7672745e Extracting 114MB / 202MB
2025-07-10T16:40:30.427Z INFO  - ca4e7672745e Extracting 117MB / 202MB
2025-07-10T16:40:30.456Z INFO  - ca4e7672745e Extracting 119MB / 202MB
2025-07-10T16:40:30.816Z INFO  - ca4e7672745e Extracting 122MB / 202MB
2025-07-10T16:40:31.392Z INFO  - ca4e7672745e Extracting 125MB / 202MB
2025-07-10T16:40:31.953Z INFO  - ca4e7672745e Extracting 130MB / 202MB
2025-07-10T16:40:33.260Z INFO  - ca4e7672745e Extracting 133MB / 202MB
2025-07-10T16:40:33.451Z INFO  - ca4e7672745e Extracting 134MB / 202MB
2025-07-10T16:40:33.833Z INFO  - ca4e7672745e Extracting 135MB / 202MB
2025-07-10T16:40:35.834Z INFO  - ca4e7672745e Extracting 137MB / 202MB
2025-07-10T16:40:36.328Z INFO  - ca4e7672745e Extracting 138MB / 202MB
2025-07-10T16:40:36.631Z INFO  - ca4e7672745e Extracting 138MB / 202MB
2025-07-10T16:40:36.973Z INFO  - ca4e7672745e Extracting 139MB / 202MB
2025-07-10T16:40:39.012Z INFO  - ca4e7672745e Extracting 141MB / 202MB
2025-07-10T16:40:39.263Z INFO  - ca4e7672745e Extracting 142MB / 202MB
2025-07-10T16:40:40.180Z INFO  - ca4e7672745e Extracting 147MB / 202MB
2025-07-10T16:40:40.864Z INFO  - ca4e7672745e Extracting 150MB / 202MB
2025-07-10T16:40:42.080Z INFO  - ca4e7672745e Extracting 154MB / 202MB
2025-07-10T16:40:42.555Z INFO  - ca4e7672745e Extracting 154MB / 202MB
2025-07-10T16:40:43.177Z INFO  - ca4e7672745e Extracting 155MB / 202MB
2025-07-10T16:40:43.509Z INFO  - ca4e7672745e Extracting 155MB / 202MB
2025-07-10T16:40:44.162Z INFO  - ca4e7672745e Extracting 157MB / 202MB
2025-07-10T16:40:44.846Z INFO  - ca4e7672745e Extracting 158MB / 202MB
2025-07-10T16:40:45.120Z INFO  - ca4e7672745e Extracting 158MB / 202MB
2025-07-10T16:40:45.561Z INFO  - ca4e7672745e Extracting 159MB / 202MB
2025-07-10T16:40:46.356Z INFO  - ca4e7672745e Extracting 162MB / 202MB
2025-07-10T16:40:46.374Z INFO  - ca4e7672745e Extracting 163MB / 202MB
2025-07-10T16:40:47.280Z INFO  - ca4e7672745e Extracting 167MB / 202MB
2025-07-10T16:40:47.712Z INFO  - ca4e7672745e Extracting 171MB / 202MB
2025-07-10T16:40:48.204Z INFO  - ca4e7672745e Extracting 174MB / 202MB
2025-07-10T16:40:48.696Z INFO  - ca4e7672745e Extracting 179MB / 202MB
2025-07-10T16:40:49.140Z INFO  - ca4e7672745e Extracting 183MB / 202MB
2025-07-10T16:40:49.683Z INFO  - ca4e7672745e Extracting 188MB / 202MB
2025-07-10T16:40:49.685Z INFO  - ca4e7672745e Extracting 190MB / 202MB
2025-07-10T16:40:49.795Z INFO  - ca4e7672745e Extracting 191MB / 202MB
2025-07-10T16:40:50.196Z INFO  - ca4e7672745e Extracting 194MB / 202MB
2025-07-10T16:40:50.306Z INFO  - ca4e7672745e Extracting 194MB / 202MB
2025-07-10T16:40:50.740Z INFO  - ca4e7672745e Extracting 195MB / 202MB
2025-07-10T16:40:51.063Z INFO  - ca4e7672745e Extracting 196MB / 202MB
2025-07-10T16:40:51.929Z INFO  - ca4e7672745e Extracting 198MB / 202MB
2025-07-10T16:40:52.059Z INFO  - ca4e7672745e Extracting 199MB / 202MB
2025-07-10T16:40:52.192Z INFO  - ca4e7672745e Extracting 199MB / 202MB
2025-07-10T16:40:53.014Z INFO  - ca4e7672745e Extracting 202MB / 202MB
2025-07-10T16:40:53.672Z INFO  - ca4e7672745e Pull complete
2025-07-10T16:40:53.993Z INFO  -  Digest: sha256:55d78f05c7ce4f8e6f853951d6a8bd855ef57544c9a8c12046fb7ed6d5748cc6
2025-07-10T16:40:54.002Z INFO  -  Status: Downloaded newer image for ayumu277/chatbot-app:latest
2025-07-10T16:40:54.039Z INFO  - Pull Image successful, Time taken: 125 Seconds
2025-07-10T16:40:54.208Z INFO  - Starting container for site
2025-07-10T16:40:54.210Z INFO  - docker run -d --expose=8080 --name chatbot-app-container_0_a257e4aa -e WEBSITE_USE_DIAGNOSTIC_SERVER=false -e DOCKER_CUSTOM_IMAGE_NAME=ayumu277/chatbot-app:latest -e PORT=8080 -e WEBSITES_ENABLE_APP_SERVICE_STORAGE=false -e WEBSITES_PORT=8080 -e WEBSITE_SITE_NAME=chatbot-app-container -e WEBSITE_AUTH_ENABLED=False -e WEBSITE_ROLE_INSTANCE_ID=0 -e WEBSITE_HOSTNAME=chatbot-app-container-fse7g9cnf8hfgpej.japaneast-01.azurewebsites.net -e WEBSITE_INSTANCE_ID=8357d49149e083d5618b075bb38cc6afaae575fa5a2e4c56ee9c01afd620a526 -e HTTP_LOGGING_ENABLED=1 ayumu277/chatbot-app:latest 
2025-07-10T16:40:57.734Z INFO  - Initiating warmup request to container chatbot-app-container_0_a257e4aa for site chatbot-app-container
2025-07-10T16:41:13.071Z ERROR - Container chatbot-app-container_0_a257e4aa for site chatbot-app-container has exited, failing site start
2025-07-10T16:41:13.094Z ERROR - Container chatbot-app-container_0_a257e4aa didn't respond to HTTP pings on port: 8080. Failing site start. See container logs for debugging.
2025-07-10T16:41:13.118Z INFO  - Stopping site chatbot-app-container because it failed during startup.
2025-07-10T16:55:59.940Z INFO  - Pulling image: ayumu277/chatbot-app:latest
2025-07-10T16:56:02.449Z INFO  - latest Pulling from ayumu277/chatbot-app
2025-07-10T16:56:02.573Z INFO  -  Digest: sha256:55d78f05c7ce4f8e6f853951d6a8bd855ef57544c9a8c12046fb7ed6d5748cc6
2025-07-10T16:56:02.580Z INFO  -  Status: Image is up to date for ayumu277/chatbot-app:latest
2025-07-10T16:56:02.612Z INFO  - Pull Image successful, Time taken: 2 Seconds
2025-07-10T16:56:04.473Z INFO  - Starting container for site
2025-07-10T16:56:04.475Z INFO  - docker run -d --expose=8080 --name chatbot-app-container_0_eb44b2e7 -e WEBSITE_USE_DIAGNOSTIC_SERVER=false -e DOCKER_CUSTOM_IMAGE_NAME=ayumu277/chatbot-app:latest -e PORT=8080 -e WEBSITES_ENABLE_APP_SERVICE_STORAGE=false -e WEBSITES_PORT=8080 -e WEBSITE_SITE_NAME=chatbot-app-container -e WEBSITE_AUTH_ENABLED=False -e WEBSITE_ROLE_INSTANCE_ID=0 -e WEBSITE_HOSTNAME=chatbot-app-container-fse7g9cnf8hfgpej.japaneast-01.azurewebsites.net -e WEBSITE_INSTANCE_ID=8357d49149e083d5618b075bb38cc6afaae575fa5a2e4c56ee9c01afd620a526 -e HTTP_LOGGING_ENABLED=1 ayumu277/chatbot-app:latest 
2025-07-10T16:56:05.656Z INFO  - Initiating warmup request to container chatbot-app-container_0_eb44b2e7 for site chatbot-app-container
2025-07-10T16:56:06.703Z ERROR - Container chatbot-app-container_0_eb44b2e7 for site chatbot-app-container has exited, failing site start
2025-07-10T16:56:06.731Z ERROR - Container chatbot-app-container_0_eb44b2e7 didn't respond to HTTP pings on port: 8080. Failing site start. See container logs for debugging.
2025-07-10T16:56:06.743Z INFO  - Stopping site chatbot-app-container because it failed during startup.
