2025-07-10T01:21:41.3133616Z     __ __          __      __    _ __     
2025-07-10T01:21:41.3136469Z    / //_/_  _ ____/ /_  __/ /   (_) /____ 
2025-07-10T01:21:41.3136542Z   / ,< / / / / __  / / / / /   / / __/ _  
2025-07-10T01:21:41.3136563Z  / /| / /_/ / /_/ / /_/ / /___/ / /_/  __/
2025-07-10T01:21:41.3136582Z /_/ |_\__,_/\__,_/\__,_/_____/_/\__/\___/ 
2025-07-10T01:21:41.3136605Z 
2025-07-10T01:21:41.3136972Z                                           
2025-07-10T01:21:41.3136996Z DEBUG CONSOLE | AZURE APP SERVICE ON LINUX
2025-07-10T01:21:41.3137011Z 
2025-07-10T01:21:41.3137030Z Documentation: http://aka.ms/webapp-linux
2025-07-10T01:21:41.3137047Z Kudu Version : 20250623.5
2025-07-10T01:21:41.3137066Z Commit       : 353543ec4c45fcbfd4750522d32c94e23b31927a
2025-07-10T01:21:41.3137081Z 
2025-07-10T01:21:42.9373672Z chown: changing ownership of '/temp': Operation not permitted
2025-07-10T01:21:42.9482724Z chmod: changing permissions of '/temp': Operation not permitted
2025-07-10T01:21:47.5449825Z Restarting OpenBSD Secure Shell server: sshd.
2025-07-10T01:21:47.7072570Z node not running, starting node /opt/webssh/index.js
2025-07-10T01:22:03.5415003Z Thu Jul 10 01:22:03 UTC 2025 running .net core
2025-07-10T01:22:08.6466059Z Startup : 01.22.08.527038
2025-07-10T01:22:08.8691009Z Configure Services : 01.22.08.867300
2025-07-10T01:22:10.5404435Z Configure : 01.22.10.540276
2025-07-10T01:22:11.4881226Z Setting Up Routes : 01.22.11.063143
2025-07-10T01:22:11.5943866Z Exiting Configure : 01.22.11.586708
2025-07-10T01:22:11.9996085Z Hosting environment: Production
2025-07-10T01:22:12.0166606Z Content root path: /opt/Kudu
2025-07-10T01:22:12.0170370Z Now listening on: http://0.0.0.0:8181
2025-07-10T01:22:12.0170854Z Application started. Press Ctrl+C to shut down.
2025-07-10T03:04:12.6097625Z     __ __          __      __    _ __     
2025-07-10T03:04:12.6821515Z    / //_/_  _ ____/ /_  __/ /   (_) /____ 
2025-07-10T03:04:12.7102073Z   / ,< / / / / __  / / / / /   / / __/ _  
2025-07-10T03:04:12.7102207Z  / /| / /_/ / /_/ / /_/ / /___/ / /_/  __/
2025-07-10T03:04:12.7102227Z /_/ |_\__,_/\__,_/\__,_/_____/_/\__/\___/ 
2025-07-10T03:04:12.7102250Z 
2025-07-10T03:04:12.7102289Z                                           
2025-07-10T03:04:12.7102306Z DEBUG CONSOLE | AZURE APP SERVICE ON LINUX
2025-07-10T03:04:12.7102320Z 
2025-07-10T03:04:12.7102336Z Documentation: http://aka.ms/webapp-linux
2025-07-10T03:04:12.7102357Z Kudu Version : 20250623.5
2025-07-10T03:04:12.7102392Z Commit       : 353543ec4c45fcbfd4750522d32c94e23b31927a
2025-07-10T03:04:12.7102407Z 
2025-07-10T03:04:13.7794981Z chown: changing ownership of '/temp': Operation not permitted
2025-07-10T03:04:13.8293018Z chmod: changing permissions of '/temp': Operation not permitted
2025-07-10T03:04:17.6417798Z Restarting OpenBSD Secure Shell server: sshd.
2025-07-10T03:04:17.7318892Z node not running, starting node /opt/webssh/index.js
2025-07-10T03:04:27.3930011Z Thu Jul 10 03:04:27 UTC 2025 running .net core
2025-07-10T03:04:28.6804270Z Startup : 03.04.28.649285
2025-07-10T03:04:28.7113351Z Configure Services : 03.04.28.711155
2025-07-10T03:04:29.2676182Z Configure : 03.04.29.267459
2025-07-10T03:04:29.6216151Z Setting Up Routes : 03.04.29.621464
2025-07-10T03:04:30.1812181Z Exiting Configure : 03.04.30.181049
2025-07-10T03:04:30.4427798Z Hosting environment: Production
2025-07-10T03:04:30.4602093Z Content root path: /opt/Kudu
2025-07-10T03:04:30.4602214Z Now listening on: http://0.0.0.0:8181
2025-07-10T03:04:30.4602237Z Application started. Press Ctrl+C to shut down.
