2025-07-09T16:06:08.2244255Z Container start method called.
2025-07-09T16:06:08.3061496Z Establishing network.
2025-07-09T16:06:08.3068210Z Pulling image: docker.io/ayumu277/chatbot-app:latest.
2025-07-09T16:06:22.9372302Z Container pull image failed with reason: ImagePullFailure. Revert by terminate.
2025-07-09T16:06:22.9570111Z Container is terminating. Grace period: 5 seconds.
2025-07-09T16:06:22.9666756Z Container spec TerminationMessagePolicy  path 
2025-07-09T16:06:22.9762580Z Container is terminated. Total time elapsed: 17 ms.
2025-07-09T16:06:22.9775671Z Site container: chatbot-app-container terminated during site startup.
2025-07-09T16:06:23.0258571Z Failed to start site. Revert by stopping site.
2025-07-09T16:06:23.0682466Z Site: chatbot-app-container stopped.
2025-07-09T16:06:28.320Z INFO  - Pulling image: docker.io/ayumu277/chatbot-app:latest
2025-07-09T16:06:30.765Z INFO  - latest Pulling from ayumu277/chatbot-app
2025-07-09T16:06:30.777Z INFO  -  
2025-07-09T16:06:30.779Z ERROR - no matching manifest for linux/amd64 in the manifest list entriesErr: 0, Message: no matching manifest for linux/amd64 in the manifest list entries
2025-07-09T16:06:30.788Z INFO  - Pull Image failed, Time taken: 2 Seconds
2025-07-09T16:06:30.790Z ERROR - Pulling docker image docker.io/ayumu277/chatbot-app:latest failed:
2025-07-09T16:06:33.137Z INFO  - latest Pulling from ayumu277/chatbot-app
2025-07-09T16:06:33.156Z INFO  -  
2025-07-09T16:06:33.157Z ERROR - no matching manifest for linux/amd64 in the manifest list entriesErr: 0, Message: no matching manifest for linux/amd64 in the manifest list entries
2025-07-09T16:06:33.167Z INFO  - Pull Image failed, Time taken: 2 Seconds
2025-07-09T16:06:33.176Z WARN  - Image pull failed. Defaulting to local copy if present.
2025-07-09T16:06:33.180Z ERROR - Image pull failed: Verify docker image configuration and credentials (if using private repository)
2025-07-09T16:06:33.296Z INFO  - Stopping site chatbot-app-container because it failed during startup.
2025-07-09T16:06:44.073Z INFO  - Pulling image: docker.io/ayumu277/chatbot-app:latest
2025-07-09T16:06:46.607Z INFO  - latest Pulling from ayumu277/chatbot-app
2025-07-09T16:06:46.625Z INFO  -  
2025-07-09T16:06:46.627Z ERROR - no matching manifest for linux/amd64 in the manifest list entriesErr: 0, Message: no matching manifest for linux/amd64 in the manifest list entries
2025-07-09T16:06:46.637Z INFO  - Pull Image failed, Time taken: 2 Seconds
2025-07-09T16:06:46.645Z ERROR - Pulling docker image docker.io/ayumu277/chatbot-app:latest failed:
2025-07-09T16:06:48.878Z INFO  - latest Pulling from ayumu277/chatbot-app
2025-07-09T16:06:48.889Z INFO  -  
2025-07-09T16:06:48.891Z ERROR - no matching manifest for linux/amd64 in the manifest list entriesErr: 0, Message: no matching manifest for linux/amd64 in the manifest list entries
2025-07-09T16:06:48.895Z INFO  - Pull Image failed, Time taken: 2 Seconds
2025-07-09T16:06:48.897Z WARN  - Image pull failed. Defaulting to local copy if present.
2025-07-09T16:06:48.904Z ERROR - Image pull failed: Verify docker image configuration and credentials (if using private repository)
2025-07-09T16:06:48.913Z INFO  - Stopping site chatbot-app-container because it failed during startup.
2025-07-09T16:06:59.535Z INFO  - Pulling image: docker.io/ayumu277/chatbot-app:latest
2025-07-09T16:07:01.831Z INFO  - latest Pulling from ayumu277/chatbot-app
2025-07-09T16:07:01.850Z INFO  -  
2025-07-09T16:07:01.852Z ERROR - no matching manifest for linux/amd64 in the manifest list entriesErr: 0, Message: no matching manifest for linux/amd64 in the manifest list entries
2025-07-09T16:07:01.862Z INFO  - Pull Image failed, Time taken: 2 Seconds
2025-07-09T16:07:01.870Z ERROR - Pulling docker image docker.io/ayumu277/chatbot-app:latest failed:
2025-07-09T16:07:04.152Z INFO  - latest Pulling from ayumu277/chatbot-app
2025-07-09T16:07:04.163Z INFO  -  
2025-07-09T16:07:04.167Z ERROR - no matching manifest for linux/amd64 in the manifest list entriesErr: 0, Message: no matching manifest for linux/amd64 in the manifest list entries
2025-07-09T16:07:04.175Z INFO  - Pull Image failed, Time taken: 2 Seconds
2025-07-09T16:07:04.175Z WARN  - Image pull failed. Defaulting to local copy if present.
2025-07-09T16:07:04.177Z ERROR - Image pull failed: Verify docker image configuration and credentials (if using private repository)
2025-07-09T16:07:04.179Z INFO  - Stopping site chatbot-app-container because it failed during startup.
2025-07-09T16:07:16.002Z INFO  - Pulling image: docker.io/ayumu277/chatbot-app:latest
2025-07-09T16:07:18.447Z INFO  - latest Pulling from ayumu277/chatbot-app
2025-07-09T16:07:18.466Z INFO  -  
2025-07-09T16:07:18.468Z ERROR - no matching manifest for linux/amd64 in the manifest list entriesErr: 0, Message: no matching manifest for linux/amd64 in the manifest list entries
2025-07-09T16:07:18.478Z INFO  - Pull Image failed, Time taken: 2 Seconds
2025-07-09T16:07:18.486Z ERROR - Pulling docker image docker.io/ayumu277/chatbot-app:latest failed:
2025-07-09T16:07:20.753Z INFO  - latest Pulling from ayumu277/chatbot-app
2025-07-09T16:07:20.765Z INFO  -  
2025-07-09T16:07:20.767Z ERROR - no matching manifest for linux/amd64 in the manifest list entriesErr: 0, Message: no matching manifest for linux/amd64 in the manifest list entries
2025-07-09T16:07:20.771Z INFO  - Pull Image failed, Time taken: 2 Seconds
2025-07-09T16:07:20.779Z WARN  - Image pull failed. Defaulting to local copy if present.
2025-07-09T16:07:20.790Z ERROR - Image pull failed: Verify docker image configuration and credentials (if using private repository)
2025-07-09T16:07:20.808Z INFO  - Stopping site chatbot-app-container because it failed during startup.
2025-07-09T16:09:28.572Z INFO  - Pulling image: docker.io/ayumu277/chatbot-app:latest
2025-07-09T16:09:30.855Z INFO  - latest Pulling from ayumu277/chatbot-app
2025-07-09T16:09:30.864Z INFO  -  
2025-07-09T16:09:30.866Z ERROR - no matching manifest for linux/amd64 in the manifest list entriesErr: 0, Message: no matching manifest for linux/amd64 in the manifest list entries
2025-07-09T16:09:30.875Z INFO  - Pull Image failed, Time taken: 2 Seconds
2025-07-09T16:09:30.877Z ERROR - Pulling docker image docker.io/ayumu277/chatbot-app:latest failed:
2025-07-09T16:09:33.766Z INFO  - latest Pulling from ayumu277/chatbot-app
2025-07-09T16:09:33.768Z INFO  -  
2025-07-09T16:09:33.776Z ERROR - no matching manifest for linux/amd64 in the manifest list entriesErr: 0, Message: no matching manifest for linux/amd64 in the manifest list entries
2025-07-09T16:09:33.789Z INFO  - Pull Image failed, Time taken: 2 Seconds
2025-07-09T16:09:33.797Z WARN  - Image pull failed. Defaulting to local copy if present.
2025-07-09T16:09:33.799Z ERROR - Image pull failed: Verify docker image configuration and credentials (if using private repository)
2025-07-09T16:09:33.828Z INFO  - Stopping site chatbot-app-container because it failed during startup.
2025-07-09T16:11:55.4150504Z Container start method called.
2025-07-09T16:11:55.4157238Z Establishing network.
2025-07-09T16:11:55.4162897Z Pulling image: docker.io/ayumu277/chatbot-app:latest.
2025-07-09T16:11:55.4765319Z Container pull image failed with reason: ImagePullFailure. Revert by terminate.
2025-07-09T16:11:55.4773944Z Container is terminating. Grace period: 5 seconds.
2025-07-09T16:11:55.5256575Z Container spec TerminationMessagePolicy  path 
2025-07-09T16:11:55.5266069Z Container is terminated. Total time elapsed: 48 ms.
2025-07-09T16:11:55.5346654Z Site container: chatbot-app-container terminated during site startup.
2025-07-09T16:11:55.5854601Z Failed to start site. Revert by stopping site.
2025-07-09T16:11:55.7455801Z Site: chatbot-app-container stopped.
2025-07-09T16:12:02.8443527Z Container start method called.
2025-07-09T16:12:02.9149393Z Establishing network.
2025-07-09T16:12:02.9224157Z Pulling image: docker.io/ayumu277/chatbot-app:latest.
2025-07-09T16:12:03.1764595Z Container pull image failed with reason: ImagePullFailure. Revert by terminate.
2025-07-09T16:12:03.1851428Z Container is terminating. Grace period: 5 seconds.
2025-07-09T16:12:03.1857704Z Container spec TerminationMessagePolicy  path 
2025-07-09T16:12:03.2246923Z Container is terminated. Total time elapsed: 0 ms.
2025-07-09T16:12:03.2254021Z Site container: chatbot-app-container terminated during site startup.
2025-07-09T16:12:03.3759101Z Failed to start site. Revert by stopping site.
2025-07-09T16:12:03.3949270Z Site: chatbot-app-container stopped.
2025-07-09T16:12:04.3190256Z Site: chatbot-app-container will be blocked for 1 minutes till 07/09/2025 16:13:04
2025-07-09T16:12:09.8083495Z Start site prohibitted because the site is being blocked.
2025-07-09T16:12:15.0789976Z Start site prohibitted because the site is being blocked.
2025-07-09T16:12:20.6074660Z Start site prohibitted because the site is being blocked.
2025-07-09T16:12:27.4577773Z Start site prohibitted because the site is being blocked.
2025-07-09T16:12:32.6991954Z Start site prohibitted because the site is being blocked.
2025-07-09T16:12:38.4652831Z Start site prohibitted because the site is being blocked.
2025-07-09T16:12:43.6214767Z Start site prohibitted because the site is being blocked.
2025-07-09T16:12:48.8770336Z Start site prohibitted because the site is being blocked.
2025-07-09T16:12:54.0464640Z Start site prohibitted because the site is being blocked.
2025-07-09T16:12:59.4616313Z Start site prohibitted because the site is being blocked.
2025-07-09T16:13:04.3219900Z Site: chatbot-app-container is unblocked.
2025-07-09T16:13:05.6612610Z Container start method called.
2025-07-09T16:13:05.6623125Z Establishing network.
2025-07-09T16:13:05.6698456Z Pulling image: docker.io/ayumu277/chatbot-app:latest.
2025-07-09T16:13:05.7298902Z Container pull image failed with reason: ImagePullFailure. Revert by terminate.
2025-07-09T16:13:05.7306453Z Container is terminating. Grace period: 5 seconds.
2025-07-09T16:13:05.7312250Z Container spec TerminationMessagePolicy  path 
2025-07-09T16:13:05.7317430Z Container is terminated. Total time elapsed: 0 ms.
2025-07-09T16:13:05.7487664Z Site container: chatbot-app-container terminated during site startup.
2025-07-09T16:13:05.7904074Z Failed to start site. Revert by stopping site.
2025-07-09T16:13:05.7916920Z Site: chatbot-app-container stopped.
2025-07-09T16:13:06.1580028Z Site: chatbot-app-container will be blocked for 1 minutes till 07/09/2025 16:14:06
2025-07-09T16:13:11.4687372Z Start site prohibitted because the site is being blocked.
2025-07-09T16:13:16.7557740Z Start site prohibitted because the site is being blocked.
2025-07-09T16:13:21.9706336Z Start site prohibitted because the site is being blocked.
2025-07-09T16:13:27.1485958Z Start site prohibitted because the site is being blocked.
2025-07-09T16:13:32.3172900Z Start site prohibitted because the site is being blocked.
2025-07-09T16:13:37.5152552Z Start site prohibitted because the site is being blocked.
2025-07-09T16:13:42.6572408Z Start site prohibitted because the site is being blocked.
2025-07-09T16:13:47.7955520Z Start site prohibitted because the site is being blocked.
2025-07-09T16:13:52.9421663Z Start site prohibitted because the site is being blocked.
2025-07-09T16:13:59.0613893Z Start site prohibitted because the site is being blocked.
2025-07-09T16:14:05.1233963Z Start site prohibitted because the site is being blocked.
2025-07-09T16:14:06.1606296Z Site: chatbot-app-container is unblocked.
2025-07-09T16:14:11.4372641Z Container start method called.
2025-07-09T16:14:11.4468915Z Establishing network.
2025-07-09T16:14:11.4478201Z Pulling image: docker.io/ayumu277/chatbot-app:latest.
2025-07-09T16:14:11.5897329Z Container pull image failed with reason: ImagePullFailure. Revert by terminate.
2025-07-09T16:14:11.5997954Z Container is terminating. Grace period: 5 seconds.
2025-07-09T16:14:11.6077428Z Container spec TerminationMessagePolicy  path 
2025-07-09T16:14:11.6086277Z Container is terminated. Total time elapsed: 8 ms.
2025-07-09T16:14:11.6096545Z Site container: chatbot-app-container terminated during site startup.
2025-07-09T16:14:11.6371933Z Failed to start site. Revert by stopping site.
2025-07-09T16:14:11.6488677Z Site: chatbot-app-container stopped.
2025-07-09T16:14:12.0209846Z Site: chatbot-app-container will be blocked for 2 minutes till 07/09/2025 16:16:12
2025-07-09T16:14:17.2629790Z Start site prohibitted because the site is being blocked.
2025-07-09T16:14:22.4693286Z Start site prohibitted because the site is being blocked.
2025-07-09T16:14:27.6901705Z Start site prohibitted because the site is being blocked.
2025-07-09T16:14:32.7855543Z Start site prohibitted because the site is being blocked.
2025-07-09T16:14:37.9831007Z Start site prohibitted because the site is being blocked.
2025-07-09T16:14:43.1471609Z Start site prohibitted because the site is being blocked.
2025-07-09T16:14:48.4165736Z Start site prohibitted because the site is being blocked.
2025-07-09T16:14:53.5793372Z Start site prohibitted because the site is being blocked.
2025-07-09T16:14:58.6696693Z Start site prohibitted because the site is being blocked.
2025-07-09T16:15:04.1858293Z Start site prohibitted because the site is being blocked.
2025-07-09T16:15:09.2638619Z Start site prohibitted because the site is being blocked.
2025-07-09T16:15:14.3613855Z Start site prohibitted because the site is being blocked.
2025-07-09T16:15:19.5070881Z Start site prohibitted because the site is being blocked.
2025-07-09T16:15:25.1325652Z Start site prohibitted because the site is being blocked.
2025-07-09T16:15:30.2385040Z Start site prohibitted because the site is being blocked.
2025-07-09T16:15:35.5029719Z Start site prohibitted because the site is being blocked.
2025-07-09T16:15:40.6711117Z Start site prohibitted because the site is being blocked.
2025-07-09T16:15:45.8087175Z Start site prohibitted because the site is being blocked.
2025-07-09T16:15:51.2223845Z Start site prohibitted because the site is being blocked.
2025-07-09T16:15:56.3205620Z Start site prohibitted because the site is being blocked.
2025-07-09T16:16:12.0210370Z Site: chatbot-app-container is unblocked.
2025-07-09T16:46:12.9327885Z Container start method called.
2025-07-09T16:46:12.9340541Z Establishing network.
2025-07-09T16:46:12.9422535Z Pulling image: docker.io/ayumu277/chatbot-app:latest.
2025-07-09T16:46:13.0316496Z Container pull image failed with reason: ImagePullFailure. Revert by terminate.
2025-07-09T16:46:13.0332533Z Container is terminating. Grace period: 5 seconds.
2025-07-09T16:46:13.0427118Z Container spec TerminationMessagePolicy  path 
2025-07-09T16:46:13.0441594Z Container is terminated. Total time elapsed: 9 ms.
2025-07-09T16:46:13.0450703Z Site container: chatbot-app-container terminated during site startup.
2025-07-09T16:46:13.1038181Z Failed to start site. Revert by stopping site.
2025-07-09T16:46:13.1150927Z Site: chatbot-app-container stopped.
2025-07-09T18:11:06.0624591Z Container start method called.
2025-07-09T18:11:06.2734090Z Establishing network.
2025-07-09T18:11:06.2918904Z Pulling image: index.docker.io/ayumu277/chatbot-app:latest.
2025-07-09T18:15:21.6089242Z Image index.docker.io/ayumu277/chatbot-app:latest is pulled from registry index.docker.io
2025-07-09T18:15:21.6198709Z Container is starting.
2025-07-09T18:15:21.6213243Z Establishing user namespace if not established already.
2025-07-09T18:15:21.6312631Z Establishing network if not established already.
2025-07-09T18:15:21.6324296Z Mounting volumes.
2025-07-09T18:15:21.6525288Z Nested mountpoint volatile/logs
2025-07-09T18:15:21.7007333Z Nested mountpoint 
2025-07-09T18:15:21.8721187Z Creating container.
2025-07-09T18:15:21.8732458Z Creating pipes for streaming container io.
2025-07-09T18:15:21.8825020Z Creating stdout named pipe at /podr/container/pipe/bf77e3bec3a2_chatbot-app-container/stdout_0400be76b51f443b9ee4e334d34f4fa2.
2025-07-09T18:15:21.8902939Z Successfully created stdout named pipe at: /podr/container/pipe/bf77e3bec3a2_chatbot-app-container/stdout_0400be76b51f443b9ee4e334d34f4fa2.
2025-07-09T18:15:21.8912665Z Opening named pipe /podr/container/pipe/bf77e3bec3a2_chatbot-app-container/stdout_0400be76b51f443b9ee4e334d34f4fa2 for reading in non-blocking mode.
2025-07-09T18:15:21.8924490Z Successfully opened named pipe: /podr/container/pipe/bf77e3bec3a2_chatbot-app-container/stdout_0400be76b51f443b9ee4e334d34f4fa2.
2025-07-09T18:15:21.9117729Z Successfully removed non-blocking flag from /podr/container/pipe/bf77e3bec3a2_chatbot-app-container/stdout_0400be76b51f443b9ee4e334d34f4fa2.
2025-07-09T18:15:21.9123724Z Creating stderr named pipe at /podr/container/pipe/bf77e3bec3a2_chatbot-app-container/stderr_ce04de0b4e2b43b09d7a80fffa54d040.
2025-07-09T18:15:21.9129695Z Successfully created stderr named pipe at: /podr/container/pipe/bf77e3bec3a2_chatbot-app-container/stderr_ce04de0b4e2b43b09d7a80fffa54d040.
2025-07-09T18:15:21.9135110Z Opening named pipe /podr/container/pipe/bf77e3bec3a2_chatbot-app-container/stderr_ce04de0b4e2b43b09d7a80fffa54d040 for reading in non-blocking mode.
2025-07-09T18:15:21.9206862Z Successfully opened named pipe: /podr/container/pipe/bf77e3bec3a2_chatbot-app-container/stderr_ce04de0b4e2b43b09d7a80fffa54d040.
2025-07-09T18:15:21.9208605Z Successfully removed non-blocking flag from /podr/container/pipe/bf77e3bec3a2_chatbot-app-container/stderr_ce04de0b4e2b43b09d7a80fffa54d040.
2025-07-09T18:15:21.9213060Z Creating container with image: index.docker.io/ayumu277/chatbot-app:latest from registry: index.docker.io and fully qualified image name: index.docker.io/ayumu277/chatbot-app:latest
2025-07-09T18:15:25.8306734Z Starting container: bf77e3bec3a2_chatbot-app-container.
2025-07-09T18:15:26.0725496Z Starting watchers and probes.
2025-07-09T18:15:26.1123103Z Starting metrics collection.
2025-07-09T18:15:26.1216932Z Container is running.
2025-07-09T18:15:26.4517716Z Container start method finished after 260262 ms.
2025-07-09T18:15:49.0089648Z Site startup probe succeeded after 22.4778327 seconds.
2025-07-09T18:15:49.1308827Z Site started.
2025-07-09T18:15:49.1918318Z Site is running with deployment version: a805472c0312edb21b8d08ca517a9b4e8cefc7931752064127789
2025-07-09T18:27:07.3096113Z Container start method called.
2025-07-09T18:27:07.3097591Z Establishing network.
2025-07-09T18:27:07.3102868Z Pulling image: index.docker.io/ayumu277/chatbot-app:latest.
2025-07-09T18:27:15.1919401Z Container is starting.
2025-07-09T18:27:15.1934302Z Establishing user namespace if not established already.
2025-07-09T18:27:15.2018466Z Establishing network if not established already.
2025-07-09T18:27:15.2030170Z Mounting volumes.
2025-07-09T18:27:15.2039048Z Nested mountpoint volatile/logs
2025-07-09T18:27:15.2841950Z Nested mountpoint 
2025-07-09T18:27:15.6469772Z Creating container.
2025-07-09T18:27:15.6548323Z Creating pipes for streaming container io.
2025-07-09T18:27:15.6551520Z Creating stdout named pipe at /podr/container/pipe/76f9acfe3220_chatbot-app-container/stdout_1e7cd5730cb542c09cdf16128cf3e7e5.
2025-07-09T18:27:15.6557380Z Successfully created stdout named pipe at: /podr/container/pipe/76f9acfe3220_chatbot-app-container/stdout_1e7cd5730cb542c09cdf16128cf3e7e5.
2025-07-09T18:27:15.6757446Z Opening named pipe /podr/container/pipe/76f9acfe3220_chatbot-app-container/stdout_1e7cd5730cb542c09cdf16128cf3e7e5 for reading in non-blocking mode.
2025-07-09T18:27:15.6949267Z Successfully opened named pipe: /podr/container/pipe/76f9acfe3220_chatbot-app-container/stdout_1e7cd5730cb542c09cdf16128cf3e7e5.
2025-07-09T18:27:15.7358906Z Successfully removed non-blocking flag from /podr/container/pipe/76f9acfe3220_chatbot-app-container/stdout_1e7cd5730cb542c09cdf16128cf3e7e5.
2025-07-09T18:27:15.7361221Z Creating stderr named pipe at /podr/container/pipe/76f9acfe3220_chatbot-app-container/stderr_c69f74d46da34b799ad2a0b38e8d8118.
2025-07-09T18:27:15.7363253Z Successfully created stderr named pipe at: /podr/container/pipe/76f9acfe3220_chatbot-app-container/stderr_c69f74d46da34b799ad2a0b38e8d8118.
2025-07-09T18:27:15.7364352Z Opening named pipe /podr/container/pipe/76f9acfe3220_chatbot-app-container/stderr_c69f74d46da34b799ad2a0b38e8d8118 for reading in non-blocking mode.
2025-07-09T18:27:15.7760536Z Successfully opened named pipe: /podr/container/pipe/76f9acfe3220_chatbot-app-container/stderr_c69f74d46da34b799ad2a0b38e8d8118.
2025-07-09T18:27:15.8143833Z Successfully removed non-blocking flag from /podr/container/pipe/76f9acfe3220_chatbot-app-container/stderr_c69f74d46da34b799ad2a0b38e8d8118.
2025-07-09T18:27:15.8148805Z Creating container with image: index.docker.io/ayumu277/chatbot-app:latest from registry: index.docker.io and fully qualified image name: index.docker.io/ayumu277/chatbot-app:latest
2025-07-09T18:27:18.7996799Z Starting container: 76f9acfe3220_chatbot-app-container.
2025-07-09T18:27:20.0834290Z Starting watchers and probes.
2025-07-09T18:27:20.1351368Z Starting metrics collection.
2025-07-09T18:27:20.1358815Z Container is running.
2025-07-09T18:27:20.7887441Z Container start method finished after 13477 ms.
2025-07-09T18:27:58.9621550Z Site startup probe succeeded after 37.8182261 seconds.
2025-07-09T18:27:59.0837978Z Site started.
2025-07-09T18:27:59.1076003Z Site is running with deployment version: a805472c0312edb21b8d08ca517a9b4e8cefc7931752064127789
2025-07-09T18:28:19.2977282Z Container is terminating. Grace period: 5 seconds.
2025-07-09T18:28:19.3294163Z Stop and delete container. Retry count = 0
2025-07-09T18:28:19.3599049Z Stopping container: bf77e3bec3a2_chatbot-app-container.
2025-07-09T18:28:20.2361024Z Deleting container: bf77e3bec3a2_chatbot-app-container. Retry count = 0
2025-07-09T18:28:20.8477837Z Container spec TerminationMessagePolicy  path 
2025-07-09T18:28:20.8555141Z Container is terminated. Total time elapsed: 1549 ms.
2025-07-09T18:28:20.8577249Z Site: chatbot-app-container stopped.
2025-07-09T18:28:49.0450953Z Container start method called.
2025-07-09T18:28:49.0453521Z Establishing network.
2025-07-09T18:28:49.0456986Z Pulling image: index.docker.io/ayumu277/chatbot-app:latest.
2025-07-09T18:28:58.8246791Z Image index.docker.io/ayumu277/chatbot-app:latest is pulled from registry index.docker.io
2025-07-09T18:28:58.8248509Z Container is starting.
2025-07-09T18:28:58.8320625Z Establishing user namespace if not established already.
2025-07-09T18:28:58.8324139Z Establishing network if not established already.
2025-07-09T18:28:58.8326669Z Mounting volumes.
2025-07-09T18:28:58.8329788Z Nested mountpoint volatile/logs
2025-07-09T18:28:58.8538211Z Nested mountpoint 
2025-07-09T18:28:59.0855284Z Creating container.
2025-07-09T18:28:59.0859254Z Creating pipes for streaming container io.
2025-07-09T18:28:59.0862931Z Creating stdout named pipe at /podr/container/pipe/810f69c21cd4_chatbot-app-container/stdout_39f4465eb06142b7afb54d5e3e524752.
2025-07-09T18:28:59.0866784Z Successfully created stdout named pipe at: /podr/container/pipe/810f69c21cd4_chatbot-app-container/stdout_39f4465eb06142b7afb54d5e3e524752.
2025-07-09T18:28:59.0939203Z Opening named pipe /podr/container/pipe/810f69c21cd4_chatbot-app-container/stdout_39f4465eb06142b7afb54d5e3e524752 for reading in non-blocking mode.
2025-07-09T18:28:59.0942294Z Successfully opened named pipe: /podr/container/pipe/810f69c21cd4_chatbot-app-container/stdout_39f4465eb06142b7afb54d5e3e524752.
2025-07-09T18:28:59.0962494Z Successfully removed non-blocking flag from /podr/container/pipe/810f69c21cd4_chatbot-app-container/stdout_39f4465eb06142b7afb54d5e3e524752.
2025-07-09T18:28:59.0967226Z Creating stderr named pipe at /podr/container/pipe/810f69c21cd4_chatbot-app-container/stderr_8a3bf843d7024639a62c4b0156d76dbb.
2025-07-09T18:28:59.1042640Z Successfully created stderr named pipe at: /podr/container/pipe/810f69c21cd4_chatbot-app-container/stderr_8a3bf843d7024639a62c4b0156d76dbb.
2025-07-09T18:28:59.1046141Z Opening named pipe /podr/container/pipe/810f69c21cd4_chatbot-app-container/stderr_8a3bf843d7024639a62c4b0156d76dbb for reading in non-blocking mode.
2025-07-09T18:28:59.1047943Z Successfully opened named pipe: /podr/container/pipe/810f69c21cd4_chatbot-app-container/stderr_8a3bf843d7024639a62c4b0156d76dbb.
2025-07-09T18:28:59.1049138Z Successfully removed non-blocking flag from /podr/container/pipe/810f69c21cd4_chatbot-app-container/stderr_8a3bf843d7024639a62c4b0156d76dbb.
2025-07-09T18:28:59.1050383Z Creating container with image: index.docker.io/ayumu277/chatbot-app:latest from registry: index.docker.io and fully qualified image name: index.docker.io/ayumu277/chatbot-app:latest
2025-07-09T18:29:01.1940959Z Starting container: 810f69c21cd4_chatbot-app-container.
2025-07-09T18:29:01.4168670Z Starting watchers and probes.
2025-07-09T18:29:01.5232910Z Starting metrics collection.
2025-07-09T18:29:01.5239402Z Container is running.
2025-07-09T18:29:01.8956465Z Container start method finished after 12849 ms.
2025-07-09T18:29:19.3730173Z Site startup probe failed after 17.4364447 seconds.
2025-07-09T18:29:19.6553537Z Failed to start site. Revert by stopping site.
2025-07-09T18:29:19.6649886Z Container is terminating. Grace period: 5 seconds.
2025-07-09T18:29:19.7028349Z Stop and delete container. Retry count = 0
2025-07-09T18:29:19.7135946Z Stopping container: 810f69c21cd4_chatbot-app-container.
2025-07-09T18:29:20.3343382Z Deleting container: 810f69c21cd4_chatbot-app-container. Retry count = 0
2025-07-09T18:29:21.0348183Z Container spec TerminationMessagePolicy  path 
2025-07-09T18:29:21.0422850Z Container is terminated. Total time elapsed: 1370 ms.
2025-07-09T18:29:21.0433591Z Site container: chatbot-app-container terminated during site startup.
2025-07-09T18:29:21.0447472Z Site: chatbot-app-container stopped.
2025-07-09T18:29:41.8911967Z Container is terminating. Grace period: 5 seconds.
2025-07-09T18:29:42.0022505Z Stop and delete container. Retry count = 0
2025-07-09T18:29:42.0032248Z Stopping container: 76f9acfe3220_chatbot-app-container.
2025-07-09T18:29:42.3754627Z Deleting container: 76f9acfe3220_chatbot-app-container. Retry count = 0
2025-07-09T18:29:43.6367046Z Container spec TerminationMessagePolicy  path 
2025-07-09T18:29:43.6444567Z Container is terminated. Total time elapsed: 1705 ms.
2025-07-09T18:29:43.6445019Z Site: chatbot-app-container stopped.
2025-07-09T18:33:53.1935022Z Container start method called.
2025-07-09T18:33:53.2012168Z Establishing network.
2025-07-09T18:33:53.2015986Z Pulling image: index.docker.io/ayumu277/chatbot-app:latest.
2025-07-09T18:33:58.0969177Z Image index.docker.io/ayumu277/chatbot-app:latest is pulled from registry index.docker.io
2025-07-09T18:33:58.1050800Z Container is starting.
2025-07-09T18:33:58.1064107Z Establishing user namespace if not established already.
2025-07-09T18:33:58.1168339Z Establishing network if not established already.
2025-07-09T18:33:58.1242882Z Mounting volumes.
2025-07-09T18:33:58.1250972Z Nested mountpoint volatile/logs
2025-07-09T18:33:58.1354669Z Nested mountpoint 
2025-07-09T18:33:58.2666199Z Creating container.
2025-07-09T18:33:58.2751632Z Creating pipes for streaming container io.
2025-07-09T18:33:58.2774680Z Creating stdout named pipe at /podr/container/pipe/f48995f1088e_chatbot-app-container/stdout_d34bf9499a714afdaf53b69be168d56b.
2025-07-09T18:33:58.2868342Z Successfully created stdout named pipe at: /podr/container/pipe/f48995f1088e_chatbot-app-container/stdout_d34bf9499a714afdaf53b69be168d56b.
2025-07-09T18:33:58.2874204Z Opening named pipe /podr/container/pipe/f48995f1088e_chatbot-app-container/stdout_d34bf9499a714afdaf53b69be168d56b for reading in non-blocking mode.
2025-07-09T18:33:58.2879736Z Successfully opened named pipe: /podr/container/pipe/f48995f1088e_chatbot-app-container/stdout_d34bf9499a714afdaf53b69be168d56b.
2025-07-09T18:33:58.2953812Z Successfully removed non-blocking flag from /podr/container/pipe/f48995f1088e_chatbot-app-container/stdout_d34bf9499a714afdaf53b69be168d56b.
2025-07-09T18:33:58.2958854Z Creating stderr named pipe at /podr/container/pipe/f48995f1088e_chatbot-app-container/stderr_89222dd61800410f882e07267ee76527.
2025-07-09T18:33:58.2964034Z Successfully created stderr named pipe at: /podr/container/pipe/f48995f1088e_chatbot-app-container/stderr_89222dd61800410f882e07267ee76527.
2025-07-09T18:33:58.2968495Z Opening named pipe /podr/container/pipe/f48995f1088e_chatbot-app-container/stderr_89222dd61800410f882e07267ee76527 for reading in non-blocking mode.
2025-07-09T18:33:58.2973024Z Successfully opened named pipe: /podr/container/pipe/f48995f1088e_chatbot-app-container/stderr_89222dd61800410f882e07267ee76527.
2025-07-09T18:33:58.2978451Z Successfully removed non-blocking flag from /podr/container/pipe/f48995f1088e_chatbot-app-container/stderr_89222dd61800410f882e07267ee76527.
2025-07-09T18:33:58.3049395Z Creating container with image: index.docker.io/ayumu277/chatbot-app:latest from registry: index.docker.io and fully qualified image name: index.docker.io/ayumu277/chatbot-app:latest
2025-07-09T18:33:58.9164864Z Starting container: f48995f1088e_chatbot-app-container.
2025-07-09T18:33:59.0085599Z Starting watchers and probes.
2025-07-09T18:33:59.0091345Z Starting metrics collection.
2025-07-09T18:33:59.0098484Z Container is running.
2025-07-09T18:33:59.8218910Z Container start method finished after 6627 ms.
2025-07-09T18:34:18.3967971Z Site startup probe succeeded after 18.4737808 seconds.
2025-07-09T18:34:20.3979428Z Site started.
2025-07-09T18:34:20.4152837Z Site is running with deployment version: a805472c0312edb21b8d08ca517a9b4e8cefc7931752064127789
