2025-07-10T14:03:07.4268739Z Container start method called.
2025-07-10T14:03:07.5078479Z Establishing network.
2025-07-10T14:03:07.5087164Z Pulling image: docker.io/ayumu277/chatbot-app:latest.
2025-07-10T14:03:22.5662760Z Container pull image failed with reason: ImagePullFailure. Revert by terminate.
2025-07-10T14:03:22.5854973Z Container is terminating. Grace period: 5 seconds.
2025-07-10T14:03:22.5874277Z Container spec TerminationMessagePolicy  path 
2025-07-10T14:03:22.5965839Z Container is terminated. Total time elapsed: 9 ms.
2025-07-10T14:03:22.5975095Z Site container: chatbot-app-container terminated during site startup.
2025-07-10T14:03:22.6360550Z Failed to start site. Revert by stopping site.
2025-07-10T14:03:22.6572038Z Site: chatbot-app-container stopped.
2025-07-10T14:03:27.872Z INFO  - Pulling image: ayumu277/chatbot-app:latest
2025-07-10T14:03:30.296Z INFO  - latest Pulling from ayumu277/chatbot-app
2025-07-10T14:03:30.338Z INFO  -  
2025-07-10T14:03:30.385Z ERROR - no matching manifest for linux/amd64 in the manifest list entriesErr: 0, Message: no matching manifest for linux/amd64 in the manifest list entries
2025-07-10T14:03:30.397Z INFO  - Pull Image failed, Time taken: 2 Seconds
2025-07-10T14:03:30.405Z ERROR - Pulling docker image ayumu277/chatbot-app:latest failed:
2025-07-10T14:03:32.762Z INFO  - latest Pulling from ayumu277/chatbot-app
2025-07-10T14:03:32.780Z INFO  -  
2025-07-10T14:03:32.782Z ERROR - no matching manifest for linux/amd64 in the manifest list entriesErr: 0, Message: no matching manifest for linux/amd64 in the manifest list entries
2025-07-10T14:03:32.792Z INFO  - Pull Image failed, Time taken: 2 Seconds
2025-07-10T14:03:32.800Z WARN  - Image pull failed. Defaulting to local copy if present.
2025-07-10T14:03:32.804Z ERROR - Image pull failed: Verify docker image configuration and credentials (if using private repository)
2025-07-10T14:03:32.853Z INFO  - Stopping site chatbot-app-container because it failed during startup.
2025-07-10T14:03:43.534Z INFO  - Pulling image: ayumu277/chatbot-app:latest
2025-07-10T14:03:45.985Z INFO  - latest Pulling from ayumu277/chatbot-app
2025-07-10T14:03:46.014Z INFO  -  
2025-07-10T14:03:46.016Z ERROR - no matching manifest for linux/amd64 in the manifest list entriesErr: 0, Message: no matching manifest for linux/amd64 in the manifest list entries
2025-07-10T14:03:46.025Z INFO  - Pull Image failed, Time taken: 2 Seconds
2025-07-10T14:03:46.033Z ERROR - Pulling docker image ayumu277/chatbot-app:latest failed:
2025-07-10T14:03:48.571Z INFO  - latest Pulling from ayumu277/chatbot-app
2025-07-10T14:03:48.573Z INFO  -  
2025-07-10T14:03:48.575Z ERROR - no matching manifest for linux/amd64 in the manifest list entriesErr: 0, Message: no matching manifest for linux/amd64 in the manifest list entries
2025-07-10T14:03:48.578Z INFO  - Pull Image failed, Time taken: 2 Seconds
2025-07-10T14:03:48.579Z WARN  - Image pull failed. Defaulting to local copy if present.
2025-07-10T14:03:48.582Z ERROR - Image pull failed: Verify docker image configuration and credentials (if using private repository)
2025-07-10T14:03:48.585Z INFO  - Stopping site chatbot-app-container because it failed during startup.
2025-07-10T14:03:59.185Z INFO  - Pulling image: ayumu277/chatbot-app:latest
2025-07-10T14:04:01.516Z INFO  - latest Pulling from ayumu277/chatbot-app
2025-07-10T14:04:01.572Z INFO  -  
2025-07-10T14:04:01.574Z ERROR - no matching manifest for linux/amd64 in the manifest list entriesErr: 0, Message: no matching manifest for linux/amd64 in the manifest list entries
2025-07-10T14:04:01.584Z INFO  - Pull Image failed, Time taken: 2 Seconds
2025-07-10T14:04:01.591Z ERROR - Pulling docker image ayumu277/chatbot-app:latest failed:
2025-07-10T14:04:03.930Z INFO  - latest Pulling from ayumu277/chatbot-app
2025-07-10T14:04:03.942Z INFO  -  
2025-07-10T14:04:03.946Z ERROR - no matching manifest for linux/amd64 in the manifest list entriesErr: 0, Message: no matching manifest for linux/amd64 in the manifest list entries
2025-07-10T14:04:03.950Z INFO  - Pull Image failed, Time taken: 2 Seconds
2025-07-10T14:04:03.952Z WARN  - Image pull failed. Defaulting to local copy if present.
2025-07-10T14:04:03.966Z ERROR - Image pull failed: Verify docker image configuration and credentials (if using private repository)
2025-07-10T14:04:03.976Z INFO  - Stopping site chatbot-app-container because it failed during startup.
2025-07-10T14:04:15.049Z INFO  - Pulling image: ayumu277/chatbot-app:latest
2025-07-10T14:04:17.335Z INFO  - latest Pulling from ayumu277/chatbot-app
2025-07-10T14:04:17.357Z INFO  -  
2025-07-10T14:04:17.358Z ERROR - no matching manifest for linux/amd64 in the manifest list entriesErr: 0, Message: no matching manifest for linux/amd64 in the manifest list entries
2025-07-10T14:04:17.370Z INFO  - Pull Image failed, Time taken: 2 Seconds
2025-07-10T14:04:17.376Z ERROR - Pulling docker image ayumu277/chatbot-app:latest failed:
2025-07-10T14:04:19.597Z INFO  - latest Pulling from ayumu277/chatbot-app
2025-07-10T14:04:19.612Z INFO  -  
2025-07-10T14:04:19.614Z ERROR - no matching manifest for linux/amd64 in the manifest list entriesErr: 0, Message: no matching manifest for linux/amd64 in the manifest list entries
2025-07-10T14:04:19.634Z INFO  - Pull Image failed, Time taken: 2 Seconds
2025-07-10T14:04:19.636Z WARN  - Image pull failed. Defaulting to local copy if present.
2025-07-10T14:04:19.646Z ERROR - Image pull failed: Verify docker image configuration and credentials (if using private repository)
2025-07-10T14:04:19.666Z INFO  - Stopping site chatbot-app-container because it failed during startup.
2025-07-10T14:06:36.311Z INFO  - Pulling image: ayumu277/chatbot-app:latest
2025-07-10T14:06:38.629Z INFO  - latest Pulling from ayumu277/chatbot-app
2025-07-10T14:06:38.656Z INFO  -  
2025-07-10T14:06:38.658Z ERROR - no matching manifest for linux/amd64 in the manifest list entriesErr: 0, Message: no matching manifest for linux/amd64 in the manifest list entries
2025-07-10T14:06:38.661Z INFO  - Pull Image failed, Time taken: 2 Seconds
2025-07-10T14:06:38.668Z ERROR - Pulling docker image ayumu277/chatbot-app:latest failed:
2025-07-10T14:06:40.908Z INFO  - latest Pulling from ayumu277/chatbot-app
2025-07-10T14:06:40.920Z INFO  -  
2025-07-10T14:06:40.922Z ERROR - no matching manifest for linux/amd64 in the manifest list entriesErr: 0, Message: no matching manifest for linux/amd64 in the manifest list entries
2025-07-10T14:06:40.925Z INFO  - Pull Image failed, Time taken: 2 Seconds
2025-07-10T14:06:40.932Z WARN  - Image pull failed. Defaulting to local copy if present.
2025-07-10T14:06:40.935Z ERROR - Image pull failed: Verify docker image configuration and credentials (if using private repository)
2025-07-10T14:06:40.983Z INFO  - Stopping site chatbot-app-container because it failed during startup.
2025-07-10T14:09:08.0885615Z Container start method called.
2025-07-10T14:09:08.0978211Z Establishing network.
2025-07-10T14:09:08.0981745Z Pulling image: docker.io/ayumu277/chatbot-app:latest.
2025-07-10T14:09:08.2496566Z Container pull image failed with reason: ImagePullFailure. Revert by terminate.
2025-07-10T14:09:08.2583462Z Container is terminating. Grace period: 5 seconds.
2025-07-10T14:09:08.2590577Z Container spec TerminationMessagePolicy  path 
2025-07-10T14:09:08.2597189Z Container is terminated. Total time elapsed: 0 ms.
2025-07-10T14:09:08.2871218Z Site container: chatbot-app-container terminated during site startup.
2025-07-10T14:09:08.4477068Z Failed to start site. Revert by stopping site.
2025-07-10T14:09:08.4497309Z Site: chatbot-app-container stopped.
2025-07-10T14:09:14.8806658Z Container start method called.
2025-07-10T14:09:14.8833587Z Establishing network.
2025-07-10T14:09:14.8835438Z Pulling image: docker.io/ayumu277/chatbot-app:latest.
2025-07-10T14:09:14.9539938Z Container pull image failed with reason: ImagePullFailure. Revert by terminate.
2025-07-10T14:09:14.9830028Z Container is terminating. Grace period: 5 seconds.
2025-07-10T14:09:15.0219260Z Container spec TerminationMessagePolicy  path 
2025-07-10T14:09:15.0325209Z Container is terminated. Total time elapsed: 38 ms.
2025-07-10T14:09:15.0327812Z Site container: chatbot-app-container terminated during site startup.
2025-07-10T14:09:15.0621983Z Failed to start site. Revert by stopping site.
2025-07-10T14:09:15.1631793Z Site: chatbot-app-container stopped.
2025-07-10T14:09:15.5798596Z Site: chatbot-app-container will be blocked for 1 minutes till 07/10/2025 14:10:15
2025-07-10T14:09:20.9648512Z Start site prohibitted because the site is being blocked.
2025-07-10T14:09:26.1022752Z Start site prohibitted because the site is being blocked.
2025-07-10T14:09:31.3590742Z Start site prohibitted because the site is being blocked.
2025-07-10T14:09:37.0732527Z Start site prohibitted because the site is being blocked.
2025-07-10T14:09:42.2779783Z Start site prohibitted because the site is being blocked.
2025-07-10T14:09:47.4986378Z Start site prohibitted because the site is being blocked.
2025-07-10T14:09:52.6803261Z Start site prohibitted because the site is being blocked.
2025-07-10T14:09:57.8421205Z Start site prohibitted because the site is being blocked.
2025-07-10T14:10:03.1440560Z Start site prohibitted because the site is being blocked.
2025-07-10T14:10:08.2908848Z Start site prohibitted because the site is being blocked.
2025-07-10T14:10:13.4249193Z Start site prohibitted because the site is being blocked.
2025-07-10T14:10:15.5846448Z Site: chatbot-app-container is unblocked.
2025-07-10T14:10:19.6918439Z Container start method called.
2025-07-10T14:10:19.6931589Z Establishing network.
2025-07-10T14:10:19.6939768Z Pulling image: docker.io/ayumu277/chatbot-app:latest.
2025-07-10T14:10:19.7726167Z Container pull image failed with reason: ImagePullFailure. Revert by terminate.
2025-07-10T14:10:19.7740751Z Container is terminating. Grace period: 5 seconds.
2025-07-10T14:10:19.7752096Z Container spec TerminationMessagePolicy  path 
2025-07-10T14:10:19.7830486Z Container is terminated. Total time elapsed: 7 ms.
2025-07-10T14:10:19.7837402Z Site container: chatbot-app-container terminated during site startup.
2025-07-10T14:10:19.8240965Z Failed to start site. Revert by stopping site.
2025-07-10T14:10:19.8339634Z Site: chatbot-app-container stopped.
2025-07-10T14:10:20.1848034Z Site: chatbot-app-container will be blocked for 1 minutes till 07/10/2025 14:11:20
2025-07-10T14:10:26.1119957Z Start site prohibitted because the site is being blocked.
2025-07-10T14:10:31.2921580Z Start site prohibitted because the site is being blocked.
2025-07-10T14:10:37.1413157Z Start site prohibitted because the site is being blocked.
2025-07-10T14:10:43.1432168Z Start site prohibitted because the site is being blocked.
2025-07-10T14:10:48.4477782Z Start site prohibitted because the site is being blocked.
2025-07-10T14:10:53.7656719Z Start site prohibitted because the site is being blocked.
2025-07-10T14:10:58.8794015Z Start site prohibitted because the site is being blocked.
2025-07-10T14:11:05.2040463Z Start site prohibitted because the site is being blocked.
2025-07-10T14:11:10.3801058Z Start site prohibitted because the site is being blocked.
2025-07-10T14:11:15.6970295Z Start site prohibitted because the site is being blocked.
2025-07-10T14:11:20.1826011Z Site: chatbot-app-container is unblocked.
2025-07-10T14:11:23.0341752Z Container start method called.
2025-07-10T14:11:23.0342745Z Establishing network.
2025-07-10T14:11:23.0343610Z Pulling image: docker.io/ayumu277/chatbot-app:latest.
2025-07-10T14:11:23.2136733Z Container pull image failed with reason: ImagePullFailure. Revert by terminate.
2025-07-10T14:11:23.2152376Z Container is terminating. Grace period: 5 seconds.
2025-07-10T14:11:23.2228102Z Container spec TerminationMessagePolicy  path 
2025-07-10T14:11:23.2234505Z Container is terminated. Total time elapsed: 0 ms.
2025-07-10T14:11:23.2241383Z Site container: chatbot-app-container terminated during site startup.
2025-07-10T14:11:23.2733504Z Failed to start site. Revert by stopping site.
2025-07-10T14:11:23.2828834Z Site: chatbot-app-container stopped.
2025-07-10T14:11:23.7460596Z Site: chatbot-app-container will be blocked for 2 minutes till 07/10/2025 14:13:23
2025-07-10T14:11:29.0961987Z Start site prohibitted because the site is being blocked.
2025-07-10T14:11:34.2210487Z Start site prohibitted because the site is being blocked.
2025-07-10T14:11:39.4096708Z Start site prohibitted because the site is being blocked.
2025-07-10T14:11:44.5111924Z Start site prohibitted because the site is being blocked.
2025-07-10T14:11:49.7533419Z Start site prohibitted because the site is being blocked.
2025-07-10T14:11:54.9362368Z Start site prohibitted because the site is being blocked.
2025-07-10T14:12:00.1725770Z Start site prohibitted because the site is being blocked.
2025-07-10T14:12:05.2810856Z Start site prohibitted because the site is being blocked.
2025-07-10T14:12:10.4119628Z Start site prohibitted because the site is being blocked.
2025-07-10T14:12:15.7310411Z Start site prohibitted because the site is being blocked.
2025-07-10T14:12:20.8620177Z Start site prohibitted because the site is being blocked.
2025-07-10T14:12:26.7916927Z Start site prohibitted because the site is being blocked.
2025-07-10T14:12:31.9932422Z Start site prohibitted because the site is being blocked.
2025-07-10T14:12:37.1034191Z Start site prohibitted because the site is being blocked.
2025-07-10T14:12:42.2909165Z Start site prohibitted because the site is being blocked.
2025-07-10T14:12:47.4505128Z Start site prohibitted because the site is being blocked.
2025-07-10T14:12:52.5755671Z Start site prohibitted because the site is being blocked.
2025-07-10T14:12:57.7220415Z Start site prohibitted because the site is being blocked.
2025-07-10T14:13:23.7577523Z Site: chatbot-app-container is unblocked.
2025-07-10T14:43:25.4648291Z Container start method called.
2025-07-10T14:43:25.4736367Z Establishing network.
2025-07-10T14:43:25.4825907Z Pulling image: docker.io/ayumu277/chatbot-app:latest.
2025-07-10T14:43:25.6330982Z Container pull image failed with reason: ImagePullFailure. Revert by terminate.
2025-07-10T14:43:25.6418671Z Container is terminating. Grace period: 5 seconds.
2025-07-10T14:43:25.6444831Z Container spec TerminationMessagePolicy  path 
2025-07-10T14:43:25.6534695Z Container is terminated. Total time elapsed: 9 ms.
2025-07-10T14:43:25.6545637Z Site container: chatbot-app-container terminated during site startup.
2025-07-10T14:43:25.7224069Z Failed to start site. Revert by stopping site.
2025-07-10T14:43:25.7543891Z Site: chatbot-app-container stopped.
