2025-07-09T14:10:02.4679375Z Container start method called.
2025-07-09T14:10:02.5133548Z Establishing network.
2025-07-09T14:10:02.5257772Z Pulling image: docker.io/ayumu277/chatbot-app:latest.
2025-07-09T14:10:22.8029162Z Container pull image failed with reason: ImagePullFailure. Revert by terminate.
2025-07-09T14:10:22.8812720Z Container is terminating. Grace period: 5 seconds.
2025-07-09T14:10:22.9018510Z Container spec TerminationMessagePolicy  path 
2025-07-09T14:10:22.9585602Z Container is terminated. Total time elapsed: 49 ms.
2025-07-09T14:10:22.9861411Z Site container: chatbot-app-container terminated during site startup.
2025-07-09T14:10:23.0570685Z Failed to start site. Revert by stopping site.
2025-07-09T14:10:23.1135276Z Site: chatbot-app-container stopped.
2025-07-09T14:10:32.857Z INFO  - Pulling image: docker.io/ayumu277/chatbot-app:latest
2025-07-09T14:10:35.399Z INFO  - latest Pulling from ayumu277/chatbot-app
2025-07-09T14:10:35.427Z INFO  -  
2025-07-09T14:10:35.429Z ERROR - no matching manifest for linux/amd64 in the manifest list entriesErr: 0, Message: no matching manifest for linux/amd64 in the manifest list entries
2025-07-09T14:10:35.443Z INFO  - Pull Image failed, Time taken: 2 Seconds
2025-07-09T14:10:35.444Z ERROR - Pulling docker image docker.io/ayumu277/chatbot-app:latest failed:
2025-07-09T14:10:37.753Z INFO  - latest Pulling from ayumu277/chatbot-app
2025-07-09T14:10:37.784Z INFO  -  
2025-07-09T14:10:37.785Z ERROR - no matching manifest for linux/amd64 in the manifest list entriesErr: 0, Message: no matching manifest for linux/amd64 in the manifest list entries
2025-07-09T14:10:37.803Z INFO  - Pull Image failed, Time taken: 2 Seconds
2025-07-09T14:10:37.805Z WARN  - Image pull failed. Defaulting to local copy if present.
2025-07-09T14:10:37.820Z ERROR - Image pull failed: Verify docker image configuration and credentials (if using private repository)
2025-07-09T14:10:37.928Z INFO  - Stopping site chatbot-app-container because it failed during startup.
2025-07-09T14:10:49.102Z INFO  - Pulling image: docker.io/ayumu277/chatbot-app:latest
2025-07-09T14:10:51.383Z INFO  - latest Pulling from ayumu277/chatbot-app
2025-07-09T14:10:51.399Z INFO  -  
2025-07-09T14:10:51.402Z ERROR - no matching manifest for linux/amd64 in the manifest list entriesErr: 0, Message: no matching manifest for linux/amd64 in the manifest list entries
2025-07-09T14:10:51.409Z INFO  - Pull Image failed, Time taken: 2 Seconds
2025-07-09T14:10:51.410Z ERROR - Pulling docker image docker.io/ayumu277/chatbot-app:latest failed:
2025-07-09T14:10:53.680Z INFO  - latest Pulling from ayumu277/chatbot-app
2025-07-09T14:10:53.693Z INFO  -  
2025-07-09T14:10:53.696Z ERROR - no matching manifest for linux/amd64 in the manifest list entriesErr: 0, Message: no matching manifest for linux/amd64 in the manifest list entries
2025-07-09T14:10:53.701Z INFO  - Pull Image failed, Time taken: 2 Seconds
2025-07-09T14:10:53.706Z WARN  - Image pull failed. Defaulting to local copy if present.
2025-07-09T14:10:53.709Z ERROR - Image pull failed: Verify docker image configuration and credentials (if using private repository)
2025-07-09T14:10:53.718Z INFO  - Stopping site chatbot-app-container because it failed during startup.
2025-07-09T14:11:04.369Z INFO  - Pulling image: docker.io/ayumu277/chatbot-app:latest
2025-07-09T14:11:06.593Z INFO  - latest Pulling from ayumu277/chatbot-app
2025-07-09T14:11:06.619Z INFO  -  
2025-07-09T14:11:06.621Z ERROR - no matching manifest for linux/amd64 in the manifest list entriesErr: 0, Message: no matching manifest for linux/amd64 in the manifest list entries
2025-07-09T14:11:06.625Z INFO  - Pull Image failed, Time taken: 2 Seconds
2025-07-09T14:11:06.626Z ERROR - Pulling docker image docker.io/ayumu277/chatbot-app:latest failed:
2025-07-09T14:11:08.919Z INFO  - latest Pulling from ayumu277/chatbot-app
2025-07-09T14:11:08.934Z INFO  -  
2025-07-09T14:11:08.935Z ERROR - no matching manifest for linux/amd64 in the manifest list entriesErr: 0, Message: no matching manifest for linux/amd64 in the manifest list entries
2025-07-09T14:11:08.942Z INFO  - Pull Image failed, Time taken: 2 Seconds
2025-07-09T14:11:08.942Z WARN  - Image pull failed. Defaulting to local copy if present.
2025-07-09T14:11:08.949Z ERROR - Image pull failed: Verify docker image configuration and credentials (if using private repository)
2025-07-09T14:11:08.952Z INFO  - Stopping site chatbot-app-container because it failed during startup.
2025-07-09T14:11:24.467Z INFO  - Pulling image: docker.io/ayumu277/chatbot-app:latest
2025-07-09T14:11:27.081Z INFO  - latest Pulling from ayumu277/chatbot-app
2025-07-09T14:11:27.097Z INFO  -  
2025-07-09T14:11:27.099Z ERROR - no matching manifest for linux/amd64 in the manifest list entriesErr: 0, Message: no matching manifest for linux/amd64 in the manifest list entries
2025-07-09T14:11:27.110Z INFO  - Pull Image failed, Time taken: 2 Seconds
2025-07-09T14:11:27.112Z ERROR - Pulling docker image docker.io/ayumu277/chatbot-app:latest failed:
2025-07-09T14:11:29.341Z INFO  - latest Pulling from ayumu277/chatbot-app
2025-07-09T14:11:29.367Z INFO  -  
2025-07-09T14:11:29.375Z ERROR - no matching manifest for linux/amd64 in the manifest list entriesErr: 0, Message: no matching manifest for linux/amd64 in the manifest list entries
2025-07-09T14:11:29.593Z INFO  - Pull Image failed, Time taken: 2 Seconds
2025-07-09T14:11:29.595Z WARN  - Image pull failed. Defaulting to local copy if present.
2025-07-09T14:11:29.635Z ERROR - Image pull failed: Verify docker image configuration and credentials (if using private repository)
2025-07-09T14:11:29.644Z INFO  - Stopping site chatbot-app-container because it failed during startup.
2025-07-09T14:13:51.435Z INFO  - Pulling image: docker.io/ayumu277/chatbot-app:latest
2025-07-09T14:13:53.758Z INFO  - latest Pulling from ayumu277/chatbot-app
2025-07-09T14:13:53.781Z INFO  -  
2025-07-09T14:13:53.787Z ERROR - no matching manifest for linux/amd64 in the manifest list entriesErr: 0, Message: no matching manifest for linux/amd64 in the manifest list entries
2025-07-09T14:13:53.824Z INFO  - Pull Image failed, Time taken: 2 Seconds
2025-07-09T14:13:53.825Z ERROR - Pulling docker image docker.io/ayumu277/chatbot-app:latest failed:
2025-07-09T14:13:56.065Z INFO  - latest Pulling from ayumu277/chatbot-app
2025-07-09T14:13:56.084Z INFO  -  
2025-07-09T14:13:56.086Z ERROR - no matching manifest for linux/amd64 in the manifest list entriesErr: 0, Message: no matching manifest for linux/amd64 in the manifest list entries
2025-07-09T14:13:56.095Z INFO  - Pull Image failed, Time taken: 2 Seconds
2025-07-09T14:13:56.096Z WARN  - Image pull failed. Defaulting to local copy if present.
2025-07-09T14:13:56.105Z ERROR - Image pull failed: Verify docker image configuration and credentials (if using private repository)
2025-07-09T14:13:56.121Z INFO  - Stopping site chatbot-app-container because it failed during startup.
2025-07-09T14:16:24.4808506Z Container start method called.
2025-07-09T14:16:24.5032312Z Establishing network.
2025-07-09T14:16:24.5105593Z Pulling image: docker.io/ayumu277/chatbot-app:latest.
2025-07-09T14:16:24.7377801Z Container pull image failed with reason: ImagePullFailure. Revert by terminate.
2025-07-09T14:16:24.7453929Z Container is terminating. Grace period: 5 seconds.
2025-07-09T14:16:24.7474050Z Container spec TerminationMessagePolicy  path 
2025-07-09T14:16:24.7551880Z Container is terminated. Total time elapsed: 7 ms.
2025-07-09T14:16:24.7560855Z Site container: chatbot-app-container terminated during site startup.
2025-07-09T14:16:24.9019678Z Failed to start site. Revert by stopping site.
2025-07-09T14:16:24.9039459Z Site: chatbot-app-container stopped.
2025-07-09T14:16:31.9744843Z Container start method called.
2025-07-09T14:16:31.9748955Z Establishing network.
2025-07-09T14:16:31.9752148Z Pulling image: docker.io/ayumu277/chatbot-app:latest.
2025-07-09T14:16:32.1794907Z Container pull image failed with reason: ImagePullFailure. Revert by terminate.
2025-07-09T14:16:32.1887331Z Container is terminating. Grace period: 5 seconds.
2025-07-09T14:16:32.1898110Z Container spec TerminationMessagePolicy  path 
2025-07-09T14:16:32.1909051Z Container is terminated. Total time elapsed: 1 ms.
2025-07-09T14:16:32.1916527Z Site container: chatbot-app-container terminated during site startup.
2025-07-09T14:16:32.3159873Z Failed to start site. Revert by stopping site.
2025-07-09T14:16:32.4128262Z Site: chatbot-app-container stopped.
2025-07-09T14:16:32.8041552Z Site: chatbot-app-container will be blocked for 1 minutes till 07/09/2025 14:17:32
2025-07-09T14:16:38.1553712Z Start site prohibitted because the site is being blocked.
2025-07-09T14:16:43.3449034Z Start site prohibitted because the site is being blocked.
2025-07-09T14:16:48.6015694Z Start site prohibitted because the site is being blocked.
2025-07-09T14:16:53.7527225Z Start site prohibitted because the site is being blocked.
2025-07-09T14:16:59.0948964Z Start site prohibitted because the site is being blocked.
2025-07-09T14:17:04.2397225Z Start site prohibitted because the site is being blocked.
2025-07-09T14:17:09.4317525Z Start site prohibitted because the site is being blocked.
2025-07-09T14:17:14.7533943Z Start site prohibitted because the site is being blocked.
2025-07-09T14:17:20.1324363Z Start site prohibitted because the site is being blocked.
2025-07-09T14:17:26.2977875Z Start site prohibitted because the site is being blocked.
2025-07-09T14:17:31.5266445Z Start site prohibitted because the site is being blocked.
2025-07-09T14:17:32.8047216Z Site: chatbot-app-container is unblocked.
2025-07-09T14:17:38.1000959Z Container start method called.
2025-07-09T14:17:38.1008707Z Establishing network.
2025-07-09T14:17:38.1107244Z Pulling image: docker.io/ayumu277/chatbot-app:latest.
2025-07-09T14:17:38.2455525Z Container pull image failed with reason: ImagePullFailure. Revert by terminate.
2025-07-09T14:17:38.2467551Z Container is terminating. Grace period: 5 seconds.
2025-07-09T14:17:38.2537988Z Container spec TerminationMessagePolicy  path 
2025-07-09T14:17:38.2547479Z Container is terminated. Total time elapsed: 7 ms.
2025-07-09T14:17:38.2555347Z Site container: chatbot-app-container terminated during site startup.
2025-07-09T14:17:38.3012538Z Failed to start site. Revert by stopping site.
2025-07-09T14:17:38.3119333Z Site: chatbot-app-container stopped.
2025-07-09T14:17:38.8173503Z Site: chatbot-app-container will be blocked for 1 minutes till 07/09/2025 14:18:38
2025-07-09T14:17:44.1743973Z Start site prohibitted because the site is being blocked.
2025-07-09T14:17:49.4729430Z Start site prohibitted because the site is being blocked.
2025-07-09T14:17:54.6917252Z Start site prohibitted because the site is being blocked.
2025-07-09T14:17:59.9237839Z Start site prohibitted because the site is being blocked.
2025-07-09T14:18:05.0961582Z Start site prohibitted because the site is being blocked.
2025-07-09T14:18:10.3903036Z Start site prohibitted because the site is being blocked.
2025-07-09T14:18:15.6140721Z Start site prohibitted because the site is being blocked.
2025-07-09T14:18:20.8717508Z Start site prohibitted because the site is being blocked.
2025-07-09T14:18:26.0911235Z Start site prohibitted because the site is being blocked.
2025-07-09T14:18:31.3782161Z Start site prohibitted because the site is being blocked.
2025-07-09T14:18:36.6242230Z Start site prohibitted because the site is being blocked.
2025-07-09T14:18:38.8195693Z Site: chatbot-app-container is unblocked.
2025-07-09T14:18:43.6436502Z Container start method called.
2025-07-09T14:18:43.6720673Z Establishing network.
2025-07-09T14:18:43.6822032Z Pulling image: docker.io/ayumu277/chatbot-app:latest.
2025-07-09T14:18:44.5003333Z Container pull image failed with reason: ImagePullFailure. Revert by terminate.
2025-07-09T14:18:44.5063729Z Container is terminating. Grace period: 5 seconds.
2025-07-09T14:18:44.5078332Z Container spec TerminationMessagePolicy  path 
2025-07-09T14:18:44.5081064Z Container is terminated. Total time elapsed: 1 ms.
2025-07-09T14:18:44.5083310Z Site container: chatbot-app-container terminated during site startup.
2025-07-09T14:18:44.5448344Z Failed to start site. Revert by stopping site.
2025-07-09T14:18:44.5454688Z Site: chatbot-app-container stopped.
2025-07-09T14:34:43.042Z INFO  - Pulling image: docker.io/ayumu277/chatbot-app:latest
2025-07-09T14:34:45.480Z INFO  - latest Pulling from ayumu277/chatbot-app
2025-07-09T14:34:45.494Z INFO  -  
2025-07-09T14:34:45.501Z ERROR - no matching manifest for linux/amd64 in the manifest list entriesErr: 0, Message: no matching manifest for linux/amd64 in the manifest list entries
2025-07-09T14:34:45.514Z INFO  - Pull Image failed, Time taken: 2 Seconds
2025-07-09T14:34:45.516Z ERROR - Pulling docker image docker.io/ayumu277/chatbot-app:latest failed:
2025-07-09T14:34:47.794Z INFO  - latest Pulling from ayumu277/chatbot-app
2025-07-09T14:34:47.803Z INFO  -  
2025-07-09T14:34:47.805Z ERROR - no matching manifest for linux/amd64 in the manifest list entriesErr: 0, Message: no matching manifest for linux/amd64 in the manifest list entries
2025-07-09T14:34:47.810Z INFO  - Pull Image failed, Time taken: 2 Seconds
2025-07-09T14:34:47.813Z WARN  - Image pull failed. Defaulting to local copy if present.
2025-07-09T14:34:47.824Z ERROR - Image pull failed: Verify docker image configuration and credentials (if using private repository)
2025-07-09T14:34:47.847Z INFO  - Stopping site chatbot-app-container because it failed during startup.
2025-07-09T15:05:15.602Z INFO  - Pulling image: docker.io/ayumu277/chatbot-app:latest
2025-07-09T15:05:18.033Z INFO  - latest Pulling from ayumu277/chatbot-app
2025-07-09T15:05:18.047Z INFO  -  
2025-07-09T15:05:18.049Z ERROR - no matching manifest for linux/amd64 in the manifest list entriesErr: 0, Message: no matching manifest for linux/amd64 in the manifest list entries
2025-07-09T15:05:18.054Z INFO  - Pull Image failed, Time taken: 2 Seconds
2025-07-09T15:05:18.055Z ERROR - Pulling docker image docker.io/ayumu277/chatbot-app:latest failed:
2025-07-09T15:05:20.370Z INFO  - latest Pulling from ayumu277/chatbot-app
2025-07-09T15:05:20.382Z INFO  -  
2025-07-09T15:05:20.383Z ERROR - no matching manifest for linux/amd64 in the manifest list entriesErr: 0, Message: no matching manifest for linux/amd64 in the manifest list entries
2025-07-09T15:05:20.390Z INFO  - Pull Image failed, Time taken: 2 Seconds
2025-07-09T15:05:20.396Z WARN  - Image pull failed. Defaulting to local copy if present.
2025-07-09T15:05:20.408Z ERROR - Image pull failed: Verify docker image configuration and credentials (if using private repository)
2025-07-09T15:05:20.430Z INFO  - Stopping site chatbot-app-container because it failed during startup.
