2025-07-08T13:12:28.5457445Z Container start method called.
2025-07-08T13:12:28.5477425Z Establishing network.
2025-07-08T13:12:28.5482277Z Pulling image: docker.io/ayumu277/chatbot-app:latest.
2025-07-08T13:14:58.7988620Z Image docker.io/ayumu277/chatbot-app:latest is pulled from registry docker.io
2025-07-08T13:14:58.8099880Z Container is starting.
2025-07-08T13:14:58.8108026Z Establishing user namespace if not established already.
2025-07-08T13:14:58.8175229Z Establishing network if not established already.
2025-07-08T13:14:58.8199357Z Mounting volumes.
2025-07-08T13:14:58.8288770Z Nested mountpoint volatile/logs
2025-07-08T13:14:58.8469130Z Nested mountpoint 
2025-07-08T13:14:58.9540996Z Creating container.
2025-07-08T13:14:58.9619840Z Creating pipes for streaming container io.
2025-07-08T13:14:58.9644891Z Creating stdout named pipe at /podr/container/pipe/c6b43c0a6b96_chatbot-app-container/stdout_986dbd1772e6404594c1f8b677544e53.
2025-07-08T13:14:58.9740820Z Successfully created stdout named pipe at: /podr/container/pipe/c6b43c0a6b96_chatbot-app-container/stdout_986dbd1772e6404594c1f8b677544e53.
2025-07-08T13:14:58.9830717Z Opening named pipe /podr/container/pipe/c6b43c0a6b96_chatbot-app-container/stdout_986dbd1772e6404594c1f8b677544e53 for reading in non-blocking mode.
2025-07-08T13:14:58.9945888Z Successfully opened named pipe: /podr/container/pipe/c6b43c0a6b96_chatbot-app-container/stdout_986dbd1772e6404594c1f8b677544e53.
2025-07-08T13:14:59.0022311Z Successfully removed non-blocking flag from /podr/container/pipe/c6b43c0a6b96_chatbot-app-container/stdout_986dbd1772e6404594c1f8b677544e53.
2025-07-08T13:14:59.0030345Z Creating stderr named pipe at /podr/container/pipe/c6b43c0a6b96_chatbot-app-container/stderr_41ae01cce3244fada482174bedf59a4a.
2025-07-08T13:14:59.0039662Z Successfully created stderr named pipe at: /podr/container/pipe/c6b43c0a6b96_chatbot-app-container/stderr_41ae01cce3244fada482174bedf59a4a.
2025-07-08T13:14:59.0047115Z Opening named pipe /podr/container/pipe/c6b43c0a6b96_chatbot-app-container/stderr_41ae01cce3244fada482174bedf59a4a for reading in non-blocking mode.
2025-07-08T13:14:59.0111468Z Successfully opened named pipe: /podr/container/pipe/c6b43c0a6b96_chatbot-app-container/stderr_41ae01cce3244fada482174bedf59a4a.
2025-07-08T13:14:59.0130024Z Successfully removed non-blocking flag from /podr/container/pipe/c6b43c0a6b96_chatbot-app-container/stderr_41ae01cce3244fada482174bedf59a4a.
2025-07-08T13:14:59.0212304Z Creating container with image: docker.io/ayumu277/chatbot-app:latest from registry: docker.io and fully qualified image name: docker.io/ayumu277/chatbot-app:latest
2025-07-08T13:14:59.9935975Z Starting container: c6b43c0a6b96_chatbot-app-container.
2025-07-08T13:15:00.1804212Z Starting watchers and probes.
2025-07-08T13:15:00.2890726Z Starting metrics collection.
2025-07-08T13:15:00.3093376Z Container is running.
2025-07-08T13:15:02.7394574Z Container start method finished after 154185 ms.
2025-07-08T13:15:22.6052185Z Site startup probe succeeded after 19.4331969 seconds.
2025-07-08T13:15:23.5890131Z Site started.
2025-07-08T13:31:22.1895778Z Container start method called.
2025-07-08T13:31:22.1907019Z Establishing network.
2025-07-08T13:31:22.1918042Z Pulling image: docker.io/ayumu277/chatbot-app:latest.
2025-07-08T13:31:34.7644092Z Container pull image failed with reason: ImagePullFailure. Revert by terminate.
2025-07-08T13:31:34.7770634Z Container is terminating. Grace period: 5 seconds.
2025-07-08T13:31:34.7847623Z Container spec TerminationMessagePolicy  path 
2025-07-08T13:31:34.7934947Z Container is terminated. Total time elapsed: 15 ms.
2025-07-08T13:31:34.7947502Z Site container: chatbot-app-container terminated during site startup.
2025-07-08T13:31:34.8253215Z Failed to start site. Revert by stopping site.
2025-07-08T13:31:34.8739466Z Site: chatbot-app-container stopped.
2025-07-08T13:31:56.3391997Z Container is terminating. Grace period: 5 seconds.
2025-07-08T13:31:56.4114318Z Stop and delete container. Retry count = 0
2025-07-08T13:31:56.4181274Z Stopping container: c6b43c0a6b96_chatbot-app-container.
2025-07-08T13:31:57.6341222Z Deleting container: c6b43c0a6b96_chatbot-app-container. Retry count = 0
2025-07-08T13:31:58.1648990Z Container spec TerminationMessagePolicy  path 
2025-07-08T13:31:58.1670179Z Container is terminated. Total time elapsed: 1826 ms.
2025-07-08T13:31:58.1740558Z Site: chatbot-app-container stopped.
2025-07-08T13:32:20.1880152Z Container start method called.
2025-07-08T13:32:20.1972682Z Establishing network.
2025-07-08T13:32:20.1981970Z Pulling image: docker.io/ayumu277/chatbot-app:latest.
2025-07-08T13:32:20.4428778Z Container pull image failed with reason: ImagePullFailure. Revert by terminate.
2025-07-08T13:32:20.4431177Z Container is terminating. Grace period: 5 seconds.
2025-07-08T13:32:20.4487962Z Container spec TerminationMessagePolicy  path 
2025-07-08T13:32:20.4583930Z Container is terminated. Total time elapsed: 5 ms.
2025-07-08T13:32:20.4591380Z Site container: chatbot-app-container terminated during site startup.
2025-07-08T13:32:20.5375155Z Failed to start site. Revert by stopping site.
2025-07-08T13:32:20.5388141Z Site: chatbot-app-container stopped.
2025-07-08T13:32:24.471Z INFO  - Pulling image: ayumu277/chatbot-app:latest
2025-07-08T13:32:26.981Z INFO  - latest Pulling from ayumu277/chatbot-app
2025-07-08T13:32:27.011Z INFO  -  
2025-07-08T13:32:27.018Z ERROR - no matching manifest for linux/amd64 in the manifest list entriesErr: 0, Message: no matching manifest for linux/amd64 in the manifest list entries
2025-07-08T13:32:27.038Z INFO  - Pull Image failed, Time taken: 2 Seconds
2025-07-08T13:32:27.040Z ERROR - Pulling docker image ayumu277/chatbot-app:latest failed:
2025-07-08T13:32:29.381Z INFO  - latest Pulling from ayumu277/chatbot-app
2025-07-08T13:32:29.403Z INFO  -  
2025-07-08T13:32:29.405Z ERROR - no matching manifest for linux/amd64 in the manifest list entriesErr: 0, Message: no matching manifest for linux/amd64 in the manifest list entries
2025-07-08T13:32:29.417Z INFO  - Pull Image failed, Time taken: 2 Seconds
2025-07-08T13:32:29.419Z WARN  - Image pull failed. Defaulting to local copy if present.
2025-07-08T13:32:29.428Z ERROR - Image pull failed: Verify docker image configuration and credentials (if using private repository)
2025-07-08T13:32:29.524Z INFO  - Stopping site chatbot-app-container because it failed during startup.
2025-07-08T13:33:48.594Z INFO  - Pulling image: ayumu277/chatbot-app:latest
2025-07-08T13:33:51.099Z INFO  - latest Pulling from ayumu277/chatbot-app
2025-07-08T13:33:51.119Z INFO  -  
2025-07-08T13:33:51.120Z ERROR - no matching manifest for linux/amd64 in the manifest list entriesErr: 0, Message: no matching manifest for linux/amd64 in the manifest list entries
2025-07-08T13:33:51.124Z INFO  - Pull Image failed, Time taken: 2 Seconds
2025-07-08T13:33:51.126Z ERROR - Pulling docker image ayumu277/chatbot-app:latest failed:
2025-07-08T13:33:53.404Z INFO  - latest Pulling from ayumu277/chatbot-app
2025-07-08T13:33:53.417Z INFO  -  
2025-07-08T13:33:53.419Z ERROR - no matching manifest for linux/amd64 in the manifest list entriesErr: 0, Message: no matching manifest for linux/amd64 in the manifest list entries
2025-07-08T13:33:53.435Z INFO  - Pull Image failed, Time taken: 2 Seconds
2025-07-08T13:33:53.437Z WARN  - Image pull failed. Defaulting to local copy if present.
2025-07-08T13:33:53.454Z ERROR - Image pull failed: Verify docker image configuration and credentials (if using private repository)
2025-07-08T13:33:53.483Z INFO  - Stopping site chatbot-app-container because it failed during startup.
2025-07-08T13:34:12.301Z INFO  - Pulling image: ayumu277/chatbot-app:latest
2025-07-08T13:34:14.667Z INFO  - latest Pulling from ayumu277/chatbot-app
2025-07-08T13:34:14.683Z INFO  -  
2025-07-08T13:34:14.685Z ERROR - no matching manifest for linux/amd64 in the manifest list entriesErr: 0, Message: no matching manifest for linux/amd64 in the manifest list entries
2025-07-08T13:34:14.694Z INFO  - Pull Image failed, Time taken: 2 Seconds
2025-07-08T13:34:14.702Z ERROR - Pulling docker image ayumu277/chatbot-app:latest failed:
2025-07-08T13:34:17.001Z INFO  - latest Pulling from ayumu277/chatbot-app
2025-07-08T13:34:17.021Z INFO  -  
2025-07-08T13:34:17.021Z ERROR - no matching manifest for linux/amd64 in the manifest list entriesErr: 0, Message: no matching manifest for linux/amd64 in the manifest list entries
2025-07-08T13:34:17.022Z INFO  - Pull Image failed, Time taken: 2 Seconds
2025-07-08T13:34:17.023Z WARN  - Image pull failed. Defaulting to local copy if present.
2025-07-08T13:34:17.026Z ERROR - Image pull failed: Verify docker image configuration and credentials (if using private repository)
2025-07-08T13:34:17.029Z INFO  - Stopping site chatbot-app-container because it failed during startup.
2025-07-08T13:43:21.244Z INFO  - Pulling image: ayumu277/chatbot-app:latest
2025-07-08T13:43:24.666Z INFO  - latest Pulling from ayumu277/chatbot-app
2025-07-08T13:43:24.668Z INFO  -  
2025-07-08T13:43:24.669Z ERROR - no matching manifest for linux/amd64 in the manifest list entriesErr: 0, Message: no matching manifest for linux/amd64 in the manifest list entries
2025-07-08T13:43:24.673Z INFO  - Pull Image failed, Time taken: 3 Seconds
2025-07-08T13:43:24.674Z ERROR - Pulling docker image ayumu277/chatbot-app:latest failed:
2025-07-08T13:43:27.902Z INFO  - latest Pulling from ayumu277/chatbot-app
2025-07-08T13:43:27.916Z INFO  -  
2025-07-08T13:43:27.918Z ERROR - no matching manifest for linux/amd64 in the manifest list entriesErr: 0, Message: no matching manifest for linux/amd64 in the manifest list entries
2025-07-08T13:43:27.922Z INFO  - Pull Image failed, Time taken: 3 Seconds
2025-07-08T13:43:27.925Z WARN  - Image pull failed. Defaulting to local copy if present.
2025-07-08T13:43:27.929Z ERROR - Image pull failed: Verify docker image configuration and credentials (if using private repository)
2025-07-08T13:43:27.958Z INFO  - Stopping site chatbot-app-container because it failed during startup.
2025-07-08T13:51:10.689Z INFO  - Pulling image: ayumu277/chatbot-app:latest
2025-07-08T13:51:13.145Z INFO  - latest Pulling from ayumu277/chatbot-app
2025-07-08T13:51:13.159Z INFO  -  
2025-07-08T13:51:13.166Z ERROR - no matching manifest for linux/amd64 in the manifest list entriesErr: 0, Message: no matching manifest for linux/amd64 in the manifest list entries
2025-07-08T13:51:13.169Z INFO  - Pull Image failed, Time taken: 2 Seconds
2025-07-08T13:51:13.171Z ERROR - Pulling docker image ayumu277/chatbot-app:latest failed:
2025-07-08T13:51:15.471Z INFO  - latest Pulling from ayumu277/chatbot-app
2025-07-08T13:51:15.483Z INFO  -  
2025-07-08T13:51:15.485Z ERROR - no matching manifest for linux/amd64 in the manifest list entriesErr: 0, Message: no matching manifest for linux/amd64 in the manifest list entries
2025-07-08T13:51:15.489Z INFO  - Pull Image failed, Time taken: 2 Seconds
2025-07-08T13:51:15.491Z WARN  - Image pull failed. Defaulting to local copy if present.
2025-07-08T13:51:15.505Z ERROR - Image pull failed: Verify docker image configuration and credentials (if using private repository)
2025-07-08T13:51:15.518Z INFO  - Stopping site chatbot-app-container because it failed during startup.
2025-07-08T13:57:59.170Z INFO  - Pulling image: ayumu277/chatbot-app:latest
2025-07-08T13:58:01.597Z INFO  - latest Pulling from ayumu277/chatbot-app
2025-07-08T13:58:01.636Z INFO  -  
2025-07-08T13:58:01.637Z ERROR - no matching manifest for linux/amd64 in the manifest list entriesErr: 0, Message: no matching manifest for linux/amd64 in the manifest list entries
2025-07-08T13:58:01.676Z INFO  - Pull Image failed, Time taken: 2 Seconds
2025-07-08T13:58:01.687Z ERROR - Pulling docker image ayumu277/chatbot-app:latest failed:
2025-07-08T13:58:04.207Z INFO  - latest Pulling from ayumu277/chatbot-app
2025-07-08T13:58:04.224Z INFO  -  
2025-07-08T13:58:04.225Z ERROR - no matching manifest for linux/amd64 in the manifest list entriesErr: 0, Message: no matching manifest for linux/amd64 in the manifest list entries
2025-07-08T13:58:04.237Z INFO  - Pull Image failed, Time taken: 2 Seconds
2025-07-08T13:58:04.238Z WARN  - Image pull failed. Defaulting to local copy if present.
2025-07-08T13:58:04.246Z ERROR - Image pull failed: Verify docker image configuration and credentials (if using private repository)
2025-07-08T13:58:04.258Z INFO  - Stopping site chatbot-app-container because it failed during startup.
