2025-07-10T12:06:35.1960247Z Container start method called.
2025-07-10T12:06:35.2153867Z Establishing network.
2025-07-10T12:06:35.2163126Z Pulling image: docker.io/ayumu277/chatbot-app:latest.
2025-07-10T12:06:48.1995295Z Container pull image failed with reason: ImagePullFailure. Revert by terminate.
2025-07-10T12:06:48.2184760Z Container is terminating. Grace period: 5 seconds.
2025-07-10T12:06:48.2273159Z Container spec TerminationMessagePolicy  path 
2025-07-10T12:06:48.2370139Z Container is terminated. Total time elapsed: 10 ms.
2025-07-10T12:06:48.2384789Z Site container: chatbot-app-container terminated during site startup.
2025-07-10T12:06:48.2769514Z Failed to start site. Revert by stopping site.
2025-07-10T12:06:48.3081526Z Site: chatbot-app-container stopped.
2025-07-10T12:06:54.323Z INFO  - Pulling image: ayumu277/chatbot-app:latest
2025-07-10T12:06:56.698Z INFO  - latest Pulling from ayumu277/chatbot-app
2025-07-10T12:06:56.728Z INFO  -  
2025-07-10T12:06:56.730Z ERROR - no matching manifest for linux/amd64 in the manifest list entriesErr: 0, Message: no matching manifest for linux/amd64 in the manifest list entries
2025-07-10T12:06:56.739Z INFO  - Pull Image failed, Time taken: 2 Seconds
2025-07-10T12:06:56.741Z ERROR - Pulling docker image ayumu277/chatbot-app:latest failed:
2025-07-10T12:06:58.981Z INFO  - latest Pulling from ayumu277/chatbot-app
2025-07-10T12:06:59.006Z INFO  -  
2025-07-10T12:06:59.008Z ERROR - no matching manifest for linux/amd64 in the manifest list entriesErr: 0, Message: no matching manifest for linux/amd64 in the manifest list entries
2025-07-10T12:06:59.012Z INFO  - Pull Image failed, Time taken: 2 Seconds
2025-07-10T12:06:59.018Z WARN  - Image pull failed. Defaulting to local copy if present.
2025-07-10T12:06:59.022Z ERROR - Image pull failed: Verify docker image configuration and credentials (if using private repository)
2025-07-10T12:06:59.079Z INFO  - Stopping site chatbot-app-container because it failed during startup.
2025-07-10T12:07:10.637Z INFO  - Pulling image: ayumu277/chatbot-app:latest
2025-07-10T12:07:13.027Z INFO  - latest Pulling from ayumu277/chatbot-app
2025-07-10T12:07:13.058Z INFO  -  
2025-07-10T12:07:13.078Z ERROR - no matching manifest for linux/amd64 in the manifest list entriesErr: 0, Message: no matching manifest for linux/amd64 in the manifest list entries
2025-07-10T12:07:13.088Z INFO  - Pull Image failed, Time taken: 2 Seconds
2025-07-10T12:07:13.127Z ERROR - Pulling docker image ayumu277/chatbot-app:latest failed:
2025-07-10T12:07:15.645Z INFO  - latest Pulling from ayumu277/chatbot-app
2025-07-10T12:07:15.675Z INFO  -  
2025-07-10T12:07:15.677Z ERROR - no matching manifest for linux/amd64 in the manifest list entriesErr: 0, Message: no matching manifest for linux/amd64 in the manifest list entries
2025-07-10T12:07:15.687Z INFO  - Pull Image failed, Time taken: 2 Seconds
2025-07-10T12:07:15.695Z WARN  - Image pull failed. Defaulting to local copy if present.
2025-07-10T12:07:15.735Z ERROR - Image pull failed: Verify docker image configuration and credentials (if using private repository)
2025-07-10T12:07:15.817Z INFO  - Stopping site chatbot-app-container because it failed during startup.
2025-07-10T12:07:27.969Z INFO  - Pulling image: ayumu277/chatbot-app:latest
2025-07-10T12:07:30.583Z INFO  - latest Pulling from ayumu277/chatbot-app
2025-07-10T12:07:30.602Z INFO  -  
2025-07-10T12:07:30.611Z ERROR - no matching manifest for linux/amd64 in the manifest list entriesErr: 0, Message: no matching manifest for linux/amd64 in the manifest list entries
2025-07-10T12:07:30.633Z INFO  - Pull Image failed, Time taken: 2 Seconds
2025-07-10T12:07:30.641Z ERROR - Pulling docker image ayumu277/chatbot-app:latest failed:
2025-07-10T12:07:33.056Z INFO  - latest Pulling from ayumu277/chatbot-app
2025-07-10T12:07:33.073Z INFO  -  
2025-07-10T12:07:33.075Z ERROR - no matching manifest for linux/amd64 in the manifest list entriesErr: 0, Message: no matching manifest for linux/amd64 in the manifest list entries
2025-07-10T12:07:33.084Z INFO  - Pull Image failed, Time taken: 2 Seconds
2025-07-10T12:07:33.092Z WARN  - Image pull failed. Defaulting to local copy if present.
2025-07-10T12:07:33.094Z ERROR - Image pull failed: Verify docker image configuration and credentials (if using private repository)
2025-07-10T12:07:33.103Z INFO  - Stopping site chatbot-app-container because it failed during startup.
2025-07-10T12:07:47.783Z INFO  - Pulling image: ayumu277/chatbot-app:latest
2025-07-10T12:07:50.185Z INFO  - latest Pulling from ayumu277/chatbot-app
2025-07-10T12:07:50.200Z INFO  -  
2025-07-10T12:07:50.202Z ERROR - no matching manifest for linux/amd64 in the manifest list entriesErr: 0, Message: no matching manifest for linux/amd64 in the manifest list entries
2025-07-10T12:07:50.205Z INFO  - Pull Image failed, Time taken: 2 Seconds
2025-07-10T12:07:50.207Z ERROR - Pulling docker image ayumu277/chatbot-app:latest failed:
2025-07-10T12:07:52.545Z INFO  - latest Pulling from ayumu277/chatbot-app
2025-07-10T12:07:52.547Z INFO  -  
2025-07-10T12:07:52.548Z ERROR - no matching manifest for linux/amd64 in the manifest list entriesErr: 0, Message: no matching manifest for linux/amd64 in the manifest list entries
2025-07-10T12:07:52.558Z INFO  - Pull Image failed, Time taken: 2 Seconds
2025-07-10T12:07:52.560Z WARN  - Image pull failed. Defaulting to local copy if present.
2025-07-10T12:07:52.564Z ERROR - Image pull failed: Verify docker image configuration and credentials (if using private repository)
2025-07-10T12:07:52.582Z INFO  - Stopping site chatbot-app-container because it failed during startup.
2025-07-10T12:10:08.861Z INFO  - Pulling image: ayumu277/chatbot-app:latest
2025-07-10T12:10:11.581Z INFO  - latest Pulling from ayumu277/chatbot-app
2025-07-10T12:10:11.589Z INFO  -  
2025-07-10T12:10:11.591Z ERROR - no matching manifest for linux/amd64 in the manifest list entriesErr: 0, Message: no matching manifest for linux/amd64 in the manifest list entries
2025-07-10T12:10:11.612Z INFO  - Pull Image failed, Time taken: 2 Seconds
2025-07-10T12:10:11.614Z ERROR - Pulling docker image ayumu277/chatbot-app:latest failed:
2025-07-10T12:10:13.918Z INFO  - latest Pulling from ayumu277/chatbot-app
2025-07-10T12:10:13.930Z INFO  -  
2025-07-10T12:10:13.932Z ERROR - no matching manifest for linux/amd64 in the manifest list entriesErr: 0, Message: no matching manifest for linux/amd64 in the manifest list entries
2025-07-10T12:10:13.940Z INFO  - Pull Image failed, Time taken: 2 Seconds
2025-07-10T12:10:13.941Z WARN  - Image pull failed. Defaulting to local copy if present.
2025-07-10T12:10:13.952Z ERROR - Image pull failed: Verify docker image configuration and credentials (if using private repository)
2025-07-10T12:10:13.970Z INFO  - Stopping site chatbot-app-container because it failed during startup.
2025-07-10T12:12:40.6885156Z Container start method called.
2025-07-10T12:12:40.6911472Z Establishing network.
2025-07-10T12:12:40.6917328Z Pulling image: docker.io/ayumu277/chatbot-app:latest.
2025-07-10T12:12:40.8499906Z Container pull image failed with reason: ImagePullFailure. Revert by terminate.
2025-07-10T12:12:40.8578081Z Container is terminating. Grace period: 5 seconds.
2025-07-10T12:12:40.8583910Z Container spec TerminationMessagePolicy  path 
2025-07-10T12:12:40.8590978Z Container is terminated. Total time elapsed: 0 ms.
2025-07-10T12:12:40.8597524Z Site container: chatbot-app-container terminated during site startup.
2025-07-10T12:12:40.9482480Z Failed to start site. Revert by stopping site.
2025-07-10T12:12:40.9697555Z Site: chatbot-app-container stopped.
2025-07-10T12:12:47.7051497Z Container start method called.
2025-07-10T12:12:47.7154896Z Establishing network.
2025-07-10T12:12:47.7156463Z Pulling image: docker.io/ayumu277/chatbot-app:latest.
2025-07-10T12:12:47.8864810Z Container pull image failed with reason: ImagePullFailure. Revert by terminate.
2025-07-10T12:12:47.8964624Z Container is terminating. Grace period: 5 seconds.
2025-07-10T12:12:47.8973198Z Container spec TerminationMessagePolicy  path 
2025-07-10T12:12:47.8980285Z Container is terminated. Total time elapsed: 0 ms.
2025-07-10T12:12:47.8986476Z Site container: chatbot-app-container terminated during site startup.
2025-07-10T12:12:47.9482216Z Failed to start site. Revert by stopping site.
2025-07-10T12:12:47.9569081Z Site: chatbot-app-container stopped.
2025-07-10T12:12:48.4015907Z Site: chatbot-app-container will be blocked for 1 minutes till 07/10/2025 12:13:48
2025-07-10T12:12:53.8201553Z Start site prohibitted because the site is being blocked.
2025-07-10T12:12:59.0001031Z Start site prohibitted because the site is being blocked.
2025-07-10T12:13:05.0796980Z Start site prohibitted because the site is being blocked.
2025-07-10T12:13:11.1513283Z Start site prohibitted because the site is being blocked.
2025-07-10T12:13:16.8697565Z Start site prohibitted because the site is being blocked.
2025-07-10T12:13:22.8411342Z Start site prohibitted because the site is being blocked.
2025-07-10T12:13:28.0651726Z Start site prohibitted because the site is being blocked.
2025-07-10T12:13:33.1680114Z Start site prohibitted because the site is being blocked.
2025-07-10T12:13:38.3131305Z Start site prohibitted because the site is being blocked.
2025-07-10T12:13:43.4592884Z Start site prohibitted because the site is being blocked.
2025-07-10T12:13:48.4062124Z Site: chatbot-app-container is unblocked.
2025-07-10T12:13:49.6182746Z Container start method called.
2025-07-10T12:13:49.6194134Z Establishing network.
2025-07-10T12:13:49.6376729Z Pulling image: docker.io/ayumu277/chatbot-app:latest.
2025-07-10T12:13:49.7375190Z Container pull image failed with reason: ImagePullFailure. Revert by terminate.
2025-07-10T12:13:49.7382560Z Container is terminating. Grace period: 5 seconds.
2025-07-10T12:13:49.7388411Z Container spec TerminationMessagePolicy  path 
2025-07-10T12:13:49.7393981Z Container is terminated. Total time elapsed: 0 ms.
2025-07-10T12:13:49.7399571Z Site container: chatbot-app-container terminated during site startup.
2025-07-10T12:13:49.7703930Z Failed to start site. Revert by stopping site.
2025-07-10T12:13:49.7790143Z Site: chatbot-app-container stopped.
2025-07-10T12:13:50.9609122Z Site: chatbot-app-container will be blocked for 1 minutes till 07/10/2025 12:14:50
2025-07-10T12:13:56.4216893Z Start site prohibitted because the site is being blocked.
2025-07-10T12:14:01.7438441Z Start site prohibitted because the site is being blocked.
2025-07-10T12:14:07.1116609Z Start site prohibitted because the site is being blocked.
2025-07-10T12:14:12.2670506Z Start site prohibitted because the site is being blocked.
2025-07-10T12:14:17.5006892Z Start site prohibitted because the site is being blocked.
2025-07-10T12:14:22.6327307Z Start site prohibitted because the site is being blocked.
2025-07-10T12:14:27.7796552Z Start site prohibitted because the site is being blocked.
2025-07-10T12:14:34.1247440Z Start site prohibitted because the site is being blocked.
2025-07-10T12:14:39.2605906Z Start site prohibitted because the site is being blocked.
2025-07-10T12:14:44.5152100Z Start site prohibitted because the site is being blocked.
2025-07-10T12:14:49.7362361Z Start site prohibitted because the site is being blocked.
2025-07-10T12:14:50.9623593Z Site: chatbot-app-container is unblocked.
2025-07-10T12:14:56.2029225Z Container start method called.
2025-07-10T12:14:56.2036226Z Establishing network.
2025-07-10T12:14:56.2041368Z Pulling image: docker.io/ayumu277/chatbot-app:latest.
2025-07-10T12:14:56.3541899Z Container pull image failed with reason: ImagePullFailure. Revert by terminate.
2025-07-10T12:14:56.3624138Z Container is terminating. Grace period: 5 seconds.
2025-07-10T12:14:56.3634790Z Container spec TerminationMessagePolicy  path 
2025-07-10T12:14:56.3642354Z Container is terminated. Total time elapsed: 0 ms.
2025-07-10T12:14:56.3649455Z Site container: chatbot-app-container terminated during site startup.
2025-07-10T12:14:56.4145783Z Failed to start site. Revert by stopping site.
2025-07-10T12:14:56.4229406Z Site: chatbot-app-container stopped.
2025-07-10T12:14:56.9881125Z Site: chatbot-app-container will be blocked for 2 minutes till 07/10/2025 12:16:56
2025-07-10T12:15:02.4792803Z Start site prohibitted because the site is being blocked.
2025-07-10T12:15:07.6382162Z Start site prohibitted because the site is being blocked.
2025-07-10T12:15:12.8354311Z Start site prohibitted because the site is being blocked.
2025-07-10T12:15:18.7689613Z Start site prohibitted because the site is being blocked.
2025-07-10T12:15:24.7521601Z Start site prohibitted because the site is being blocked.
2025-07-10T12:15:29.8953263Z Start site prohibitted because the site is being blocked.
2025-07-10T12:15:35.0220108Z Start site prohibitted because the site is being blocked.
2025-07-10T12:15:40.1792729Z Start site prohibitted because the site is being blocked.
2025-07-10T12:15:45.2942518Z Start site prohibitted because the site is being blocked.
2025-07-10T12:15:50.4671328Z Start site prohibitted because the site is being blocked.
2025-07-10T12:15:55.6329788Z Start site prohibitted because the site is being blocked.
2025-07-10T12:16:00.8403602Z Start site prohibitted because the site is being blocked.
2025-07-10T12:16:05.9820302Z Start site prohibitted because the site is being blocked.
2025-07-10T12:16:11.1395875Z Start site prohibitted because the site is being blocked.
2025-07-10T12:16:16.4283077Z Start site prohibitted because the site is being blocked.
2025-07-10T12:16:21.5629985Z Start site prohibitted because the site is being blocked.
2025-07-10T12:16:56.9881667Z Site: chatbot-app-container is unblocked.
2025-07-10T12:46:50.2540651Z Container start method called.
2025-07-10T12:46:50.2627938Z Establishing network.
2025-07-10T12:46:50.2639972Z Pulling image: docker.io/ayumu277/chatbot-app:latest.
2025-07-10T12:46:50.4733603Z Container pull image failed with reason: ImagePullFailure. Revert by terminate.
2025-07-10T12:46:50.4820645Z Container is terminating. Grace period: 5 seconds.
2025-07-10T12:46:50.4919513Z Container spec TerminationMessagePolicy  path 
2025-07-10T12:46:50.5018557Z Container is terminated. Total time elapsed: 17 ms.
2025-07-10T12:46:50.5037859Z Site container: chatbot-app-container terminated during site startup.
2025-07-10T12:46:50.5540098Z Failed to start site. Revert by stopping site.
2025-07-10T12:46:50.5651323Z Site: chatbot-app-container stopped.
