2025-07-08T01:52:33.8056146Z Container start method called.
2025-07-08T01:52:33.8155344Z Establishing network.
2025-07-08T01:52:33.8166216Z Pulling image: docker.io/ayumu277/chatbot-app:latest.
2025-07-08T01:52:41.7884581Z Container pull image failed with reason: ImagePullFailure. Revert by terminate.
2025-07-08T01:52:41.8086973Z Container is terminating. Grace period: 5 seconds.
2025-07-08T01:52:41.8186219Z Container spec TerminationMessagePolicy  path 
2025-07-08T01:52:41.8279799Z Container is terminated. Total time elapsed: 17 ms.
2025-07-08T01:52:41.8300691Z Site container: chatbot-app-container terminated during site startup.
2025-07-08T01:52:41.8679460Z Failed to start site. Revert by stopping site.
2025-07-08T01:52:41.8980437Z Site: chatbot-app-container stopped.
2025-07-08T01:52:46.408Z INFO  - Pulling image: docker.io/ayumu277/chatbot-app:latest
2025-07-08T01:52:48.759Z INFO  - latest Pulling from ayumu277/chatbot-app
2025-07-08T01:52:48.781Z INFO  -  
2025-07-08T01:52:48.789Z ERROR - no matching manifest for linux/amd64 in the manifest list entriesErr: 0, Message: no matching manifest for linux/amd64 in the manifest list entries
2025-07-08T01:52:48.819Z INFO  - Pull Image failed, Time taken: 2 Seconds
2025-07-08T01:52:48.820Z ERROR - Pulling docker image docker.io/ayumu277/chatbot-app:latest failed:
2025-07-08T01:52:51.220Z INFO  - latest Pulling from ayumu277/chatbot-app
2025-07-08T01:52:51.252Z INFO  -  
2025-07-08T01:52:51.260Z ERROR - no matching manifest for linux/amd64 in the manifest list entriesErr: 0, Message: no matching manifest for linux/amd64 in the manifest list entries
2025-07-08T01:52:51.262Z INFO  - Pull Image failed, Time taken: 2 Seconds
2025-07-08T01:52:51.270Z WARN  - Image pull failed. Defaulting to local copy if present.
2025-07-08T01:52:51.292Z ERROR - Image pull failed: Verify docker image configuration and credentials (if using private repository)
2025-07-08T01:52:51.513Z INFO  - Stopping site chatbot-app-container because it failed during startup.
2025-07-08T01:53:02.231Z INFO  - Pulling image: docker.io/ayumu277/chatbot-app:latest
2025-07-08T01:53:04.512Z INFO  - latest Pulling from ayumu277/chatbot-app
2025-07-08T01:53:04.523Z INFO  -  
2025-07-08T01:53:04.542Z ERROR - no matching manifest for linux/amd64 in the manifest list entriesErr: 0, Message: no matching manifest for linux/amd64 in the manifest list entries
2025-07-08T01:53:04.560Z INFO  - Pull Image failed, Time taken: 2 Seconds
2025-07-08T01:53:04.561Z ERROR - Pulling docker image docker.io/ayumu277/chatbot-app:latest failed:
2025-07-08T01:53:06.792Z INFO  - latest Pulling from ayumu277/chatbot-app
2025-07-08T01:53:06.801Z INFO  -  
2025-07-08T01:53:06.802Z ERROR - no matching manifest for linux/amd64 in the manifest list entriesErr: 0, Message: no matching manifest for linux/amd64 in the manifest list entries
2025-07-08T01:53:06.804Z INFO  - Pull Image failed, Time taken: 2 Seconds
2025-07-08T01:53:06.804Z WARN  - Image pull failed. Defaulting to local copy if present.
2025-07-08T01:53:06.808Z ERROR - Image pull failed: Verify docker image configuration and credentials (if using private repository)
2025-07-08T01:53:06.809Z INFO  - Stopping site chatbot-app-container because it failed during startup.
2025-07-08T01:53:17.555Z INFO  - Pulling image: docker.io/ayumu277/chatbot-app:latest
2025-07-08T01:53:19.784Z INFO  - latest Pulling from ayumu277/chatbot-app
2025-07-08T01:53:19.793Z INFO  -  
2025-07-08T01:53:19.794Z ERROR - no matching manifest for linux/amd64 in the manifest list entriesErr: 0, Message: no matching manifest for linux/amd64 in the manifest list entries
2025-07-08T01:53:19.796Z INFO  - Pull Image failed, Time taken: 2 Seconds
2025-07-08T01:53:19.796Z ERROR - Pulling docker image docker.io/ayumu277/chatbot-app:latest failed:
2025-07-08T01:53:22.041Z INFO  - latest Pulling from ayumu277/chatbot-app
2025-07-08T01:53:22.049Z INFO  -  
2025-07-08T01:53:22.050Z ERROR - no matching manifest for linux/amd64 in the manifest list entriesErr: 0, Message: no matching manifest for linux/amd64 in the manifest list entries
2025-07-08T01:53:22.053Z INFO  - Pull Image failed, Time taken: 2 Seconds
2025-07-08T01:53:22.053Z WARN  - Image pull failed. Defaulting to local copy if present.
2025-07-08T01:53:22.061Z ERROR - Image pull failed: Verify docker image configuration and credentials (if using private repository)
2025-07-08T01:53:22.071Z INFO  - Stopping site chatbot-app-container because it failed during startup.
2025-07-08T01:53:32.457Z INFO  - Pulling image: docker.io/ayumu277/chatbot-app:latest
2025-07-08T01:53:34.678Z INFO  - latest Pulling from ayumu277/chatbot-app
2025-07-08T01:53:34.685Z INFO  -  
2025-07-08T01:53:34.686Z ERROR - no matching manifest for linux/amd64 in the manifest list entriesErr: 0, Message: no matching manifest for linux/amd64 in the manifest list entries
2025-07-08T01:53:34.689Z INFO  - Pull Image failed, Time taken: 2 Seconds
2025-07-08T01:53:34.689Z ERROR - Pulling docker image docker.io/ayumu277/chatbot-app:latest failed:
2025-07-08T01:53:36.848Z INFO  - latest Pulling from ayumu277/chatbot-app
2025-07-08T01:53:36.856Z INFO  -  
2025-07-08T01:53:36.856Z ERROR - no matching manifest for linux/amd64 in the manifest list entriesErr: 0, Message: no matching manifest for linux/amd64 in the manifest list entries
2025-07-08T01:53:36.858Z INFO  - Pull Image failed, Time taken: 2 Seconds
2025-07-08T01:53:36.862Z WARN  - Image pull failed. Defaulting to local copy if present.
2025-07-08T01:53:36.864Z ERROR - Image pull failed: Verify docker image configuration and credentials (if using private repository)
2025-07-08T01:53:36.893Z INFO  - Stopping site chatbot-app-container because it failed during startup.
2025-07-08T01:56:03.295Z INFO  - Pulling image: docker.io/ayumu277/chatbot-app:latest
2025-07-08T01:56:05.776Z INFO  - latest Pulling from ayumu277/chatbot-app
2025-07-08T01:56:05.777Z INFO  -  
2025-07-08T01:56:05.777Z ERROR - no matching manifest for linux/amd64 in the manifest list entriesErr: 0, Message: no matching manifest for linux/amd64 in the manifest list entries
2025-07-08T01:56:05.779Z INFO  - Pull Image failed, Time taken: 2 Seconds
2025-07-08T01:56:05.780Z ERROR - Pulling docker image docker.io/ayumu277/chatbot-app:latest failed:
2025-07-08T01:56:08.078Z INFO  - latest Pulling from ayumu277/chatbot-app
2025-07-08T01:56:08.085Z INFO  -  
2025-07-08T01:56:08.086Z ERROR - no matching manifest for linux/amd64 in the manifest list entriesErr: 0, Message: no matching manifest for linux/amd64 in the manifest list entries
2025-07-08T01:56:08.088Z INFO  - Pull Image failed, Time taken: 2 Seconds
2025-07-08T01:56:08.089Z WARN  - Image pull failed. Defaulting to local copy if present.
2025-07-08T01:56:08.095Z ERROR - Image pull failed: Verify docker image configuration and credentials (if using private repository)
2025-07-08T01:56:08.125Z INFO  - Stopping site chatbot-app-container because it failed during startup.
2025-07-08T01:58:34.706Z INFO  - Pulling image: docker.io/ayumu277/chatbot-app:latest
2025-07-08T01:58:37.028Z INFO  - latest Pulling from ayumu277/chatbot-app
2025-07-08T01:58:37.035Z INFO  -  
2025-07-08T01:58:37.036Z ERROR - no matching manifest for linux/amd64 in the manifest list entriesErr: 0, Message: no matching manifest for linux/amd64 in the manifest list entries
2025-07-08T01:58:37.041Z INFO  - Pull Image failed, Time taken: 2 Seconds
2025-07-08T01:58:37.042Z ERROR - Pulling docker image docker.io/ayumu277/chatbot-app:latest failed:
2025-07-08T01:58:39.661Z INFO  - latest Pulling from ayumu277/chatbot-app
2025-07-08T01:58:39.690Z INFO  -  
2025-07-08T01:58:39.691Z ERROR - no matching manifest for linux/amd64 in the manifest list entriesErr: 0, Message: no matching manifest for linux/amd64 in the manifest list entries
2025-07-08T01:58:39.692Z INFO  - Pull Image failed, Time taken: 2 Seconds
2025-07-08T01:58:39.699Z WARN  - Image pull failed. Defaulting to local copy if present.
2025-07-08T01:58:39.712Z ERROR - Image pull failed: Verify docker image configuration and credentials (if using private repository)
2025-07-08T01:58:39.730Z INFO  - Stopping site chatbot-app-container because it failed during startup.
2025-07-08T02:01:01.173Z INFO  - Pulling image: docker.io/ayumu277/chatbot-app:latest
2025-07-08T02:01:03.956Z INFO  - latest Pulling from ayumu277/chatbot-app
2025-07-08T02:01:04.037Z INFO  -  
2025-07-08T02:01:04.038Z ERROR - no matching manifest for linux/amd64 in the manifest list entriesErr: 0, Message: no matching manifest for linux/amd64 in the manifest list entries
2025-07-08T02:01:04.059Z INFO  - Pull Image failed, Time taken: 2 Seconds
2025-07-08T02:01:04.066Z ERROR - Pulling docker image docker.io/ayumu277/chatbot-app:latest failed:
2025-07-08T02:01:06.795Z INFO  - latest Pulling from ayumu277/chatbot-app
2025-07-08T02:01:06.807Z INFO  -  
2025-07-08T02:01:06.844Z ERROR - no matching manifest for linux/amd64 in the manifest list entriesErr: 0, Message: no matching manifest for linux/amd64 in the manifest list entries
2025-07-08T02:01:06.885Z INFO  - Pull Image failed, Time taken: 2 Seconds
2025-07-08T02:01:06.886Z WARN  - Image pull failed. Defaulting to local copy if present.
2025-07-08T02:01:06.906Z ERROR - Image pull failed: Verify docker image configuration and credentials (if using private repository)
2025-07-08T02:01:06.937Z INFO  - Stopping site chatbot-app-container because it failed during startup.
2025-07-08T02:03:32.809Z INFO  - Pulling image: docker.io/ayumu277/chatbot-app:latest
2025-07-08T02:03:33.957Z ERROR - DockerApiException: Docker API responded with status code=InternalServerError, response={"message":"Head \"https://registry-1.docker.io/v2/ayumu277/chatbot-app/manifests/latest\": unauthorized: incorrect username or password"}

2025-07-08T02:03:33.958Z ERROR - Pulling docker image docker.io/ayumu277/chatbot-app:latest failed:
2025-07-08T02:03:36.241Z INFO  - latest Pulling from ayumu277/chatbot-app
2025-07-08T02:03:36.263Z INFO  -  
2025-07-08T02:03:36.264Z ERROR - no matching manifest for linux/amd64 in the manifest list entriesErr: 0, Message: no matching manifest for linux/amd64 in the manifest list entries
2025-07-08T02:03:36.269Z INFO  - Pull Image failed, Time taken: 2 Seconds
2025-07-08T02:03:36.271Z WARN  - Image pull failed. Defaulting to local copy if present.
2025-07-08T02:03:36.274Z ERROR - Image pull failed: Verify docker image configuration and credentials (if using private repository)
2025-07-08T02:03:36.292Z INFO  - Stopping site chatbot-app-container because it failed during startup.
2025-07-08T02:08:32.743Z INFO  - Pulling image: ghcr.io/johnpolison/chatbot-app:latest
2025-07-08T02:08:33.746Z ERROR - DockerApiException: Docker API responded with status code=InternalServerError, response={"message":"Head \"https://ghcr.io/v2/johnpolison/chatbot-app/manifests/latest\": denied: denied"}

2025-07-08T02:08:33.750Z ERROR - Pulling docker image ghcr.io/johnpolison/chatbot-app:latest failed:
2025-07-08T02:08:34.251Z ERROR - DockerApiException: Docker API responded with status code=InternalServerError, response={"message":"Head \"https://ghcr.io/v2/johnpolison/chatbot-app/manifests/latest\": denied"}

2025-07-08T02:08:34.252Z WARN  - Image pull failed. Defaulting to local copy if present.
2025-07-08T02:08:34.257Z ERROR - Image pull failed: Verify docker image configuration and credentials (if using private repository)
2025-07-08T02:08:34.276Z INFO  - Stopping site chatbot-app-container because it failed during startup.
2025-07-08T02:13:19.979Z INFO  - Pulling image: docker.io/ayumu277/chatbot-app:latest
2025-07-08T02:13:22.325Z INFO  - latest Pulling from ayumu277/chatbot-app
2025-07-08T02:13:22.333Z INFO  -  
2025-07-08T02:13:22.333Z ERROR - no matching manifest for linux/amd64 in the manifest list entriesErr: 0, Message: no matching manifest for linux/amd64 in the manifest list entries
2025-07-08T02:13:22.335Z INFO  - Pull Image failed, Time taken: 2 Seconds
2025-07-08T02:13:22.336Z ERROR - Pulling docker image docker.io/ayumu277/chatbot-app:latest failed:
2025-07-08T02:13:24.532Z INFO  - latest Pulling from ayumu277/chatbot-app
2025-07-08T02:13:24.540Z INFO  -  
2025-07-08T02:13:24.540Z ERROR - no matching manifest for linux/amd64 in the manifest list entriesErr: 0, Message: no matching manifest for linux/amd64 in the manifest list entries
2025-07-08T02:13:24.542Z INFO  - Pull Image failed, Time taken: 2 Seconds
2025-07-08T02:13:24.542Z WARN  - Image pull failed. Defaulting to local copy if present.
2025-07-08T02:13:24.546Z ERROR - Image pull failed: Verify docker image configuration and credentials (if using private repository)
2025-07-08T02:13:24.558Z INFO  - Stopping site chatbot-app-container because it failed during startup.
2025-07-08T02:18:51.522Z INFO  - Pulling image: docker.io/ayumu277/chatbot-app:latest
2025-07-08T02:18:54.226Z INFO  - latest Pulling from ayumu277/chatbot-app
2025-07-08T02:18:54.842Z INFO  - f18232174bc9 Pulling fs layer
2025-07-08T02:18:54.843Z INFO  - dd71dde834b5 Pulling fs layer
2025-07-08T02:18:54.843Z INFO  - 1e5a4c89cee5 Pulling fs layer
2025-07-08T02:18:54.843Z INFO  - 25ff2da83641 Pulling fs layer
2025-07-08T02:18:54.844Z INFO  - ac2ca5948d43 Pulling fs layer
2025-07-08T02:18:54.844Z INFO  - 7765d40eb400 Pulling fs layer
2025-07-08T02:18:54.850Z INFO  - d1e636a18730 Pulling fs layer
2025-07-08T02:18:54.851Z INFO  - 9d24bbb78b51 Pulling fs layer
2025-07-08T02:18:54.851Z INFO  - 5e1cc80b2230 Pulling fs layer
2025-07-08T02:18:54.852Z INFO  - a97ad9ff2c22 Pulling fs layer
2025-07-08T02:18:54.852Z INFO  - 89155f6ad957 Pulling fs layer
2025-07-08T02:18:54.852Z INFO  - ba191d9ae196 Pulling fs layer
2025-07-08T02:18:54.853Z INFO  - b1e65257a889 Pulling fs layer
2025-07-08T02:18:54.853Z INFO  - fcca7ea0b85e Pulling fs layer
2025-07-08T02:18:54.853Z INFO  - 058154288584 Pulling fs layer
2025-07-08T02:18:54.854Z INFO  - 7b739878a00e Pulling fs layer
2025-07-08T02:18:54.895Z INFO  - 4f4fb700ef54 Pulling fs layer
2025-07-08T02:18:54.898Z INFO  - 58896922d4dd Pulling fs layer
2025-07-08T02:18:55.563Z INFO  - 4f4fb700ef54 Downloading 32B / 32B
2025-07-08T02:18:55.564Z INFO  - 4f4fb700ef54 Verifying Checksum
2025-07-08T02:18:55.564Z INFO  - 4f4fb700ef54 Download complete
2025-07-08T02:18:55.711Z INFO  - dd71dde834b5 Downloading 4MB / 38MB
2025-07-08T02:18:55.823Z INFO  - 25ff2da83641 Downloading 446B / 446B
2025-07-08T02:18:55.825Z INFO  - 25ff2da83641 Verifying Checksum
2025-07-08T02:18:55.842Z INFO  - 25ff2da83641 Download complete
2025-07-08T02:18:55.973Z INFO  - f18232174bc9 Downloading 1MB / 3MB
2025-07-08T02:18:56.014Z INFO  - dd71dde834b5 Downloading 12MB / 38MB
2025-07-08T02:18:56.015Z INFO  - 1e5a4c89cee5 Verifying Checksum
2025-07-08T02:18:56.015Z INFO  - 1e5a4c89cee5 Download complete
2025-07-08T02:18:56.044Z INFO  - f18232174bc9 Verifying Checksum
2025-07-08T02:18:56.045Z INFO  - f18232174bc9 Download complete
2025-07-08T02:18:56.175Z INFO  - dd71dde834b5 Downloading 14MB / 38MB
2025-07-08T02:18:56.276Z INFO  - dd71dde834b5 Downloading 18MB / 38MB
2025-07-08T02:18:56.288Z INFO  - f18232174bc9 Extracting 576KB / 3MB
2025-07-08T02:18:56.377Z INFO  - dd71dde834b5 Downloading 20MB / 38MB
2025-07-08T02:18:56.407Z INFO  - f18232174bc9 Extracting 1MB / 3MB
2025-07-08T02:18:56.617Z INFO  - dd71dde834b5 Downloading 23MB / 38MB
2025-07-08T02:18:56.788Z INFO  - fcca7ea0b85e Downloading 157B / 157B
2025-07-08T02:18:56.798Z INFO  - f18232174bc9 Extracting 3MB / 3MB
2025-07-08T02:18:56.878Z INFO  - dd71dde834b5 Downloading 25MB / 38MB
2025-07-08T02:18:56.888Z INFO  - f18232174bc9 Extracting 3MB / 3MB
2025-07-08T02:18:56.900Z INFO  - fcca7ea0b85e Verifying Checksum
2025-07-08T02:18:56.901Z INFO  - fcca7ea0b85e Download complete
2025-07-08T02:18:56.919Z INFO  - 5e1cc80b2230 Downloading 1KB / 59KB
2025-07-08T02:18:56.929Z INFO  - 058154288584 Downloading 448B / 448B
2025-07-08T02:18:56.931Z INFO  - 058154288584 Verifying Checksum
2025-07-08T02:18:56.931Z INFO  - 058154288584 Download complete
2025-07-08T02:18:56.949Z INFO  - dd71dde834b5 Downloading 27MB / 38MB
2025-07-08T02:18:56.970Z INFO  - 5e1cc80b2230 Downloading 59KB / 59KB
2025-07-08T02:18:56.979Z INFO  - 5e1cc80b2230 Verifying Checksum
2025-07-08T02:18:56.980Z INFO  - 5e1cc80b2230 Download complete
2025-07-08T02:18:56.990Z INFO  - f18232174bc9 Pull complete
2025-07-08T02:18:57.010Z INFO  - d1e636a18730 Downloading 462B / 462B
2025-07-08T02:18:57.010Z INFO  - d1e636a18730 Verifying Checksum
2025-07-08T02:18:57.011Z INFO  - d1e636a18730 Download complete
2025-07-08T02:18:57.042Z INFO  - dd71dde834b5 Downloading 30MB / 38MB
2025-07-08T02:18:57.112Z INFO  - b1e65257a889 Downloading 211KB / 211KB
2025-07-08T02:18:57.130Z INFO  - b1e65257a889 Verifying Checksum
2025-07-08T02:18:57.130Z INFO  - b1e65257a889 Download complete
2025-07-08T02:18:57.140Z INFO  - 89155f6ad957 Downloading 1KB / 2KB
2025-07-08T02:18:57.141Z INFO  - 89155f6ad957 Downloading 2KB / 2KB
2025-07-08T02:18:57.142Z INFO  - 89155f6ad957 Verifying Checksum
2025-07-08T02:18:57.160Z INFO  - 89155f6ad957 Download complete
2025-07-08T02:18:57.201Z INFO  - 7765d40eb400 Downloading 92B / 92B
2025-07-08T02:18:57.202Z INFO  - 7765d40eb400 Verifying Checksum
2025-07-08T02:18:57.203Z INFO  - 7765d40eb400 Download complete
2025-07-08T02:18:57.243Z INFO  - dd71dde834b5 Verifying Checksum
2025-07-08T02:18:57.243Z INFO  - dd71dde834b5 Download complete
2025-07-08T02:18:57.564Z INFO  - ac2ca5948d43 Downloading 1MB / 18MB
2025-07-08T02:18:57.674Z INFO  - ba191d9ae196 Downloading 1MB / 11MB
2025-07-08T02:18:57.784Z INFO  - dd71dde834b5 Extracting 2MB / 38MB
2025-07-08T02:18:57.884Z INFO  - dd71dde834b5 Extracting 3MB / 38MB
2025-07-08T02:18:57.954Z INFO  - 9d24bbb78b51 Downloading 980B / 980B
2025-07-08T02:18:58.026Z INFO  - dd71dde834b5 Extracting 4MB / 38MB
2025-07-08T02:18:58.127Z INFO  - ac2ca5948d43 Downloading 3MB / 18MB
2025-07-08T02:18:58.127Z INFO  - dd71dde834b5 Extracting 4MB / 38MB
2025-07-08T02:18:58.228Z INFO  - ba191d9ae196 Downloading 3MB / 11MB
2025-07-08T02:18:58.229Z INFO  - 9d24bbb78b51 Verifying Checksum
2025-07-08T02:18:58.229Z INFO  - 9d24bbb78b51 Download complete
2025-07-08T02:18:58.246Z INFO  - dd71dde834b5 Extracting 5MB / 38MB
2025-07-08T02:18:58.329Z INFO  - ba191d9ae196 Downloading 3MB / 11MB
2025-07-08T02:18:58.329Z INFO  - 7b739878a00e Downloading 570B / 570B
2025-07-08T02:18:58.429Z INFO  - ba191d9ae196 Downloading 4MB / 11MB
2025-07-08T02:18:58.609Z INFO  - dd71dde834b5 Extracting 7MB / 38MB
2025-07-08T02:18:58.700Z INFO  - ac2ca5948d43 Downloading 3MB / 18MB
2025-07-08T02:18:58.719Z INFO  - ba191d9ae196 Downloading 4MB / 11MB
2025-07-08T02:18:58.719Z INFO  - 7b739878a00e Verifying Checksum
2025-07-08T02:18:58.719Z INFO  - 7b739878a00e Download complete
2025-07-08T02:18:58.719Z INFO  - dd71dde834b5 Extracting 8MB / 38MB
2025-07-08T02:18:58.819Z INFO  - dd71dde834b5 Extracting 9MB / 38MB
2025-07-08T02:18:58.892Z INFO  - ac2ca5948d43 Downloading 4MB / 18MB
2025-07-08T02:18:58.902Z INFO  - ba191d9ae196 Downloading 5MB / 11MB
2025-07-08T02:18:58.920Z INFO  - dd71dde834b5 Extracting 10MB / 38MB
2025-07-08T02:18:59.134Z INFO  - a97ad9ff2c22 Downloading 526KB / 124MB
2025-07-08T02:18:59.263Z INFO  - ba191d9ae196 Downloading 5MB / 11MB
2025-07-08T02:18:59.424Z INFO  - 58896922d4dd Downloading 516KB / 120MB
2025-07-08T02:18:59.605Z INFO  - ac2ca5948d43 Downloading 5MB / 18MB
2025-07-08T02:18:59.625Z INFO  - 58896922d4dd Downloading 1MB / 120MB
2025-07-08T02:18:59.625Z INFO  - a97ad9ff2c22 Downloading 1MB / 124MB
2025-07-08T02:18:59.754Z INFO  - ba191d9ae196 Downloading 6MB / 11MB
2025-07-08T02:18:59.957Z INFO  - a97ad9ff2c22 Downloading 2MB / 124MB
2025-07-08T02:19:00.107Z INFO  - dd71dde834b5 Extracting 14MB / 38MB
2025-07-08T02:19:00.288Z INFO  - 58896922d4dd Downloading 3MB / 120MB
2025-07-08T02:19:00.580Z INFO  - a97ad9ff2c22 Downloading 5MB / 124MB
2025-07-08T02:19:00.580Z INFO  - 58896922d4dd Downloading 3MB / 120MB
2025-07-08T02:19:00.581Z INFO  - ba191d9ae196 Downloading 8MB / 11MB
2025-07-08T02:19:00.732Z INFO  - a97ad9ff2c22 Downloading 5MB / 124MB
2025-07-08T02:19:00.750Z INFO  - dd71dde834b5 Extracting 15MB / 38MB
2025-07-08T02:19:00.903Z INFO  - ac2ca5948d43 Downloading 8MB / 18MB
2025-07-08T02:19:00.942Z INFO  - a97ad9ff2c22 Downloading 6MB / 124MB
2025-07-08T02:19:01.294Z INFO  - dd71dde834b5 Extracting 16MB / 38MB
2025-07-08T02:19:01.335Z INFO  - ba191d9ae196 Downloading 9MB / 11MB
2025-07-08T02:19:01.545Z INFO  - a97ad9ff2c22 Downloading 7MB / 124MB
2025-07-08T02:19:01.567Z INFO  - 58896922d4dd Downloading 5MB / 120MB
2025-07-08T02:19:02.158Z INFO  - dd71dde834b5 Extracting 17MB / 38MB
2025-07-08T02:19:02.158Z INFO  - ba191d9ae196 Verifying Checksum
2025-07-08T02:19:02.158Z INFO  - ba191d9ae196 Download complete
2025-07-08T02:19:02.421Z INFO  - a97ad9ff2c22 Downloading 8MB / 124MB
2025-07-08T02:19:02.422Z INFO  - dd71dde834b5 Extracting 18MB / 38MB
2025-07-08T02:19:02.732Z INFO  - ac2ca5948d43 Downloading 12MB / 18MB
2025-07-08T02:19:02.733Z INFO  - dd71dde834b5 Extracting 19MB / 38MB
2025-07-08T02:19:03.045Z INFO  - ac2ca5948d43 Downloading 13MB / 18MB
2025-07-08T02:19:03.045Z INFO  - 58896922d4dd Downloading 10MB / 120MB
2025-07-08T02:19:03.126Z INFO  - a97ad9ff2c22 Downloading 13MB / 124MB
2025-07-08T02:19:03.127Z INFO  - 58896922d4dd Downloading 10MB / 120MB
2025-07-08T02:19:03.146Z INFO  - dd71dde834b5 Extracting 19MB / 38MB
2025-07-08T02:19:03.237Z INFO  - ac2ca5948d43 Downloading 15MB / 18MB
2025-07-08T02:19:03.358Z INFO  - ac2ca5948d43 Downloading 16MB / 18MB
2025-07-08T02:19:03.479Z INFO  - a97ad9ff2c22 Downloading 15MB / 124MB
2025-07-08T02:19:03.517Z INFO  - 58896922d4dd Downloading 12MB / 120MB
2025-07-08T02:19:03.630Z INFO  - dd71dde834b5 Extracting 20MB / 38MB
2025-07-08T02:19:03.779Z INFO  - a97ad9ff2c22 Downloading 15MB / 124MB
2025-07-08T02:19:03.921Z INFO  - dd71dde834b5 Extracting 21MB / 38MB
2025-07-08T02:19:04.021Z INFO  - ac2ca5948d43 Downloading 17MB / 18MB
2025-07-08T02:19:04.192Z INFO  - dd71dde834b5 Extracting 22MB / 38MB
2025-07-08T02:19:04.231Z INFO  - ac2ca5948d43 Verifying Checksum
2025-07-08T02:19:04.232Z INFO  - ac2ca5948d43 Download complete
2025-07-08T02:19:04.455Z INFO  - 58896922d4dd Downloading 14MB / 120MB
2025-07-08T02:19:04.616Z INFO  - 58896922d4dd Downloading 15MB / 120MB
2025-07-08T02:19:04.617Z INFO  - dd71dde834b5 Extracting 23MB / 38MB
2025-07-08T02:19:05.069Z INFO  - 58896922d4dd Downloading 16MB / 120MB
2025-07-08T02:19:05.188Z INFO  - a97ad9ff2c22 Downloading 20MB / 124MB
2025-07-08T02:19:05.209Z INFO  - 58896922d4dd Downloading 17MB / 120MB
2025-07-08T02:19:05.519Z INFO  - dd71dde834b5 Extracting 26MB / 38MB
2025-07-08T02:19:05.710Z INFO  - dd71dde834b5 Extracting 27MB / 38MB
2025-07-08T02:19:05.982Z INFO  - a97ad9ff2c22 Downloading 22MB / 124MB
2025-07-08T02:19:05.982Z INFO  - dd71dde834b5 Extracting 28MB / 38MB
2025-07-08T02:19:06.263Z INFO  - 58896922d4dd Downloading 19MB / 120MB
2025-07-08T02:19:06.394Z INFO  - a97ad9ff2c22 Downloading 25MB / 124MB
2025-07-08T02:19:06.715Z INFO  - dd71dde834b5 Extracting 29MB / 38MB
2025-07-08T02:19:06.826Z INFO  - 58896922d4dd Downloading 22MB / 120MB
2025-07-08T02:19:07.128Z INFO  - 58896922d4dd Downloading 24MB / 120MB
2025-07-08T02:19:07.300Z INFO  - 58896922d4dd Downloading 25MB / 120MB
2025-07-08T02:19:07.380Z INFO  - a97ad9ff2c22 Downloading 30MB / 124MB
2025-07-08T02:19:07.380Z INFO  - 58896922d4dd Downloading 26MB / 120MB
2025-07-08T02:19:07.381Z INFO  - dd71dde834b5 Extracting 32MB / 38MB
2025-07-08T02:19:07.802Z INFO  - dd71dde834b5 Extracting 33MB / 38MB
2025-07-08T02:19:07.913Z INFO  - a97ad9ff2c22 Downloading 32MB / 124MB
2025-07-08T02:19:07.913Z INFO  - dd71dde834b5 Extracting 34MB / 38MB
2025-07-08T02:19:07.954Z INFO  - 58896922d4dd Downloading 29MB / 120MB
2025-07-08T02:19:08.174Z INFO  - a97ad9ff2c22 Downloading 34MB / 124MB
2025-07-08T02:19:08.294Z INFO  - a97ad9ff2c22 Downloading 35MB / 124MB
2025-07-08T02:19:08.457Z INFO  - 58896922d4dd Downloading 32MB / 120MB
2025-07-08T02:19:08.697Z INFO  - a97ad9ff2c22 Downloading 37MB / 124MB
2025-07-08T02:19:08.759Z INFO  - 58896922d4dd Downloading 33MB / 120MB
2025-07-08T02:19:08.811Z INFO  - a97ad9ff2c22 Downloading 38MB / 124MB
2025-07-08T02:19:08.811Z INFO  - dd71dde834b5 Extracting 35MB / 38MB
2025-07-08T02:19:08.850Z INFO  - 58896922d4dd Downloading 34MB / 120MB
2025-07-08T02:19:09.391Z INFO  - a97ad9ff2c22 Downloading 40MB / 124MB
2025-07-08T02:19:09.441Z INFO  - dd71dde834b5 Extracting 36MB / 38MB
2025-07-08T02:19:09.594Z INFO  - 58896922d4dd Downloading 39MB / 120MB
2025-07-08T02:19:09.634Z INFO  - a97ad9ff2c22 Downloading 43MB / 124MB
2025-07-08T02:19:09.675Z INFO  - 58896922d4dd Downloading 40MB / 120MB
2025-07-08T02:19:09.864Z INFO  - a97ad9ff2c22 Downloading 44MB / 124MB
2025-07-08T02:19:10.156Z INFO  - 58896922d4dd Downloading 46MB / 120MB
2025-07-08T02:19:10.277Z INFO  - a97ad9ff2c22 Downloading 50MB / 124MB
2025-07-08T02:19:10.338Z INFO  - 58896922d4dd Downloading 48MB / 120MB
2025-07-08T02:19:10.599Z INFO  - 58896922d4dd Downloading 51MB / 120MB
2025-07-08T02:19:10.760Z INFO  - a97ad9ff2c22 Downloading 55MB / 124MB
2025-07-08T02:19:10.760Z INFO  - 58896922d4dd Downloading 53MB / 120MB
2025-07-08T02:19:10.880Z INFO  - dd71dde834b5 Extracting 36MB / 38MB
2025-07-08T02:19:11.080Z INFO  - a97ad9ff2c22 Downloading 57MB / 124MB
2025-07-08T02:19:11.081Z INFO  - 58896922d4dd Downloading 57MB / 120MB
2025-07-08T02:19:11.393Z INFO  - a97ad9ff2c22 Downloading 60MB / 124MB
2025-07-08T02:19:11.676Z INFO  - a97ad9ff2c22 Downloading 62MB / 124MB
2025-07-08T02:19:11.827Z INFO  - 58896922d4dd Downloading 62MB / 120MB
2025-07-08T02:19:11.907Z INFO  - a97ad9ff2c22 Downloading 65MB / 124MB
2025-07-08T02:19:11.957Z INFO  - 58896922d4dd Downloading 64MB / 120MB
2025-07-08T02:19:12.208Z INFO  - 58896922d4dd Downloading 67MB / 120MB
2025-07-08T02:19:12.328Z INFO  - a97ad9ff2c22 Downloading 69MB / 124MB
2025-07-08T02:19:12.399Z INFO  - dd71dde834b5 Extracting 38MB / 38MB
2025-07-08T02:19:12.449Z INFO  - 58896922d4dd Downloading 70MB / 120MB
2025-07-08T02:19:12.568Z INFO  - a97ad9ff2c22 Downloading 72MB / 124MB
2025-07-08T02:19:12.577Z INFO  - 58896922d4dd Downloading 70MB / 120MB
2025-07-08T02:19:12.820Z INFO  - 58896922d4dd Downloading 73MB / 120MB
2025-07-08T02:19:12.869Z INFO  - a97ad9ff2c22 Downloading 74MB / 124MB
2025-07-08T02:19:12.960Z INFO  - a97ad9ff2c22 Downloading 77MB / 124MB
2025-07-08T02:19:12.991Z INFO  - dd71dde834b5 Pull complete
2025-07-08T02:19:13.062Z INFO  - a97ad9ff2c22 Downloading 80MB / 124MB
2025-07-08T02:19:13.130Z INFO  - 1e5a4c89cee5 Extracting 32KB / 1MB
2025-07-08T02:19:13.162Z INFO  - 58896922d4dd Downloading 77MB / 120MB
2025-07-08T02:19:13.313Z INFO  - a97ad9ff2c22 Downloading 83MB / 124MB
2025-07-08T02:19:13.402Z INFO  - 58896922d4dd Downloading 80MB / 120MB
2025-07-08T02:19:13.422Z INFO  - a97ad9ff2c22 Downloading 84MB / 124MB
2025-07-08T02:19:13.555Z INFO  - a97ad9ff2c22 Downloading 85MB / 124MB
2025-07-08T02:19:13.572Z INFO  - 58896922d4dd Downloading 82MB / 120MB
2025-07-08T02:19:13.824Z INFO  - 1e5a4c89cee5 Extracting 1MB / 1MB
2025-07-08T02:19:13.833Z INFO  - 1e5a4c89cee5 Pull complete
2025-07-08T02:19:13.837Z INFO  - 25ff2da83641 Extracting 446B / 446B
2025-07-08T02:19:13.856Z INFO  - 58896922d4dd Downloading 84MB / 120MB
2025-07-08T02:19:13.864Z INFO  - 25ff2da83641 Extracting 446B / 446B
2025-07-08T02:19:13.875Z INFO  - 25ff2da83641 Pull complete
2025-07-08T02:19:14.097Z INFO  - 58896922d4dd Downloading 86MB / 120MB
2025-07-08T02:19:14.098Z INFO  - ac2ca5948d43 Extracting 768KB / 18MB
2025-07-08T02:19:14.188Z INFO  - a97ad9ff2c22 Downloading 90MB / 124MB
2025-07-08T02:19:14.268Z INFO  - ac2ca5948d43 Extracting 1MB / 18MB
2025-07-08T02:19:14.599Z INFO  - ac2ca5948d43 Extracting 1MB / 18MB
2025-07-08T02:19:14.600Z INFO  - 58896922d4dd Downloading 89MB / 120MB
2025-07-08T02:19:14.600Z INFO  - ac2ca5948d43 Extracting 2MB / 18MB
2025-07-08T02:19:14.779Z INFO  - 58896922d4dd Downloading 91MB / 120MB
2025-07-08T02:19:14.871Z INFO  - a97ad9ff2c22 Downloading 92MB / 124MB
2025-07-08T02:19:15.012Z INFO  - 58896922d4dd Downloading 92MB / 120MB
2025-07-08T02:19:15.012Z INFO  - ac2ca5948d43 Extracting 6MB / 18MB
2025-07-08T02:19:15.495Z INFO  - ac2ca5948d43 Extracting 9MB / 18MB
2025-07-08T02:19:15.594Z INFO  - ac2ca5948d43 Extracting 9MB / 18MB
2025-07-08T02:19:15.755Z INFO  - 58896922d4dd Downloading 94MB / 120MB
2025-07-08T02:19:15.825Z INFO  - ac2ca5948d43 Extracting 11MB / 18MB
2025-07-08T02:19:16.107Z INFO  - a97ad9ff2c22 Downloading 97MB / 124MB
2025-07-08T02:19:16.107Z INFO  - ac2ca5948d43 Extracting 13MB / 18MB
2025-07-08T02:19:16.259Z INFO  - 58896922d4dd Downloading 96MB / 120MB
2025-07-08T02:19:16.310Z INFO  - ac2ca5948d43 Extracting 14MB / 18MB
2025-07-08T02:19:16.640Z INFO  - a97ad9ff2c22 Downloading 99MB / 124MB
2025-07-08T02:19:16.669Z INFO  - ac2ca5948d43 Extracting 17MB / 18MB
2025-07-08T02:19:16.710Z INFO  - 58896922d4dd Downloading 99MB / 120MB
2025-07-08T02:19:16.971Z INFO  - a97ad9ff2c22 Downloading 104MB / 124MB
2025-07-08T02:19:17.133Z INFO  - a97ad9ff2c22 Downloading 107MB / 124MB
2025-07-08T02:19:17.214Z INFO  - 58896922d4dd Downloading 103MB / 120MB
2025-07-08T02:19:17.425Z INFO  - 58896922d4dd Downloading 106MB / 120MB
2025-07-08T02:19:17.507Z INFO  - a97ad9ff2c22 Downloading 110MB / 124MB
2025-07-08T02:19:17.816Z INFO  - 58896922d4dd Downloading 108MB / 120MB
2025-07-08T02:19:17.967Z INFO  - a97ad9ff2c22 Downloading 112MB / 124MB
2025-07-08T02:19:18.138Z INFO  - 58896922d4dd Downloading 111MB / 120MB
2025-07-08T02:19:18.278Z INFO  - a97ad9ff2c22 Downloading 117MB / 124MB
2025-07-08T02:19:18.278Z INFO  - 58896922d4dd Downloading 113MB / 120MB
2025-07-08T02:19:18.399Z INFO  - ac2ca5948d43 Extracting 17MB / 18MB
2025-07-08T02:19:18.399Z INFO  - 58896922d4dd Downloading 115MB / 120MB
2025-07-08T02:19:18.451Z INFO  - a97ad9ff2c22 Downloading 119MB / 124MB
2025-07-08T02:19:18.679Z INFO  - a97ad9ff2c22 Downloading 120MB / 124MB
2025-07-08T02:19:18.812Z INFO  - 58896922d4dd Downloading 118MB / 120MB
2025-07-08T02:19:18.893Z INFO  - 58896922d4dd Verifying Checksum
2025-07-08T02:19:18.911Z INFO  - 58896922d4dd Download complete
2025-07-08T02:19:18.911Z INFO  - ac2ca5948d43 Extracting 18MB / 18MB
2025-07-08T02:19:18.924Z INFO  - a97ad9ff2c22 Verifying Checksum
2025-07-08T02:19:18.932Z INFO  - a97ad9ff2c22 Download complete
2025-07-08T02:19:18.933Z INFO  - ac2ca5948d43 Pull complete
2025-07-08T02:19:18.941Z INFO  - 7765d40eb400 Extracting 92B / 92B
2025-07-08T02:19:18.944Z INFO  - 7765d40eb400 Extracting 92B / 92B
2025-07-08T02:19:18.970Z INFO  - 7765d40eb400 Pull complete
2025-07-08T02:19:18.975Z INFO  - d1e636a18730 Extracting 462B / 462B
2025-07-08T02:19:18.985Z INFO  - d1e636a18730 Extracting 462B / 462B
2025-07-08T02:19:19.006Z INFO  - d1e636a18730 Pull complete
2025-07-08T02:19:19.008Z INFO  - 9d24bbb78b51 Extracting 980B / 980B
2025-07-08T02:19:19.017Z INFO  - 9d24bbb78b51 Extracting 980B / 980B
2025-07-08T02:19:19.026Z INFO  - 9d24bbb78b51 Pull complete
2025-07-08T02:19:19.045Z INFO  - 5e1cc80b2230 Extracting 59KB / 59KB
2025-07-08T02:19:19.065Z INFO  - 5e1cc80b2230 Pull complete
2025-07-08T02:19:19.678Z INFO  - a97ad9ff2c22 Extracting 544KB / 124MB
2025-07-08T02:19:20.030Z INFO  - a97ad9ff2c22 Extracting 1MB / 124MB
2025-07-08T02:19:23.493Z INFO  - a97ad9ff2c22 Extracting 3MB / 124MB
2025-07-08T02:19:23.892Z INFO  - a97ad9ff2c22 Extracting 5MB / 124MB
2025-07-08T02:19:24.466Z INFO  - a97ad9ff2c22 Extracting 8MB / 124MB
2025-07-08T02:19:24.627Z INFO  - a97ad9ff2c22 Extracting 10MB / 124MB
2025-07-08T02:19:24.958Z INFO  - a97ad9ff2c22 Extracting 12MB / 124MB
2025-07-08T02:19:25.401Z INFO  - a97ad9ff2c22 Extracting 15MB / 124MB
2025-07-08T02:19:25.702Z INFO  - a97ad9ff2c22 Extracting 17MB / 124MB
2025-07-08T02:19:25.825Z INFO  - a97ad9ff2c22 Extracting 18MB / 124MB
2025-07-08T02:19:26.134Z INFO  - a97ad9ff2c22 Extracting 20MB / 124MB
2025-07-08T02:19:26.398Z INFO  - a97ad9ff2c22 Extracting 22MB / 124MB
2025-07-08T02:19:26.651Z INFO  - a97ad9ff2c22 Extracting 24MB / 124MB
2025-07-08T02:19:27.223Z INFO  - a97ad9ff2c22 Extracting 28MB / 124MB
2025-07-08T02:19:27.696Z INFO  - a97ad9ff2c22 Extracting 30MB / 124MB
2025-07-08T02:19:27.757Z INFO  - a97ad9ff2c22 Extracting 32MB / 124MB
2025-07-08T02:19:28.713Z INFO  - a97ad9ff2c22 Extracting 38MB / 124MB
2025-07-08T02:19:28.812Z INFO  - a97ad9ff2c22 Extracting 40MB / 124MB
2025-07-08T02:19:29.295Z INFO  - a97ad9ff2c22 Extracting 42MB / 124MB
2025-07-08T02:19:29.296Z INFO  - a97ad9ff2c22 Extracting 43MB / 124MB
2025-07-08T02:19:29.777Z INFO  - a97ad9ff2c22 Extracting 45MB / 124MB
2025-07-08T02:19:29.949Z INFO  - a97ad9ff2c22 Extracting 47MB / 124MB
2025-07-08T02:19:30.082Z INFO  - a97ad9ff2c22 Extracting 48MB / 124MB
2025-07-08T02:19:30.392Z INFO  - a97ad9ff2c22 Extracting 50MB / 124MB
2025-07-08T02:19:30.652Z INFO  - a97ad9ff2c22 Extracting 52MB / 124MB
2025-07-08T02:19:31.068Z INFO  - a97ad9ff2c22 Extracting 55MB / 124MB
2025-07-08T02:19:31.352Z INFO  - a97ad9ff2c22 Extracting 57MB / 124MB
2025-07-08T02:19:32.135Z INFO  - a97ad9ff2c22 Extracting 63MB / 124MB
2025-07-08T02:19:32.670Z INFO  - a97ad9ff2c22 Extracting 65MB / 124MB
2025-07-08T02:19:32.963Z INFO  - a97ad9ff2c22 Extracting 67MB / 124MB
2025-07-08T02:19:33.202Z INFO  - a97ad9ff2c22 Extracting 69MB / 124MB
2025-07-08T02:19:34.229Z INFO  - a97ad9ff2c22 Extracting 78MB / 124MB
2025-07-08T02:19:34.499Z INFO  - a97ad9ff2c22 Extracting 80MB / 124MB
2025-07-08T02:19:34.621Z INFO  - a97ad9ff2c22 Extracting 82MB / 124MB
2025-07-08T02:19:35.176Z INFO  - a97ad9ff2c22 Extracting 85MB / 124MB
2025-07-08T02:19:35.449Z INFO  - a97ad9ff2c22 Extracting 87MB / 124MB
2025-07-08T02:19:36.075Z INFO  - a97ad9ff2c22 Extracting 92MB / 124MB
2025-07-08T02:19:36.989Z INFO  - a97ad9ff2c22 Extracting 94MB / 124MB
2025-07-08T02:19:37.725Z INFO  - a97ad9ff2c22 Extracting 95MB / 124MB
2025-07-08T02:19:39.444Z INFO  - a97ad9ff2c22 Extracting 97MB / 124MB
2025-07-08T02:19:39.645Z INFO  - a97ad9ff2c22 Extracting 97MB / 124MB
2025-07-08T02:19:40.188Z INFO  - a97ad9ff2c22 Extracting 99MB / 124MB
2025-07-08T02:19:40.276Z INFO  - a97ad9ff2c22 Extracting 99MB / 124MB
2025-07-08T02:19:40.719Z INFO  - a97ad9ff2c22 Extracting 102MB / 124MB
2025-07-08T02:19:41.061Z INFO  - a97ad9ff2c22 Extracting 104MB / 124MB
2025-07-08T02:19:42.327Z INFO  - a97ad9ff2c22 Extracting 106MB / 124MB
2025-07-08T02:19:42.328Z INFO  - a97ad9ff2c22 Extracting 107MB / 124MB
2025-07-08T02:19:42.328Z INFO  - a97ad9ff2c22 Extracting 107MB / 124MB
2025-07-08T02:19:42.328Z INFO  - a97ad9ff2c22 Extracting 109MB / 124MB
2025-07-08T02:19:42.338Z INFO  - a97ad9ff2c22 Extracting 109MB / 124MB
2025-07-08T02:19:43.394Z INFO  - a97ad9ff2c22 Extracting 112MB / 124MB
2025-07-08T02:19:43.829Z INFO  - a97ad9ff2c22 Extracting 112MB / 124MB
2025-07-08T02:19:45.194Z INFO  - a97ad9ff2c22 Extracting 114MB / 124MB
2025-07-08T02:19:45.297Z INFO  - a97ad9ff2c22 Extracting 114MB / 124MB
2025-07-08T02:19:45.425Z INFO  - a97ad9ff2c22 Extracting 115MB / 124MB
2025-07-08T02:19:46.300Z INFO  - a97ad9ff2c22 Extracting 116MB / 124MB
2025-07-08T02:19:46.642Z INFO  - a97ad9ff2c22 Extracting 117MB / 124MB
2025-07-08T02:19:47.619Z INFO  - a97ad9ff2c22 Extracting 119MB / 124MB
2025-07-08T02:19:47.700Z INFO  - a97ad9ff2c22 Extracting 120MB / 124MB
2025-07-08T02:19:47.979Z INFO  - a97ad9ff2c22 Extracting 122MB / 124MB
2025-07-08T02:19:48.092Z INFO  - a97ad9ff2c22 Extracting 122MB / 124MB
2025-07-08T02:19:48.685Z INFO  - a97ad9ff2c22 Extracting 124MB / 124MB
2025-07-08T02:19:49.228Z INFO  - a97ad9ff2c22 Pull complete
2025-07-08T02:19:49.266Z INFO  - 89155f6ad957 Extracting 2KB / 2KB
2025-07-08T02:19:49.296Z INFO  - 89155f6ad957 Extracting 2KB / 2KB
2025-07-08T02:19:49.309Z INFO  - 89155f6ad957 Pull complete
2025-07-08T02:19:49.700Z INFO  - ba191d9ae196 Extracting 512KB / 11MB
2025-07-08T02:19:50.273Z INFO  - ba191d9ae196 Extracting 3MB / 11MB
2025-07-08T02:19:51.409Z INFO  - ba191d9ae196 Extracting 8MB / 11MB
2025-07-08T02:19:51.943Z INFO  - ba191d9ae196 Extracting 9MB / 11MB
2025-07-08T02:19:52.132Z INFO  - ba191d9ae196 Extracting 10MB / 11MB
2025-07-08T02:19:52.335Z INFO  - ba191d9ae196 Extracting 11MB / 11MB
2025-07-08T02:19:52.516Z INFO  - ba191d9ae196 Extracting 11MB / 11MB
2025-07-08T02:19:52.561Z INFO  - ba191d9ae196 Pull complete
2025-07-08T02:19:52.617Z INFO  - b1e65257a889 Extracting 211KB / 211KB
2025-07-08T02:19:52.627Z INFO  - b1e65257a889 Pull complete
2025-07-08T02:19:52.629Z INFO  - fcca7ea0b85e Extracting 157B / 157B
2025-07-08T02:19:52.637Z INFO  - fcca7ea0b85e Extracting 157B / 157B
2025-07-08T02:19:52.686Z INFO  - fcca7ea0b85e Pull complete
2025-07-08T02:19:52.696Z INFO  - 058154288584 Extracting 448B / 448B
2025-07-08T02:19:52.705Z INFO  - 058154288584 Extracting 448B / 448B
2025-07-08T02:19:52.709Z INFO  - 058154288584 Pull complete
2025-07-08T02:19:52.716Z INFO  - 7b739878a00e Extracting 570B / 570B
2025-07-08T02:19:52.725Z INFO  - 7b739878a00e Extracting 570B / 570B
2025-07-08T02:19:52.745Z INFO  - 7b739878a00e Pull complete
2025-07-08T02:19:52.748Z INFO  - 4f4fb700ef54 Extracting 32B / 32B
2025-07-08T02:19:52.755Z INFO  - 4f4fb700ef54 Extracting 32B / 32B
2025-07-08T02:19:52.782Z INFO  - 4f4fb700ef54 Pull complete
2025-07-08T02:19:53.593Z INFO  - 58896922d4dd Extracting 544KB / 120MB
2025-07-08T02:19:54.147Z INFO  - 58896922d4dd Extracting 1MB / 120MB
2025-07-08T02:19:57.203Z INFO  - 58896922d4dd Extracting 3MB / 120MB
2025-07-08T02:19:57.344Z INFO  - 58896922d4dd Extracting 5MB / 120MB
2025-07-08T02:19:57.918Z INFO  - 58896922d4dd Extracting 7MB / 120MB
2025-07-08T02:19:58.351Z INFO  - 58896922d4dd Extracting 10MB / 120MB
2025-07-08T02:19:58.401Z INFO  - 58896922d4dd Extracting 12MB / 120MB
2025-07-08T02:19:58.875Z INFO  - 58896922d4dd Extracting 14MB / 120MB
2025-07-08T02:19:59.538Z INFO  - 58896922d4dd Extracting 19MB / 120MB
2025-07-08T02:19:59.939Z INFO  - 58896922d4dd Extracting 21MB / 120MB
2025-07-08T02:20:00.684Z INFO  - 58896922d4dd Extracting 29MB / 120MB
2025-07-08T02:20:00.918Z INFO  - 58896922d4dd Extracting 31MB / 120MB
2025-07-08T02:20:01.029Z INFO  - 58896922d4dd Extracting 32MB / 120MB
2025-07-08T02:20:01.260Z INFO  - 58896922d4dd Extracting 34MB / 120MB
2025-07-08T02:20:01.510Z INFO  - 58896922d4dd Extracting 36MB / 120MB
2025-07-08T02:20:01.852Z INFO  - 58896922d4dd Extracting 36MB / 120MB
2025-07-08T02:20:02.326Z INFO  - 58896922d4dd Extracting 37MB / 120MB
2025-07-08T02:20:03.150Z INFO  - 58896922d4dd Extracting 39MB / 120MB
2025-07-08T02:20:03.583Z INFO  - 58896922d4dd Extracting 40MB / 120MB
2025-07-08T02:20:03.953Z INFO  - 58896922d4dd Extracting 41MB / 120MB
2025-07-08T02:20:04.708Z INFO  - 58896922d4dd Extracting 44MB / 120MB
2025-07-08T02:20:05.212Z INFO  - 58896922d4dd Extracting 45MB / 120MB
2025-07-08T02:20:05.401Z INFO  - 58896922d4dd Extracting 46MB / 120MB
2025-07-08T02:20:06.156Z INFO  - 58896922d4dd Extracting 48MB / 120MB
2025-07-08T02:20:06.446Z INFO  - 58896922d4dd Extracting 51MB / 120MB
2025-07-08T02:20:07.161Z INFO  - 58896922d4dd Extracting 53MB / 120MB
2025-07-08T02:20:07.179Z INFO  - 58896922d4dd Extracting 55MB / 120MB
2025-07-08T02:20:07.503Z INFO  - 58896922d4dd Extracting 57MB / 120MB
2025-07-08T02:20:07.595Z INFO  - 58896922d4dd Extracting 58MB / 120MB
2025-07-08T02:20:07.857Z INFO  - 58896922d4dd Extracting 60MB / 120MB
2025-07-08T02:20:08.302Z INFO  - 58896922d4dd Extracting 62MB / 120MB
2025-07-08T02:20:08.392Z INFO  - 58896922d4dd Extracting 63MB / 120MB
2025-07-08T02:20:09.431Z INFO  - 58896922d4dd Extracting 67MB / 120MB
2025-07-08T02:20:10.054Z INFO  - 58896922d4dd Extracting 70MB / 120MB
2025-07-08T02:20:10.345Z INFO  - 58896922d4dd Extracting 72MB / 120MB
2025-07-08T02:20:10.755Z INFO  - 58896922d4dd Extracting 77MB / 120MB
2025-07-08T02:20:11.571Z INFO  - 58896922d4dd Extracting 82MB / 120MB
2025-07-08T02:20:12.375Z INFO  - 58896922d4dd Extracting 89MB / 120MB
2025-07-08T02:20:12.769Z INFO  - 58896922d4dd Extracting 91MB / 120MB
2025-07-08T02:20:13.763Z INFO  - 58896922d4dd Extracting 94MB / 120MB
2025-07-08T02:20:14.679Z INFO  - 58896922d4dd Extracting 94MB / 120MB
2025-07-08T02:20:16.708Z INFO  - 58896922d4dd Extracting 96MB / 120MB
2025-07-08T02:20:17.001Z INFO  - 58896922d4dd Extracting 96MB / 120MB
2025-07-08T02:20:17.635Z INFO  - 58896922d4dd Extracting 98MB / 120MB
2025-07-08T02:20:17.806Z INFO  - 58896922d4dd Extracting 99MB / 120MB
2025-07-08T02:20:18.040Z INFO  - 58896922d4dd Extracting 100MB / 120MB
2025-07-08T02:20:18.281Z INFO  - 58896922d4dd Extracting 102MB / 120MB
2025-07-08T02:20:18.675Z INFO  - 58896922d4dd Extracting 103MB / 120MB
2025-07-08T02:20:19.038Z INFO  - 58896922d4dd Extracting 105MB / 120MB
2025-07-08T02:20:19.169Z INFO  - 58896922d4dd Extracting 106MB / 120MB
2025-07-08T02:20:19.308Z INFO  - 58896922d4dd Extracting 106MB / 120MB
2025-07-08T02:20:19.893Z INFO  - 58896922d4dd Extracting 108MB / 120MB
2025-07-08T02:20:20.213Z INFO  - 58896922d4dd Extracting 108MB / 120MB
2025-07-08T02:20:21.419Z INFO  - 58896922d4dd Extracting 110MB / 120MB
2025-07-08T02:20:21.720Z INFO  - 58896922d4dd Extracting 111MB / 120MB
2025-07-08T02:20:21.863Z INFO  - 58896922d4dd Extracting 111MB / 120MB
2025-07-08T02:20:22.758Z INFO  - 58896922d4dd Extracting 113MB / 120MB
2025-07-08T02:20:23.795Z INFO  - 58896922d4dd Extracting 113MB / 120MB
2025-07-08T02:20:25.354Z INFO  - 58896922d4dd Extracting 120MB / 120MB
2025-07-08T02:20:25.748Z INFO  - 58896922d4dd Pull complete
2025-07-08T02:20:25.815Z INFO  -  Digest: sha256:3a925ba311bb69e4fa268ad481479761d3467d3658dffae516965beaaedb6d04
2025-07-08T02:20:25.818Z INFO  -  Status: Downloaded newer image for ayumu277/chatbot-app:latest
2025-07-08T02:20:25.871Z INFO  - Pull Image successful, Time taken: 94 Seconds
2025-07-08T02:20:26.124Z INFO  - Starting container for site
2025-07-08T02:20:26.124Z INFO  - docker run -d --expose=8080 --name chatbot-app-container_0_860637dd -e WEBSITE_USE_DIAGNOSTIC_SERVER=false -e PORT=8080 -e WEBSITES_ENABLE_APP_SERVICE_STORAGE=false -e WEBSITES_PORT=8080 -e DOCKER_CUSTOM_IMAGE_NAME=DOCKER|ghcr.io/johnpolison/chatbot-app:latest -e WEBSITE_SITE_NAME=chatbot-app-container -e WEBSITE_AUTH_ENABLED=False -e WEBSITE_ROLE_INSTANCE_ID=0 -e WEBSITE_HOSTNAME=chatbot-app-container-fse7g9cnf8hfgpej.japaneast-01.azurewebsites.net -e WEBSITE_INSTANCE_ID=bbe0c1679a19ba8fd1fa505da74db8edf8238151acc6ce245671615ed86b4e41 -e HTTP_LOGGING_ENABLED=1 docker.io/ayumu277/chatbot-app:latest REDACTED
2025-07-08T02:20:28.571Z INFO  - Initiating warmup request to container chatbot-app-container_0_860637dd for site chatbot-app-container
2025-07-08T02:20:47.833Z INFO  - Waiting for response to warmup request for container chatbot-app-container_0_860637dd. Elapsed time = 19.2617015 sec
2025-07-08T02:20:55.399Z ERROR - Container chatbot-app-container_0_860637dd for site chatbot-app-container has exited, failing site start
2025-07-08T02:20:55.428Z ERROR - Container chatbot-app-container_0_860637dd didn't respond to HTTP pings on port: 8080. Failing site start. See container logs for debugging.
2025-07-08T02:20:55.446Z INFO  - Stopping site chatbot-app-container because it failed during startup.
