2025-07-10T17:36:44.2089027Z     __ __          __      __    _ __     
2025-07-10T17:36:44.2178604Z    / //_/_  _ ____/ /_  __/ /   (_) /____ 
2025-07-10T17:36:44.2178781Z   / ,< / / / / __  / / / / /   / / __/ _  
2025-07-10T17:36:44.2178814Z  / /| / /_/ / /_/ / /_/ / /___/ / /_/  __/
2025-07-10T17:36:44.2178844Z /_/ |_\__,_/\__,_/\__,_/_____/_/\__/\___/ 
2025-07-10T17:36:44.2185009Z 
2025-07-10T17:36:44.2185180Z                                           
2025-07-10T17:36:44.2185251Z DEBUG CONSOLE | AZURE APP SERVICE ON LINUX
2025-07-10T17:36:44.2185277Z 
2025-07-10T17:36:44.2185321Z Documentation: http://aka.ms/webapp-linux
2025-07-10T17:36:44.2185349Z Kudu Version : 20250623.5
2025-07-10T17:36:44.2185383Z Commit       : 353543ec4c45fcbfd4750522d32c94e23b31927a
2025-07-10T17:36:44.2185403Z 
2025-07-10T17:36:44.8589731Z chown: changing ownership of '/temp': Operation not permitted
2025-07-10T17:36:44.8685217Z chmod: changing permissions of '/temp': Operation not permitted
2025-07-10T17:36:46.9863350Z Restarting OpenBSD Secure Shell server: sshd.
2025-07-10T17:36:47.0662633Z node not running, starting node /opt/webssh/index.js
2025-07-10T17:36:57.3223631Z Thu Jul 10 17:36:57 UTC 2025 running .net core
2025-07-10T17:36:58.6778110Z Startup : 05.36.58.659161
2025-07-10T17:36:58.7004155Z Configure Services : 05.36.58.700236
2025-07-10T17:36:59.0611544Z Configure : 05.36.59.060841
2025-07-10T17:36:59.3624256Z Setting Up Routes : 05.36.59.362200
2025-07-10T17:36:59.9044398Z Exiting Configure : 05.36.59.904284
2025-07-10T17:37:00.1161637Z Hosting environment: Production
2025-07-10T17:37:00.1162773Z Content root path: /opt/Kudu
2025-07-10T17:37:00.1172228Z Now listening on: http://0.0.0.0:8181
2025-07-10T17:37:00.1174451Z Application started. Press Ctrl+C to shut down.
2025-07-10T17:37:16.7412146Z chown: changing ownership of '/temp': Operation not permitted
2025-07-10T17:37:16.7413566Z chmod: changing permissions of '/temp': Operation not permitted
2025-07-10T17:37:17.0828166Z     __ __          __      __    _ __     
2025-07-10T17:37:17.0828551Z    / //_/_  _ ____/ /_  __/ /   (_) /____ 
2025-07-10T17:37:17.0828617Z   / ,< / / / / __  / / / / /   / / __/ _  
2025-07-10T17:37:17.0828641Z  / /| / /_/ / /_/ / /_/ / /___/ / /_/  __/
2025-07-10T17:37:17.0828663Z /_/ |_\__,_/\__,_/\__,_/_____/_/\__/\___/ 
2025-07-10T17:37:17.0828713Z 
2025-07-10T17:37:17.0828742Z                                           
2025-07-10T17:37:17.0828763Z DEBUG CONSOLE | AZURE APP SERVICE ON LINUX
2025-07-10T17:37:17.0828781Z 
2025-07-10T17:37:17.0828823Z Documentation: http://aka.ms/webapp-linux
2025-07-10T17:37:17.0828846Z Kudu Version : 20250623.5
2025-07-10T17:37:17.0828868Z Commit       : 353543ec4c45fcbfd4750522d32c94e23b31927a
2025-07-10T17:37:17.0828905Z 
2025-07-10T17:37:19.8399833Z Restarting OpenBSD Secure Shell server: sshd.
2025-07-10T17:37:20.0314539Z node not running, starting node /opt/webssh/index.js
2025-07-10T17:37:33.5399151Z Thu Jul 10 17:37:33 UTC 2025 running .net core
2025-07-10T17:37:35.9911113Z Startup : 05.37.35.960623
2025-07-10T17:37:36.0800039Z Configure Services : 05.37.36.050200
2025-07-10T17:37:36.9048076Z Configure : 05.37.36.896800
2025-07-10T17:37:37.8207985Z Setting Up Routes : 05.37.37.809581
2025-07-10T17:37:39.0976422Z Exiting Configure : 05.37.39.097454
2025-07-10T17:37:39.9804498Z Hosting environment: Production
2025-07-10T17:37:39.9804704Z Content root path: /opt/Kudu
2025-07-10T17:37:39.9804732Z Now listening on: http://0.0.0.0:8181
2025-07-10T17:37:39.9804760Z Application started. Press Ctrl+C to shut down.
2025-07-10T17:48:40.0133477Z     __ __          __      __    _ __     
2025-07-10T17:48:40.0343292Z    / //_/_  _ ____/ /_  __/ /   (_) /____ 
2025-07-10T17:48:40.0915700Z   / ,< / / / / __  / / / / /   / / __/ _  
2025-07-10T17:48:40.0915888Z  / /| / /_/ / /_/ / /_/ / /___/ / /_/  __/
2025-07-10T17:48:40.0915912Z /_/ |_\__,_/\__,_/\__,_/_____/_/\__/\___/ 
2025-07-10T17:48:40.0915951Z 
2025-07-10T17:48:40.0916002Z                                           
2025-07-10T17:48:40.0916021Z DEBUG CONSOLE | AZURE APP SERVICE ON LINUX
2025-07-10T17:48:40.0916211Z 
2025-07-10T17:48:40.0916267Z Documentation: http://aka.ms/webapp-linux
2025-07-10T17:48:40.0916289Z Kudu Version : 20250623.5
2025-07-10T17:48:40.0916312Z Commit       : 353543ec4c45fcbfd4750522d32c94e23b31927a
2025-07-10T17:48:40.0916329Z 
2025-07-10T17:48:41.2796895Z chown: changing ownership of '/temp': Operation not permitted
2025-07-10T17:48:41.2887095Z chmod: changing permissions of '/temp': Operation not permitted
2025-07-10T17:48:45.6575770Z Restarting OpenBSD Secure Shell server: sshd.
2025-07-10T17:48:45.8907139Z node not running, starting node /opt/webssh/index.js
2025-07-10T17:48:54.5522687Z Thu Jul 10 17:48:54 UTC 2025 running .net core
2025-07-10T17:48:55.3616121Z Startup : 05.48.55.342501
2025-07-10T17:48:55.3810392Z Configure Services : 05.48.55.380871
2025-07-10T17:48:55.7111904Z Configure : 05.48.55.711015
2025-07-10T17:48:56.1144741Z Setting Up Routes : 05.48.56.114298
2025-07-10T17:48:56.9268966Z Exiting Configure : 05.48.56.926730
2025-07-10T17:48:57.1962049Z Hosting environment: Production
2025-07-10T17:48:57.1965381Z Content root path: /opt/Kudu
2025-07-10T17:48:57.1965498Z Now listening on: http://0.0.0.0:8181
2025-07-10T17:48:57.1965568Z Application started. Press Ctrl+C to shut down.
2025-07-10T17:59:19.5599868Z     __ __          __      __    _ __     
2025-07-10T17:59:19.5601271Z    / //_/_  _ ____/ /_  __/ /   (_) /____ 
2025-07-10T17:59:19.5601310Z   / ,< / / / / __  / / / / /   / / __/ _  
2025-07-10T17:59:19.5601330Z  / /| / /_/ / /_/ / /_/ / /___/ / /_/  __/
2025-07-10T17:59:19.5601349Z /_/ |_\__,_/\__,_/\__,_/_____/_/\__/\___/ 
2025-07-10T17:59:19.5601423Z 
2025-07-10T17:59:19.5601448Z                                           
2025-07-10T17:59:19.5601466Z DEBUG CONSOLE | AZURE APP SERVICE ON LINUX
2025-07-10T17:59:19.5601483Z 
2025-07-10T17:59:19.5601504Z Documentation: http://aka.ms/webapp-linux
2025-07-10T17:59:19.5601524Z Kudu Version : 20250623.5
2025-07-10T17:59:19.5601544Z Commit       : 353543ec4c45fcbfd4750522d32c94e23b31927a
2025-07-10T17:59:19.5601561Z 
2025-07-10T17:59:20.3042498Z chown: changing ownership of '/temp': Operation not permitted
2025-07-10T17:59:20.3139821Z chmod: changing permissions of '/temp': Operation not permitted
2025-07-10T17:59:22.8558752Z Restarting OpenBSD Secure Shell server: sshd.
2025-07-10T17:59:22.9472416Z node not running, starting node /opt/webssh/index.js
2025-07-10T17:59:31.0171776Z Thu Jul 10 17:59:31 UTC 2025 running .net core
2025-07-10T17:59:31.9657842Z Startup : 05.59.31.952962
2025-07-10T17:59:31.9864119Z Configure Services : 05.59.31.986241
2025-07-10T17:59:32.3252312Z Configure : 05.59.32.325074
2025-07-10T17:59:32.7077935Z Setting Up Routes : 05.59.32.707639
2025-07-10T17:59:33.3601259Z Exiting Configure : 05.59.33.359977
2025-07-10T17:59:33.6308403Z Hosting environment: Production
2025-07-10T17:59:33.6318943Z Content root path: /opt/Kudu
2025-07-10T17:59:33.6329139Z Now listening on: http://0.0.0.0:8181
2025-07-10T17:59:33.6407038Z Application started. Press Ctrl+C to shut down.
2025-07-10T18:14:11.2878334Z     __ __          __      __    _ __     
2025-07-10T18:14:11.2928998Z    / //_/_  _ ____/ /_  __/ /   (_) /____ 
2025-07-10T18:14:11.2929138Z   / ,< / / / / __  / / / / /   / / __/ _  
2025-07-10T18:14:11.2929162Z  / /| / /_/ / /_/ / /_/ / /___/ / /_/  __/
2025-07-10T18:14:11.2929186Z /_/ |_\__,_/\__,_/\__,_/_____/_/\__/\___/ 
2025-07-10T18:14:11.2929227Z 
2025-07-10T18:14:11.2929289Z                                           
2025-07-10T18:14:11.2929308Z DEBUG CONSOLE | AZURE APP SERVICE ON LINUX
2025-07-10T18:14:11.2929325Z 
2025-07-10T18:14:11.2929345Z Documentation: http://aka.ms/webapp-linux
2025-07-10T18:14:11.2929366Z Kudu Version : 20250623.5
2025-07-10T18:14:11.2929388Z Commit       : 353543ec4c45fcbfd4750522d32c94e23b31927a
2025-07-10T18:14:11.2929406Z 
2025-07-10T18:14:11.4595448Z chown: changing ownership of '/temp': Operation not permitted
2025-07-10T18:14:11.4700670Z chmod: changing permissions of '/temp': Operation not permitted
2025-07-10T18:14:13.1825989Z Restarting OpenBSD Secure Shell server: sshd.
2025-07-10T18:14:13.2575966Z node not running, starting node /opt/webssh/index.js
2025-07-10T18:14:21.4248228Z Thu Jul 10 18:14:21 UTC 2025 running .net core
2025-07-10T18:14:22.2386960Z Startup : 06.14.22.220158
2025-07-10T18:14:22.2518908Z Configure Services : 06.14.22.251727
2025-07-10T18:14:22.5332150Z Configure : 06.14.22.533051
2025-07-10T18:14:22.8943049Z Setting Up Routes : 06.14.22.894146
2025-07-10T18:14:23.9799930Z Exiting Configure : 06.14.23.979806
2025-07-10T18:14:24.2302561Z Hosting environment: Production
2025-07-10T18:14:24.2404165Z Content root path: /opt/Kudu
2025-07-10T18:14:24.2404515Z Now listening on: http://0.0.0.0:8181
2025-07-10T18:14:24.2404551Z Application started. Press Ctrl+C to shut down.
2025-07-10T18:30:40.2700196Z     __ __          __      __    _ __     
2025-07-10T18:30:40.2901474Z    / //_/_  _ ____/ /_  __/ /   (_) /____ 
2025-07-10T18:30:40.2901616Z   / ,< / / / / __  / / / / /   / / __/ _  
2025-07-10T18:30:40.2901644Z  / /| / /_/ / /_/ / /_/ / /___/ / /_/  __/
2025-07-10T18:30:40.2901664Z /_/ |_\__,_/\__,_/\__,_/_____/_/\__/\___/ 
2025-07-10T18:30:40.2901726Z 
2025-07-10T18:30:40.2901754Z                                           
2025-07-10T18:30:40.2901772Z DEBUG CONSOLE | AZURE APP SERVICE ON LINUX
2025-07-10T18:30:40.2901788Z 
2025-07-10T18:30:40.2901810Z Documentation: http://aka.ms/webapp-linux
2025-07-10T18:30:40.2901829Z Kudu Version : 20250623.5
2025-07-10T18:30:40.2901851Z Commit       : 353543ec4c45fcbfd4750522d32c94e23b31927a
2025-07-10T18:30:40.2901867Z 
2025-07-10T18:30:41.5959426Z chown: changing ownership of '/temp': Operation not permitted
2025-07-10T18:30:41.6061097Z chmod: changing permissions of '/temp': Operation not permitted
2025-07-10T18:30:48.2720382Z Restarting OpenBSD Secure Shell server: sshd.
2025-07-10T18:30:48.4923912Z node not running, starting node /opt/webssh/index.js
2025-07-10T18:31:09.4595483Z Thu Jul 10 18:31:09 UTC 2025 running .net core
2025-07-10T18:31:14.0885232Z Startup : 06.31.14.039077
2025-07-10T18:31:14.2182882Z Configure Services : 06.31.14.218094
2025-07-10T18:31:15.0344844Z Configure : 06.31.15.034315
2025-07-10T18:31:16.0088911Z Setting Up Routes : 06.31.16.008724
2025-07-10T18:31:17.7496009Z Exiting Configure : 06.31.17.749452
2025-07-10T18:31:18.4218975Z Hosting environment: Production
2025-07-10T18:31:18.4225764Z Content root path: /opt/Kudu
2025-07-10T18:31:18.4231220Z Now listening on: http://0.0.0.0:8181
2025-07-10T18:31:18.4410749Z Application started. Press Ctrl+C to shut down.
2025-07-10T18:34:17.1167556Z     __ __          __      __    _ __     
2025-07-10T18:34:17.1245770Z    / //_/_  _ ____/ /_  __/ /   (_) /____ 
2025-07-10T18:34:17.1245915Z   / ,< / / / / __  / / / / /   / / __/ _  
2025-07-10T18:34:17.1245939Z  / /| / /_/ / /_/ / /_/ / /___/ / /_/  __/
2025-07-10T18:34:17.1245959Z /_/ |_\__,_/\__,_/\__,_/_____/_/\__/\___/ 
2025-07-10T18:34:17.1245990Z 
2025-07-10T18:34:17.1246022Z                                           
2025-07-10T18:34:17.1246077Z DEBUG CONSOLE | AZURE APP SERVICE ON LINUX
2025-07-10T18:34:17.1246094Z 
2025-07-10T18:34:17.1246114Z Documentation: http://aka.ms/webapp-linux
2025-07-10T18:34:17.1246135Z Kudu Version : 20250623.5
2025-07-10T18:34:17.1246156Z Commit       : 353543ec4c45fcbfd4750522d32c94e23b31927a
2025-07-10T18:34:17.1246173Z 
2025-07-10T18:34:18.5832116Z chown: changing ownership of '/temp': Operation not permitted
2025-07-10T18:34:18.5832379Z chmod: changing permissions of '/temp': Operation not permitted
2025-07-10T18:34:19.5376830Z Restarting OpenBSD Secure Shell server: sshd.
2025-07-10T18:34:19.6384294Z node not running, starting node /opt/webssh/index.js
2025-07-10T18:34:32.7475119Z Thu Jul 10 18:34:32 UTC 2025 running .net core
2025-07-10T18:34:35.0283014Z Startup : 06.34.34.987449
2025-07-10T18:34:35.1271934Z Configure Services : 06.34.35.110248
2025-07-10T18:34:36.0235379Z Configure : 06.34.36.023365
2025-07-10T18:34:36.8966470Z Setting Up Routes : 06.34.36.888046
2025-07-10T18:34:38.4570453Z Exiting Configure : 06.34.38.456898
2025-07-10T18:34:39.1519000Z Hosting environment: Production
2025-07-10T18:34:39.1606547Z Content root path: /opt/Kudu
2025-07-10T18:34:39.1614223Z Now listening on: http://0.0.0.0:8181
2025-07-10T18:34:39.1618322Z Application started. Press Ctrl+C to shut down.
2025-07-10T18:42:38.1319996Z     __ __          __      __    _ __     
2025-07-10T18:42:38.1325130Z    / //_/_  _ ____/ /_  __/ /   (_) /____ 
2025-07-10T18:42:38.1325212Z   / ,< / / / / __  / / / / /   / / __/ _  
2025-07-10T18:42:38.1325287Z  / /| / /_/ / /_/ / /_/ / /___/ / /_/  __/
2025-07-10T18:42:38.1325309Z /_/ |_\__,_/\__,_/\__,_/_____/_/\__/\___/ 
2025-07-10T18:42:38.1325334Z 
2025-07-10T18:42:38.1325367Z                                           
2025-07-10T18:42:38.1325386Z DEBUG CONSOLE | AZURE APP SERVICE ON LINUX
2025-07-10T18:42:38.1325406Z 
2025-07-10T18:42:38.1325425Z Documentation: http://aka.ms/webapp-linux
2025-07-10T18:42:38.1325463Z Kudu Version : 20250623.5
2025-07-10T18:42:38.1325486Z Commit       : 353543ec4c45fcbfd4750522d32c94e23b31927a
2025-07-10T18:42:38.1325503Z 
2025-07-10T18:42:39.3399432Z chown: changing ownership of '/temp': Operation not permitted
2025-07-10T18:42:39.3489511Z chmod: changing permissions of '/temp': Operation not permitted
2025-07-10T18:42:43.2231061Z Restarting OpenBSD Secure Shell server: sshd.
2025-07-10T18:42:43.3645916Z node not running, starting node /opt/webssh/index.js
2025-07-10T18:43:34.9727272Z     __ __          __      __    _ __     
2025-07-10T18:43:34.9728440Z    / //_/_  _ ____/ /_  __/ /   (_) /____ 
2025-07-10T18:43:34.9728479Z   / ,< / / / / __  / / / / /   / / __/ _  
2025-07-10T18:43:34.9728499Z  / /| / /_/ / /_/ / /_/ / /___/ / /_/  __/
2025-07-10T18:43:34.9728519Z /_/ |_\__,_/\__,_/\__,_/_____/_/\__/\___/ 
2025-07-10T18:43:34.9728546Z 
2025-07-10T18:43:34.9728571Z                                           
2025-07-10T18:43:34.9728589Z DEBUG CONSOLE | AZURE APP SERVICE ON LINUX
2025-07-10T18:43:34.9728607Z 
2025-07-10T18:43:34.9728643Z Documentation: http://aka.ms/webapp-linux
2025-07-10T18:43:34.9728664Z Kudu Version : 20250623.5
2025-07-10T18:43:34.9728685Z Commit       : 353543ec4c45fcbfd4750522d32c94e23b31927a
2025-07-10T18:43:34.9728702Z 
2025-07-10T18:43:35.9922576Z chown: changing ownership of '/temp': Operation not permitted
2025-07-10T18:43:36.0025055Z chmod: changing permissions of '/temp': Operation not permitted
2025-07-10T18:43:38.9147186Z Restarting OpenBSD Secure Shell server: sshd.
2025-07-10T18:43:39.0061121Z node not running, starting node /opt/webssh/index.js
2025-07-10T18:43:48.4015751Z Thu Jul 10 18:43:48 UTC 2025 running .net core
2025-07-10T18:43:49.8324697Z Startup : 06.43.49.812984
2025-07-10T18:43:49.9014076Z Configure Services : 06.43.49.884314
2025-07-10T18:43:50.2360105Z Configure : 06.43.50.235845
2025-07-10T18:43:50.7181620Z Setting Up Routes : 06.43.50.718011
2025-07-10T18:43:51.5292719Z Exiting Configure : 06.43.51.529126
2025-07-10T18:43:51.7190998Z Hosting environment: Production
2025-07-10T18:43:51.7195443Z Content root path: /opt/Kudu
2025-07-10T18:43:51.7198522Z Now listening on: http://0.0.0.0:8181
2025-07-10T18:43:51.7200383Z Application started. Press Ctrl+C to shut down.
2025-07-10T18:47:00.8450717Z     __ __          __      __    _ __     
2025-07-10T18:47:00.8452302Z    / //_/_  _ ____/ /_  __/ /   (_) /____ 
2025-07-10T18:47:00.8452354Z   / ,< / / / / __  / / / / /   / / __/ _  
2025-07-10T18:47:00.8452440Z  / /| / /_/ / /_/ / /_/ / /___/ / /_/  __/
2025-07-10T18:47:00.8452461Z /_/ |_\__,_/\__,_/\__,_/_____/_/\__/\___/ 
2025-07-10T18:47:00.8452487Z 
2025-07-10T18:47:00.8452511Z                                           
2025-07-10T18:47:00.8452534Z DEBUG CONSOLE | AZURE APP SERVICE ON LINUX
2025-07-10T18:47:00.8452551Z 
2025-07-10T18:47:00.8452572Z Documentation: http://aka.ms/webapp-linux
2025-07-10T18:47:00.8452606Z Kudu Version : 20250623.5
2025-07-10T18:47:00.8452628Z Commit       : 353543ec4c45fcbfd4750522d32c94e23b31927a
2025-07-10T18:47:00.8452646Z 
2025-07-10T18:47:02.4239256Z chown: changing ownership of '/temp': Operation not permitted
2025-07-10T18:47:02.4239598Z chmod: changing permissions of '/temp': Operation not permitted
2025-07-10T18:47:04.5750036Z Restarting OpenBSD Secure Shell server: sshd.
2025-07-10T18:47:04.6539187Z node not running, starting node /opt/webssh/index.js
2025-07-10T18:47:20.1721366Z Thu Jul 10 18:47:20 UTC 2025 running .net core
2025-07-10T18:47:23.4265983Z Startup : 06.47.23.298045
2025-07-10T18:47:23.4971928Z Configure Services : 06.47.23.488951
2025-07-10T18:47:25.1078742Z Configure : 06.47.25.107710
2025-07-10T18:47:28.6037026Z Setting Up Routes : 06.47.28.582398
2025-07-10T18:47:31.0251630Z Exiting Configure : 06.47.31.005813
2025-07-10T18:47:33.2431119Z Hosting environment: Production
2025-07-10T18:47:33.2432587Z Content root path: /opt/Kudu
2025-07-10T18:47:33.2432668Z Now listening on: http://0.0.0.0:8181
2025-07-10T18:47:33.2432706Z Application started. Press Ctrl+C to shut down.
2025-07-10T18:49:29.0856873Z     __ __          __      __    _ __     
2025-07-10T18:49:29.0858454Z    / //_/_  _ ____/ /_  __/ /   (_) /____ 
2025-07-10T18:49:29.0858498Z   / ,< / / / / __  / / / / /   / / __/ _  
2025-07-10T18:49:29.0858520Z  / /| / /_/ / /_/ / /_/ / /___/ / /_/  __/
2025-07-10T18:49:29.0858539Z /_/ |_\__,_/\__,_/\__,_/_____/_/\__/\___/ 
2025-07-10T18:49:29.0858569Z 
2025-07-10T18:49:29.0858596Z                                           
2025-07-10T18:49:29.0858664Z DEBUG CONSOLE | AZURE APP SERVICE ON LINUX
2025-07-10T18:49:29.0858680Z 
2025-07-10T18:49:29.0858701Z Documentation: http://aka.ms/webapp-linux
2025-07-10T18:49:29.0858719Z Kudu Version : 20250623.5
2025-07-10T18:49:29.0858740Z Commit       : 353543ec4c45fcbfd4750522d32c94e23b31927a
2025-07-10T18:49:29.0858756Z 
2025-07-10T18:49:29.7152561Z chown: changing ownership of '/temp': Operation not permitted
2025-07-10T18:49:29.7246765Z chmod: changing permissions of '/temp': Operation not permitted
2025-07-10T18:49:31.0933188Z Restarting OpenBSD Secure Shell server: sshd.
2025-07-10T18:49:31.2537473Z node not running, starting node /opt/webssh/index.js
2025-07-10T18:49:38.8579210Z Thu Jul 10 18:49:38 UTC 2025 running .net core
2025-07-10T18:49:40.0536446Z Startup : 06.49.40.042165
2025-07-10T18:49:40.0820441Z Configure Services : 06.49.40.073933
2025-07-10T18:49:40.6054256Z Configure : 06.49.40.605187
2025-07-10T18:49:40.9165125Z Setting Up Routes : 06.49.40.916338
2025-07-10T18:49:41.8077989Z Exiting Configure : 06.49.41.755330
2025-07-10T18:49:42.1778560Z Hosting environment: Production
2025-07-10T18:49:42.1779572Z Content root path: /opt/Kudu
2025-07-10T18:49:42.1781137Z Now listening on: http://0.0.0.0:8181
2025-07-10T18:49:42.1781400Z Application started. Press Ctrl+C to shut down.
2025-07-10T18:52:37.8975697Z     __ __          __      __    _ __     
2025-07-10T18:52:37.8976747Z    / //_/_  _ ____/ /_  __/ /   (_) /____ 
2025-07-10T18:52:37.8976782Z   / ,< / / / / __  / / / / /   / / __/ _  
2025-07-10T18:52:37.8976801Z  / /| / /_/ / /_/ / /_/ / /___/ / /_/  __/
2025-07-10T18:52:37.8976839Z /_/ |_\__,_/\__,_/\__,_/_____/_/\__/\___/ 
2025-07-10T18:52:37.8976862Z 
2025-07-10T18:52:37.8976887Z                                           
2025-07-10T18:52:37.8976906Z DEBUG CONSOLE | AZURE APP SERVICE ON LINUX
2025-07-10T18:52:37.8976922Z 
2025-07-10T18:52:37.8976942Z Documentation: http://aka.ms/webapp-linux
2025-07-10T18:52:37.8976961Z Kudu Version : 20250623.5
2025-07-10T18:52:37.8976982Z Commit       : 353543ec4c45fcbfd4750522d32c94e23b31927a
2025-07-10T18:52:37.8977015Z 
2025-07-10T18:52:39.5673906Z chown: changing ownership of '/temp': Operation not permitted
2025-07-10T18:52:39.5674450Z chmod: changing permissions of '/temp': Operation not permitted
2025-07-10T18:52:45.1475439Z Restarting OpenBSD Secure Shell server: sshd.
2025-07-10T18:52:45.3498079Z node not running, starting node /opt/webssh/index.js
2025-07-10T18:53:03.8730880Z Thu Jul 10 18:53:03 UTC 2025 running .net core
2025-07-10T18:53:07.3678264Z Startup : 06.53.07.327185
2025-07-10T18:53:07.4670280Z Configure Services : 06.53.07.466796
2025-07-10T18:53:08.4834567Z Configure : 06.53.08.483289
2025-07-10T18:53:10.0424598Z Setting Up Routes : 06.53.10.042296
2025-07-10T18:53:11.6190855Z Exiting Configure : 06.53.11.618922
2025-07-10T18:53:12.3120463Z Hosting environment: Production
2025-07-10T18:53:12.3125229Z Content root path: /opt/Kudu
2025-07-10T18:53:12.3132684Z Now listening on: http://0.0.0.0:8181
2025-07-10T18:53:12.3136316Z Application started. Press Ctrl+C to shut down.
2025-07-10T19:03:58.2096477Z     __ __          __      __    _ __     
2025-07-10T19:03:58.3098684Z    / //_/_  _ ____/ /_  __/ /   (_) /____ 
2025-07-10T19:03:58.3098970Z   / ,< / / / / __  / / / / /   / / __/ _  
2025-07-10T19:03:58.3098997Z  / /| / /_/ / /_/ / /_/ / /___/ / /_/  __/
2025-07-10T19:03:58.3099065Z /_/ |_\__,_/\__,_/\__,_/_____/_/\__/\___/ 
2025-07-10T19:03:58.3099122Z 
2025-07-10T19:03:58.3099157Z                                           
2025-07-10T19:03:58.3099176Z DEBUG CONSOLE | AZURE APP SERVICE ON LINUX
2025-07-10T19:03:58.3099192Z 
2025-07-10T19:03:58.3099213Z Documentation: http://aka.ms/webapp-linux
2025-07-10T19:03:58.3099233Z Kudu Version : 20250623.5
2025-07-10T19:03:58.3099275Z Commit       : 353543ec4c45fcbfd4750522d32c94e23b31927a
2025-07-10T19:03:58.3099293Z 
2025-07-10T19:03:59.5600687Z chown: changing ownership of '/temp': Operation not permitted
2025-07-10T19:03:59.5792500Z chmod: changing permissions of '/temp': Operation not permitted
2025-07-10T19:04:03.5161608Z Restarting OpenBSD Secure Shell server: sshd.
2025-07-10T19:04:03.7961289Z node not running, starting node /opt/webssh/index.js
2025-07-10T19:04:23.8383689Z Thu Jul 10 19:04:23 UTC 2025 running .net core
2025-07-10T19:04:24.9820424Z Startup : 07.04.24.969172
2025-07-10T19:04:25.0088519Z Configure Services : 07.04.25.008628
2025-07-10T19:04:25.9666032Z Configure : 07.04.25.966415
2025-07-10T19:04:26.3286634Z Setting Up Routes : 07.04.26.328493
2025-07-10T19:04:27.2125084Z Exiting Configure : 07.04.27.212373
2025-07-10T19:04:27.5028401Z Hosting environment: Production
2025-07-10T19:04:27.5029445Z Content root path: /opt/Kudu
2025-07-10T19:04:27.5031175Z Now listening on: http://0.0.0.0:8181
2025-07-10T19:04:27.5031438Z Application started. Press Ctrl+C to shut down.
2025-07-10T19:30:24.9671585Z     __ __          __      __    _ __     
2025-07-10T19:30:24.9673080Z    / //_/_  _ ____/ /_  __/ /   (_) /____ 
2025-07-10T19:30:24.9673129Z   / ,< / / / / __  / / / / /   / / __/ _  
2025-07-10T19:30:24.9673193Z  / /| / /_/ / /_/ / /_/ / /___/ / /_/  __/
2025-07-10T19:30:24.9673213Z /_/ |_\__,_/\__,_/\__,_/_____/_/\__/\___/ 
2025-07-10T19:30:24.9673238Z 
2025-07-10T19:30:24.9673262Z                                           
2025-07-10T19:30:24.9673280Z DEBUG CONSOLE | AZURE APP SERVICE ON LINUX
2025-07-10T19:30:24.9673297Z 
2025-07-10T19:30:24.9673318Z Documentation: http://aka.ms/webapp-linux
2025-07-10T19:30:24.9673350Z Kudu Version : 20250623.5
2025-07-10T19:30:24.9673371Z Commit       : 353543ec4c45fcbfd4750522d32c94e23b31927a
2025-07-10T19:30:24.9673388Z 
2025-07-10T19:30:26.2657261Z chown: changing ownership of '/temp': Operation not permitted
2025-07-10T19:30:26.3037027Z chmod: changing permissions of '/temp': Operation not permitted
2025-07-10T19:30:28.1515914Z Restarting OpenBSD Secure Shell server: sshd.
2025-07-10T19:30:28.2416791Z node not running, starting node /opt/webssh/index.js
2025-07-10T19:30:36.8086327Z Thu Jul 10 19:30:36 UTC 2025 running .net core
2025-07-10T19:30:37.8041122Z Startup : 07.30.37.785552
2025-07-10T19:30:37.8433369Z Configure Services : 07.30.37.843157
2025-07-10T19:30:38.1570696Z Configure : 07.30.38.156872
2025-07-10T19:30:38.5587757Z Setting Up Routes : 07.30.38.549604
2025-07-10T19:30:39.4681356Z Exiting Configure : 07.30.39.468000
2025-07-10T19:30:39.7774872Z Hosting environment: Production
2025-07-10T19:30:39.7789829Z Content root path: /opt/Kudu
2025-07-10T19:30:39.7797138Z Now listening on: http://0.0.0.0:8181
2025-07-10T19:30:39.7873669Z Application started. Press Ctrl+C to shut down.
2025-07-10T19:30:52.1093822Z     __ __          __      __    _ __     
2025-07-10T19:30:52.1095239Z    / //_/_  _ ____/ /_  __/ /   (_) /____ 
2025-07-10T19:30:52.1095283Z   / ,< / / / / __  / / / / /   / / __/ _  
2025-07-10T19:30:52.1095304Z  / /| / /_/ / /_/ / /_/ / /___/ / /_/  __/
2025-07-10T19:30:52.1095326Z /_/ |_\__,_/\__,_/\__,_/_____/_/\__/\___/ 
2025-07-10T19:30:52.1095363Z 
2025-07-10T19:30:52.1095435Z                                           
2025-07-10T19:30:52.1095454Z DEBUG CONSOLE | AZURE APP SERVICE ON LINUX
2025-07-10T19:30:52.1095471Z 
2025-07-10T19:30:52.1095492Z Documentation: http://aka.ms/webapp-linux
2025-07-10T19:30:52.1095511Z Kudu Version : 20250623.5
2025-07-10T19:30:52.1095533Z Commit       : 353543ec4c45fcbfd4750522d32c94e23b31927a
2025-07-10T19:30:52.1095549Z 
2025-07-10T19:30:53.6061081Z chown: changing ownership of '/temp': Operation not permitted
2025-07-10T19:30:53.6061440Z chmod: changing permissions of '/temp': Operation not permitted
2025-07-10T19:30:57.5326102Z Restarting OpenBSD Secure Shell server: sshd.
2025-07-10T19:30:57.5326478Z node not running, starting node /opt/webssh/index.js
2025-07-10T19:31:06.9404494Z Thu Jul 10 19:31:06 UTC 2025 running .net core
2025-07-10T19:31:10.3796788Z Startup : 07.31.10.329015
2025-07-10T19:31:10.4595600Z Configure Services : 07.31.10.459356
2025-07-10T19:31:11.0820254Z Configure : 07.31.11.081839
2025-07-10T19:31:12.0261223Z Setting Up Routes : 07.31.12.025948
2025-07-10T19:31:14.3797269Z Exiting Configure : 07.31.14.378259
2025-07-10T19:31:15.1586686Z Hosting environment: Production
2025-07-10T19:31:15.1587182Z Content root path: /opt/Kudu
2025-07-10T19:31:15.1587215Z Now listening on: http://0.0.0.0:8181
2025-07-10T19:31:15.1587242Z Application started. Press Ctrl+C to shut down.
