2025-07-05T09:55:17.9192911Z,Updating submodules.,01f2ae3b-c14a-47ad-837f-2ff23974d749,0
2025-07-05T09:55:19.0636934Z,Preparing deployment for commit id 'fb398f08-3'.,27a2657b-8d05-405b-b00a-d16c7a5cdc85,0
2025-07-05T09:55:19.4357382Z,PreDeployment: context.CleanOutputPath False,7f7fca36-6fee-4765-be91-a4324bc7059c,0
2025-07-05T09:55:19.5600554Z,PreDeployment: context.OutputPath /home/site/wwwroot,068c5dc5-215d-4075-af68-31947144c6b7,0
2025-07-05T09:55:19.7058357Z,Running build. Project type: OneDeploy,cf049d5d-0f78-43d1-8d9c-4895ed2a17bf,0
2025-07-05T09:55:19.8087165Z,Copying the manifest,0bce2ccd-6f19-4c64-9c24-ec16ff449076,0
2025-07-05T09:55:19.9973017Z,NodeProjectOptimizer Initialized with repository path: /tmp/zipdeploy/extracted and output path: /home/site/wwwroot ,015b7f97-f6e8-4880-a2e3-f17d77701b10,0
2025-07-05T09:55:20.1167133Z,Optimizing build...,9d647b83-b378-4ff5-854a-f97bf273df1a,0
2025-07-05T09:55:20.2196322Z,Zipping node_modules...,43f52bbf-013f-41e4-861e-03f38778b8e4,0
	2025-07-05T09:55:20.2343967Z,Command: /opt/Kudu/Scripts/absoluteTar.sh /tmp/zipdeploy/extracted/node_modules /tmp/zipdeploy/extracted/node_modules.tar.gz,,0
	2025-07-05T09:58:34.8096933Z,Zipped /tmp/zipdeploy/extracted/node_modules to /tmp/zipdeploy/extracted/node_modules.tar.gz done successfully,,0
2025-07-05T09:58:34.9957193Z,Zipped Node Modules to /tmp/zipdeploy/extracted/node_modules.tar.gz,f086e4b1-ea07-409d-8987-e9b439332ca8,0
2025-07-05T09:58:35.1114087Z,Express Node Deploy: Running rsync...,48bcbac9-da59-4732-a193-830d3d14dc44,0
	2025-07-05T09:58:35.1245024Z,Command: /opt/Kudu/Scripts/parallel_rsync.sh /tmp/zipdeploy/extracted /home/site/wwwroot 8 /tmp/ False False node_modules ,,0
	2025-07-05T09:58:35.5328526Z,Run rsync from: /tmp/zipdeploy/extracted/ to: /home/site/wwwroot/ in 8 parallel threads,,0
	2025-07-05T09:58:35.5570451Z,Delete options: clean=False&comma; use manifest=False&comma; directory to ignore=node_modules,,0
	2025-07-05T09:58:35.6659742Z,Prev manifest = /home/site/deployments/f5b6de36-c230-4f0f-868e-7434a477da31/manifest and next /home/site/deployments/fb398f08-3c58-409b-a666-fce438853d19/manifest,,0
	2025-07-05T09:58:35.6964842Z,Cleaning up /tmp//filelist.txt and /tmp//splits,,0
	2025-07-05T09:58:35.7543363Z,Creating a list of all files at /tmp//filelist.txt,,0
	2025-07-05T09:58:35.8347973Z,Excluding: node_modules,,0
	2025-07-05T09:58:35.8952554Z,Created /tmp//filelist.txt. Total number of files to be synced = 27.,,0
	2025-07-05T09:58:35.9867872Z,Created batches from the list of files. Processing 4 files in each thread,,0
	2025-07-05T09:58:36.0972345Z,Running rsync for filelist /tmp//splits/split.aa from /tmp/zipdeploy/extracted/ to /home/site/wwwroot/,,0
	2025-07-05T09:58:36.2183199Z,Running rsync for filelist /tmp//splits/split.ac from /tmp/zipdeploy/extracted/ to /home/site/wwwroot/,,0
	2025-07-05T09:58:36.3008432Z,Running rsync for filelist /tmp//splits/split.ab from /tmp/zipdeploy/extracted/ to /home/site/wwwroot/,,0
	2025-07-05T09:58:36.3895561Z,Running rsync for filelist /tmp//splits/split.ad from /tmp/zipdeploy/extracted/ to /home/site/wwwroot/,,0
	2025-07-05T09:58:36.5622602Z,Running rsync for filelist /tmp//splits/split.ae from /tmp/zipdeploy/extracted/ to /home/site/wwwroot/,,0
	2025-07-05T09:58:36.6518779Z,Running rsync for filelist /tmp//splits/split.af from /tmp/zipdeploy/extracted/ to /home/site/wwwroot/,,0
	2025-07-05T09:58:36.7914390Z,Running rsync for filelist /tmp//splits/split.ag from /tmp/zipdeploy/extracted/ to /home/site/wwwroot/,,0
	2025-07-05T09:58:37.2040874Z,,,0
	2025-07-05T09:58:37.3458508Z,Number of files: 8 (reg: 4&comma; dir: 4),,0
	2025-07-05T09:58:37.3692169Z,Number of created files: 0,,0
	2025-07-05T09:58:37.3894431Z,Number of deleted files: 0,,0
	2025-07-05T09:58:37.4085360Z,Number of regular files transferred: 4,,0
	2025-07-05T09:58:37.4284188Z,Total file size: 7.43K bytes,,0
	2025-07-05T09:58:37.4498540Z,Total transferred file size: 7.43K bytes,,0
	2025-07-05T09:58:37.4723788Z,Literal data: 7.43K bytes,,0
	2025-07-05T09:58:37.4958598Z,Matched data: 0 bytes,,0
	2025-07-05T09:58:37.5359008Z,File list size: 0,,0
	2025-07-05T09:58:37.5889119Z,File list generation time: 0.001 seconds,,0
	2025-07-05T09:58:37.6382049Z,File list transfer time: 0.000 seconds,,0
	2025-07-05T09:58:37.6880023Z,Total bytes sent: 3.80K,,0
	2025-07-05T09:58:37.7387580Z,Total bytes received: 104,,0
	2025-07-05T09:58:37.7876997Z,,,0
	2025-07-05T09:58:37.8403499Z,sent 3.80K bytes  received 104 bytes  2.60K bytes/sec,,0
	2025-07-05T09:58:37.9088790Z,total size is 7.43K  speedup is 1.90,,0
	2025-07-05T09:58:37.9696659Z,Attempt 1: Rsync for filelist /tmp//splits/split.ad completed with exit code 0,,0
	2025-07-05T09:58:38.0193633Z,,,0
	2025-07-05T09:58:38.0597336Z,Number of files: 8 (reg: 4&comma; dir: 4),,0
	2025-07-05T09:58:38.0996961Z,Number of created files: 0,,0
	2025-07-05T09:58:38.1708777Z,Number of deleted files: 0,,0
	2025-07-05T09:58:38.2212337Z,Number of regular files transferred: 4,,0
	2025-07-05T09:58:38.2709543Z,Total file size: 40.51K bytes,,0
	2025-07-05T09:58:38.3720362Z,Total transferred file size: 40.51K bytes,,0
	2025-07-05T09:58:38.4427875Z,Literal data: 40.51K bytes,,0
	2025-07-05T09:58:38.5032341Z,Matched data: 0 bytes,,0
	2025-07-05T09:58:38.5532648Z,File list size: 0,,0
	2025-07-05T09:58:38.6038269Z,File list generation time: 0.001 seconds,,0
	2025-07-05T09:58:38.6645308Z,File list transfer time: 0.000 seconds,,0
	2025-07-05T09:58:38.7236773Z,Total bytes sent: 11.17K,,0
	2025-07-05T09:58:38.7642785Z,Total bytes received: 101,,0
	2025-07-05T09:58:38.8249707Z,,,0
	2025-07-05T09:58:38.8736159Z,sent 11.17K bytes  received 101 bytes  7.51K bytes/sec,,0
	2025-07-05T09:58:38.9146775Z,total size is 40.51K  speedup is 3.60,,0
	2025-07-05T09:58:38.9863733Z,Attempt 1: Rsync for filelist /tmp//splits/split.aa completed with exit code 0,,0
	2025-07-05T09:58:39.0472080Z,,,0
	2025-07-05T09:58:39.1061238Z,Number of files: 12 (reg: 4&comma; dir: 8),,0
	2025-07-05T09:58:39.1864784Z,Number of created files: 0,,0
	2025-07-05T09:58:39.2267396Z,Number of deleted files: 0,,0
	2025-07-05T09:58:39.2774379Z,Number of regular files transferred: 4,,0
	2025-07-05T09:58:39.3275134Z,Total file size: 6.88K bytes,,0
	2025-07-05T09:58:39.4178667Z,Total transferred file size: 6.88K bytes,,0
	2025-07-05T09:58:39.5484765Z,Literal data: 6.88K bytes,,0
	2025-07-05T09:58:40.0122807Z,Matched data: 0 bytes,,0
	2025-07-05T09:58:40.0711137Z,File list size: 0,,0
	2025-07-05T09:58:40.1414997Z,File list generation time: 0.001 seconds,,0
	2025-07-05T09:58:40.2117825Z,File list transfer time: 0.000 seconds,,0
	2025-07-05T09:58:40.2602227Z,Total bytes sent: 3.17K,,0
	2025-07-05T09:58:40.3163247Z,Total bytes received: 116,,0
	2025-07-05T09:58:40.3748764Z,,,0
	2025-07-05T09:58:40.5060652Z,sent 3.17K bytes  received 116 bytes  2.19K bytes/sec,,0
	2025-07-05T09:58:40.7578464Z,total size is 6.88K  speedup is 2.09,,0
	2025-07-05T09:58:40.8575634Z,Attempt 1: Rsync for filelist /tmp//splits/split.ac completed with exit code 0,,0
	2025-07-05T09:58:40.9184601Z,,,0
	2025-07-05T09:58:40.9682121Z,Number of files: 9 (reg: 4&comma; dir: 5),,0
	2025-07-05T09:58:41.0390410Z,Number of created files: 0,,0
	2025-07-05T09:58:41.2006915Z,Number of deleted files: 0,,0
	2025-07-05T09:58:41.2613776Z,Number of regular files transferred: 4,,0
	2025-07-05T09:58:41.3111157Z,Total file size: 9.98K bytes,,0
	2025-07-05T09:58:41.4423600Z,Total transferred file size: 9.98K bytes,,0
	2025-07-05T09:58:41.5718627Z,Literal data: 9.98K bytes,,0
	2025-07-05T09:58:41.6335196Z,Matched data: 0 bytes,,0
	2025-07-05T09:58:41.7941237Z,File list size: 0,,0
	2025-07-05T09:58:41.8845254Z,File list generation time: 0.068 seconds,,0
	2025-07-05T09:58:42.0357118Z,File list transfer time: 0.000 seconds,,0
	2025-07-05T09:58:42.1266186Z,Total bytes sent: 3.93K,,0
	2025-07-05T09:58:42.2772206Z,Total bytes received: 107,,0
	2025-07-05T09:58:42.3472436Z,,,0
	2025-07-05T09:58:43.7967258Z,sent 3.93K bytes  received 107 bytes  2.69K bytes/sec,,0
	2025-07-05T09:58:44.7807650Z,total size is 9.98K  speedup is 2.47,,0
	2025-07-05T09:58:44.8515774Z,Attempt 1: Rsync for filelist /tmp//splits/split.ab completed with exit code 0,,0
	2025-07-05T09:58:45.2050500Z,,,0
	2025-07-05T09:58:45.5258672Z,Number of files: 5 (reg: 4&comma; dir: 1),,0
	2025-07-05T09:58:45.5859635Z,Number of created files: 0,,0
	2025-07-05T09:58:45.6262390Z,Number of deleted files: 0,,0
	2025-07-05T09:58:45.6764943Z,Number of regular files transferred: 4,,0
	2025-07-05T09:58:45.7169676Z,Total file size: 2.29K bytes,,0
	2025-07-05T09:58:45.7672416Z,Total transferred file size: 2.29K bytes,,0
	2025-07-05T09:58:45.8390253Z,Literal data: 2.29K bytes,,0
	2025-07-05T09:58:45.9199836Z,Matched data: 0 bytes,,0
	2025-07-05T09:58:45.9688701Z,File list size: 0,,0
	2025-07-05T09:58:46.0185831Z,File list generation time: 0.001 seconds,,0
	2025-07-05T09:58:46.0694889Z,File list transfer time: 0.000 seconds,,0
	2025-07-05T09:58:46.1192423Z,Total bytes sent: 1.51K,,0
	2025-07-05T09:58:46.1590383Z,Total bytes received: 95,,0
	2025-07-05T09:58:46.1994237Z,,,0
	2025-07-05T09:58:46.2799100Z,sent 1.51K bytes  received 95 bytes  1.07K bytes/sec,,0
	2025-07-05T09:58:46.3420100Z,total size is 2.29K  speedup is 1.43,,0
	2025-07-05T09:58:46.4006596Z,Attempt 1: Rsync for filelist /tmp//splits/split.ae completed with exit code 0,,0
	2025-07-05T09:58:52.4148203Z,,,0
	2025-07-05T09:58:52.4326254Z,Number of files: 4 (reg: 3&comma; dir: 1),,0
	2025-07-05T09:58:52.4565729Z,Number of created files: 0,,0
	2025-07-05T09:58:52.4864785Z,Number of deleted files: 0,,0
	2025-07-05T09:58:52.5066819Z,Number of regular files transferred: 3,,0
	2025-07-05T09:58:52.5188631Z,Total file size: 236.02M bytes,,0
	2025-07-05T09:58:52.5365783Z,Total transferred file size: 236.02M bytes,,0
	2025-07-05T09:58:52.5571299Z,Literal data: 236.02M bytes,,0
	2025-07-05T09:58:52.5787305Z,Matched data: 0 bytes,,0
	2025-07-05T09:58:52.5972159Z,File list size: 0,,0
	2025-07-05T09:58:52.6185766Z,File list generation time: 0.029 seconds,,0
	2025-07-05T09:58:52.6357210Z,File list transfer time: 0.000 seconds,,0
	2025-07-05T09:58:52.6532700Z,Total bytes sent: 226.51M,,0
	2025-07-05T09:58:52.6711092Z,Total bytes received: 76,,0
	2025-07-05T09:58:52.6849077Z,,,0
	2025-07-05T09:58:52.7241222Z,sent 226.51M bytes  received 76 bytes  13.73M bytes/sec,,0
	2025-07-05T09:58:52.7488604Z,total size is 236.02M  speedup is 1.04,,0
	2025-07-05T09:58:52.7618001Z,Attempt 1: Rsync for filelist /tmp//splits/split.ag completed with exit code 0,,0
	2025-07-05T09:58:52.7755759Z,,,0
	2025-07-05T09:58:52.8004705Z,Number of files: 4 (reg: 4),,0
	2025-07-05T09:58:52.8392150Z,Number of created files: 0,,0
	2025-07-05T09:58:52.8690561Z,Number of deleted files: 0,,0
	2025-07-05T09:58:52.8819323Z,Number of regular files transferred: 4,,0
	2025-07-05T09:58:52.9006838Z,Total file size: 221.22M bytes,,0
	2025-07-05T09:58:52.9500392Z,Total transferred file size: 221.22M bytes,,0
	2025-07-05T09:58:53.0124240Z,Literal data: 221.22M bytes,,0
	2025-07-05T09:58:53.0505553Z,Matched data: 0 bytes,,0
	2025-07-05T09:58:53.0834453Z,File list size: 0,,0
	2025-07-05T09:58:53.1073751Z,File list generation time: 0.018 seconds,,0
	2025-07-05T09:58:53.1185411Z,File list transfer time: 0.000 seconds,,0
	2025-07-05T09:58:53.1484071Z,Total bytes sent: 220.56M,,0
	2025-07-05T09:58:53.1782195Z,Total bytes received: 92,,0
	2025-07-05T09:58:53.1900877Z,,,0
	2025-07-05T09:58:53.2077412Z,sent 220.56M bytes  received 92 bytes  13.37M bytes/sec,,0
	2025-07-05T09:58:53.2184754Z,total size is 221.22M  speedup is 1.00,,0
	2025-07-05T09:58:53.2325178Z,Attempt 1: Rsync for filelist /tmp//splits/split.af completed with exit code 0,,0
	2025-07-05T09:58:53.2467769Z,Completed successfully in 17 seconds,,0
2025-07-05T09:58:53.4098814Z,Rsync completed to /home/site/wwwroot,895243d6-a478-42df-bda5-6693dcc51d4d,0
2025-07-05T09:58:53.6106212Z,Manifest created at /home/site/wwwroot,d58bf126-5685-4c89-8481-0bf9f7081816,0
2025-07-05T09:58:53.7225654Z,Optimized build done with success: True,525e9490-ded3-4659-94bd-b8784211794a,0
2025-07-05T09:58:53.8503505Z,Build completed succesfully.,6c63fc2e-a31a-4d08-a321-1c1bf0c38fc4,0
2025-07-05T09:58:53.9494169Z,Running post deployment command(s)...,05fb8f65-2d58-4ac8-8d51-cdd88d7df61f,0
2025-07-05T09:58:54.1152319Z,Triggering container recycle for OneDeploy by adding/updating restartTrigger.txt to the site root path,4ec684d3-ef53-468c-a1d6-1e4d67af6112,0
2025-07-05T09:58:54.3298305Z,Deployment successful. deployer = OneDeploy deploymentPath = OneDeploy,6f4c678c-c5af-4f2a-a93b-86a3dbc65a29,0
