2025-07-05T10:53:39.2623838Z,Updating submodules.,71b60ec4-c0e0-4ab4-b8c6-6aed19742cac,0
2025-07-05T10:53:40.4012543Z,Preparing deployment for commit id 'e49b2265-6'.,fdf286e1-9f63-46a9-b859-738ad2af289b,0
2025-07-05T10:53:40.8087661Z,PreDeployment: context.CleanOutputPath False,fd8effee-61ee-4466-adee-5172963b5eb7,0
2025-07-05T10:53:40.9503749Z,PreDeployment: context.OutputPath /home/site/wwwroot,ec07b714-7283-4c30-b48b-b1fa9bcf037f,0
2025-07-05T10:53:41.1324623Z,Running build. Project type: OneDeploy,ce7bfc88-9a22-4804-a937-79600765029e,0
2025-07-05T10:53:41.2571271Z,Copying the manifest,f2801d93-cc22-49d4-b7f4-f0629544785b,0
2025-07-05T10:53:41.4887516Z,NodeProjectOptimizer Initialized with repository path: /tmp/zipdeploy/extracted and output path: /home/site/wwwroot ,e1879a75-86d9-4a50-bbfd-7a063641669b,0
2025-07-05T10:53:41.6194328Z,Optimizing build...,eb228bc9-9f1b-4a7e-9aa9-b55b20774cb1,0
2025-07-05T10:53:41.7697543Z,Zipping node_modules...,e8897366-3e11-41a6-9ae0-02ff2857d01e,0
	2025-07-05T10:53:41.7946979Z,Command: /opt/Kudu/Scripts/absoluteTar.sh /tmp/zipdeploy/extracted/node_modules /tmp/zipdeploy/extracted/node_modules.tar.gz,,0
	2025-07-05T10:56:40.0371491Z,Zipped /tmp/zipdeploy/extracted/node_modules to /tmp/zipdeploy/extracted/node_modules.tar.gz done successfully,,0
2025-07-05T10:56:40.3624538Z,Zipped Node Modules to /tmp/zipdeploy/extracted/node_modules.tar.gz,556b90de-f956-4b67-9a44-ac9dd77cee00,0
2025-07-05T10:56:40.4930982Z,Express Node Deploy: Running rsync...,5c4215d0-bd56-4ca3-8934-fbd890316a76,0
	2025-07-05T10:56:40.5082453Z,Command: /opt/Kudu/Scripts/parallel_rsync.sh /tmp/zipdeploy/extracted /home/site/wwwroot 8 /tmp/ False False node_modules ,,0
	2025-07-05T10:56:40.7509354Z,Run rsync from: /tmp/zipdeploy/extracted/ to: /home/site/wwwroot/ in 8 parallel threads,,0
	2025-07-05T10:56:40.7906870Z,Delete options: clean=False&comma; use manifest=False&comma; directory to ignore=node_modules,,0
	2025-07-05T10:56:40.8305920Z,Prev manifest = /home/site/deployments/c93d4f79-0ed2-4c6c-8694-787d47e00adb/manifest and next /home/site/deployments/e49b2265-673b-4474-aa6d-4121ea1691f7/manifest,,0
	2025-07-05T10:56:40.9213807Z,Cleaning up /tmp//filelist.txt and /tmp//splits,,0
	2025-07-05T10:56:40.9535880Z,Creating a list of all files at /tmp//filelist.txt,,0
	2025-07-05T10:56:40.9728422Z,Excluding: node_modules,,0
	2025-07-05T10:56:41.0138530Z,Created /tmp//filelist.txt. Total number of files to be synced = 27.,,0
	2025-07-05T10:56:41.0833090Z,Created batches from the list of files. Processing 4 files in each thread,,0
	2025-07-05T10:56:41.3173870Z,Running rsync for filelist /tmp//splits/split.aa from /tmp/zipdeploy/extracted/ to /home/site/wwwroot/,,0
	2025-07-05T10:56:41.4696312Z,Running rsync for filelist /tmp//splits/split.ab from /tmp/zipdeploy/extracted/ to /home/site/wwwroot/,,0
	2025-07-05T10:56:41.5591505Z,Running rsync for filelist /tmp//splits/split.ac from /tmp/zipdeploy/extracted/ to /home/site/wwwroot/,,0
	2025-07-05T10:56:41.7012754Z,Running rsync for filelist /tmp//splits/split.ad from /tmp/zipdeploy/extracted/ to /home/site/wwwroot/,,0
	2025-07-05T10:56:41.7803798Z,Running rsync for filelist /tmp//splits/split.ag from /tmp/zipdeploy/extracted/ to /home/site/wwwroot/,,0
	2025-07-05T10:56:41.8413758Z,Running rsync for filelist /tmp//splits/split.ae from /tmp/zipdeploy/extracted/ to /home/site/wwwroot/,,0
	2025-07-05T10:56:41.8705345Z,Running rsync for filelist /tmp//splits/split.af from /tmp/zipdeploy/extracted/ to /home/site/wwwroot/,,0
	2025-07-05T10:56:42.9832055Z,,,0
	2025-07-05T10:56:43.1226407Z,Number of files: 8 (reg: 4&comma; dir: 4),,0
	2025-07-05T10:56:43.1945632Z,Number of created files: 0,,0
	2025-07-05T10:56:43.2445311Z,Number of deleted files: 0,,0
	2025-07-05T10:56:43.2943842Z,Number of regular files transferred: 4,,0
	2025-07-05T10:56:43.3447258Z,Total file size: 7.50K bytes,,0
	2025-07-05T10:56:43.3840908Z,Total transferred file size: 7.50K bytes,,0
	2025-07-05T10:56:43.4352498Z,Literal data: 7.50K bytes,,0
	2025-07-05T10:56:43.4854304Z,Matched data: 0 bytes,,0
	2025-07-05T10:56:43.5965210Z,File list size: 0,,0
	2025-07-05T10:56:43.7066345Z,File list generation time: 0.009 seconds,,0
	2025-07-05T10:56:43.9581059Z,File list transfer time: 0.000 seconds,,0
	2025-07-05T10:56:44.1193784Z,Total bytes sent: 3.84K,,0
	2025-07-05T10:56:44.2096887Z,Total bytes received: 104,,0
	2025-07-05T10:56:44.2596244Z,,,0
	2025-07-05T10:56:44.4419492Z,sent 3.84K bytes  received 104 bytes  7.88K bytes/sec,,0
	2025-07-05T10:56:44.5011757Z,total size is 7.50K  speedup is 1.90,,0
	2025-07-05T10:56:44.5909879Z,Attempt 1: Rsync for filelist /tmp//splits/split.ad completed with exit code 0,,0
	2025-07-05T10:56:44.6623638Z,,,0
	2025-07-05T10:56:44.7738861Z,Number of files: 5 (reg: 4&comma; dir: 1),,0
	2025-07-05T10:56:44.8535272Z,Number of created files: 0,,0
	2025-07-05T10:56:44.9338600Z,Number of deleted files: 0,,0
	2025-07-05T10:56:44.9857704Z,Number of regular files transferred: 4,,0
	2025-07-05T10:56:45.0848993Z,Total file size: 2.39K bytes,,0
	2025-07-05T10:56:45.1841796Z,Total transferred file size: 2.39K bytes,,0
	2025-07-05T10:56:45.2860323Z,Literal data: 2.39K bytes,,0
	2025-07-05T10:56:45.3657687Z,Matched data: 0 bytes,,0
	2025-07-05T10:56:45.4261511Z,File list size: 0,,0
	2025-07-05T10:56:45.5067000Z,File list generation time: 0.008 seconds,,0
	2025-07-05T10:56:45.7281145Z,File list transfer time: 0.000 seconds,,0
	2025-07-05T10:56:45.7680381Z,Total bytes sent: 1.58K,,0
	2025-07-05T10:56:45.8486582Z,Total bytes received: 95,,0
	2025-07-05T10:56:45.9498630Z,,,0
	2025-07-05T10:56:46.0015650Z,sent 1.58K bytes  received 95 bytes  3.34K bytes/sec,,0
	2025-07-05T10:56:46.0908850Z,total size is 2.39K  speedup is 1.43,,0
	2025-07-05T10:56:46.1609850Z,,,0
	2025-07-05T10:56:46.2303819Z,Number of files: 8 (reg: 4&comma; dir: 4),,0
	2025-07-05T10:56:46.2913819Z,Number of created files: 0,,0
	2025-07-05T10:56:46.3616097Z,Number of deleted files: 0,,0
	2025-07-05T10:56:46.4510946Z,Number of regular files transferred: 4,,0
	2025-07-05T10:56:46.5437035Z,Total file size: 40.51K bytes,,0
	2025-07-05T10:56:46.6228674Z,Total transferred file size: 40.51K bytes,,0
	2025-07-05T10:56:46.6827275Z,Literal data: 40.51K bytes,,0
	2025-07-05T10:56:46.7634788Z,Matched data: 0 bytes,,0
	2025-07-05T10:56:47.0552924Z,File list size: 0,,0
	2025-07-05T10:56:47.1246718Z,File list generation time: 0.011 seconds,,0
	2025-07-05T10:56:47.2058078Z,File list transfer time: 0.000 seconds,,0
	2025-07-05T10:56:47.3662372Z,Total bytes sent: 11.17K,,0
	2025-07-05T10:56:47.4376473Z,Total bytes received: 101,,0
	2025-07-05T10:56:47.5584447Z,,,0
	2025-07-05T10:56:47.6888445Z,sent 11.17K bytes  received 101 bytes  22.53K bytes/sec,,0
	2025-07-05T10:56:47.8290636Z,total size is 40.51K  speedup is 3.60,,0
	2025-07-05T10:56:47.8705177Z,Attempt 1: Rsync for filelist /tmp//splits/split.ae completed with exit code 0,,0
	2025-07-05T10:56:47.9397152Z,,,0
	2025-07-05T10:56:47.9899309Z,Number of files: 9 (reg: 4&comma; dir: 5),,0
	2025-07-05T10:56:48.1008385Z,Number of created files: 0,,0
	2025-07-05T10:56:48.1813547Z,Number of deleted files: 0,,0
	2025-07-05T10:56:48.2622254Z,Number of regular files transferred: 4,,0
	2025-07-05T10:56:48.3420832Z,Total file size: 9.98K bytes,,0
	2025-07-05T10:56:48.4326882Z,Total transferred file size: 9.98K bytes,,0
	2025-07-05T10:56:48.4929181Z,Literal data: 9.98K bytes,,0
	2025-07-05T10:56:48.5434521Z,Matched data: 0 bytes,,0
	2025-07-05T10:56:48.5941254Z,File list size: 0,,0
	2025-07-05T10:56:48.6740280Z,File list generation time: 0.008 seconds,,0
	2025-07-05T10:56:48.7341123Z,File list transfer time: 0.000 seconds,,0
	2025-07-05T10:56:48.7837071Z,Total bytes sent: 3.93K,,0
	2025-07-05T10:56:48.8667876Z,Total bytes received: 107,,0
	2025-07-05T10:56:48.9555141Z,,,0
	2025-07-05T10:56:49.0176870Z,sent 3.93K bytes  received 107 bytes  8.08K bytes/sec,,0
	2025-07-05T10:56:49.1568435Z,total size is 9.98K  speedup is 2.47,,0
	2025-07-05T10:56:49.2377452Z,Attempt 1: Rsync for filelist /tmp//splits/split.ab completed with exit code 0,,0
	2025-07-05T10:56:49.3179181Z,Attempt 1: Rsync for filelist /tmp//splits/split.aa completed with exit code 0,,0
	2025-07-05T10:56:49.4479058Z,,,0
	2025-07-05T10:56:49.5892782Z,Number of files: 12 (reg: 4&comma; dir: 8),,0
	2025-07-05T10:56:49.6496319Z,Number of created files: 0,,0
	2025-07-05T10:56:49.6994010Z,Number of deleted files: 0,,0
	2025-07-05T10:56:49.7601455Z,Number of regular files transferred: 4,,0
	2025-07-05T10:56:49.8417500Z,Total file size: 6.88K bytes,,0
	2025-07-05T10:56:50.0020101Z,Total transferred file size: 6.88K bytes,,0
	2025-07-05T10:56:50.0530630Z,Literal data: 6.88K bytes,,0
	2025-07-05T10:56:50.8989120Z,Matched data: 0 bytes,,0
	2025-07-05T10:56:51.1195426Z,File list size: 0,,0
	2025-07-05T10:56:51.1988755Z,File list generation time: 0.011 seconds,,0
	2025-07-05T10:56:51.2704148Z,File list transfer time: 0.000 seconds,,0
	2025-07-05T10:56:51.3205814Z,Total bytes sent: 3.17K,,0
	2025-07-05T10:56:51.3707202Z,Total bytes received: 116,,0
	2025-07-05T10:56:51.4106173Z,,,0
	2025-07-05T10:56:51.4808391Z,sent 3.17K bytes  received 116 bytes  6.57K bytes/sec,,0
	2025-07-05T10:56:51.5412027Z,total size is 6.88K  speedup is 2.09,,0
	2025-07-05T10:56:51.6008395Z,Attempt 1: Rsync for filelist /tmp//splits/split.ac completed with exit code 0,,0
	2025-07-05T10:57:02.3723641Z,,,0
	2025-07-05T10:57:02.4546653Z,Number of files: 4 (reg: 4),,0
	2025-07-05T10:57:02.6054290Z,Number of created files: 0,,0
	2025-07-05T10:57:02.6546255Z,Number of deleted files: 0,,0
	2025-07-05T10:57:02.6833240Z,Number of regular files transferred: 4,,0
	2025-07-05T10:57:02.7257734Z,Total file size: 221.22M bytes,,0
	2025-07-05T10:57:02.7435813Z,Total transferred file size: 221.22M bytes,,0
	2025-07-05T10:57:02.8452648Z,Literal data: 221.22M bytes,,0
	2025-07-05T10:57:03.0078324Z,Matched data: 0 bytes,,0
	2025-07-05T10:57:03.0673104Z,File list size: 0,,0
	2025-07-05T10:57:03.3566606Z,File list generation time: 0.008 seconds,,0
	2025-07-05T10:57:03.4881090Z,File list transfer time: 0.000 seconds,,0
	2025-07-05T10:57:03.7494855Z,Total bytes sent: 220.55M,,0
	2025-07-05T10:57:03.8209045Z,Total bytes received: 92,,0
	2025-07-05T10:57:03.8816194Z,,,0
	2025-07-05T10:57:03.9623472Z,sent 220.55M bytes  received 92 bytes  10.76M bytes/sec,,0
	2025-07-05T10:57:04.0724021Z,total size is 221.22M  speedup is 1.00,,0
	2025-07-05T10:57:04.1420829Z,Attempt 1: Rsync for filelist /tmp//splits/split.af completed with exit code 0,,0
	2025-07-05T10:57:06.1644193Z,,,0
	2025-07-05T10:57:06.3157816Z,Number of files: 4 (reg: 3&comma; dir: 1),,0
	2025-07-05T10:57:06.3583818Z,Number of created files: 0,,0
	2025-07-05T10:57:06.4256659Z,Number of deleted files: 0,,0
	2025-07-05T10:57:06.4676840Z,Number of regular files transferred: 3,,0
	2025-07-05T10:57:06.5060713Z,Total file size: 236.02M bytes,,0
	2025-07-05T10:57:06.5361651Z,Total transferred file size: 236.02M bytes,,0
	2025-07-05T10:57:06.5663457Z,Literal data: 236.02M bytes,,0
	2025-07-05T10:57:06.5965951Z,Matched data: 0 bytes,,0
	2025-07-05T10:57:06.6266440Z,File list size: 0,,0
	2025-07-05T10:57:06.6569914Z,File list generation time: 0.017 seconds,,0
	2025-07-05T10:57:06.6867997Z,File list transfer time: 0.000 seconds,,0
	2025-07-05T10:57:06.7175332Z,Total bytes sent: 226.47M,,0
	2025-07-05T10:57:06.7332108Z,Total bytes received: 76,,0
	2025-07-05T10:57:06.7605945Z,,,0
	2025-07-05T10:57:06.7923936Z,sent 226.47M bytes  received 76 bytes  9.24M bytes/sec,,0
	2025-07-05T10:57:06.8273578Z,total size is 236.02M  speedup is 1.04,,0
	2025-07-05T10:57:06.8425875Z,Attempt 1: Rsync for filelist /tmp//splits/split.ag completed with exit code 0,,0
	2025-07-05T10:57:06.8777253Z,Completed successfully in 26 seconds,,0
2025-07-05T10:57:07.0322202Z,Rsync completed to /home/site/wwwroot,3cf8d292-7459-432e-ac71-70ea9b874bd4,0
2025-07-05T10:57:07.2622311Z,Manifest created at /home/site/wwwroot,2e8cb813-3837-45cd-9be9-b90afca4ddee,0
2025-07-05T10:57:07.4776136Z,Optimized build done with success: True,97dc0dc8-3348-4ebc-b977-df01a618fbd1,0
2025-07-05T10:57:07.6215156Z,Build completed succesfully.,74408998-77d2-439a-a7fa-37225ee84c23,0
2025-07-05T10:57:07.7865594Z,Running post deployment command(s)...,f8e681e0-9df8-420b-bf1b-e788eb4b639c,0
2025-07-05T10:57:08.0067488Z,Triggering container recycle for OneDeploy by adding/updating restartTrigger.txt to the site root path,eb78c475-e6ee-4fb2-91b2-61222c2c44dc,0
2025-07-05T10:57:08.3323788Z,Deployment successful. deployer = OneDeploy deploymentPath = OneDeploy,9d38a556-dad8-4807-97b2-93aba08cde31,0
