2025-07-05T11:11:07.9217188Z,Updating submodules.,6c64e331-9089-4ee2-a1c6-66f7f7bfeb83,0
2025-07-05T11:11:09.0923731Z,Preparing deployment for commit id '92aa395e-f'.,6e8494a9-dad1-4ed9-8554-a71164e6b5b8,0
2025-07-05T11:11:09.3873796Z,PreDeployment: context.CleanOutputPath False,60ee2cc5-2f73-4a16-a321-0025df8acde6,0
2025-07-05T11:11:09.5478796Z,PreDeployment: context.OutputPath /home/site/wwwroot,64e19d74-16fd-469a-929f-a4728306f652,0
2025-07-05T11:11:10.4463971Z,Running build. Project type: OneDeploy,5b0ad163-e8e8-4399-8d9a-95f75bfc942c,0
2025-07-05T11:11:10.5484203Z,Copying the manifest,e9a2b062-2a19-41d2-b13b-5ca86ec3e234,0
2025-07-05T11:11:10.7150181Z,NodeProjectOptimizer Initialized with repository path: /tmp/zipdeploy/extracted and output path: /home/site/wwwroot ,a7fe1dcf-669c-4af0-ae69-4dfbd3c274e0,0
2025-07-05T11:11:10.8247314Z,Optimizing build...,6772aae3-97ce-428a-abbd-ad3843af46d6,0
2025-07-05T11:11:10.9405534Z,Zipping node_modules...,57509df8-64b4-4d14-9cb2-bdb684f06339,0
	2025-07-05T11:11:10.9729754Z,Command: /opt/Kudu/Scripts/absoluteTar.sh /tmp/zipdeploy/extracted/node_modules /tmp/zipdeploy/extracted/node_modules.tar.gz,,0
	2025-07-05T11:14:17.6799866Z,Zipped /tmp/zipdeploy/extracted/node_modules to /tmp/zipdeploy/extracted/node_modules.tar.gz done successfully,,0
2025-07-05T11:14:17.8308129Z,Zipped Node Modules to /tmp/zipdeploy/extracted/node_modules.tar.gz,fd6242fd-9eaf-4847-a556-dac19a27cf14,0
2025-07-05T11:14:17.9724363Z,Express Node Deploy: Running rsync...,2e2b392f-2203-4889-8c0f-02e96c366288,0
	2025-07-05T11:14:17.9885870Z,Command: /opt/Kudu/Scripts/parallel_rsync.sh /tmp/zipdeploy/extracted /home/site/wwwroot 8 /tmp/ False False node_modules ,,0
	2025-07-05T11:14:19.2073820Z,Run rsync from: /tmp/zipdeploy/extracted/ to: /home/site/wwwroot/ in 8 parallel threads,,0
	2025-07-05T11:14:19.3399679Z,Delete options: clean=False&comma; use manifest=False&comma; directory to ignore=node_modules,,0
	2025-07-05T11:14:19.4284403Z,Prev manifest = /home/site/deployments/e49b2265-673b-4474-aa6d-4121ea1691f7/manifest and next /home/site/deployments/92aa395e-f012-40e6-9c04-6d7763328ca4/manifest,,0
	2025-07-05T11:14:19.5207232Z,Cleaning up /tmp//filelist.txt and /tmp//splits,,0
	2025-07-05T11:14:19.5893064Z,Creating a list of all files at /tmp//filelist.txt,,0
	2025-07-05T11:14:19.6499490Z,Excluding: node_modules,,0
	2025-07-05T11:14:19.7002898Z,Created /tmp//filelist.txt. Total number of files to be synced = 27.,,0
	2025-07-05T11:14:19.7407733Z,Created batches from the list of files. Processing 4 files in each thread,,0
	2025-07-05T11:14:19.8311624Z,Running rsync for filelist /tmp//splits/split.ab from /tmp/zipdeploy/extracted/ to /home/site/wwwroot/,,0
	2025-07-05T11:14:19.9016340Z,Running rsync for filelist /tmp//splits/split.aa from /tmp/zipdeploy/extracted/ to /home/site/wwwroot/,,0
	2025-07-05T11:14:20.1530555Z,Running rsync for filelist /tmp//splits/split.af from /tmp/zipdeploy/extracted/ to /home/site/wwwroot/,,0
	2025-07-05T11:14:20.2337597Z,Running rsync for filelist /tmp//splits/split.ac from /tmp/zipdeploy/extracted/ to /home/site/wwwroot/,,0
	2025-07-05T11:14:20.3842412Z,Running rsync for filelist /tmp//splits/split.ae from /tmp/zipdeploy/extracted/ to /home/site/wwwroot/,,0
	2025-07-05T11:14:20.4647580Z,Running rsync for filelist /tmp//splits/split.ag from /tmp/zipdeploy/extracted/ to /home/site/wwwroot/,,0
	2025-07-05T11:14:20.5452750Z,Running rsync for filelist /tmp//splits/split.ad from /tmp/zipdeploy/extracted/ to /home/site/wwwroot/,,0
	2025-07-05T11:14:20.5958404Z,,,0
	2025-07-05T11:14:20.6578360Z,Number of files: 9 (reg: 4&comma; dir: 5),,0
	2025-07-05T11:14:20.7261532Z,Number of created files: 0,,0
	2025-07-05T11:14:20.8174102Z,Number of deleted files: 0,,0
	2025-07-05T11:14:20.9470118Z,Number of regular files transferred: 4,,0
	2025-07-05T11:14:20.9979842Z,Total file size: 9.98K bytes,,0
	2025-07-05T11:14:21.0684065Z,Total transferred file size: 9.98K bytes,,0
	2025-07-05T11:14:21.1184541Z,Literal data: 9.98K bytes,,0
	2025-07-05T11:14:21.2090319Z,Matched data: 0 bytes,,0
	2025-07-05T11:14:21.2596641Z,File list size: 0,,0
	2025-07-05T11:14:21.3291966Z,File list generation time: 0.020 seconds,,0
	2025-07-05T11:14:21.4102264Z,File list transfer time: 0.000 seconds,,0
	2025-07-05T11:14:21.5105775Z,Total bytes sent: 3.93K,,0
	2025-07-05T11:14:21.5604214Z,Total bytes received: 107,,0
	2025-07-05T11:14:22.2467413Z,,,0
	2025-07-05T11:14:23.1588404Z,sent 3.93K bytes  received 107 bytes  2.69K bytes/sec,,0
	2025-07-05T11:14:23.2305557Z,total size is 9.98K  speedup is 2.47,,0
	2025-07-05T11:14:23.3421901Z,Attempt 1: Rsync for filelist /tmp//splits/split.ab completed with exit code 0,,0
	2025-07-05T11:14:23.4120084Z,,,0
	2025-07-05T11:14:23.4535094Z,Number of files: 8 (reg: 4&comma; dir: 4),,0
	2025-07-05T11:14:23.5222329Z,Number of created files: 0,,0
	2025-07-05T11:14:23.5830351Z,Number of deleted files: 0,,0
	2025-07-05T11:14:23.6637094Z,Number of regular files transferred: 4,,0
	2025-07-05T11:14:23.7534823Z,Total file size: 40.51K bytes,,0
	2025-07-05T11:14:23.8347178Z,Total transferred file size: 40.51K bytes,,0
	2025-07-05T11:14:24.0268952Z,Literal data: 40.51K bytes,,0
	2025-07-05T11:14:24.2060519Z,Matched data: 0 bytes,,0
	2025-07-05T11:14:24.2866648Z,File list size: 0,,0
	2025-07-05T11:14:24.3457229Z,File list generation time: 0.001 seconds,,0
	2025-07-05T11:14:24.4063231Z,File list transfer time: 0.000 seconds,,0
	2025-07-05T11:14:24.4871793Z,Total bytes sent: 11.17K,,0
	2025-07-05T11:14:24.6301342Z,Total bytes received: 101,,0
	2025-07-05T11:14:24.7579165Z,,,0
	2025-07-05T11:14:24.8486676Z,sent 11.17K bytes  received 101 bytes  7.51K bytes/sec,,0
	2025-07-05T11:14:24.9087527Z,total size is 40.51K  speedup is 3.60,,0
	2025-07-05T11:14:24.9589782Z,Attempt 1: Rsync for filelist /tmp//splits/split.aa completed with exit code 0,,0
	2025-07-05T11:14:25.0095087Z,,,0
	2025-07-05T11:14:25.0513525Z,Number of files: 8 (reg: 4&comma; dir: 4),,0
	2025-07-05T11:14:25.0998598Z,Number of created files: 0,,0
	2025-07-05T11:14:25.1421451Z,Number of deleted files: 0,,0
	2025-07-05T11:14:25.2809466Z,Number of regular files transferred: 4,,0
	2025-07-05T11:14:25.3210494Z,Total file size: 7.53K bytes,,0
	2025-07-05T11:14:25.3714515Z,Total transferred file size: 7.53K bytes,,0
	2025-07-05T11:14:25.4420004Z,Literal data: 7.53K bytes,,0
	2025-07-05T11:14:25.7131901Z,Matched data: 0 bytes,,0
	2025-07-05T11:14:25.7636458Z,File list size: 0,,0
	2025-07-05T11:14:25.8240726Z,File list generation time: 0.001 seconds,,0
	2025-07-05T11:14:25.9651530Z,File list transfer time: 0.000 seconds,,0
	2025-07-05T11:14:26.1257729Z,Total bytes sent: 3.85K,,0
	2025-07-05T11:14:26.1858267Z,Total bytes received: 104,,0
	2025-07-05T11:14:26.2461249Z,,,0
	2025-07-05T11:14:26.2993535Z,sent 3.85K bytes  received 104 bytes  2.64K bytes/sec,,0
	2025-07-05T11:14:26.5581284Z,total size is 7.53K  speedup is 1.90,,0
	2025-07-05T11:14:26.5979061Z,Attempt 1: Rsync for filelist /tmp//splits/split.ad completed with exit code 0,,0
	2025-07-05T11:14:26.6784708Z,,,0
	2025-07-05T11:14:26.9598251Z,Number of files: 5 (reg: 4&comma; dir: 1),,0
	2025-07-05T11:14:27.0408422Z,Number of created files: 0,,0
	2025-07-05T11:14:27.0903209Z,Number of deleted files: 0,,0
	2025-07-05T11:14:27.1506599Z,Number of regular files transferred: 4,,0
	2025-07-05T11:14:27.2219438Z,Total file size: 2.29K bytes,,0
	2025-07-05T11:14:27.5022451Z,Total transferred file size: 2.29K bytes,,0
	2025-07-05T11:14:27.5522574Z,Literal data: 2.29K bytes,,0
	2025-07-05T11:14:27.6529114Z,Matched data: 0 bytes,,0
	2025-07-05T11:14:27.7233162Z,File list size: 0,,0
	2025-07-05T11:14:27.9941275Z,File list generation time: 0.109 seconds,,0
	2025-07-05T11:14:28.0659213Z,File list transfer time: 0.000 seconds,,0
	2025-07-05T11:14:28.1651452Z,Total bytes sent: 1.49K,,0
	2025-07-05T11:14:28.2156782Z,Total bytes received: 95,,0
	2025-07-05T11:14:28.8756028Z,,,0
	2025-07-05T11:14:30.2928758Z,sent 1.49K bytes  received 95 bytes  1.06K bytes/sec,,0
	2025-07-05T11:14:30.3732199Z,total size is 2.29K  speedup is 1.45,,0
	2025-07-05T11:14:30.4534581Z,,,0
	2025-07-05T11:14:30.5648346Z,Number of files: 12 (reg: 4&comma; dir: 8),,0
	2025-07-05T11:14:30.6557200Z,Number of created files: 0,,0
	2025-07-05T11:14:30.7460022Z,Number of deleted files: 0,,0
	2025-07-05T11:14:30.8275728Z,Number of regular files transferred: 4,,0
	2025-07-05T11:14:30.9060462Z,Total file size: 6.88K bytes,,0
	2025-07-05T11:14:30.9660868Z,Total transferred file size: 6.88K bytes,,0
	2025-07-05T11:14:31.0267205Z,Literal data: 6.88K bytes,,0
	2025-07-05T11:14:31.1170424Z,Matched data: 0 bytes,,0
	2025-07-05T11:14:31.1776503Z,File list size: 0,,0
	2025-07-05T11:14:31.2579620Z,File list generation time: 0.020 seconds,,0
	2025-07-05T11:14:31.3180013Z,File list transfer time: 0.000 seconds,,0
	2025-07-05T11:14:31.4087574Z,Total bytes sent: 3.17K,,0
	2025-07-05T11:14:31.4892566Z,Total bytes received: 116,,0
	2025-07-05T11:14:31.5710650Z,,,0
	2025-07-05T11:14:31.6618983Z,sent 3.17K bytes  received 116 bytes  2.19K bytes/sec,,0
	2025-07-05T11:14:31.7422427Z,total size is 6.88K  speedup is 2.09,,0
	2025-07-05T11:14:31.8024547Z,Attempt 1: Rsync for filelist /tmp//splits/split.ac completed with exit code 0,,0
	2025-07-05T11:14:32.0827988Z,Attempt 1: Rsync for filelist /tmp//splits/split.ae completed with exit code 0,,0
	2025-07-05T11:14:33.8640691Z,,,0
	2025-07-05T11:14:34.0027104Z,Number of files: 4 (reg: 4),,0
	2025-07-05T11:14:34.1156809Z,Number of created files: 0,,0
	2025-07-05T11:14:34.2241070Z,Number of deleted files: 0,,0
	2025-07-05T11:14:34.8353832Z,Number of regular files transferred: 4,,0
	2025-07-05T11:14:35.1692497Z,Total file size: 221.21M bytes,,0
	2025-07-05T11:14:35.1878697Z,Total transferred file size: 221.21M bytes,,0
	2025-07-05T11:14:35.2110050Z,Literal data: 221.21M bytes,,0
	2025-07-05T11:14:35.2258186Z,Matched data: 0 bytes,,0
	2025-07-05T11:14:35.2417819Z,File list size: 0,,0
	2025-07-05T11:14:35.2598546Z,File list generation time: 0.001 seconds,,0
	2025-07-05T11:14:35.2777676Z,File list transfer time: 0.000 seconds,,0
	2025-07-05T11:14:35.3071409Z,Total bytes sent: 220.54M,,0
	2025-07-05T11:14:35.3219303Z,Total bytes received: 92,,0
	2025-07-05T11:14:35.3399825Z,,,0
	2025-07-05T11:14:35.3635610Z,sent 220.54M bytes  received 92 bytes  14.23M bytes/sec,,0
	2025-07-05T11:14:35.3746746Z,total size is 221.21M  speedup is 1.00,,0
	2025-07-05T11:14:35.3903532Z,Attempt 1: Rsync for filelist /tmp//splits/split.af completed with exit code 0,,0
	2025-07-05T11:14:37.0664782Z,,,0
	2025-07-05T11:14:37.0947910Z,Number of files: 4 (reg: 3&comma; dir: 1),,0
	2025-07-05T11:14:37.1104423Z,Number of created files: 0,,0
	2025-07-05T11:14:37.1300054Z,Number of deleted files: 0,,0
	2025-07-05T11:14:37.1497869Z,Number of regular files transferred: 3,,0
	2025-07-05T11:14:37.1808069Z,Total file size: 236.01M bytes,,0
	2025-07-05T11:14:37.1917817Z,Total transferred file size: 236.01M bytes,,0
	2025-07-05T11:14:37.2078341Z,Literal data: 236.01M bytes,,0
	2025-07-05T11:14:37.2269816Z,Matched data: 0 bytes,,0
	2025-07-05T11:14:37.2584595Z,File list size: 0,,0
	2025-07-05T11:14:37.2912159Z,File list generation time: 0.019 seconds,,0
	2025-07-05T11:14:37.3213555Z,File list transfer time: 0.000 seconds,,0
	2025-07-05T11:14:37.3320323Z,Total bytes sent: 226.44M,,0
	2025-07-05T11:14:37.3508146Z,Total bytes received: 76,,0
	2025-07-05T11:14:37.3706190Z,,,0
	2025-07-05T11:14:37.3955143Z,sent 226.44M bytes  received 76 bytes  11.61M bytes/sec,,0
	2025-07-05T11:14:37.4065608Z,total size is 236.01M  speedup is 1.04,,0
	2025-07-05T11:14:37.4324305Z,Attempt 1: Rsync for filelist /tmp//splits/split.ag completed with exit code 0,,0
	2025-07-05T11:14:37.4425305Z,Completed successfully in 19 seconds,,0
2025-07-05T11:14:37.5844076Z,Rsync completed to /home/site/wwwroot,e1d9094d-cd98-4117-9664-7e33465084cf,0
2025-07-05T11:14:37.7739570Z,Manifest created at /home/site/wwwroot,0aa0e4c2-0873-4c09-b91a-df9a9202b2be,0
2025-07-05T11:14:37.9067063Z,Optimized build done with success: True,65d2ab18-ceb5-413b-af97-564f00317648,0
2025-07-05T11:14:38.0189502Z,Build completed succesfully.,93b8421a-7628-4ba4-808e-59820c565d94,0
2025-07-05T11:14:38.1752805Z,Running post deployment command(s)...,1e2aa273-d980-4531-b34e-0efe76b90333,0
2025-07-05T11:14:38.3527737Z,Triggering container recycle for OneDeploy by adding/updating restartTrigger.txt to the site root path,a11895cb-2734-45d6-bef3-9a3371bda4e2,0
2025-07-05T11:14:38.5361027Z,Deployment successful. deployer = OneDeploy deploymentPath = OneDeploy,3b8c4a2c-f54f-47e1-86bf-70ae89b397bc,0
