2025-07-05T11:45:36.6741085Z,Updating submodules.,0facf45e-446f-49f9-86a0-fd222d9c9984,0
2025-07-05T11:45:37.8076642Z,Preparing deployment for commit id '9c2635a5-5'.,c33815fa-d575-488a-9757-b2755b699ca3,0
2025-07-05T11:45:38.1447708Z,PreDeployment: context.CleanOutputPath False,6d7c9aef-ce16-49d8-83a1-c0858619347e,0
2025-07-05T11:45:38.3362555Z,PreDeployment: context.OutputPath /home/site/wwwroot,c22e41b8-2dd7-4da4-a6da-8982779ff3c9,0
2025-07-05T11:45:38.7647010Z,Running build. Project type: OneDeploy,d70f1f2b-713e-45d3-a339-f3d49e3236d6,0
2025-07-05T11:45:38.8832430Z,Copying the manifest,a9616299-a58b-4b7b-9d1e-f5e3c270a068,0
2025-07-05T11:45:39.3029350Z,NodeProjectOptimizer Initialized with repository path: /tmp/zipdeploy/extracted and output path: /home/site/wwwroot ,d35c74e5-406f-4931-8da3-164f0f00cfbb,0
2025-07-05T11:45:39.4400050Z,Optimizing build...,13ccf335-a452-40f5-9572-450cb6ad6c52,0
2025-07-05T11:45:39.5534058Z,Zipping node_modules...,e3aee5b5-7e4e-4a6c-8fec-f28e3761a2df,0
	2025-07-05T11:45:39.5728698Z,Command: /opt/Kudu/Scripts/absoluteTar.sh /tmp/zipdeploy/extracted/node_modules /tmp/zipdeploy/extracted/node_modules.tar.gz,,0
	2025-07-05T11:48:22.7967527Z,Zipped /tmp/zipdeploy/extracted/node_modules to /tmp/zipdeploy/extracted/node_modules.tar.gz done successfully,,0
2025-07-05T11:48:23.0354870Z,Zipped Node Modules to /tmp/zipdeploy/extracted/node_modules.tar.gz,260e73eb-c598-4d95-b50b-612c0bf857da,0
2025-07-05T11:48:23.1475497Z,Express Node Deploy: Running rsync...,c88942ad-8b45-430b-a0db-4617271e6515,0
	2025-07-05T11:48:23.1759136Z,Command: /opt/Kudu/Scripts/parallel_rsync.sh /tmp/zipdeploy/extracted /home/site/wwwroot 8 /tmp/ False False node_modules ,,0
	2025-07-05T11:48:23.4380683Z,Run rsync from: /tmp/zipdeploy/extracted/ to: /home/site/wwwroot/ in 8 parallel threads,,0
	2025-07-05T11:48:23.4701573Z,Delete options: clean=False&comma; use manifest=False&comma; directory to ignore=node_modules,,0
	2025-07-05T11:48:23.5024275Z,Prev manifest = /home/site/deployments/a400c400-1ade-4e80-9367-9285d8181f0b/manifest and next /home/site/deployments/9c2635a5-58d0-4960-8bc1-6a4d3773529d/manifest,,0
	2025-07-05T11:48:23.5401211Z,Cleaning up /tmp//filelist.txt and /tmp//splits,,0
	2025-07-05T11:48:23.6000585Z,Creating a list of all files at /tmp//filelist.txt,,0
	2025-07-05T11:48:23.6600311Z,Excluding: node_modules,,0
	2025-07-05T11:48:23.7422887Z,Created /tmp//filelist.txt. Total number of files to be synced = 27.,,0
	2025-07-05T11:48:23.8103838Z,Created batches from the list of files. Processing 4 files in each thread,,0
	2025-07-05T11:48:23.9509981Z,Running rsync for filelist /tmp//splits/split.aa from /tmp/zipdeploy/extracted/ to /home/site/wwwroot/,,0
	2025-07-05T11:48:24.0131332Z,Running rsync for filelist /tmp//splits/split.ac from /tmp/zipdeploy/extracted/ to /home/site/wwwroot/,,0
	2025-07-05T11:48:24.0925859Z,Running rsync for filelist /tmp//splits/split.ab from /tmp/zipdeploy/extracted/ to /home/site/wwwroot/,,0
	2025-07-05T11:48:24.2136269Z,Running rsync for filelist /tmp//splits/split.ad from /tmp/zipdeploy/extracted/ to /home/site/wwwroot/,,0
	2025-07-05T11:48:24.3141809Z,Running rsync for filelist /tmp//splits/split.ae from /tmp/zipdeploy/extracted/ to /home/site/wwwroot/,,0
	2025-07-05T11:48:24.4344175Z,Running rsync for filelist /tmp//splits/split.af from /tmp/zipdeploy/extracted/ to /home/site/wwwroot/,,0
	2025-07-05T11:48:24.5160517Z,Running rsync for filelist /tmp//splits/split.ag from /tmp/zipdeploy/extracted/ to /home/site/wwwroot/,,0
	2025-07-05T11:48:24.7450020Z,,,0
	2025-07-05T11:48:24.8177493Z,Number of files: 8 (reg: 4&comma; dir: 4),,0
	2025-07-05T11:48:24.9469781Z,Number of created files: 0,,0
	2025-07-05T11:48:25.0367314Z,Number of deleted files: 0,,0
	2025-07-05T11:48:25.1178598Z,Number of regular files transferred: 4,,0
	2025-07-05T11:48:25.1576580Z,Total file size: 7.54K bytes,,0
	2025-07-05T11:48:25.2080014Z,Total transferred file size: 7.54K bytes,,0
	2025-07-05T11:48:25.2800148Z,Literal data: 7.54K bytes,,0
	2025-07-05T11:48:25.3288750Z,Matched data: 0 bytes,,0
	2025-07-05T11:48:25.4502633Z,File list size: 0,,0
	2025-07-05T11:48:25.5000086Z,File list generation time: 0.001 seconds,,0
	2025-07-05T11:48:25.5701702Z,File list transfer time: 0.000 seconds,,0
	2025-07-05T11:48:25.6210830Z,Total bytes sent: 3.85K,,0
	2025-07-05T11:48:25.6711873Z,Total bytes received: 104,,0
	2025-07-05T11:48:25.7215107Z,,,0
	2025-07-05T11:48:25.7708293Z,sent 3.85K bytes  received 104 bytes  7.91K bytes/sec,,0
	2025-07-05T11:48:25.8126956Z,total size is 7.54K  speedup is 1.91,,0
	2025-07-05T11:48:25.9639852Z,Attempt 1: Rsync for filelist /tmp//splits/split.ad completed with exit code 0,,0
	2025-07-05T11:48:26.0433931Z,,,0
	2025-07-05T11:48:26.0840636Z,Number of files: 9 (reg: 4&comma; dir: 5),,0
	2025-07-05T11:48:26.1328644Z,Number of created files: 0,,0
	2025-07-05T11:48:26.1853413Z,Number of deleted files: 0,,0
	2025-07-05T11:48:26.4787165Z,Number of regular files transferred: 4,,0
	2025-07-05T11:48:26.6184910Z,Total file size: 9.98K bytes,,0
	2025-07-05T11:48:26.6378555Z,Total transferred file size: 9.98K bytes,,0
	2025-07-05T11:48:26.6665576Z,Literal data: 9.98K bytes,,0
	2025-07-05T11:48:26.6880033Z,Matched data: 0 bytes,,0
	2025-07-05T11:48:26.7261793Z,File list size: 0,,0
	2025-07-05T11:48:26.7503092Z,File list generation time: 0.001 seconds,,0
	2025-07-05T11:48:26.7732451Z,File list transfer time: 0.000 seconds,,0
	2025-07-05T11:48:26.7956643Z,Total bytes sent: 3.93K,,0
	2025-07-05T11:48:26.8292447Z,Total bytes received: 107,,0
	2025-07-05T11:48:26.9750674Z,,,0
	2025-07-05T11:48:27.0835820Z,sent 3.93K bytes  received 107 bytes  2.69K bytes/sec,,0
	2025-07-05T11:48:27.1739906Z,total size is 9.98K  speedup is 2.47,,0
	2025-07-05T11:48:27.2760784Z,Attempt 1: Rsync for filelist /tmp//splits/split.ab completed with exit code 0,,0
	2025-07-05T11:48:27.3250858Z,,,0
	2025-07-05T11:48:27.3965361Z,Number of files: 8 (reg: 4&comma; dir: 4),,0
	2025-07-05T11:48:27.4764718Z,Number of created files: 0,,0
	2025-07-05T11:48:27.5458605Z,Number of deleted files: 0,,0
	2025-07-05T11:48:27.6466935Z,Number of regular files transferred: 4,,0
	2025-07-05T11:48:27.7570547Z,Total file size: 40.51K bytes,,0
	2025-07-05T11:48:27.8171456Z,Total transferred file size: 40.51K bytes,,0
	2025-07-05T11:48:27.9197416Z,Literal data: 40.51K bytes,,0
	2025-07-05T11:48:27.9881571Z,Matched data: 0 bytes,,0
	2025-07-05T11:48:28.1088604Z,File list size: 0,,0
	2025-07-05T11:48:28.1795589Z,File list generation time: 0.001 seconds,,0
	2025-07-05T11:48:28.2396398Z,File list transfer time: 0.000 seconds,,0
	2025-07-05T11:48:28.3406274Z,Total bytes sent: 11.17K,,0
	2025-07-05T11:48:28.4309675Z,,,0
	2025-07-05T11:48:28.5124536Z,Number of files: 12 (reg: 4&comma; dir: 8),,0
	2025-07-05T11:48:28.5918977Z,Number of created files: 0,,0
	2025-07-05T11:48:28.6618652Z,Number of deleted files: 0,,0
	2025-07-05T11:48:28.7333598Z,Number of regular files transferred: 4,,0
	2025-07-05T11:48:29.1144431Z,Total file size: 6.88K bytes,,0
	2025-07-05T11:48:29.2551000Z,Total transferred file size: 6.88K bytes,,0
	2025-07-05T11:48:29.3262539Z,Literal data: 6.88K bytes,,0
	2025-07-05T11:48:29.3762039Z,Matched data: 0 bytes,,0
	2025-07-05T11:48:29.4263427Z,File list size: 0,,0
	2025-07-05T11:48:29.4762902Z,File list generation time: 0.001 seconds,,0
	2025-07-05T11:48:29.7377718Z,File list transfer time: 0.000 seconds,,0
	2025-07-05T11:48:29.7989681Z,Total bytes sent: 3.17K,,0
	2025-07-05T11:48:29.8792911Z,Total bytes received: 116,,0
	2025-07-05T11:48:29.9189087Z,,,0
	2025-07-05T11:48:29.9808086Z,sent 3.17K bytes  received 116 bytes  2.19K bytes/sec,,0
	2025-07-05T11:48:30.0392582Z,total size is 6.88K  speedup is 2.09,,0
	2025-07-05T11:48:30.3097945Z,Total bytes received: 101,,0
	2025-07-05T11:48:30.3996844Z,,,0
	2025-07-05T11:48:30.4403076Z,sent 11.17K bytes  received 101 bytes  22.53K bytes/sec,,0
	2025-07-05T11:48:30.5503708Z,total size is 40.51K  speedup is 3.60,,0
	2025-07-05T11:48:30.6006329Z,Attempt 1: Rsync for filelist /tmp//splits/split.ac completed with exit code 0,,0
	2025-07-05T11:48:30.6410215Z,Attempt 1: Rsync for filelist /tmp//splits/split.aa completed with exit code 0,,0
	2025-07-05T11:48:30.7013362Z,,,0
	2025-07-05T11:48:30.7946274Z,Number of files: 5 (reg: 4&comma; dir: 1),,0
	2025-07-05T11:48:30.8420647Z,Number of created files: 0,,0
	2025-07-05T11:48:30.8931677Z,Number of deleted files: 0,,0
	2025-07-05T11:48:30.9554079Z,Number of regular files transferred: 4,,0
	2025-07-05T11:48:32.1404789Z,Total file size: 2.38K bytes,,0
	2025-07-05T11:48:33.2870414Z,Total transferred file size: 2.38K bytes,,0
	2025-07-05T11:48:33.3483487Z,Literal data: 2.38K bytes,,0
	2025-07-05T11:48:33.3983314Z,Matched data: 0 bytes,,0
	2025-07-05T11:48:33.4585099Z,File list size: 0,,0
	2025-07-05T11:48:33.4992192Z,File list generation time: 0.001 seconds,,0
	2025-07-05T11:48:33.5492737Z,File list transfer time: 0.000 seconds,,0
	2025-07-05T11:48:33.5995149Z,Total bytes sent: 1.57K,,0
	2025-07-05T11:48:33.6702075Z,Total bytes received: 95,,0
	2025-07-05T11:48:33.7301078Z,,,0
	2025-07-05T11:48:33.7692866Z,sent 1.57K bytes  received 95 bytes  3.34K bytes/sec,,0
	2025-07-05T11:48:33.8596606Z,total size is 2.38K  speedup is 1.43,,0
	2025-07-05T11:48:33.9495699Z,Attempt 1: Rsync for filelist /tmp//splits/split.ae completed with exit code 0,,0
	2025-07-05T11:48:37.7313931Z,,,0
	2025-07-05T11:48:38.0248424Z,Number of files: 4 (reg: 4),,0
	2025-07-05T11:48:38.8095310Z,Number of created files: 0,,0
	2025-07-05T11:48:38.8321247Z,Number of deleted files: 0,,0
	2025-07-05T11:48:38.8467239Z,Number of regular files transferred: 4,,0
	2025-07-05T11:48:38.8687019Z,Total file size: 186.32M bytes,,0
	2025-07-05T11:48:38.8882305Z,Total transferred file size: 186.32M bytes,,0
	2025-07-05T11:48:38.9020927Z,Literal data: 186.32M bytes,,0
	2025-07-05T11:48:38.9167788Z,Matched data: 0 bytes,,0
	2025-07-05T11:48:38.9367186Z,File list size: 0,,0
	2025-07-05T11:48:38.9610982Z,File list generation time: 0.069 seconds,,0
	2025-07-05T11:48:38.9747267Z,File list transfer time: 0.000 seconds,,0
	2025-07-05T11:48:38.9942055Z,Total bytes sent: 185.65M,,0
	2025-07-05T11:48:39.0084949Z,Total bytes received: 92,,0
	2025-07-05T11:48:39.0336856Z,,,0
	2025-07-05T11:48:39.0518389Z,sent 185.65M bytes  received 92 bytes  13.75M bytes/sec,,0
	2025-07-05T11:48:39.0626610Z,total size is 186.32M  speedup is 1.00,,0
	2025-07-05T11:48:39.0982979Z,Attempt 1: Rsync for filelist /tmp//splits/split.af completed with exit code 0,,0
	2025-07-05T11:48:40.8040112Z,,,0
	2025-07-05T11:48:40.8303427Z,Number of files: 4 (reg: 3&comma; dir: 1),,0
	2025-07-05T11:48:40.8480506Z,Number of created files: 0,,0
	2025-07-05T11:48:40.8640480Z,Number of deleted files: 0,,0
	2025-07-05T11:48:40.8811859Z,Number of regular files transferred: 3,,0
	2025-07-05T11:48:40.8984569Z,Total file size: 200.06M bytes,,0
	2025-07-05T11:48:40.9181192Z,Total transferred file size: 200.06M bytes,,0
	2025-07-05T11:48:40.9425829Z,Literal data: 200.06M bytes,,0
	2025-07-05T11:48:40.9626295Z,Matched data: 0 bytes,,0
	2025-07-05T11:48:41.1368803Z,File list size: 0,,0
	2025-07-05T11:48:41.1498148Z,File list generation time: 0.001 seconds,,0
	2025-07-05T11:48:41.1628107Z,File list transfer time: 0.000 seconds,,0
	2025-07-05T11:48:41.1733320Z,Total bytes sent: 191.01M,,0
	2025-07-05T11:48:41.1833759Z,Total bytes received: 76,,0
	2025-07-05T11:48:41.2326488Z,,,0
	2025-07-05T11:48:41.2832030Z,sent 191.01M bytes  received 76 bytes  11.58M bytes/sec,,0
	2025-07-05T11:48:41.3760080Z,total size is 200.06M  speedup is 1.05,,0
	2025-07-05T11:48:41.4029086Z,Attempt 1: Rsync for filelist /tmp//splits/split.ag completed with exit code 0,,0
	2025-07-05T11:48:41.4238106Z,Completed successfully in 17 seconds,,0
2025-07-05T11:48:41.5435219Z,Rsync completed to /home/site/wwwroot,9bb83b2f-3db0-422d-8fb7-4103265af198,0
2025-07-05T11:48:41.7128474Z,Manifest created at /home/site/wwwroot,45695420-adb0-4760-8aaf-6bbf4f661170,0
2025-07-05T11:48:41.8367678Z,Optimized build done with success: True,abdd2fa3-2498-429f-a171-002c9462198f,0
2025-07-05T11:48:41.9736736Z,Build completed succesfully.,79f764be-50ac-4c25-a9ab-abdf079c12cc,0
2025-07-05T11:48:42.0872185Z,Running post deployment command(s)...,b05b5169-db78-4bd3-b04f-f5e32ee729a7,0
2025-07-05T11:48:42.2264189Z,Triggering container recycle for OneDeploy by adding/updating restartTrigger.txt to the site root path,cb404641-3574-4377-9fc4-b5f98ae54aee,0
2025-07-05T11:48:42.4509603Z,Deployment successful. deployer = OneDeploy deploymentPath = OneDeploy,b179475a-5f5c-4f4a-b368-52f2d99cf711,0
