2025-07-05T09:13:10.9902084Z,Updating submodules.,7641a5fe-694f-4cc1-8a44-9f306774b545,0
2025-07-05T09:13:12.1371529Z,Preparing deployment for commit id 'f5b6de36-c'.,51f20ee2-417a-432e-91d5-cf852db970c0,0
2025-07-05T09:13:12.4855605Z,PreDeployment: context.CleanOutputPath False,36ebb220-0ffc-4f97-80f0-85141762b69a,0
2025-07-05T09:13:12.6187620Z,PreDeployment: context.OutputPath /home/site/wwwroot,fddef42f-da01-475e-9d76-c4192b183339,0
2025-07-05T09:13:12.8366703Z,Running build. Project type: OneDeploy,ffd64a7c-db6c-4b68-af23-c2bfb7bf0201,0
2025-07-05T09:13:12.9498010Z,Copying the manifest,701bb794-4794-478e-8c92-f8079811ecf7,0
2025-07-05T09:13:13.1184994Z,NodeProjectOptimizer Initialized with repository path: /tmp/zipdeploy/extracted and output path: /home/site/wwwroot ,b655d1d8-6a9a-4eac-9de8-7e5d37141677,0
2025-07-05T09:13:13.2492822Z,Optimizing build...,1e0db899-6576-47c2-b069-10cdf9c1c8f7,0
2025-07-05T09:13:13.3757802Z,Zipping node_modules...,abc9aa6b-eff6-4312-8e43-0fc6256abd7f,0
	2025-07-05T09:13:13.3932166Z,Command: /opt/Kudu/Scripts/absoluteTar.sh /tmp/zipdeploy/extracted/node_modules /tmp/zipdeploy/extracted/node_modules.tar.gz,,0
	2025-07-05T09:15:06.5952698Z,Zipped /tmp/zipdeploy/extracted/node_modules to /tmp/zipdeploy/extracted/node_modules.tar.gz done successfully,,0
2025-07-05T09:15:06.7875191Z,Zipped Node Modules to /tmp/zipdeploy/extracted/node_modules.tar.gz,ca97528c-363e-439e-a5c3-00e17d421842,0
2025-07-05T09:15:06.9033305Z,Express Node Deploy: Running rsync...,93925c33-8b60-4961-ab1d-62a89f4fc20c,0
	2025-07-05T09:15:06.9300100Z,Command: /opt/Kudu/Scripts/parallel_rsync.sh /tmp/zipdeploy/extracted /home/site/wwwroot 8 /tmp/ False False node_modules ,,0
	2025-07-05T09:15:07.1818268Z,Run rsync from: /tmp/zipdeploy/extracted/ to: /home/site/wwwroot/ in 8 parallel threads,,0
	2025-07-05T09:15:07.2224173Z,Delete options: clean=False&comma; use manifest=False&comma; directory to ignore=node_modules,,0
	2025-07-05T09:15:07.2932976Z,Prev manifest = /home/site/deployments/cc0af542-c641-429a-aba6-ce1fc21bd8ea/manifest and next /home/site/deployments/f5b6de36-c230-4f0f-868e-7434a477da31/manifest,,0
	2025-07-05T09:15:07.3740443Z,Cleaning up /tmp//filelist.txt and /tmp//splits,,0
	2025-07-05T09:15:07.4843037Z,Creating a list of all files at /tmp//filelist.txt,,0
	2025-07-05T09:15:07.5649919Z,Excluding: node_modules,,0
	2025-07-05T09:15:07.7558284Z,Created /tmp//filelist.txt. Total number of files to be synced = 27.,,0
	2025-07-05T09:15:07.8458697Z,Created batches from the list of files. Processing 4 files in each thread,,0
	2025-07-05T09:15:07.9374935Z,Running rsync for filelist /tmp//splits/split.aa from /tmp/zipdeploy/extracted/ to /home/site/wwwroot/,,0
	2025-07-05T09:15:08.0268943Z,Running rsync for filelist /tmp//splits/split.ad from /tmp/zipdeploy/extracted/ to /home/site/wwwroot/,,0
	2025-07-05T09:15:08.1692018Z,Running rsync for filelist /tmp//splits/split.ab from /tmp/zipdeploy/extracted/ to /home/site/wwwroot/,,0
	2025-07-05T09:15:08.2374547Z,Running rsync for filelist /tmp//splits/split.ac from /tmp/zipdeploy/extracted/ to /home/site/wwwroot/,,0
	2025-07-05T09:15:08.2780410Z,Running rsync for filelist /tmp//splits/split.af from /tmp/zipdeploy/extracted/ to /home/site/wwwroot/,,0
	2025-07-05T09:15:08.3049019Z,Running rsync for filelist /tmp//splits/split.ae from /tmp/zipdeploy/extracted/ to /home/site/wwwroot/,,0
	2025-07-05T09:15:08.3215618Z,Running rsync for filelist /tmp//splits/split.ag from /tmp/zipdeploy/extracted/ to /home/site/wwwroot/,,0
	2025-07-05T09:15:08.4844179Z,,,0
	2025-07-05T09:15:08.5541639Z,Number of files: 8 (reg: 4&comma; dir: 4),,0
	2025-07-05T09:15:08.5904775Z,Number of created files: 0,,0
	2025-07-05T09:15:09.0725468Z,Number of deleted files: 0,,0
	2025-07-05T09:15:09.1626912Z,Number of regular files transferred: 4,,0
	2025-07-05T09:15:09.2235068Z,Total file size: 7.47K bytes,,0
	2025-07-05T09:15:09.2937108Z,Total transferred file size: 7.47K bytes,,0
	2025-07-05T09:15:09.3541482Z,Literal data: 7.47K bytes,,0
	2025-07-05T09:15:09.4446202Z,Matched data: 0 bytes,,0
	2025-07-05T09:15:09.4945606Z,File list size: 0,,0
	2025-07-05T09:15:09.5450917Z,File list generation time: 0.009 seconds,,0
	2025-07-05T09:15:09.6164766Z,File list transfer time: 0.000 seconds,,0
	2025-07-05T09:15:09.6657570Z,Total bytes sent: 3.82K,,0
	2025-07-05T09:15:09.7465405Z,Total bytes received: 104,,0
	2025-07-05T09:15:09.7968122Z,,,0
	2025-07-05T09:15:09.8973854Z,sent 3.82K bytes  received 104 bytes  2.62K bytes/sec,,0
	2025-07-05T09:15:09.9474465Z,total size is 7.47K  speedup is 1.90,,0
	2025-07-05T09:15:10.0578710Z,Attempt 1: Rsync for filelist /tmp//splits/split.ad completed with exit code 0,,0
	2025-07-05T09:15:10.1384653Z,,,0
	2025-07-05T09:15:10.1982340Z,Number of files: 5 (reg: 4&comma; dir: 1),,0
	2025-07-05T09:15:10.2696282Z,Number of created files: 0,,0
	2025-07-05T09:15:10.3490539Z,Number of deleted files: 0,,0
	2025-07-05T09:15:10.3996506Z,Number of regular files transferred: 4,,0
	2025-07-05T09:15:10.4900233Z,Total file size: 2.31K bytes,,0
	2025-07-05T09:15:10.5601791Z,Total transferred file size: 2.31K bytes,,0
	2025-07-05T09:15:10.6013721Z,Literal data: 2.31K bytes,,0
	2025-07-05T09:15:10.6714109Z,Matched data: 0 bytes,,0
	2025-07-05T09:15:10.7415534Z,File list size: 0,,0
	2025-07-05T09:15:10.8121445Z,File list generation time: 0.001 seconds,,0
	2025-07-05T09:15:10.8838581Z,File list transfer time: 0.000 seconds,,0
	2025-07-05T09:15:10.9425836Z,Total bytes sent: 1.52K,,0
	2025-07-05T09:15:11.0134471Z,Total bytes received: 95,,0
	2025-07-05T09:15:11.1042877Z,,,0
	2025-07-05T09:15:11.2051794Z,sent 1.52K bytes  received 95 bytes  1.08K bytes/sec,,0
	2025-07-05T09:15:11.2550942Z,total size is 2.31K  speedup is 1.43,,0
	2025-07-05T09:15:12.1501880Z,Attempt 1: Rsync for filelist /tmp//splits/split.ae completed with exit code 0,,0
	2025-07-05T09:15:12.2806958Z,,,0
	2025-07-05T09:15:12.3328354Z,Number of files: 8 (reg: 4&comma; dir: 4),,0
	2025-07-05T09:15:12.3912190Z,Number of created files: 0,,0
	2025-07-05T09:15:12.4818807Z,Number of deleted files: 0,,0
	2025-07-05T09:15:12.5330988Z,Number of regular files transferred: 4,,0
	2025-07-05T09:15:12.5727017Z,Total file size: 40.51K bytes,,0
	2025-07-05T09:15:12.6334038Z,Total transferred file size: 40.51K bytes,,0
	2025-07-05T09:15:12.6927791Z,Literal data: 40.51K bytes,,0
	2025-07-05T09:15:12.7350870Z,Matched data: 0 bytes,,0
	2025-07-05T09:15:12.7933497Z,File list size: 0,,0
	2025-07-05T09:15:12.8539802Z,File list generation time: 0.001 seconds,,0
	2025-07-05T09:15:12.9246046Z,File list transfer time: 0.000 seconds,,0
	2025-07-05T09:15:12.9750191Z,Total bytes sent: 11.17K,,0
	2025-07-05T09:15:13.0346998Z,Total bytes received: 101,,0
	2025-07-05T09:15:13.0858484Z,,,0
	2025-07-05T09:15:13.1259702Z,sent 11.17K bytes  received 101 bytes  7.51K bytes/sec,,0
	2025-07-05T09:15:13.1762104Z,total size is 40.51K  speedup is 3.60,,0
	2025-07-05T09:15:14.1922161Z,Attempt 1: Rsync for filelist /tmp//splits/split.aa completed with exit code 0,,0
	2025-07-05T09:15:14.7055803Z,,,0
	2025-07-05T09:15:14.7563215Z,Number of files: 9 (reg: 4&comma; dir: 5),,0
	2025-07-05T09:15:14.8356343Z,Number of created files: 0,,0
	2025-07-05T09:15:14.8846067Z,Number of deleted files: 0,,0
	2025-07-05T09:15:14.9250634Z,Number of regular files transferred: 4,,0
	2025-07-05T09:15:15.0054202Z,Total file size: 9.90K bytes,,0
	2025-07-05T09:15:15.0566370Z,Total transferred file size: 9.90K bytes,,0
	2025-07-05T09:15:15.0965191Z,Literal data: 9.90K bytes,,0
	2025-07-05T09:15:15.1874214Z,Matched data: 0 bytes,,0
	2025-07-05T09:15:15.2679752Z,File list size: 0,,0
	2025-07-05T09:15:15.3174298Z,File list generation time: 0.001 seconds,,0
	2025-07-05T09:15:15.3982284Z,File list transfer time: 0.000 seconds,,0
	2025-07-05T09:15:15.4684130Z,Total bytes sent: 3.92K,,0
	2025-07-05T09:15:15.5287954Z,Total bytes received: 107,,0
	2025-07-05T09:15:15.5899235Z,,,0
	2025-07-05T09:15:15.6994398Z,sent 3.92K bytes  received 107 bytes  2.68K bytes/sec,,0
	2025-07-05T09:15:15.7918254Z,total size is 9.90K  speedup is 2.46,,0
	2025-07-05T09:15:15.8803999Z,Attempt 1: Rsync for filelist /tmp//splits/split.ab completed with exit code 0,,0
	2025-07-05T09:15:16.0432567Z,,,0
	2025-07-05T09:15:16.1340790Z,Number of files: 12 (reg: 4&comma; dir: 8),,0
	2025-07-05T09:15:16.1919987Z,Number of created files: 0,,0
	2025-07-05T09:15:16.2522067Z,Number of deleted files: 0,,0
	2025-07-05T09:15:16.3333343Z,Number of regular files transferred: 4,,0
	2025-07-05T09:15:16.4735178Z,Total file size: 6.84K bytes,,0
	2025-07-05T09:15:16.6549461Z,Total transferred file size: 6.84K bytes,,0
	2025-07-05T09:15:16.7660589Z,Literal data: 6.84K bytes,,0
	2025-07-05T09:15:16.9266614Z,Matched data: 0 bytes,,0
	2025-07-05T09:15:17.0872530Z,File list size: 0,,0
	2025-07-05T09:15:17.1678755Z,File list generation time: 0.011 seconds,,0
	2025-07-05T09:15:17.2583810Z,File list transfer time: 0.000 seconds,,0
	2025-07-05T09:15:17.3286778Z,Total bytes sent: 3.16K,,0
	2025-07-05T09:15:17.4002181Z,Total bytes received: 116,,0
	2025-07-05T09:15:17.4991142Z,,,0
	2025-07-05T09:15:17.5725723Z,sent 3.16K bytes  received 116 bytes  1.31K bytes/sec,,0
	2025-07-05T09:15:17.6515947Z,total size is 6.84K  speedup is 2.09,,0
	2025-07-05T09:15:17.7135418Z,Attempt 1: Rsync for filelist /tmp//splits/split.ac completed with exit code 0,,0
	2025-07-05T09:15:22.0210740Z,,,0
	2025-07-05T09:15:22.1014281Z,Number of files: 4 (reg: 4),,0
	2025-07-05T09:15:22.1600752Z,Number of created files: 0,,0
	2025-07-05T09:15:22.8371487Z,Number of deleted files: 0,,0
	2025-07-05T09:15:23.1820152Z,Number of regular files transferred: 4,,0
	2025-07-05T09:15:23.2332166Z,Total file size: 146.43M bytes,,0
	2025-07-05T09:15:23.2608610Z,Total transferred file size: 146.43M bytes,,0
	2025-07-05T09:15:23.3028475Z,Literal data: 146.43M bytes,,0
	2025-07-05T09:15:23.3256684Z,Matched data: 0 bytes,,0
	2025-07-05T09:15:23.3502227Z,File list size: 0,,0
	2025-07-05T09:15:23.3626538Z,File list generation time: 0.009 seconds,,0
	2025-07-05T09:15:23.3960203Z,File list transfer time: 0.000 seconds,,0
	2025-07-05T09:15:23.4236285Z,Total bytes sent: 145.77M,,0
	2025-07-05T09:15:23.4446661Z,Total bytes received: 92,,0
	2025-07-05T09:15:23.4941443Z,,,0
	2025-07-05T09:15:23.5055872Z,sent 145.77M bytes  received 92 bytes  10.80M bytes/sec,,0
	2025-07-05T09:15:23.5154698Z,total size is 146.43M  speedup is 1.00,,0
	2025-07-05T09:15:23.5383784Z,Attempt 1: Rsync for filelist /tmp//splits/split.af completed with exit code 0,,0
	2025-07-05T09:15:24.3780905Z,,,0
	2025-07-05T09:15:24.3990566Z,Number of files: 4 (reg: 3&comma; dir: 1),,0
	2025-07-05T09:15:24.4188491Z,Number of created files: 0,,0
	2025-07-05T09:15:24.4321551Z,Number of deleted files: 0,,0
	2025-07-05T09:15:24.4785345Z,Number of regular files transferred: 3,,0
	2025-07-05T09:15:24.4980930Z,Total file size: 160.25M bytes,,0
	2025-07-05T09:15:24.5239199Z,Total transferred file size: 160.25M bytes,,0
	2025-07-05T09:15:24.5367967Z,Literal data: 160.25M bytes,,0
	2025-07-05T09:15:24.5607551Z,Matched data: 0 bytes,,0
	2025-07-05T09:15:24.5772249Z,File list size: 0,,0
	2025-07-05T09:15:24.5995079Z,File list generation time: 0.001 seconds,,0
	2025-07-05T09:15:24.6240194Z,File list transfer time: 0.000 seconds,,0
	2025-07-05T09:15:24.6402175Z,Total bytes sent: 151.12M,,0
	2025-07-05T09:15:24.6621146Z,Total bytes received: 76,,0
	2025-07-05T09:15:24.6755341Z,,,0
	2025-07-05T09:15:24.6915041Z,sent 151.12M bytes  received 76 bytes  8.64M bytes/sec,,0
	2025-07-05T09:15:24.7027627Z,total size is 160.25M  speedup is 1.06,,0
	2025-07-05T09:15:24.7197332Z,Attempt 1: Rsync for filelist /tmp//splits/split.ag completed with exit code 0,,0
	2025-07-05T09:15:24.7377307Z,Completed successfully in 17 seconds,,0
2025-07-05T09:15:24.9255565Z,Rsync completed to /home/site/wwwroot,eb778867-3ff8-43e9-9dfb-70978f821451,0
2025-07-05T09:15:25.0883802Z,Manifest created at /home/site/wwwroot,067be96e-917f-4a02-a2cc-ed861b85f8d6,0
2025-07-05T09:15:25.2000141Z,Optimized build done with success: True,df8e4d13-b757-4688-b4c7-d2238cfb80fe,0
2025-07-05T09:15:25.3378830Z,Build completed succesfully.,bbf2115f-7539-4164-8aab-4a73c3eb4a9a,0
2025-07-05T09:15:25.4567966Z,Running post deployment command(s)...,23e4e6f0-620c-46d9-bd55-4850b7c769cf,0
2025-07-05T09:15:25.6153010Z,Triggering container recycle for OneDeploy by adding/updating restartTrigger.txt to the site root path,1533e623-b5a1-4644-88e9-cae621c1468f,0
2025-07-05T09:15:25.8382065Z,Deployment successful. deployer = OneDeploy deploymentPath = OneDeploy,1fa5cf92-56ef-4355-8596-dc012c67bc7a,0
